{"TracerIdentity":"coord","TraceID":6661782135458136814,"Tag":"CreateTrace","Body":{},"VectorClock":{"coord":1}}
{"TracerIdentity":"coord","TraceID":6661782135458136814,"Tag":"CoordStart","Body":{},"VectorClock":{"coord":2}}
{"TracerIdentity":"server1","TraceID":8421746193027290841,"Tag":"CreateTrace","Body":{},"VectorClock":{"server1":1}}
{"TracerIdentity":"server1","TraceID":8421746193027290841,"Tag":"ServerStart","Body":{"ServerId":1},"VectorClock":{"server1":2}}
{"TracerIdentity":"server1","TraceID":8421746193027290841,"Tag":"ServerJoining","Body":{"ServerId":1},"VectorClock":{"server1":3}}
{"TracerIdentity":"server1","TraceID":8421746193027290841,"Tag":"GenerateTokenTrace","Body":{"Token":"p3NlcnZlcjHPdOANis/j1tmBp3NlcnZlcjEE"},"VectorClock":{"server1":4}}
{"TracerIdentity":"coord","TraceID":8421746193027290841,"Tag":"ReceiveTokenTrace","Body":{"Token":"p3NlcnZlcjHPdOANis/j1tmBp3NlcnZlcjEE"},"VectorClock":{"coord":3,"server1":4}}
{"TracerIdentity":"coord","TraceID":8421746193027290841,"Tag":"ServerJoiningRecvd","Body":{"ServerId":1},"VectorClock":{"coord":4,"server1":4}}
{"TracerIdentity":"coord","TraceID":8421746193027290841,"Tag":"GenerateTokenTrace","Body":{"Token":"pWNvb3Jkz3TgDYrP49bZgqdzZXJ2ZXIxBKVjb29yZAU="},"VectorClock":{"coord":5,"server1":4}}
{"TracerIdentity":"server1","TraceID":8421746193027290841,"Tag":"ReceiveTokenTrace","Body":{"Token":"pWNvb3Jkz3TgDYrP49bZgqdzZXJ2ZXIxBKVjb29yZAU="},"VectorClock":{"coord":5,"server1":5}}
{"TracerIdentity":"server2","TraceID":521459002914416236,"Tag":"CreateTrace","Body":{},"VectorClock":{"server2":1}}
{"TracerIdentity":"server2","TraceID":521459002914416236,"Tag":"ServerStart","Body":{"ServerId":2},"VectorClock":{"server2":2}}
{"TracerIdentity":"server2","TraceID":521459002914416236,"Tag":"ServerJoining","Body":{"ServerId":2},"VectorClock":{"server2":3}}
{"TracerIdentity":"server2","TraceID":521459002914416236,"Tag":"GenerateTokenTrace","Body":{"Token":"p3NlcnZlcjLPBzyYM0mkpmyBp3NlcnZlcjIE"},"VectorClock":{"server2":4}}
{"TracerIdentity":"coord","TraceID":521459002914416236,"Tag":"ReceiveTokenTrace","Body":{"Token":"p3NlcnZlcjLPBzyYM0mkpmyBp3NlcnZlcjIE"},"VectorClock":{"coord":6,"server1":4,"server2":4}}
{"TracerIdentity":"coord","TraceID":521459002914416236,"Tag":"ServerJoiningRecvd","Body":{"ServerId":2},"VectorClock":{"coord":7,"server1":4,"server2":4}}
{"TracerIdentity":"coord","TraceID":521459002914416236,"Tag":"GenerateTokenTrace","Body":{"Token":"pWNvb3Jkzwc8mDNJpKZsg6dzZXJ2ZXIyBKVjb29yZAinc2VydmVyMQQ="},"VectorClock":{"coord":8,"server1":4,"server2":4}}
{"TracerIdentity":"server2","TraceID":521459002914416236,"Tag":"ReceiveTokenTrace","Body":{"Token":"pWNvb3Jkzwc8mDNJpKZsg6dzZXJ2ZXIyBKVjb29yZAinc2VydmVyMQQ="},"VectorClock":{"coord":8,"server1":4,"server2":5}}
{"TracerIdentity":"server3","TraceID":212283236660734827,"Tag":"CreateTrace","Body":{},"VectorClock":{"server3":1}}
{"TracerIdentity":"server3","TraceID":212283236660734827,"Tag":"ServerStart","Body":{"ServerId":3},"VectorClock":{"server3":2}}
{"TracerIdentity":"server3","TraceID":212283236660734827,"Tag":"ServerJoining","Body":{"ServerId":3},"VectorClock":{"server3":3}}
{"TracerIdentity":"server3","TraceID":212283236660734827,"Tag":"GenerateTokenTrace","Body":{"Token":"p3NlcnZlcjPPAvIueqDu62uBp3NlcnZlcjME"},"VectorClock":{"server3":4}}
{"TracerIdentity":"coord","TraceID":212283236660734827,"Tag":"ReceiveTokenTrace","Body":{"Token":"p3NlcnZlcjPPAvIueqDu62uBp3NlcnZlcjME"},"VectorClock":{"coord":9,"server1":4,"server2":4,"server3":4}}
{"TracerIdentity":"coord","TraceID":212283236660734827,"Tag":"ServerJoiningRecvd","Body":{"ServerId":3},"VectorClock":{"coord":10,"server1":4,"server2":4,"server3":4}}
{"TracerIdentity":"coord","TraceID":212283236660734827,"Tag":"GenerateTokenTrace","Body":{"Token":"pWNvb3JkzwLyLnqg7utrhKdzZXJ2ZXIzBKVjb29yZAunc2VydmVyMQSnc2VydmVyMgQ="},"VectorClock":{"coord":11,"server1":4,"server2":4,"server3":4}}
{"TracerIdentity":"server3","TraceID":212283236660734827,"Tag":"ReceiveTokenTrace","Body":{"Token":"pWNvb3JkzwLyLnqg7utrhKdzZXJ2ZXIzBKVjb29yZAunc2VydmVyMQSnc2VydmVyMgQ="},"VectorClock":{"coord":11,"server1":4,"server2":4,"server3":5}}
{"TracerIdentity":"server2","TraceID":521459002914416236,"Tag":"ServerJoined","Body":{"ServerId":2},"VectorClock":{"coord":8,"server1":4,"server2":6}}
{"TracerIdentity":"server2","TraceID":521459002914416236,"Tag":"GenerateTokenTrace","Body":{"Token":"p3NlcnZlcjLPBzyYM0mkpmyDpWNvb3JkCKdzZXJ2ZXIxBKdzZXJ2ZXIyBw=="},"VectorClock":{"coord":8,"server1":4,"server2":7}}
{"TracerIdentity":"server2","TraceID":521459002914416236,"Tag":"BecameFollower","Body":{"ServerId":2},"VectorClock":{"coord":8,"server1":4,"server2":8}}
{"TracerIdentity":"coord","TraceID":521459002914416236,"Tag":"ReceiveTokenTrace","Body":{"Token":"p3NlcnZlcjLPBzyYM0mkpmyDpWNvb3JkCKdzZXJ2ZXIxBKdzZXJ2ZXIyBw=="},"VectorClock":{"coord":12,"server1":4,"server2":7,"server3":4}}
{"TracerIdentity":"coord","TraceID":521459002914416236,"Tag":"ServerJoinedRecvd","Body":{"ServerId":2},"VectorClock":{"coord":13,"server1":4,"server2":7,"server3":4}}
{"TracerIdentity":"coord","TraceID":521459002914416236,"Tag":"GenerateTokenTrace","Body":{"Token":"pWNvb3Jkzwc8mDNJpKZshKVjb29yZA6nc2VydmVyMQSnc2VydmVyMgenc2VydmVyMwQ="},"VectorClock":{"coord":14,"server1":4,"server2":7,"server3":4}}
{"TracerIdentity":"server2","TraceID":521459002914416236,"Tag":"ReceiveTokenTrace","Body":{"Token":"pWNvb3Jkzwc8mDNJpKZshKVjb29yZA6nc2VydmVyMQSnc2VydmVyMgenc2VydmVyMwQ="},"VectorClock":{"coord":14,"server1":4,"server2":9,"server3":4}}
{"TracerIdentity":"server3","TraceID":212283236660734827,"Tag":"ServerJoined","Body":{"ServerId":3},"VectorClock":{"coord":11,"server1":4,"server2":4,"server3":6}}
{"TracerIdentity":"server3","TraceID":212283236660734827,"Tag":"GenerateTokenTrace","Body":{"Token":"p3NlcnZlcjPPAvIueqDu62uEpWNvb3JkC6dzZXJ2ZXIxBKdzZXJ2ZXIyBKdzZXJ2ZXIzBw=="},"VectorClock":{"coord":11,"server1":4,"server2":4,"server3":7}}
{"TracerIdentity":"coord","TraceID":212283236660734827,"Tag":"ReceiveTokenTrace","Body":{"Token":"p3NlcnZlcjPPAvIueqDu62uEpWNvb3JkC6dzZXJ2ZXIxBKdzZXJ2ZXIyBKdzZXJ2ZXIzBw=="},"VectorClock":{"coord":15,"server1":4,"server2":7,"server3":7}}
{"TracerIdentity":"server3","TraceID":212283236660734827,"Tag":"BecameFollower","Body":{"ServerId":3},"VectorClock":{"coord":11,"server1":4,"server2":4,"server3":8}}
{"TracerIdentity":"coord","TraceID":212283236660734827,"Tag":"ServerJoinedRecvd","Body":{"ServerId":3},"VectorClock":{"coord":16,"server1":4,"server2":7,"server3":7}}
{"TracerIdentity":"coord","TraceID":212283236660734827,"Tag":"GenerateTokenTrace","Body":{"Token":"pWNvb3JkzwLyLnqg7utrhKdzZXJ2ZXIzB6Vjb29yZBGnc2VydmVyMQSnc2VydmVyMgc="},"VectorClock":{"coord":17,"server1":4,"server2":7,"server3":7}}
{"TracerIdentity":"server3","TraceID":212283236660734827,"Tag":"ReceiveTokenTrace","Body":{"Token":"pWNvb3JkzwLyLnqg7utrhKdzZXJ2ZXIzB6Vjb29yZBGnc2VydmVyMQSnc2VydmVyMgc="},"VectorClock":{"coord":17,"server1":4,"server2":7,"server3":9}}
{"TracerIdentity":"server1","TraceID":8421746193027290841,"Tag":"ServerJoined","Body":{"ServerId":1},"VectorClock":{"coord":5,"server1":6}}
{"TracerIdentity":"server1","TraceID":8421746193027290841,"Tag":"GenerateTokenTrace","Body":{"Token":"p3NlcnZlcjHPdOANis/j1tmCp3NlcnZlcjEHpWNvb3JkBQ=="},"VectorClock":{"coord":5,"server1":7}}
{"TracerIdentity":"server1","TraceID":8421746193027290841,"Tag":"BecameLeader","Body":{"ServerId":1},"VectorClock":{"coord":5,"server1":8}}
{"TracerIdentity":"coord","TraceID":8421746193027290841,"Tag":"ReceiveTokenTrace","Body":{"Token":"p3NlcnZlcjHPdOANis/j1tmCp3NlcnZlcjEHpWNvb3JkBQ=="},"VectorClock":{"coord":18,"server1":7,"server2":7,"server3":7}}
{"TracerIdentity":"coord","TraceID":8421746193027290841,"Tag":"ServerJoinedRecvd","Body":{"ServerId":1},"VectorClock":{"coord":19,"server1":7,"server2":7,"server3":7}}
{"TracerIdentity":"coord","TraceID":8421746193027290841,"Tag":"GenerateTokenTrace","Body":{"Token":"pWNvb3Jkz3TgDYrP49bZhKVjb29yZBSnc2VydmVyMQenc2VydmVyMgenc2VydmVyMwc="},"VectorClock":{"coord":20,"server1":7,"server2":7,"server3":7}}
{"TracerIdentity":"server1","TraceID":8421746193027290841,"Tag":"ReceiveTokenTrace","Body":{"Token":"pWNvb3Jkz3TgDYrP49bZhKVjb29yZBSnc2VydmVyMQenc2VydmVyMgenc2VydmVyMwc="},"VectorClock":{"coord":20,"server1":9,"server2":7,"server3":7}}
{"TracerIdentity":"coord","TraceID":6661782135458136814,"Tag":"AllServersJoined","Body":{},"VectorClock":{"coord":21,"server1":7,"server2":7,"server3":7}}
{"TracerIdentity":"client1","TraceID":6758387096924504547,"Tag":"CreateTrace","Body":{},"VectorClock":{"client1":1}}
{"TracerIdentity":"client1","TraceID":6758387096924504547,"Tag":"GenerateTokenTrace","Body":{"Token":"p2NsaWVudDHPXcqdQdbEweOBp2NsaWVudDEC"},"VectorClock":{"client1":2}}
{"TracerIdentity":"client1","TraceID":6758387096924504547,"Tag":"KvslibStart","Body":{"ClientId":"1"},"VectorClock":{"client1":3}}
{"TracerIdentity":"client1","TraceID":6758387096924504547,"Tag":"LeaderReq","Body":{"ClientId":"1"},"VectorClock":{"client1":4}}
{"TracerIdentity":"client1","TraceID":6758387096924504547,"Tag":"GenerateTokenTrace","Body":{"Token":"p2NsaWVudDHPXcqdQdbEweOBp2NsaWVudDEF"},"VectorClock":{"client1":5}}
{"TracerIdentity":"coord","TraceID":6758387096924504547,"Tag":"ReceiveTokenTrace","Body":{"Token":"p2NsaWVudDHPXcqdQdbEweOBp2NsaWVudDEF"},"VectorClock":{"client1":5,"coord":22,"server1":7,"server2":7,"server3":7}}
{"TracerIdentity":"coord","TraceID":6758387096924504547,"Tag":"LeaderReqRecvd","Body":{"ClientId":"1"},"VectorClock":{"client1":5,"coord":23,"server1":7,"server2":7,"server3":7}}
{"TracerIdentity":"coord","TraceID":6758387096924504547,"Tag":"LeaderRes","Body":{"ClientId":"1","ServerId":1},"VectorClock":{"client1":5,"coord":24,"server1":7,"server2":7,"server3":7}}
{"TracerIdentity":"coord","TraceID":6758387096924504547,"Tag":"GenerateTokenTrace","Body":{"Token":"pWNvb3Jkz13KnUHWxMHjhaVjb29yZBmnc2VydmVyMQenc2VydmVyMgenc2VydmVyMwenY2xpZW50MQU="},"VectorClock":{"client1":5,"coord":25,"server1":7,"server2":7,"server3":7}}
{"TracerIdentity":"client1","TraceID":6758387096924504547,"Tag":"ReceiveTokenTrace","Body":{"Token":"pWNvb3Jkz13KnUHWxMHjhaVjb29yZBmnc2VydmVyMQenc2VydmVyMgenc2VydmVyMwenY2xpZW50MQU="},"VectorClock":{"client1":6,"coord":25,"server1":7,"server2":7,"server3":7}}
{"TracerIdentity":"client1","TraceID":6758387096924504547,"Tag":"LeaderResRecvd","Body":{"ClientId":"1","ServerId":1},"VectorClock":{"client1":7,"coord":25,"server1":7,"server2":7,"server3":7}}
{"TracerIdentity":"client1","TraceID":6569199444864584753,"Tag":"CreateTrace","Body":{},"VectorClock":{"client1":8,"coord":25,"server1":7,"server2":7,"server3":7}}
{"TracerIdentity":"client1","TraceID":6569199444864584753,"Tag":"Put","Body":{"ClientId":"1","OpId":1,"Key":"k0","Value":"val0"},"VectorClock":{"client1":9,"coord":25,"server1":7,"server2":7,"server3":7}}
{"TracerIdentity":"client1","TraceID":6569199444864584753,"Tag":"GenerateTokenTrace","Body":{"Token":"p2NsaWVudDHPWyp8FwnYzDGFpWNvb3JkGadzZXJ2ZXIxB6dzZXJ2ZXIyB6dzZXJ2ZXIzB6djbGllbnQxCg=="},"VectorClock":{"client1":10,"coord":25,"server1":7,"server2":7,"server3":7}}
{"TracerIdentity":"server1","TraceID":6569199444864584753,"Tag":"ReceiveTokenTrace","Body":{"Token":"p2NsaWVudDHPWyp8FwnYzDGFpWNvb3JkGadzZXJ2ZXIxB6dzZXJ2ZXIyB6dzZXJ2ZXIzB6djbGllbnQxCg=="},"VectorClock":{"client1":10,"coord":25,"server1":10,"server2":7,"server3":7}}
{"TracerIdentity":"server1","TraceID":6569199444864584753,"Tag":"PutRecvd","Body":{"ClientId":"1","OpId":1,"Key":"k0","Value":"val0"},"VectorClock":{"client1":10,"coord":25,"server1":11,"server2":7,"server3":7}}
{"TracerIdentity":"server1","TraceID":6156077225299849522,"Tag":"CreateTrace","Body":{},"VectorClock":{"client1":10,"coord":25,"server1":12,"server2":7,"server3":7}}
{"TracerIdentity":"server1","TraceID":696401830724405690,"Tag":"CreateTrace","Body":{},"VectorClock":{"client1":10,"coord":25,"server1":13,"server2":7,"server3":7}}
{"TracerIdentity":"server1","TraceID":696401830724405690,"Tag":"AppendEntriesRequestSent","Body":{"Term":1,"LeaderId":1,"PrevLogIndex":0,"PrevLogTerm":0,"Entries":[{"Term":1,"Command":{"Kind":1,"Key":"k0","Val":"val0","ClientInfo":{"ClientId":"1","OpId":1}},"Index":1}],"LeaderCommit":0,"Token":""},"VectorClock":{"client1":10,"coord":25,"server1":14,"server2":7,"server3":7}}
{"TracerIdentity":"server1","TraceID":6156077225299849522,"Tag":"AppendEntriesRequestSent","Body":{"Term":1,"LeaderId":1,"PrevLogIndex":0,"PrevLogTerm":0,"Entries":[{"Term":1,"Command":{"Kind":1,"Key":"k0","Val":"val0","ClientInfo":{"ClientId":"1","OpId":1}},"Index":1}],"LeaderCommit":0,"Token":""},"VectorClock":{"client1":10,"coord":25,"server1":15,"server2":7,"server3":7}}
{"TracerIdentity":"server1","TraceID":6156077225299849522,"Tag":"GenerateTokenTrace","Body":{"Token":"p3NlcnZlcjHPVW7Hnr/esTKFp3NlcnZlcjIHp3NlcnZlcjMHp2NsaWVudDEKp3NlcnZlcjEQpWNvb3JkGQ=="},"VectorClock":{"client1":10,"coord":25,"server1":16,"server2":7,"server3":7}}
{"TracerIdentity":"server1","TraceID":696401830724405690,"Tag":"GenerateTokenTrace","Body":{"Token":"p3NlcnZlcjHPCaodxn1CibqFp2NsaWVudDEKp3NlcnZlcjERpWNvb3JkGadzZXJ2ZXIyB6dzZXJ2ZXIzBw=="},"VectorClock":{"client1":10,"coord":25,"server1":17,"server2":7,"server3":7}}
{"TracerIdentity":"server2","TraceID":6156077225299849522,"Tag":"ReceiveTokenTrace","Body":{"Token":"p3NlcnZlcjHPVW7Hnr/esTKFp3NlcnZlcjIHp3NlcnZlcjMHp2NsaWVudDEKp3NlcnZlcjEQpWNvb3JkGQ=="},"VectorClock":{"client1":10,"coord":25,"server1":16,"server2":10,"server3":7}}
{"TracerIdentity":"server3","TraceID":696401830724405690,"Tag":"ReceiveTokenTrace","Body":{"Token":"p3NlcnZlcjHPCaodxn1CibqFp2NsaWVudDEKp3NlcnZlcjERpWNvb3JkGadzZXJ2ZXIyB6dzZXJ2ZXIzBw=="},"VectorClock":{"client1":10,"coord":25,"server1":17,"server2":7,"server3":10}}
{"TracerIdentity":"server3","TraceID":696401830724405690,"Tag":"AppendEntriesRequestRecvd","Body":{"Term":1,"LeaderId":1,"PrevLogIndex":0,"PrevLogTerm":0,"Entries":[{"Term":1,"Command":{"Kind":1,"Key":"k0","Val":"val0","ClientInfo":{"ClientId":"1","OpId":1}},"Index":1}],"LeaderCommit":0,"Token":"p3NlcnZlcjHPCaodxn1CibqFp2NsaWVudDEKp3NlcnZlcjERpWNvb3JkGadzZXJ2ZXIyB6dzZXJ2ZXIzBw=="},"VectorClock":{"client1":10,"coord":25,"server1":17,"server2":7,"server3":11}}
{"TracerIdentity":"server2","TraceID":6156077225299849522,"Tag":"AppendEntriesRequestRecvd","Body":{"Term":1,"LeaderId":1,"PrevLogIndex":0,"PrevLogTerm":0,"Entries":[{"Term":1,"Command":{"Kind":1,"Key":"k0","Val":"val0","ClientInfo":{"ClientId":"1","OpId":1}},"Index":1}],"LeaderCommit":0,"Token":"p3NlcnZlcjHPVW7Hnr/esTKFp3NlcnZlcjIHp3NlcnZlcjMHp2NsaWVudDEKp3NlcnZlcjEQpWNvb3JkGQ=="},"VectorClock":{"client1":10,"coord":25,"server1":16,"server2":11,"server3":7}}
{"TracerIdentity":"server3","TraceID":696401830724405690,"Tag":"AppendEntriesResponseSent","Body":{"Term":1,"Success":true,"Token":null},"VectorClock":{"client1":10,"coord":25,"server1":17,"server2":7,"server3":12}}
{"TracerIdentity":"server2","TraceID":6156077225299849522,"Tag":"AppendEntriesResponseSent","Body":{"Term":1,"Success":true,"Token":null},"VectorClock":{"client1":10,"coord":25,"server1":16,"server2":12,"server3":7}}
{"TracerIdentity":"server2","TraceID":6156077225299849522,"Tag":"GenerateTokenTrace","Body":{"Token":"p3NlcnZlcjLPVW7Hnr/esTKFp3NlcnZlcjINpWNvb3JkGadzZXJ2ZXIxEKdzZXJ2ZXIzB6djbGllbnQxCg=="},"VectorClock":{"client1":10,"coord":25,"server1":16,"server2":13,"server3":7}}
{"TracerIdentity":"server3","TraceID":696401830724405690,"Tag":"GenerateTokenTrace","Body":{"Token":"p3NlcnZlcjPPCaodxn1CibqFp3NlcnZlcjMNpWNvb3JkGadzZXJ2ZXIxEadzZXJ2ZXIyB6djbGllbnQxCg=="},"VectorClock":{"client1":10,"coord":25,"server1":17,"server2":7,"server3":13}}
{"TracerIdentity":"server1","TraceID":6156077225299849522,"Tag":"ReceiveTokenTrace","Body":{"Token":"p3NlcnZlcjLPVW7Hnr/esTKFp3NlcnZlcjINpWNvb3JkGadzZXJ2ZXIxEKdzZXJ2ZXIzB6djbGllbnQxCg=="},"VectorClock":{"client1":10,"coord":25,"server1":18,"server2":13,"server3":7}}
{"TracerIdentity":"server1","TraceID":6156077225299849522,"Tag":"AppendEntriesResponseRecvd","Body":{"Term":1,"Success":true,"Token":"p3NlcnZlcjLPVW7Hnr/esTKFp3NlcnZlcjINpWNvb3JkGadzZXJ2ZXIxEKdzZXJ2ZXIzB6djbGllbnQxCg=="},"VectorClock":{"client1":10,"coord":25,"server1":19,"server2":13,"server3":7}}
{"TracerIdentity":"server1","TraceID":696401830724405690,"Tag":"ReceiveTokenTrace","Body":{"Token":"p3NlcnZlcjPPCaodxn1CibqFp3NlcnZlcjMNpWNvb3JkGadzZXJ2ZXIxEadzZXJ2ZXIyB6djbGllbnQxCg=="},"VectorClock":{"client1":10,"coord":25,"server1":20,"server2":13,"server3":13}}
{"TracerIdentity":"server1","TraceID":696401830724405690,"Tag":"AppendEntriesResponseRecvd","Body":{"Term":1,"Success":true,"Token":"p3NlcnZlcjPPCaodxn1CibqFp3NlcnZlcjMNpWNvb3JkGadzZXJ2ZXIxEadzZXJ2ZXIyB6djbGllbnQxCg=="},"VectorClock":{"client1":10,"coord":25,"server1":21,"server2":13,"server3":13}}
{"TracerIdentity":"server1","TraceID":6569199444864584753,"Tag":"PutCommitted","Body":{"ClientId":"1","OpId":1,"Key":"k0","Value":"val0"},"VectorClock":{"client1":10,"coord":25,"server1":22,"server2":13,"server3":13}}
{"TracerIdentity":"server1","TraceID":6569199444864584753,"Tag":"GenerateTokenTrace","Body":{"Token":"p3NlcnZlcjHPWyp8FwnYzDGFp3NlcnZlcjMNp2NsaWVudDEKp3NlcnZlcjEXpWNvb3JkGadzZXJ2ZXIyDQ=="},"VectorClock":{"client1":10,"coord":25,"server1":23,"server2":13,"server3":13}}
{"TracerIdentity":"client1","TraceID":6569199444864584753,"Tag":"ReceiveTokenTrace","Body":{"Token":"p3NlcnZlcjHPWyp8FwnYzDGFp3NlcnZlcjMNp2NsaWVudDEKp3NlcnZlcjEXpWNvb3JkGadzZXJ2ZXIyDQ=="},"VectorClock":{"client1":11,"coord":25,"server1":23,"server2":13,"server3":13}}
{"TracerIdentity":"client1","TraceID":6569199444864584753,"Tag":"PutResultRecvd","Body":{"OpId":1,"Key":"k0"},"VectorClock":{"client1":12,"coord":25,"server1":23,"server2":13,"server3":13}}
{"TracerIdentity":"client1","TraceID":590945853048419895,"Tag":"CreateTrace","Body":{},"VectorClock":{"client1":13,"coord":25,"server1":23,"server2":13,"server3":13}}
{"TracerIdentity":"client1","TraceID":590945853048419895,"Tag":"Get","Body":{"ClientId":"1","OpId":2,"Key":"k0"},"VectorClock":{"client1":14,"coord":25,"server1":23,"server2":13,"server3":13}}
{"TracerIdentity":"client1","TraceID":590945853048419895,"Tag":"GenerateTokenTrace","Body":{"Token":"p2NsaWVudDHPCDN2H1Rw9jeFp2NsaWVudDEPpWNvb3JkGadzZXJ2ZXIxF6dzZXJ2ZXIyDadzZXJ2ZXIzDQ=="},"VectorClock":{"client1":15,"coord":25,"server1":23,"server2":13,"server3":13}}
{"TracerIdentity":"server1","TraceID":590945853048419895,"Tag":"ReceiveTokenTrace","Body":{"Token":"p2NsaWVudDHPCDN2H1Rw9jeFp2NsaWVudDEPpWNvb3JkGadzZXJ2ZXIxF6dzZXJ2ZXIyDadzZXJ2ZXIzDQ=="},"VectorClock":{"client1":15,"coord":25,"server1":24,"server2":13,"server3":13}}
{"TracerIdentity":"server1","TraceID":590945853048419895,"Tag":"GetRecvd","Body":{"ClientId":"1","OpId":2,"Key":"k0"},"VectorClock":{"client1":15,"coord":25,"server1":25,"server2":13,"server3":13}}
{"TracerIdentity":"server1","TraceID":8511225458124048127,"Tag":"CreateTrace","Body":{},"VectorClock":{"client1":15,"coord":25,"server1":26,"server2":13,"server3":13}}
{"TracerIdentity":"server1","TraceID":7537598731159302045,"Tag":"CreateTrace","Body":{},"VectorClock":{"client1":15,"coord":25,"server1":27,"server2":13,"server3":13}}
{"TracerIdentity":"server1","TraceID":7537598731159302045,"Tag":"AppendEntriesRequestSent","Body":{"Term":1,"LeaderId":1,"PrevLogIndex":1,"PrevLogTerm":1,"Entries":[{"Term":1,"Command":{"Kind":2,"Key":"k0","Val":"","ClientInfo":{"ClientId":"1","OpId":2}},"Index":2}],"LeaderCommit":1,"Token":""},"VectorClock":{"client1":15,"coord":25,"server1":28,"server2":13,"server3":13}}
{"TracerIdentity":"server1","TraceID":7537598731159302045,"Tag":"GenerateTokenTrace","Body":{"Token":"p3NlcnZlcjHPaJruHC4vb52Fp2NsaWVudDEPp3NlcnZlcjEdpWNvb3JkGadzZXJ2ZXIyDadzZXJ2ZXIzDQ=="},"VectorClock":{"client1":15,"coord":25,"server1":29,"server2":13,"server3":13}}
{"TracerIdentity":"server1","TraceID":8511225458124048127,"Tag":"AppendEntriesRequestSent","Body":{"Term":1,"LeaderId":1,"PrevLogIndex":1,"PrevLogTerm":1,"Entries":[{"Term":1,"Command":{"Kind":2,"Key":"k0","Val":"","ClientInfo":{"ClientId":"1","OpId":2}},"Index":2}],"LeaderCommit":1,"Token":""},"VectorClock":{"client1":15,"coord":25,"server1":30,"server2":13,"server3":13}}
{"TracerIdentity":"server3","TraceID":7537598731159302045,"Tag":"ReceiveTokenTrace","Body":{"Token":"p3NlcnZlcjHPaJruHC4vb52Fp2NsaWVudDEPp3NlcnZlcjEdpWNvb3JkGadzZXJ2ZXIyDadzZXJ2ZXIzDQ=="},"VectorClock":{"client1":15,"coord":25,"server1":29,"server2":13,"server3":14}}
{"TracerIdentity":"server1","TraceID":8511225458124048127,"Tag":"GenerateTokenTrace","Body":{"Token":"p3NlcnZlcjHPdh3ydbK+xv+Fp3NlcnZlcjEfpWNvb3JkGadzZXJ2ZXIyDadzZXJ2ZXIzDadjbGllbnQxDw=="},"VectorClock":{"client1":15,"coord":25,"server1":31,"server2":13,"server3":13}}
{"TracerIdentity":"server3","TraceID":7537598731159302045,"Tag":"AppendEntriesRequestRecvd","Body":{"Term":1,"LeaderId":1,"PrevLogIndex":1,"PrevLogTerm":1,"Entries":[{"Term":1,"Command":{"Kind":2,"Key":"k0","Val":"","ClientInfo":{"ClientId":"1","OpId":2}},"Index":2}],"LeaderCommit":1,"Token":"p3NlcnZlcjHPaJruHC4vb52Fp2NsaWVudDEPp3NlcnZlcjEdpWNvb3JkGadzZXJ2ZXIyDadzZXJ2ZXIzDQ=="},"VectorClock":{"client1":15,"coord":25,"server1":29,"server2":13,"server3":15}}
{"TracerIdentity":"server3","TraceID":7537598731159302045,"Tag":"AppendEntriesResponseSent","Body":{"Term":1,"Success":true,"Token":null},"VectorClock":{"client1":15,"coord":25,"server1":29,"server2":13,"server3":16}}
{"TracerIdentity":"server2","TraceID":8511225458124048127,"Tag":"ReceiveTokenTrace","Body":{"Token":"p3NlcnZlcjHPdh3ydbK+xv+Fp3NlcnZlcjEfpWNvb3JkGadzZXJ2ZXIyDadzZXJ2ZXIzDadjbGllbnQxDw=="},"VectorClock":{"client1":15,"coord":25,"server1":31,"server2":14,"server3":13}}
{"TracerIdentity":"server3","TraceID":7537598731159302045,"Tag":"GenerateTokenTrace","Body":{"Token":"p3NlcnZlcjPPaJruHC4vb52Fp3NlcnZlcjMRpWNvb3JkGadzZXJ2ZXIxHadzZXJ2ZXIyDadjbGllbnQxDw=="},"VectorClock":{"client1":15,"coord":25,"server1":29,"server2":13,"server3":17}}
{"TracerIdentity":"server2","TraceID":8511225458124048127,"Tag":"AppendEntriesRequestRecvd","Body":{"Term":1,"LeaderId":1,"PrevLogIndex":1,"PrevLogTerm":1,"Entries":[{"Term":1,"Command":{"Kind":2,"Key":"k0","Val":"","ClientInfo":{"ClientId":"1","OpId":2}},"Index":2}],"LeaderCommit":1,"Token":"p3NlcnZlcjHPdh3ydbK+xv+Fp3NlcnZlcjEfpWNvb3JkGadzZXJ2ZXIyDadzZXJ2ZXIzDadjbGllbnQxDw=="},"VectorClock":{"client1":15,"coord":25,"server1":31,"server2":15,"server3":13}}
{"TracerIdentity":"server1","TraceID":7537598731159302045,"Tag":"ReceiveTokenTrace","Body":{"Token":"p3NlcnZlcjPPaJruHC4vb52Fp3NlcnZlcjMRpWNvb3JkGadzZXJ2ZXIxHadzZXJ2ZXIyDadjbGllbnQxDw=="},"VectorClock":{"client1":15,"coord":25,"server1":32,"server2":13,"server3":17}}
{"TracerIdentity":"server2","TraceID":8511225458124048127,"Tag":"AppendEntriesResponseSent","Body":{"Term":1,"Success":true,"Token":null},"VectorClock":{"client1":15,"coord":25,"server1":31,"server2":16,"server3":13}}
{"TracerIdentity":"server2","TraceID":8511225458124048127,"Tag":"GenerateTokenTrace","Body":{"Token":"p3NlcnZlcjLPdh3ydbK+xv+FpWNvb3JkGadzZXJ2ZXIxH6dzZXJ2ZXIzDadjbGllbnQxD6dzZXJ2ZXIyEQ=="},"VectorClock":{"client1":15,"coord":25,"server1":31,"server2":17,"server3":13}}
{"TracerIdentity":"server1","TraceID":7537598731159302045,"Tag":"AppendEntriesResponseRecvd","Body":{"Term":1,"Success":true,"Token":"p3NlcnZlcjPPaJruHC4vb52Fp3NlcnZlcjMRpWNvb3JkGadzZXJ2ZXIxHadzZXJ2ZXIyDadjbGllbnQxDw=="},"VectorClock":{"client1":15,"coord":25,"server1":33,"server2":13,"server3":17}}
{"TracerIdentity":"server1","TraceID":8511225458124048127,"Tag":"ReceiveTokenTrace","Body":{"Token":"p3NlcnZlcjLPdh3ydbK+xv+FpWNvb3JkGadzZXJ2ZXIxH6dzZXJ2ZXIzDadjbGllbnQxD6dzZXJ2ZXIyEQ=="},"VectorClock":{"client1":15,"coord":25,"server1":34,"server2":17,"server3":17}}
{"TracerIdentity":"server1","TraceID":8511225458124048127,"Tag":"AppendEntriesResponseRecvd","Body":{"Term":1,"Success":true,"Token":"p3NlcnZlcjLPdh3ydbK+xv+FpWNvb3JkGadzZXJ2ZXIxH6dzZXJ2ZXIzDadjbGllbnQxD6dzZXJ2ZXIyEQ=="},"VectorClock":{"client1":15,"coord":25,"server1":35,"server2":17,"server3":17}}
{"TracerIdentity":"server1","TraceID":590945853048419895,"Tag":"GetCommitted","Body":{"ClientId":"1","OpId":2,"Key":"k0","Value":"val0"},"VectorClock":{"client1":15,"coord":25,"server1":36,"server2":17,"server3":17}}
{"TracerIdentity":"server1","TraceID":590945853048419895,"Tag":"GenerateTokenTrace","Body":{"Token":"p3NlcnZlcjHPCDN2H1Rw9jeFp3NlcnZlcjElpWNvb3JkGadzZXJ2ZXIyEadzZXJ2ZXIzEadjbGllbnQxDw=="},"VectorClock":{"client1":15,"coord":25,"server1":37,"server2":17,"server3":17}}
{"TracerIdentity":"client1","TraceID":590945853048419895,"Tag":"ReceiveTokenTrace","Body":{"Token":"p3NlcnZlcjHPCDN2H1Rw9jeFp3NlcnZlcjElpWNvb3JkGadzZXJ2ZXIyEadzZXJ2ZXIzEadjbGllbnQxDw=="},"VectorClock":{"client1":16,"coord":25,"server1":37,"server2":17,"server3":17}}
{"TracerIdentity":"client1","TraceID":590945853048419895,"Tag":"GetResultRecvd","Body":{"OpId":2,"Key":"k0","Value":"val0"},"VectorClock":{"client1":17,"coord":25,"server1":37,"server2":17,"server3":17}}
{"TracerIdentity":"client2","TraceID":8387510386472867459,"Tag":"CreateTrace","Body":{},"VectorClock":{"client2":1}}
{"TracerIdentity":"client2","TraceID":8387510386472867459,"Tag":"GenerateTokenTrace","Body":{"Token":"p2NsaWVudDLPdGZsQe+dVoOBp2NsaWVudDIC"},"VectorClock":{"client2":2}}
{"TracerIdentity":"client2","TraceID":8387510386472867459,"Tag":"KvslibStart","Body":{"ClientId":"2"},"VectorClock":{"client2":3}}
{"TracerIdentity":"client2","TraceID":8387510386472867459,"Tag":"LeaderReq","Body":{"ClientId":"2"},"VectorClock":{"client2":4}}
{"TracerIdentity":"client2","TraceID":8387510386472867459,"Tag":"GenerateTokenTrace","Body":{"Token":"p2NsaWVudDLPdGZsQe+dVoOBp2NsaWVudDIF"},"VectorClock":{"client2":5}}
{"TracerIdentity":"coord","TraceID":8387510386472867459,"Tag":"ReceiveTokenTrace","Body":{"Token":"p2NsaWVudDLPdGZsQe+dVoOBp2NsaWVudDIF"},"VectorClock":{"client1":5,"client2":5,"coord":26,"server1":7,"server2":7,"server3":7}}
{"TracerIdentity":"coord","TraceID":8387510386472867459,"Tag":"LeaderReqRecvd","Body":{"ClientId":"2"},"VectorClock":{"client1":5,"client2":5,"coord":27,"server1":7,"server2":7,"server3":7}}
{"TracerIdentity":"coord","TraceID":8387510386472867459,"Tag":"LeaderRes","Body":{"ClientId":"2","ServerId":1},"VectorClock":{"client1":5,"client2":5,"coord":28,"server1":7,"server2":7,"server3":7}}
{"TracerIdentity":"coord","TraceID":8387510386472867459,"Tag":"GenerateTokenTrace","Body":{"Token":"pWNvb3Jkz3RmbEHvnVaDhqdjbGllbnQxBadjbGllbnQyBaVjb29yZB2nc2VydmVyMQenc2VydmVyMgenc2VydmVyMwc="},"VectorClock":{"client1":5,"client2":5,"coord":29,"server1":7,"server2":7,"server3":7}}
{"TracerIdentity":"client2","TraceID":8387510386472867459,"Tag":"ReceiveTokenTrace","Body":{"Token":"pWNvb3Jkz3RmbEHvnVaDhqdjbGllbnQxBadjbGllbnQyBaVjb29yZB2nc2VydmVyMQenc2VydmVyMgenc2VydmVyMwc="},"VectorClock":{"client1":5,"client2":6,"coord":29,"server1":7,"server2":7,"server3":7}}
{"TracerIdentity":"client2","TraceID":8387510386472867459,"Tag":"LeaderResRecvd","Body":{"ClientId":"2","ServerId":1},"VectorClock":{"client1":5,"client2":7,"coord":29,"server1":7,"server2":7,"server3":7}}
{"TracerIdentity":"client2","TraceID":1947282618321557747,"Tag":"CreateTrace","Body":{},"VectorClock":{"client1":5,"client2":8,"coord":29,"server1":7,"server2":7,"server3":7}}
{"TracerIdentity":"client2","TraceID":1947282618321557747,"Tag":"Put","Body":{"ClientId":"2","OpId":1,"Key":"k0","Value":"val0"},"VectorClock":{"client1":5,"client2":9,"coord":29,"server1":7,"server2":7,"server3":7}}
{"TracerIdentity":"client2","TraceID":1947282618321557747,"Tag":"GenerateTokenTrace","Body":{"Token":"p2NsaWVudDLPGwYjOWZZWPOGp3NlcnZlcjMHp2NsaWVudDIKp2NsaWVudDEFpWNvb3JkHadzZXJ2ZXIxB6dzZXJ2ZXIyBw=="},"VectorClock":{"client1":5,"client2":10,"coord":29,"server1":7,"server2":7,"server3":7}}
{"TracerIdentity":"server1","TraceID":1947282618321557747,"Tag":"ReceiveTokenTrace","Body":{"Token":"p2NsaWVudDLPGwYjOWZZWPOGp3NlcnZlcjMHp2NsaWVudDIKp2NsaWVudDEFpWNvb3JkHadzZXJ2ZXIxB6dzZXJ2ZXIyBw=="},"VectorClock":{"client1":15,"client2":10,"coord":29,"server1":38,"server2":17,"server3":17}}
{"TracerIdentity":"server1","TraceID":1947282618321557747,"Tag":"PutRecvd","Body":{"ClientId":"2","OpId":1,"Key":"k0","Value":"val0"},"VectorClock":{"client1":15,"client2":10,"coord":29,"server1":39,"server2":17,"server3":17}}
{"TracerIdentity":"server1","TraceID":4718847900519960151,"Tag":"CreateTrace","Body":{},"VectorClock":{"client1":15,"client2":10,"coord":29,"server1":40,"server2":17,"server3":17}}
{"TracerIdentity":"server1","TraceID":7887134272759545480,"Tag":"CreateTrace","Body":{},"VectorClock":{"client1":15,"client2":10,"coord":29,"server1":41,"server2":17,"server3":17}}
{"TracerIdentity":"server1","TraceID":7887134272759545480,"Tag":"AppendEntriesRequestSent","Body":{"Term":1,"LeaderId":1,"PrevLogIndex":2,"PrevLogTerm":1,"Entries":[{"Term":1,"Command":{"Kind":1,"Key":"k0","Val":"val0","ClientInfo":{"ClientId":"2","OpId":1}},"Index":3}],"LeaderCommit":2,"Token":""},"VectorClock":{"client1":15,"client2":10,"coord":29,"server1":42,"server2":17,"server3":17}}
{"TracerIdentity":"server1","TraceID":4718847900519960151,"Tag":"AppendEntriesRequestSent","Body":{"Term":1,"LeaderId":1,"PrevLogIndex":2,"PrevLogTerm":1,"Entries":[{"Term":1,"Command":{"Kind":1,"Key":"k0","Val":"val0","ClientInfo":{"ClientId":"2","OpId":1}},"Index":3}],"LeaderCommit":2,"Token":""},"VectorClock":{"client1":15,"client2":10,"coord":29,"server1":43,"server2":17,"server3":17}}
{"TracerIdentity":"server1","TraceID":4718847900519960151,"Tag":"GenerateTokenTrace","Body":{"Token":"p3NlcnZlcjHPQXy3KfuXDleGpWNvb3JkHadzZXJ2ZXIyEadzZXJ2ZXIzEadjbGllbnQxD6djbGllbnQyCqdzZXJ2ZXIxLA=="},"VectorClock":{"client1":15,"client2":10,"coord":29,"server1":44,"server2":17,"server3":17}}
{"TracerIdentity":"server1","TraceID":7887134272759545480,"Tag":"GenerateTokenTrace","Body":{"Token":"p3NlcnZlcjHPbXS61U+kPoiGp3NlcnZlcjEtpWNvb3JkHadzZXJ2ZXIyEadzZXJ2ZXIzEadjbGllbnQxD6djbGllbnQyCg=="},"VectorClock":{"client1":15,"client2":10,"coord":29,"server1":45,"server2":17,"server3":17}}
{"TracerIdentity":"server2","TraceID":4718847900519960151,"Tag":"ReceiveTokenTrace","Body":{"Token":"p3NlcnZlcjHPQXy3KfuXDleGpWNvb3JkHadzZXJ2ZXIyEadzZXJ2ZXIzEadjbGllbnQxD6djbGllbnQyCqdzZXJ2ZXIxLA=="},"VectorClock":{"client1":15,"client2":10,"coord":29,"server1":44,"server2":18,"server3":17}}
{"TracerIdentity":"server2","TraceID":4718847900519960151,"Tag":"AppendEntriesRequestRecvd","Body":{"Term":1,"LeaderId":1,"PrevLogIndex":2,"PrevLogTerm":1,"Entries":[{"Term":1,"Command":{"Kind":1,"Key":"k0","Val":"val0","ClientInfo":{"ClientId":"2","OpId":1}},"Index":3}],"LeaderCommit":2,"Token":"p3NlcnZlcjHPQXy3KfuXDleGpWNvb3JkHadzZXJ2ZXIyEadzZXJ2ZXIzEadjbGllbnQxD6djbGllbnQyCqdzZXJ2ZXIxLA=="},"VectorClock":{"client1":15,"client2":10,"coord":29,"server1":44,"server2":19,"server3":17}}
{"TracerIdentity":"server3","TraceID":7887134272759545480,"Tag":"ReceiveTokenTrace","Body":{"Token":"p3NlcnZlcjHPbXS61U+kPoiGp3NlcnZlcjEtpWNvb3JkHadzZXJ2ZXIyEadzZXJ2ZXIzEadjbGllbnQxD6djbGllbnQyCg=="},"VectorClock":{"client1":15,"client2":10,"coord":29,"server1":45,"server2":17,"server3":18}}
{"TracerIdentity":"server3","TraceID":7887134272759545480,"Tag":"AppendEntriesRequestRecvd","Body":{"Term":1,"LeaderId":1,"PrevLogIndex":2,"PrevLogTerm":1,"Entries":[{"Term":1,"Command":{"Kind":1,"Key":"k0","Val":"val0","ClientInfo":{"ClientId":"2","OpId":1}},"Index":3}],"LeaderCommit":2,"Token":"p3NlcnZlcjHPbXS61U+kPoiGp3NlcnZlcjEtpWNvb3JkHadzZXJ2ZXIyEadzZXJ2ZXIzEadjbGllbnQxD6djbGllbnQyCg=="},"VectorClock":{"client1":15,"client2":10,"coord":29,"server1":45,"server2":17,"server3":19}}
{"TracerIdentity":"server2","TraceID":4718847900519960151,"Tag":"AppendEntriesResponseSent","Body":{"Term":1,"Success":true,"Token":null},"VectorClock":{"client1":15,"client2":10,"coord":29,"server1":44,"server2":20,"server3":17}}
{"TracerIdentity":"server3","TraceID":7887134272759545480,"Tag":"AppendEntriesResponseSent","Body":{"Term":1,"Success":true,"Token":null},"VectorClock":{"client1":15,"client2":10,"coord":29,"server1":45,"server2":17,"server3":20}}
{"TracerIdentity":"server2","TraceID":4718847900519960151,"Tag":"GenerateTokenTrace","Body":{"Token":"p3NlcnZlcjLPQXy3KfuXDleGp3NlcnZlcjIVpWNvb3JkHadzZXJ2ZXIxLKdzZXJ2ZXIzEadjbGllbnQxD6djbGllbnQyCg=="},"VectorClock":{"client1":15,"client2":10,"coord":29,"server1":44,"server2":21,"server3":17}}
{"TracerIdentity":"server3","TraceID":7887134272759545480,"Tag":"GenerateTokenTrace","Body":{"Token":"p3NlcnZlcjPPbXS61U+kPoiGp3NlcnZlcjIRp2NsaWVudDEPp2NsaWVudDIKp3NlcnZlcjMVpWNvb3JkHadzZXJ2ZXIxLQ=="},"VectorClock":{"client1":15,"client2":10,"coord":29,"server1":45,"server2":17,"server3":21}}
{"TracerIdentity":"server1","TraceID":7887134272759545480,"Tag":"ReceiveTokenTrace","Body":{"Token":"p3NlcnZlcjPPbXS61U+kPoiGp3NlcnZlcjIRp2NsaWVudDEPp2NsaWVudDIKp3NlcnZlcjMVpWNvb3JkHadzZXJ2ZXIxLQ=="},"VectorClock":{"client1":15,"client2":10,"coord":29,"server1":46,"server2":17,"server3":21}}
{"TracerIdentity":"server1","TraceID":7887134272759545480,"Tag":"AppendEntriesResponseRecvd","Body":{"Term":1,"Success":true,"Token":"p3NlcnZlcjPPbXS61U+kPoiGp3NlcnZlcjIRp2NsaWVudDEPp2NsaWVudDIKp3NlcnZlcjMVpWNvb3JkHadzZXJ2ZXIxLQ=="},"VectorClock":{"client1":15,"client2":10,"coord":29,"server1":47,"server2":17,"server3":21}}
{"TracerIdentity":"server1","TraceID":4718847900519960151,"Tag":"ReceiveTokenTrace","Body":{"Token":"p3NlcnZlcjLPQXy3KfuXDleGp3NlcnZlcjIVpWNvb3JkHadzZXJ2ZXIxLKdzZXJ2ZXIzEadjbGllbnQxD6djbGllbnQyCg=="},"VectorClock":{"client1":15,"client2":10,"coord":29,"server1":48,"server2":21,"server3":21}}
{"TracerIdentity":"server1","TraceID":4718847900519960151,"Tag":"AppendEntriesResponseRecvd","Body":{"Term":1,"Success":true,"Token":"p3NlcnZlcjLPQXy3KfuXDleGp3NlcnZlcjIVpWNvb3JkHadzZXJ2ZXIxLKdzZXJ2ZXIzEadjbGllbnQxD6djbGllbnQyCg=="},"VectorClock":{"client1":15,"client2":10,"coord":29,"server1":49,"server2":21,"server3":21}}
{"TracerIdentity":"server1","TraceID":1947282618321557747,"Tag":"PutCommitted","Body":{"ClientId":"2","OpId":1,"Key":"k0","Value":"val0"},"VectorClock":{"client1":15,"client2":10,"coord":29,"server1":50,"server2":21,"server3":21}}
{"TracerIdentity":"server1","TraceID":1947282618321557747,"Tag":"GenerateTokenTrace","Body":{"Token":"p3NlcnZlcjHPGwYjOWZZWPOGp3NlcnZlcjEzpWNvb3JkHadzZXJ2ZXIyFadzZXJ2ZXIzFadjbGllbnQxD6djbGllbnQyCg=="},"VectorClock":{"client1":15,"client2":10,"coord":29,"server1":51,"server2":21,"server3":21}}
{"TracerIdentity":"client2","TraceID":1947282618321557747,"Tag":"ReceiveTokenTrace","Body":{"Token":"p3NlcnZlcjHPGwYjOWZZWPOGp3NlcnZlcjEzpWNvb3JkHadzZXJ2ZXIyFadzZXJ2ZXIzFadjbGllbnQxD6djbGllbnQyCg=="},"VectorClock":{"client1":15,"client2":11,"coord":29,"server1":51,"server2":21,"server3":21}}
{"TracerIdentity":"client2","TraceID":1947282618321557747,"Tag":"PutResultRecvd","Body":{"OpId":1,"Key":"k0"},"VectorClock":{"client1":15,"client2":12,"coord":29,"server1":51,"server2":21,"server3":21}}
{"TracerIdentity":"client2","TraceID":2931606946447794974,"Tag":"CreateTrace","Body":{},"VectorClock":{"client1":15,"client2":13,"coord":29,"server1":51,"server2":21,"server3":21}}
{"TracerIdentity":"client2","TraceID":2931606946447794974,"Tag":"Get","Body":{"ClientId":"2","OpId":2,"Key":"k0"},"VectorClock":{"client1":15,"client2":14,"coord":29,"server1":51,"server2":21,"server3":21}}
{"TracerIdentity":"client2","TraceID":2931606946447794974,"Tag":"GenerateTokenTrace","Body":{"Token":"p2NsaWVudDLPKK8o/EgWox6Gp2NsaWVudDEPpWNvb3JkHadzZXJ2ZXIxM6dzZXJ2ZXIyFadzZXJ2ZXIzFadjbGllbnQyDw=="},"VectorClock":{"client1":15,"client2":15,"coord":29,"server1":51,"server2":21,"server3":21}}
{"TracerIdentity":"server1","TraceID":2931606946447794974,"Tag":"ReceiveTokenTrace","Body":{"Token":"p2NsaWVudDLPKK8o/EgWox6Gp2NsaWVudDEPpWNvb3JkHadzZXJ2ZXIxM6dzZXJ2ZXIyFadzZXJ2ZXIzFadjbGllbnQyDw=="},"VectorClock":{"client1":15,"client2":15,"coord":29,"server1":52,"server2":21,"server3":21}}
{"TracerIdentity":"server1","TraceID":2931606946447794974,"Tag":"GetRecvd","Body":{"ClientId":"2","OpId":2,"Key":"k0"},"VectorClock":{"client1":15,"client2":15,"coord":29,"server1":53,"server2":21,"server3":21}}
{"TracerIdentity":"server1","TraceID":8143780987051093779,"Tag":"CreateTrace","Body":{},"VectorClock":{"client1":15,"client2":15,"coord":29,"server1":54,"server2":21,"server3":21}}
{"TracerIdentity":"server1","TraceID":1301741306511856570,"Tag":"CreateTrace","Body":{},"VectorClock":{"client1":15,"client2":15,"coord":29,"server1":55,"server2":21,"server3":21}}
{"TracerIdentity":"server1","TraceID":1301741306511856570,"Tag":"AppendEntriesRequestSent","Body":{"Term":1,"LeaderId":1,"PrevLogIndex":3,"PrevLogTerm":1,"Entries":[{"Term":1,"Command":{"Kind":2,"Key":"k0","Val":"","ClientInfo":{"ClientId":"2","OpId":2}},"Index":4}],"LeaderCommit":3,"Token":""},"VectorClock":{"client1":15,"client2":15,"coord":29,"server1":56,"server2":21,"server3":21}}
{"TracerIdentity":"server1","TraceID":8143780987051093779,"Tag":"AppendEntriesRequestSent","Body":{"Term":1,"LeaderId":1,"PrevLogIndex":3,"PrevLogTerm":1,"Entries":[{"Term":1,"Command":{"Kind":2,"Key":"k0","Val":"","ClientInfo":{"ClientId":"2","OpId":2}},"Index":4}],"LeaderCommit":3,"Token":""},"VectorClock":{"client1":15,"client2":15,"coord":29,"server1":57,"server2":21,"server3":21}}
{"TracerIdentity":"server1","TraceID":8143780987051093779,"Tag":"GenerateTokenTrace","Body":{"Token":"p3NlcnZlcjHPcQSFqP3CrxOGp3NlcnZlcjMVp2NsaWVudDEPp2NsaWVudDIPp3NlcnZlcjE6pWNvb3JkHadzZXJ2ZXIyFQ=="},"VectorClock":{"client1":15,"client2":15,"coord":29,"server1":58,"server2":21,"server3":21}}
{"TracerIdentity":"server1","TraceID":1301741306511856570,"Tag":"GenerateTokenTrace","Body":{"Token":"p3NlcnZlcjHPEhC20kQXk7qGp3NlcnZlcjE7pWNvb3JkHadzZXJ2ZXIyFadzZXJ2ZXIzFadjbGllbnQxD6djbGllbnQyDw=="},"VectorClock":{"client1":15,"client2":15,"coord":29,"server1":59,"server2":21,"server3":21}}
{"TracerIdentity":"server2","TraceID":8143780987051093779,"Tag":"ReceiveTokenTrace","Body":{"Token":"p3NlcnZlcjHPcQSFqP3CrxOGp3NlcnZlcjMVp2NsaWVudDEPp2NsaWVudDIPp3NlcnZlcjE6pWNvb3JkHadzZXJ2ZXIyFQ=="},"VectorClock":{"client1":15,"client2":15,"coord":29,"server1":58,"server2":22,"server3":21}}
{"TracerIdentity":"server2","TraceID":8143780987051093779,"Tag":"AppendEntriesRequestRecvd","Body":{"Term":1,"LeaderId":1,"PrevLogIndex":3,"PrevLogTerm":1,"Entries":[{"Term":1,"Command":{"Kind":2,"Key":"k0","Val":"","ClientInfo":{"ClientId":"2","OpId":2}},"Index":4}],"LeaderCommit":3,"Token":"p3NlcnZlcjHPcQSFqP3CrxOGp3NlcnZlcjMVp2NsaWVudDEPp2NsaWVudDIPp3NlcnZlcjE6pWNvb3JkHadzZXJ2ZXIyFQ=="},"VectorClock":{"client1":15,"client2":15,"coord":29,"server1":58,"server2":23,"server3":21}}
{"TracerIdentity":"server3","TraceID":1301741306511856570,"Tag":"ReceiveTokenTrace","Body":{"Token":"p3NlcnZlcjHPEhC20kQXk7qGp3NlcnZlcjE7pWNvb3JkHadzZXJ2ZXIyFadzZXJ2ZXIzFadjbGllbnQxD6djbGllbnQyDw=="},"VectorClock":{"client1":15,"client2":15,"coord":29,"server1":59,"server2":21,"server3":22}}
{"TracerIdentity":"server3","TraceID":1301741306511856570,"Tag":"AppendEntriesRequestRecvd","Body":{"Term":1,"LeaderId":1,"PrevLogIndex":3,"PrevLogTerm":1,"Entries":[{"Term":1,"Command":{"Kind":2,"Key":"k0","Val":"","ClientInfo":{"ClientId":"2","OpId":2}},"Index":4}],"LeaderCommit":3,"Token":"p3NlcnZlcjHPEhC20kQXk7qGp3NlcnZlcjE7pWNvb3JkHadzZXJ2ZXIyFadzZXJ2ZXIzFadjbGllbnQxD6djbGllbnQyDw=="},"VectorClock":{"client1":15,"client2":15,"coord":29,"server1":59,"server2":21,"server3":23}}
{"TracerIdentity":"server2","TraceID":8143780987051093779,"Tag":"AppendEntriesResponseSent","Body":{"Term":1,"Success":true,"Token":null},"VectorClock":{"client1":15,"client2":15,"coord":29,"server1":58,"server2":24,"server3":21}}
{"TracerIdentity":"server2","TraceID":8143780987051093779,"Tag":"GenerateTokenTrace","Body":{"Token":"p3NlcnZlcjLPcQSFqP3CrxOGp3NlcnZlcjIZpWNvb3JkHadzZXJ2ZXIxOqdzZXJ2ZXIzFadjbGllbnQxD6djbGllbnQyDw=="},"VectorClock":{"client1":15,"client2":15,"coord":29,"server1":58,"server2":25,"server3":21}}
{"TracerIdentity":"server3","TraceID":1301741306511856570,"Tag":"AppendEntriesResponseSent","Body":{"Term":1,"Success":true,"Token":null},"VectorClock":{"client1":15,"client2":15,"coord":29,"server1":59,"server2":21,"server3":24}}
{"TracerIdentity":"server1","TraceID":8143780987051093779,"Tag":"ReceiveTokenTrace","Body":{"Token":"p3NlcnZlcjLPcQSFqP3CrxOGp3NlcnZlcjIZpWNvb3JkHadzZXJ2ZXIxOqdzZXJ2ZXIzFadjbGllbnQxD6djbGllbnQyDw=="},"VectorClock":{"client1":15,"client2":15,"coord":29,"server1":60,"server2":25,"server3":21}}
{"TracerIdentity":"server3","TraceID":1301741306511856570,"Tag":"GenerateTokenTrace","Body":{"Token":"p3NlcnZlcjPPEhC20kQXk7qGp3NlcnZlcjMZpWNvb3JkHadzZXJ2ZXIxO6dzZXJ2ZXIyFadjbGllbnQxD6djbGllbnQyDw=="},"VectorClock":{"client1":15,"client2":15,"coord":29,"server1":59,"server2":21,"server3":25}}
{"TracerIdentity":"server1","TraceID":8143780987051093779,"Tag":"AppendEntriesResponseRecvd","Body":{"Term":1,"Success":true,"Token":"p3NlcnZlcjLPcQSFqP3CrxOGp3NlcnZlcjIZpWNvb3JkHadzZXJ2ZXIxOqdzZXJ2ZXIzFadjbGllbnQxD6djbGllbnQyDw=="},"VectorClock":{"client1":15,"client2":15,"coord":29,"server1":61,"server2":25,"server3":21}}
{"TracerIdentity":"server1","TraceID":2931606946447794974,"Tag":"GetCommitted","Body":{"ClientId":"2","OpId":2,"Key":"k0","Value":"val0"},"VectorClock":{"client1":15,"client2":15,"coord":29,"server1":62,"server2":25,"server3":21}}
{"TracerIdentity":"server1","TraceID":2931606946447794974,"Tag":"GenerateTokenTrace","Body":{"Token":"p3NlcnZlcjHPKK8o/EgWox6Gp3NlcnZlcjMVp2NsaWVudDEPp2NsaWVudDIPp3NlcnZlcjE/pWNvb3JkHadzZXJ2ZXIyGQ=="},"VectorClock":{"client1":15,"client2":15,"coord":29,"server1":63,"server2":25,"server3":21}}
{"TracerIdentity":"server1","TraceID":1301741306511856570,"Tag":"ReceiveTokenTrace","Body":{"Token":"p3NlcnZlcjPPEhC20kQXk7qGp3NlcnZlcjMZpWNvb3JkHadzZXJ2ZXIxO6dzZXJ2ZXIyFadjbGllbnQxD6djbGllbnQyDw=="},"VectorClock":{"client1":15,"client2":15,"coord":29,"server1":64,"server2":25,"server3":25}}
{"TracerIdentity":"client2","TraceID":2931606946447794974,"Tag":"ReceiveTokenTrace","Body":{"Token":"p3NlcnZlcjHPKK8o/EgWox6Gp3NlcnZlcjMVp2NsaWVudDEPp2NsaWVudDIPp3NlcnZlcjE/pWNvb3JkHadzZXJ2ZXIyGQ=="},"VectorClock":{"client1":15,"client2":16,"coord":29,"server1":63,"server2":25,"server3":21}}
{"TracerIdentity":"server1","TraceID":1301741306511856570,"Tag":"AppendEntriesResponseRecvd","Body":{"Term":1,"Success":true,"Token":"p3NlcnZlcjPPEhC20kQXk7qGp3NlcnZlcjMZpWNvb3JkHadzZXJ2ZXIxO6dzZXJ2ZXIyFadjbGllbnQxD6djbGllbnQyDw=="},"VectorClock":{"client1":15,"client2":15,"coord":29,"server1":65,"server2":25,"server3":25}}
{"TracerIdentity":"client2","TraceID":2931606946447794974,"Tag":"GetResultRecvd","Body":{"OpId":2,"Key":"k0","Value":"val0"},"VectorClock":{"client1":15,"client2":17,"coord":29,"server1":63,"server2":25,"server3":21}}
{"TracerIdentity":"coord","TraceID":6661782135458136814,"Tag":"ServerFail","Body":{"ServerId":1},"VectorClock":{"client1":5,"client2":5,"coord":30,"server1":7,"server2":7,"server3":7}}
{"TracerIdentity":"coord","TraceID":6661782135458136814,"Tag":"ServerLogStateRequest","Body":{"ServerId":2,"Token":null},"VectorClock":{"client1":5,"client2":5,"coord":31,"server1":7,"server2":7,"server3":7}}
{"TracerIdentity":"coord","TraceID":6661782135458136814,"Tag":"GenerateTokenTrace","Body":{"Token":"pWNvb3Jkz1xzZ457BoLuhqdzZXJ2ZXIxB6dzZXJ2ZXIyB6dzZXJ2ZXIzB6djbGllbnQxBadjbGllbnQyBaVjb29yZCA="},"VectorClock":{"client1":5,"client2":5,"coord":32,"server1":7,"server2":7,"server3":7}}
{"TracerIdentity":"server2","TraceID":6661782135458136814,"Tag":"ReceiveTokenTrace","Body":{"Token":"pWNvb3Jkz1xzZ457BoLuhqdzZXJ2ZXIxB6dzZXJ2ZXIyB6dzZXJ2ZXIzB6djbGllbnQxBadjbGllbnQyBaVjb29yZCA="},"VectorClock":{"client1":15,"client2":15,"coord":32,"server1":58,"server2":26,"server3":21}}
{"TracerIdentity":"server2","TraceID":6661782135458136814,"Tag":"ServerLogState","Body":{"ServerId":2,"Term":1,"LogIdx":4,"Token":null},"VectorClock":{"client1":15,"client2":15,"coord":32,"server1":58,"server2":27,"server3":21}}
{"TracerIdentity":"server2","TraceID":6661782135458136814,"Tag":"GenerateTokenTrace","Body":{"Token":"p3NlcnZlcjLPXHNnjnsGgu6Gp3NlcnZlcjMVp2NsaWVudDEPp2NsaWVudDIPp3NlcnZlcjIcpWNvb3JkIKdzZXJ2ZXIxOg=="},"VectorClock":{"client1":15,"client2":15,"coord":32,"server1":58,"server2":28,"server3":21}}
{"TracerIdentity":"coord","TraceID":6661782135458136814,"Tag":"ReceiveTokenTrace","Body":{"Token":"p3NlcnZlcjLPXHNnjnsGgu6Gp3NlcnZlcjMVp2NsaWVudDEPp2NsaWVudDIPp3NlcnZlcjIcpWNvb3JkIKdzZXJ2ZXIxOg=="},"VectorClock":{"client1":15,"client2":15,"coord":33,"server1":58,"server2":28,"server3":21}}
{"TracerIdentity":"coord","TraceID":6661782135458136814,"Tag":"ServerLogStateRequest","Body":{"ServerId":3,"Token":null},"VectorClock":{"client1":15,"client2":15,"coord":34,"server1":58,"server2":28,"server3":21}}
{"TracerIdentity":"coord","TraceID":6661782135458136814,"Tag":"GenerateTokenTrace","Body":{"Token":"pWNvb3Jkz1xzZ457BoLuhqdzZXJ2ZXIxOqdzZXJ2ZXIyHKdzZXJ2ZXIzFadjbGllbnQxD6djbGllbnQyD6Vjb29yZCM="},"VectorClock":{"client1":15,"client2":15,"coord":35,"server1":58,"server2":28,"server3":21}}
{"TracerIdentity":"server3","TraceID":6661782135458136814,"Tag":"ReceiveTokenTrace","Body":{"Token":"pWNvb3Jkz1xzZ457BoLuhqdzZXJ2ZXIxOqdzZXJ2ZXIyHKdzZXJ2ZXIzFadjbGllbnQxD6djbGllbnQyD6Vjb29yZCM="},"VectorClock":{"client1":15,"client2":15,"coord":35,"server1":59,"server2":28,"server3":26}}
{"TracerIdentity":"server3","TraceID":6661782135458136814,"Tag":"ServerLogState","Body":{"ServerId":3,"Term":1,"LogIdx":4,"Token":null},"VectorClock":{"client1":15,"client2":15,"coord":35,"server1":59,"server2":28,"server3":27}}
{"TracerIdentity":"server3","TraceID":6661782135458136814,"Tag":"GenerateTokenTrace","Body":{"Token":"p3NlcnZlcjPPXHNnjnsGgu6GpWNvb3JkI6dzZXJ2ZXIxO6dzZXJ2ZXIyHKdjbGllbnQxD6djbGllbnQyD6dzZXJ2ZXIzHA=="},"VectorClock":{"client1":15,"client2":15,"coord":35,"server1":59,"server2":28,"server3":28}}
{"TracerIdentity":"coord","TraceID":6661782135458136814,"Tag":"ReceiveTokenTrace","Body":{"Token":"p3NlcnZlcjPPXHNnjnsGgu6GpWNvb3JkI6dzZXJ2ZXIxO6dzZXJ2ZXIyHKdjbGllbnQxD6djbGllbnQyD6dzZXJ2ZXIzHA=="},"VectorClock":{"client1":15,"client2":15,"coord":36,"server1":59,"server2":28,"server3":28}}
{"TracerIdentity":"coord","TraceID":6661782135458136814,"Tag":"LeaderFailOver","Body":{"ServerId":2,"FailedLeaderId":1,"Peers":[{"ServerId":2,"ServerAddr":"127.0.0.1:21002","CoordListenAddr":"127.0.0.1:21002","ServerListenAddr":"127.0.0.1:21022","ClientListenAddr":"127.0.0.1:21032","Token":"p3NlcnZlcjLPBzyYM0mkpmyBp3NlcnZlcjIE"},{"ServerId":3,"ServerAddr":"127.0.0.1:21003","CoordListenAddr":"127.0.0.1:21003","ServerListenAddr":"127.0.0.1:21023","ClientListenAddr":"127.0.0.1:21033","Token":"p3NlcnZlcjPPAvIueqDu62uBp3NlcnZlcjME"}],"Term":2,"Token":""},"VectorClock":{"client1":15,"client2":15,"coord":37,"server1":59,"server2":28,"server3":28}}
{"TracerIdentity":"coord","TraceID":6661782135458136814,"Tag":"GenerateTokenTrace","Body":{"Token":"pWNvb3Jkz1xzZ457BoLuhqdzZXJ2ZXIyHKdzZXJ2ZXIzHKdjbGllbnQxD6djbGllbnQyD6Vjb29yZCanc2VydmVyMTs="},"VectorClock":{"client1":15,"client2":15,"coord":38,"server1":59,"server2":28,"server3":28}}
{"TracerIdentity":"server2","TraceID":6661782135458136814,"Tag":"ReceiveTokenTrace","Body":{"Token":"pWNvb3Jkz1xzZ457BoLuhqdzZXJ2ZXIyHKdzZXJ2ZXIzHKdjbGllbnQxD6djbGllbnQyD6Vjb29yZCanc2VydmVyMTs="},"VectorClock":{"client1":15,"client2":15,"coord":38,"server1":59,"server2":29,"server3":28}}
{"TracerIdentity":"server2","TraceID":6661782135458136814,"Tag":"ServerFailRecvd","Body":{"FailedServerId":1},"VectorClock":{"client1":15,"client2":15,"coord":38,"server1":59,"server2":30,"server3":28}}
{"TracerIdentity":"server2","TraceID":521459002914416236,"Tag":"NoOpRequest","Body":{},"VectorClock":{"client1":15,"client2":15,"coord":38,"server1":59,"server2":31,"server3":28}}
{"TracerIdentity":"server2","TraceID":6661782135458136814,"Tag":"GenerateTokenTrace","Body":{"Token":"p3NlcnZlcjLPXHNnjnsGgu6Gp2NsaWVudDEPp2NsaWVudDIPp3NlcnZlcjIgpWNvb3JkJqdzZXJ2ZXIxO6dzZXJ2ZXIzHA=="},"VectorClock":{"client1":15,"client2":15,"coord":38,"server1":59,"server2":32,"server3":28}}
{"TracerIdentity":"server2","TraceID":521459002914416236,"Tag":"BecameLeader","Body":{"ServerId":2},"VectorClock":{"client1":15,"client2":15,"coord":38,"server1":59,"server2":33,"server3":28}}
{"TracerIdentity":"server2","TraceID":6215463937848191975,"Tag":"CreateTrace","Body":{},"VectorClock":{"client1":15,"client2":15,"coord":38,"server1":59,"server2":34,"server3":28}}
{"TracerIdentity":"coord","TraceID":6661782135458136814,"Tag":"ReceiveTokenTrace","Body":{"Token":"p3NlcnZlcjLPXHNnjnsGgu6Gp2NsaWVudDEPp2NsaWVudDIPp3NlcnZlcjIgpWNvb3JkJqdzZXJ2ZXIxO6dzZXJ2ZXIzHA=="},"VectorClock":{"client1":15,"client2":15,"coord":39,"server1":59,"server2":32,"server3":28}}
{"TracerIdentity":"server2","TraceID":179700407329058640,"Tag":"CreateTrace","Body":{},"VectorClock":{"client1":15,"client2":15,"coord":38,"server1":59,"server2":35,"server3":28}}
{"TracerIdentity":"coord","TraceID":6661782135458136814,"Tag":"LeaderReconfigDone","Body":{"ServerId":2},"VectorClock":{"client1":15,"client2":15,"coord":40,"server1":59,"server2":32,"server3":28}}
{"TracerIdentity":"server2","TraceID":179700407329058640,"Tag":"AppendEntriesRequestSent","Body":{"Term":2,"LeaderId":2,"PrevLogIndex":4,"PrevLogTerm":1,"Entries":[{"Term":2,"Command":{"Kind":0,"Key":"","Val":"","ClientInfo":{"ClientId":"","OpId":0}},"Index":5}],"LeaderCommit":3,"Token":""},"VectorClock":{"client1":15,"client2":15,"coord":38,"server1":59,"server2":36,"server3":28}}
{"TracerIdentity":"server2","TraceID":179700407329058640,"Tag":"GenerateTokenTrace","Body":{"Token":"p3NlcnZlcjLPAn5skYDXb1CGp3NlcnZlcjE7p3NlcnZlcjMcp2NsaWVudDEPp2NsaWVudDIPp3NlcnZlcjIlpWNvb3JkJg=="},"VectorClock":{"client1":15,"client2":15,"coord":38,"server1":59,"server2":37,"server3":28}}
{"TracerIdentity":"coord","TraceID":6661782135458136814,"Tag":"GenerateTokenTrace","Body":{"Token":"pWNvb3Jkz1xzZ457BoLuhqdzZXJ2ZXIyIKdzZXJ2ZXIzHKdjbGllbnQxD6djbGllbnQyD6Vjb29yZCmnc2VydmVyMTs="},"VectorClock":{"client1":15,"client2":15,"coord":41,"server1":59,"server2":32,"server3":28}}
{"TracerIdentity":"client1","TraceID":6661782135458136814,"Tag":"ReceiveTokenTrace","Body":{"Token":"pWNvb3Jkz1xzZ457BoLuhqdzZXJ2ZXIyIKdzZXJ2ZXIzHKdjbGllbnQxD6djbGllbnQyD6Vjb29yZCmnc2VydmVyMTs="},"VectorClock":{"client1":18,"client2":15,"coord":41,"server1":59,"server2":32,"server3":28}}
{"TracerIdentity":"server2","TraceID":6215463937848191975,"Tag":"AppendEntriesRequestSent","Body":{"Term":2,"LeaderId":2,"PrevLogIndex":4,"PrevLogTerm":1,"Entries":[{"Term":2,"Command":{"Kind":0,"Key":"","Val":"","ClientInfo":{"ClientId":"","OpId":0}},"Index":5}],"LeaderCommit":3,"Token":""},"VectorClock":{"client1":15,"client2":15,"coord":38,"server1":59,"server2":38,"server3":28}}
{"TracerIdentity":"server3","TraceID":179700407329058640,"Tag":"ReceiveTokenTrace","Body":{"Token":"p3NlcnZlcjLPAn5skYDXb1CGp3NlcnZlcjE7p3NlcnZlcjMcp2NsaWVudDEPp2NsaWVudDIPp3NlcnZlcjIlpWNvb3JkJg=="},"VectorClock":{"client1":15,"client2":15,"coord":38,"server1":59,"server2":37,"server3":29}}
{"TracerIdentity":"client1","TraceID":6661782135458136814,"Tag":"LeaderNodeUpdateRecvd","Body":{"ClientId":"1","ServerId":2},"VectorClock":{"client1":19,"client2":15,"coord":41,"server1":59,"server2":32,"server3":28}}
{"TracerIdentity":"server2","TraceID":6215463937848191975,"Tag":"GenerateTokenTrace","Body":{"Token":"p3NlcnZlcjLPVkHDhUGxK+eGp2NsaWVudDEPp2NsaWVudDIPp3NlcnZlcjInpWNvb3JkJqdzZXJ2ZXIxO6dzZXJ2ZXIzHA=="},"VectorClock":{"client1":15,"client2":15,"coord":38,"server1":59,"server2":39,"server3":28}}
{"TracerIdentity":"server3","TraceID":179700407329058640,"Tag":"AppendEntriesRequestRecvd","Body":{"Term":2,"LeaderId":2,"PrevLogIndex":4,"PrevLogTerm":1,"Entries":[{"Term":2,"Command":{"Kind":0,"Key":"","Val":"","ClientInfo":{"ClientId":"","OpId":0}},"Index":5}],"LeaderCommit":3,"Token":"p3NlcnZlcjLPAn5skYDXb1CGp3NlcnZlcjE7p3NlcnZlcjMcp2NsaWVudDEPp2NsaWVudDIPp3NlcnZlcjIlpWNvb3JkJg=="},"VectorClock":{"client1":15,"client2":15,"coord":38,"server1":59,"server2":37,"server3":30}}
{"TracerIdentity":"client1","TraceID":6661782135458136814,"Tag":"GenerateTokenTrace","Body":{"Token":"p2NsaWVudDHPXHNnjnsGgu6GpWNvb3JkKadzZXJ2ZXIxO6dzZXJ2ZXIyIKdzZXJ2ZXIzHKdjbGllbnQyD6djbGllbnQxFA=="},"VectorClock":{"client1":20,"client2":15,"coord":41,"server1":59,"server2":32,"server3":28}}
{"TracerIdentity":"server3","TraceID":179700407329058640,"Tag":"AppendEntriesResponseSent","Body":{"Term":1,"Success":true,"Token":null},"VectorClock":{"client1":15,"client2":15,"coord":38,"server1":59,"server2":37,"server3":31}}
{"TracerIdentity":"client1","TraceID":6758387096924504547,"Tag":"LeaderReq","Body":{"ClientId":"1"},"VectorClock":{"client1":21,"client2":15,"coord":41,"server1":59,"server2":32,"server3":28}}
{"TracerIdentity":"coord","TraceID":6661782135458136814,"Tag":"ReceiveTokenTrace","Body":{"Token":"p2NsaWVudDHPXHNnjnsGgu6GpWNvb3JkKadzZXJ2ZXIxO6dzZXJ2ZXIyIKdzZXJ2ZXIzHKdjbGllbnQyD6djbGllbnQxFA=="},"VectorClock":{"client1":20,"client2":15,"coord":42,"server1":59,"server2":32,"server3":28}}
{"TracerIdentity":"server3","TraceID":179700407329058640,"Tag":"GenerateTokenTrace","Body":{"Token":"p3NlcnZlcjPPAn5skYDXb1CGp2NsaWVudDEPp2NsaWVudDIPp3NlcnZlcjMgpWNvb3JkJqdzZXJ2ZXIxO6dzZXJ2ZXIyJQ=="},"VectorClock":{"client1":15,"client2":15,"coord":38,"server1":59,"server2":37,"server3":32}}
{"TracerIdentity":"coord","TraceID":6661782135458136814,"Tag":"GenerateTokenTrace","Body":{"Token":"pWNvb3Jkz1xzZ457BoLuhqdzZXJ2ZXIxO6dzZXJ2ZXIyIKdzZXJ2ZXIzHKdjbGllbnQxFKdjbGllbnQyD6Vjb29yZCs="},"VectorClock":{"client1":20,"client2":15,"coord":43,"server1":59,"server2":32,"server3":28}}
{"TracerIdentity":"client1","TraceID":6758387096924504547,"Tag":"GenerateTokenTrace","Body":{"Token":"p2NsaWVudDHPXcqdQdbEweOGp3NlcnZlcjE7p3NlcnZlcjIgp3NlcnZlcjMcp2NsaWVudDIPp2NsaWVudDEWpWNvb3JkKQ=="},"VectorClock":{"client1":22,"client2":15,"coord":41,"server1":59,"server2":32,"server3":28}}
{"TracerIdentity":"coord","TraceID":6758387096924504547,"Tag":"ReceiveTokenTrace","Body":{"Token":"p2NsaWVudDHPXcqdQdbEweOGp3NlcnZlcjE7p3NlcnZlcjIgp3NlcnZlcjMcp2NsaWVudDIPp2NsaWVudDEWpWNvb3JkKQ=="},"VectorClock":{"client1":22,"client2":15,"coord":44,"server1":59,"server2":32,"server3":28}}
{"TracerIdentity":"client2","TraceID":6661782135458136814,"Tag":"ReceiveTokenTrace","Body":{"Token":"pWNvb3Jkz1xzZ457BoLuhqdzZXJ2ZXIxO6dzZXJ2ZXIyIKdzZXJ2ZXIzHKdjbGllbnQxFKdjbGllbnQyD6Vjb29yZCs="},"VectorClock":{"client1":20,"client2":18,"coord":43,"server1":63,"server2":32,"server3":28}}
{"TracerIdentity":"server2","TraceID":179700407329058640,"Tag":"ReceiveTokenTrace","Body":{"Token":"p3NlcnZlcjPPAn5skYDXb1CGp2NsaWVudDEPp2NsaWVudDIPp3NlcnZlcjMgpWNvb3JkJqdzZXJ2ZXIxO6dzZXJ2ZXIyJQ=="},"VectorClock":{"client1":15,"client2":15,"coord":38,"server1":59,"server2":40,"server3":32}}
{"TracerIdentity":"coord","TraceID":6758387096924504547,"Tag":"LeaderReqRecvd","Body":{"ClientId":"1"},"VectorClock":{"client1":22,"client2":15,"coord":45,"server1":59,"server2":32,"server3":28}}
{"TracerIdentity":"coord","TraceID":6758387096924504547,"Tag":"LeaderRes","Body":{"ClientId":"1","ServerId":2},"VectorClock":{"client1":22,"client2":15,"coord":46,"server1":59,"server2":32,"server3":28}}
{"TracerIdentity":"client2","TraceID":6661782135458136814,"Tag":"LeaderNodeUpdateRecvd","Body":{"ClientId":"2","ServerId":2},"VectorClock":{"client1":20,"client2":19,"coord":43,"server1":63,"server2":32,"server3":28}}
{"TracerIdentity":"server2","TraceID":179700407329058640,"Tag":"AppendEntriesResponseRecvd","Body":{"Term":1,"Success":true,"Token":"p3NlcnZlcjPPAn5skYDXb1CGp2NsaWVudDEPp2NsaWVudDIPp3NlcnZlcjMgpWNvb3JkJqdzZXJ2ZXIxO6dzZXJ2ZXIyJQ=="},"VectorClock":{"client1":15,"client2":15,"coord":38,"server1":59,"server2":41,"server3":32}}
{"TracerIdentity":"coord","TraceID":6758387096924504547,"Tag":"GenerateTokenTrace","Body":{"Token":"pWNvb3Jkz13KnUHWxMHjhqdjbGllbnQyD6Vjb29yZC+nc2VydmVyMTunc2VydmVyMiCnc2VydmVyMxynY2xpZW50MRY="},"VectorClock":{"client1":22,"client2":15,"coord":47,"server1":59,"server2":32,"server3":28}}
{"TracerIdentity":"client1","TraceID":6758387096924504547,"Tag":"ReceiveTokenTrace","Body":{"Token":"pWNvb3Jkz13KnUHWxMHjhqdjbGllbnQyD6Vjb29yZC+nc2VydmVyMTunc2VydmVyMiCnc2VydmVyMxynY2xpZW50MRY="},"VectorClock":{"client1":23,"client2":15,"coord":47,"server1":59,"server2":32,"server3":28}}
{"TracerIdentity":"client2","TraceID":6661782135458136814,"Tag":"GenerateTokenTrace","Body":{"Token":"p2NsaWVudDLPXHNnjnsGgu6Gp2NsaWVudDEUpWNvb3JkK6dzZXJ2ZXIxP6dzZXJ2ZXIyIKdzZXJ2ZXIzHKdjbGllbnQyFA=="},"VectorClock":{"client1":20,"client2":20,"coord":43,"server1":63,"server2":32,"server3":28}}
{"TracerIdentity":"client1","TraceID":6758387096924504547,"Tag":"LeaderResRecvd","Body":{"ClientId":"1","ServerId":2},"VectorClock":{"client1":24,"client2":15,"coord":47,"server1":59,"server2":32,"server3":28}}
{"TracerIdentity":"client2","TraceID":8387510386472867459,"Tag":"LeaderReq","Body":{"ClientId":"2"},"VectorClock":{"client1":20,"client2":21,"coord":43,"server1":63,"server2":32,"server3":28}}
{"TracerIdentity":"coord","TraceID":6661782135458136814,"Tag":"ReceiveTokenTrace","Body":{"Token":"p2NsaWVudDLPXHNnjnsGgu6Gp2NsaWVudDEUpWNvb3JkK6dzZXJ2ZXIxP6dzZXJ2ZXIyIKdzZXJ2ZXIzHKdjbGllbnQyFA=="},"VectorClock":{"client1":22,"client2":20,"coord":48,"server1":63,"server2":32,"server3":28}}
{"TracerIdentity":"client2","TraceID":8387510386472867459,"Tag":"GenerateTokenTrace","Body":{"Token":"p2NsaWVudDLPdGZsQe+dVoOGp3NlcnZlcjIgp3NlcnZlcjMcp2NsaWVudDIWp2NsaWVudDEUpWNvb3JkK6dzZXJ2ZXIxPw=="},"VectorClock":{"client1":20,"client2":22,"coord":43,"server1":63,"server2":32,"server3":28}}
{"TracerIdentity":"coord","TraceID":6661782135458136814,"Tag":"NewClusterView","Body":{"View":"AgM="},"VectorClock":{"client1":22,"client2":20,"coord":49,"server1":63,"server2":32,"server3":28}}
{"TracerIdentity":"coord","TraceID":8387510386472867459,"Tag":"ReceiveTokenTrace","Body":{"Token":"p2NsaWVudDLPdGZsQe+dVoOGp3NlcnZlcjIgp3NlcnZlcjMcp2NsaWVudDIWp2NsaWVudDEUpWNvb3JkK6dzZXJ2ZXIxPw=="},"VectorClock":{"client1":22,"client2":22,"coord":50,"server1":63,"server2":32,"server3":28}}
{"TracerIdentity":"coord","TraceID":8387510386472867459,"Tag":"LeaderReqRecvd","Body":{"ClientId":"2"},"VectorClock":{"client1":22,"client2":22,"coord":51,"server1":63,"server2":32,"server3":28}}
{"TracerIdentity":"coord","TraceID":8387510386472867459,"Tag":"LeaderRes","Body":{"ClientId":"2","ServerId":2},"VectorClock":{"client1":22,"client2":22,"coord":52,"server1":63,"server2":32,"server3":28}}
{"TracerIdentity":"coord","TraceID":8387510386472867459,"Tag":"GenerateTokenTrace","Body":{"Token":"pWNvb3Jkz3RmbEHvnVaDhqdzZXJ2ZXIzHKdjbGllbnQxFqdjbGllbnQyFqVjb29yZDWnc2VydmVyMT+nc2VydmVyMiA="},"VectorClock":{"client1":22,"client2":22,"coord":53,"server1":63,"server2":32,"server3":28}}
{"TracerIdentity":"client2","TraceID":8387510386472867459,"Tag":"ReceiveTokenTrace","Body":{"Token":"pWNvb3Jkz3RmbEHvnVaDhqdzZXJ2ZXIzHKdjbGllbnQxFqdjbGllbnQyFqVjb29yZDWnc2VydmVyMT+nc2VydmVyMiA="},"VectorClock":{"client1":22,"client2":23,"coord":53,"server1":63,"server2":32,"server3":28}}
{"TracerIdentity":"client2","TraceID":8387510386472867459,"Tag":"LeaderResRecvd","Body":{"ClientId":"2","ServerId":2},"VectorClock":{"client1":22,"client2":24,"coord":53,"server1":63,"server2":32,"server3":28}}
{"TracerIdentity":"client1","TraceID":7913807290515573432,"Tag":"CreateTrace","Body":{},"VectorClock":{"client1":25,"client2":15,"coord":47,"server1":59,"server2":32,"server3":28}}
{"TracerIdentity":"client1","TraceID":7913807290515573432,"Tag":"Put","Body":{"ClientId":"1","OpId":3,"Key":"k1","Value":"val1"},"VectorClock":{"client1":26,"client2":15,"coord":47,"server1":59,"server2":32,"server3":28}}
{"TracerIdentity":"client1","TraceID":7913807290515573432,"Tag":"GenerateTokenTrace","Body":{"Token":"p2NsaWVudDHPbdN9zTQTyriGp3NlcnZlcjIgp3NlcnZlcjMcp2NsaWVudDIPp2NsaWVudDEbpWNvb3JkL6dzZXJ2ZXIxOw=="},"VectorClock":{"client1":27,"client2":15,"coord":47,"server1":59,"server2":32,"server3":28}}
{"TracerIdentity":"server2","TraceID":7913807290515573432,"Tag":"ReceiveTokenTrace","Body":{"Token":"p2NsaWVudDHPbdN9zTQTyriGp3NlcnZlcjIgp3NlcnZlcjMcp2NsaWVudDIPp2NsaWVudDEbpWNvb3JkL6dzZXJ2ZXIxOw=="},"VectorClock":{"client1":27,"client2":15,"coord":47,"server1":59,"server2":42,"server3":32}}
{"TracerIdentity":"server2","TraceID":7913807290515573432,"Tag":"PutRecvd","Body":{"ClientId":"1","OpId":3,"Key":"k1","Value":"val1"},"VectorClock":{"client1":27,"client2":15,"coord":47,"server1":59,"server2":43,"server3":32}}
{"TracerIdentity":"server2","TraceID":7913807290515573432,"Tag":"ReceiveTokenTrace","Body":{"Token":"p2NsaWVudDHPbdN9zTQTyriGp3NlcnZlcjIgp3NlcnZlcjMcp2NsaWVudDIPp2NsaWVudDEbpWNvb3JkL6dzZXJ2ZXIxOw=="},"VectorClock":{"client1":27,"client2":15,"coord":47,"server1":59,"server2":44,"server3":32}}
{"TracerIdentity":"server2","TraceID":7913807290515573432,"Tag":"PutRecvd","Body":{"ClientId":"1","OpId":3,"Key":"k1","Value":"val1"},"VectorClock":{"client1":27,"client2":15,"coord":47,"server1":59,"server2":45,"server3":32}}
{"TracerIdentity":"server2","TraceID":6644190217451540241,"Tag":"CreateTrace","Body":{},"VectorClock":{"client1":27,"client2":15,"coord":47,"server1":59,"server2":46,"server3":32}}
{"TracerIdentity":"server2","TraceID":1819691471188899640,"Tag":"CreateTrace","Body":{},"VectorClock":{"client1":27,"client2":15,"coord":47,"server1":59,"server2":47,"server3":32}}
{"TracerIdentity":"server2","TraceID":1819691471188899640,"Tag":"AppendEntriesRequestSent","Body":{"Term":2,"LeaderId":2,"PrevLogIndex":5,"PrevLogTerm":2,"Entries":[{"Term":2,"Command":{"Kind":1,"Key":"k1","Val":"val1","ClientInfo":{"ClientId":"1","OpId":3}},"Index":6}],"LeaderCommit":5,"Token":""},"VectorClock":{"client1":27,"client2":15,"coord":47,"server1":59,"server2":48,"server3":32}}
{"TracerIdentity":"server2","TraceID":6644190217451540241,"Tag":"AppendEntriesRequestSent","Body":{"Term":2,"LeaderId":2,"PrevLogIndex":5,"PrevLogTerm":2,"Entries":[{"Term":2,"Command":{"Kind":1,"Key":"k1","Val":"val1","ClientInfo":{"ClientId":"1","OpId":3}},"Index":6}],"LeaderCommit":5,"Token":""},"VectorClock":{"client1":27,"client2":15,"coord":47,"server1":59,"server2":49,"server3":32}}
{"TracerIdentity":"server2","TraceID":6644190217451540241,"Tag":"GenerateTokenTrace","Body":{"Token":"p3NlcnZlcjLPXDTnzONTDxGGp3NlcnZlcjE7p3NlcnZlcjMgp2NsaWVudDEbp2NsaWVudDIPp3NlcnZlcjIypWNvb3JkLw=="},"VectorClock":{"client1":27,"client2":15,"coord":47,"server1":59,"server2":50,"server3":32}}
{"TracerIdentity":"server2","TraceID":1819691471188899640,"Tag":"GenerateTokenTrace","Body":{"Token":"p3NlcnZlcjLPGUDXwH0FtziGp3NlcnZlcjIzpWNvb3JkL6dzZXJ2ZXIxO6dzZXJ2ZXIzIKdjbGllbnQxG6djbGllbnQyDw=="},"VectorClock":{"client1":27,"client2":15,"coord":47,"server1":59,"server2":51,"server3":32}}
{"TracerIdentity":"server3","TraceID":1819691471188899640,"Tag":"ReceiveTokenTrace","Body":{"Token":"p3NlcnZlcjLPGUDXwH0FtziGp3NlcnZlcjIzpWNvb3JkL6dzZXJ2ZXIxO6dzZXJ2ZXIzIKdjbGllbnQxG6djbGllbnQyDw=="},"VectorClock":{"client1":27,"client2":15,"coord":47,"server1":59,"server2":51,"server3":33}}
{"TracerIdentity":"server3","TraceID":1819691471188899640,"Tag":"AppendEntriesRequestRecvd","Body":{"Term":2,"LeaderId":2,"PrevLogIndex":5,"PrevLogTerm":2,"Entries":[{"Term":2,"Command":{"Kind":1,"Key":"k1","Val":"val1","ClientInfo":{"ClientId":"1","OpId":3}},"Index":6}],"LeaderCommit":5,"Token":"p3NlcnZlcjLPGUDXwH0FtziGp3NlcnZlcjIzpWNvb3JkL6dzZXJ2ZXIxO6dzZXJ2ZXIzIKdjbGllbnQxG6djbGllbnQyDw=="},"VectorClock":{"client1":27,"client2":15,"coord":47,"server1":59,"server2":51,"server3":34}}
{"TracerIdentity":"server3","TraceID":1819691471188899640,"Tag":"AppendEntriesResponseSent","Body":{"Term":1,"Success":true,"Token":null},"VectorClock":{"client1":27,"client2":15,"coord":47,"server1":59,"server2":51,"server3":35}}
{"TracerIdentity":"server3","TraceID":1819691471188899640,"Tag":"GenerateTokenTrace","Body":{"Token":"p3NlcnZlcjPPGUDXwH0FtziGp3NlcnZlcjE7p3NlcnZlcjIzp2NsaWVudDEbp2NsaWVudDIPp3NlcnZlcjMkpWNvb3JkLw=="},"VectorClock":{"client1":27,"client2":15,"coord":47,"server1":59,"server2":51,"server3":36}}
{"TracerIdentity":"server2","TraceID":1819691471188899640,"Tag":"ReceiveTokenTrace","Body":{"Token":"p3NlcnZlcjPPGUDXwH0FtziGp3NlcnZlcjE7p3NlcnZlcjIzp2NsaWVudDEbp2NsaWVudDIPp3NlcnZlcjMkpWNvb3JkLw=="},"VectorClock":{"client1":27,"client2":15,"coord":47,"server1":59,"server2":52,"server3":36}}
{"TracerIdentity":"server2","TraceID":1819691471188899640,"Tag":"AppendEntriesResponseRecvd","Body":{"Term":1,"Success":true,"Token":"p3NlcnZlcjPPGUDXwH0FtziGp3NlcnZlcjE7p3NlcnZlcjIzp2NsaWVudDEbp2NsaWVudDIPp3NlcnZlcjMkpWNvb3JkLw=="},"VectorClock":{"client1":27,"client2":15,"coord":47,"server1":59,"server2":53,"server3":36}}
{"TracerIdentity":"server2","TraceID":7913807290515573432,"Tag":"PutCommitted","Body":{"ClientId":"1","OpId":3,"Key":"k1","Value":"val1"},"VectorClock":{"client1":27,"client2":15,"coord":47,"server1":59,"server2":54,"server3":36}}
{"TracerIdentity":"server2","TraceID":7913807290515573432,"Tag":"GenerateTokenTrace","Body":{"Token":"p3NlcnZlcjLPbdN9zTQTyriGp3NlcnZlcjI3pWNvb3JkL6dzZXJ2ZXIxO6dzZXJ2ZXIzJKdjbGllbnQxG6djbGllbnQyDw=="},"VectorClock":{"client1":27,"client2":15,"coord":47,"server1":59,"server2":55,"server3":36}}
{"TracerIdentity":"server2","TraceID":7913807290515573432,"Tag":"PutCommitted","Body":{"ClientId":"1","OpId":3,"Key":"k1","Value":"val1"},"VectorClock":{"client1":27,"client2":15,"coord":47,"server1":59,"server2":56,"server3":36}}
{"TracerIdentity":"server2","TraceID":7913807290515573432,"Tag":"GenerateTokenTrace","Body":{"Token":"p3NlcnZlcjLPbdN9zTQTyriGp2NsaWVudDEbp2NsaWVudDIPp3NlcnZlcjI5pWNvb3JkL6dzZXJ2ZXIxO6dzZXJ2ZXIzJA=="},"VectorClock":{"client1":27,"client2":15,"coord":47,"server1":59,"server2":57,"server3":36}}
{"TracerIdentity":"client1","TraceID":7913807290515573432,"Tag":"ReceiveTokenTrace","Body":{"Token":"p3NlcnZlcjLPbdN9zTQTyriGp2NsaWVudDEbp2NsaWVudDIPp3NlcnZlcjI5pWNvb3JkL6dzZXJ2ZXIxO6dzZXJ2ZXIzJA=="},"VectorClock":{"client1":28,"client2":15,"coord":47,"server1":59,"server2":57,"server3":36}}
{"TracerIdentity":"client1","TraceID":7913807290515573432,"Tag":"PutResultRecvd","Body":{"OpId":3,"Key":"k1"},"VectorClock":{"client1":29,"client2":15,"coord":47,"server1":59,"server2":57,"server3":36}}
{"TracerIdentity":"client1","TraceID":6470192094288270053,"Tag":"CreateTrace","Body":{},"VectorClock":{"client1":30,"client2":15,"coord":47,"server1":59,"server2":57,"server3":36}}
{"TracerIdentity":"client1","TraceID":6470192094288270053,"Tag":"Get","Body":{"ClientId":"1","OpId":4,"Key":"k1"},"VectorClock":{"client1":31,"client2":15,"coord":47,"server1":59,"server2":57,"server3":36}}
{"TracerIdentity":"client1","TraceID":6470192094288270053,"Tag":"GenerateTokenTrace","Body":{"Token":"p2NsaWVudDHPWcq9beCX0uWGp2NsaWVudDEgpWNvb3JkL6dzZXJ2ZXIxO6dzZXJ2ZXIyOadzZXJ2ZXIzJKdjbGllbnQyDw=="},"VectorClock":{"client1":32,"client2":15,"coord":47,"server1":59,"server2":57,"server3":36}}
{"TracerIdentity":"server2","TraceID":6470192094288270053,"Tag":"ReceiveTokenTrace","Body":{"Token":"p2NsaWVudDHPWcq9beCX0uWGp2NsaWVudDEgpWNvb3JkL6dzZXJ2ZXIxO6dzZXJ2ZXIyOadzZXJ2ZXIzJKdjbGllbnQyDw=="},"VectorClock":{"client1":32,"client2":15,"coord":47,"server1":59,"server2":58,"server3":36}}
{"TracerIdentity":"server2","TraceID":6470192094288270053,"Tag":"GetRecvd","Body":{"ClientId":"1","OpId":4,"Key":"k1"},"VectorClock":{"client1":32,"client2":15,"coord":47,"server1":59,"server2":59,"server3":36}}
{"TracerIdentity":"server2","TraceID":562797989321222618,"Tag":"CreateTrace","Body":{},"VectorClock":{"client1":32,"client2":15,"coord":47,"server1":59,"server2":60,"server3":36}}
{"TracerIdentity":"server2","TraceID":1632285729798257247,"Tag":"CreateTrace","Body":{},"VectorClock":{"client1":32,"client2":15,"coord":47,"server1":59,"server2":61,"server3":36}}
{"TracerIdentity":"server2","TraceID":1632285729798257247,"Tag":"AppendEntriesRequestSent","Body":{"Term":2,"LeaderId":2,"PrevLogIndex":6,"PrevLogTerm":2,"Entries":[{"Term":2,"Command":{"Kind":2,"Key":"k1","Val":"","ClientInfo":{"ClientId":"1","OpId":4}},"Index":7}],"LeaderCommit":6,"Token":""},"VectorClock":{"client1":32,"client2":15,"coord":47,"server1":59,"server2":62,"server3":36}}
{"TracerIdentity":"server2","TraceID":1632285729798257247,"Tag":"GenerateTokenTrace","Body":{"Token":"p3NlcnZlcjLPFqcLORiQel+Gp3NlcnZlcjI/pWNvb3JkL6dzZXJ2ZXIxO6dzZXJ2ZXIzJKdjbGllbnQxIKdjbGllbnQyDw=="},"VectorClock":{"client1":32,"client2":15,"coord":47,"server1":59,"server2":63,"server3":36}}
{"TracerIdentity":"server2","TraceID":562797989321222618,"Tag":"AppendEntriesRequestSent","Body":{"Term":2,"LeaderId":2,"PrevLogIndex":6,"PrevLogTerm":2,"Entries":[{"Term":2,"Command":{"Kind":2,"Key":"k1","Val":"","ClientInfo":{"ClientId":"1","OpId":4}},"Index":7}],"LeaderCommit":6,"Token":""},"VectorClock":{"client1":32,"client2":15,"coord":47,"server1":59,"server2":64,"server3":36}}
{"TracerIdentity":"server3","TraceID":1632285729798257247,"Tag":"ReceiveTokenTrace","Body":{"Token":"p3NlcnZlcjLPFqcLORiQel+Gp3NlcnZlcjI/pWNvb3JkL6dzZXJ2ZXIxO6dzZXJ2ZXIzJKdjbGllbnQxIKdjbGllbnQyDw=="},"VectorClock":{"client1":32,"client2":15,"coord":47,"server1":59,"server2":63,"server3":37}}
{"TracerIdentity":"server2","TraceID":562797989321222618,"Tag":"GenerateTokenTrace","Body":{"Token":"p3NlcnZlcjLPB891yhnLqdqGp3NlcnZlcjJBpWNvb3JkL6dzZXJ2ZXIxO6dzZXJ2ZXIzJKdjbGllbnQxIKdjbGllbnQyDw=="},"VectorClock":{"client1":32,"client2":15,"coord":47,"server1":59,"server2":65,"server3":36}}
{"TracerIdentity":"server3","TraceID":1632285729798257247,"Tag":"AppendEntriesRequestRecvd","Body":{"Term":2,"LeaderId":2,"PrevLogIndex":6,"PrevLogTerm":2,"Entries":[{"Term":2,"Command":{"Kind":2,"Key":"k1","Val":"","ClientInfo":{"ClientId":"1","OpId":4}},"Index":7}],"LeaderCommit":6,"Token":"p3NlcnZlcjLPFqcLORiQel+Gp3NlcnZlcjI/pWNvb3JkL6dzZXJ2ZXIxO6dzZXJ2ZXIzJKdjbGllbnQxIKdjbGllbnQyDw=="},"VectorClock":{"client1":32,"client2":15,"coord":47,"server1":59,"server2":63,"server3":38}}
{"TracerIdentity":"server3","TraceID":1632285729798257247,"Tag":"AppendEntriesResponseSent","Body":{"Term":1,"Success":true,"Token":null},"VectorClock":{"client1":32,"client2":15,"coord":47,"server1":59,"server2":63,"server3":39}}
{"TracerIdentity":"server3","TraceID":1632285729798257247,"Tag":"GenerateTokenTrace","Body":{"Token":"p3NlcnZlcjPPFqcLORiQel+Gp3NlcnZlcjMopWNvb3JkL6dzZXJ2ZXIxO6dzZXJ2ZXIyP6djbGllbnQxIKdjbGllbnQyDw=="},"VectorClock":{"client1":32,"client2":15,"coord":47,"server1":59,"server2":63,"server3":40}}
{"TracerIdentity":"server2","TraceID":1632285729798257247,"Tag":"ReceiveTokenTrace","Body":{"Token":"p3NlcnZlcjPPFqcLORiQel+Gp3NlcnZlcjMopWNvb3JkL6dzZXJ2ZXIxO6dzZXJ2ZXIyP6djbGllbnQxIKdjbGllbnQyDw=="},"VectorClock":{"client1":32,"client2":15,"coord":47,"server1":59,"server2":66,"server3":40}}
{"TracerIdentity":"server2","TraceID":1632285729798257247,"Tag":"AppendEntriesResponseRecvd","Body":{"Term":1,"Success":true,"Token":"p3NlcnZlcjPPFqcLORiQel+Gp3NlcnZlcjMopWNvb3JkL6dzZXJ2ZXIxO6dzZXJ2ZXIyP6djbGllbnQxIKdjbGllbnQyDw=="},"VectorClock":{"client1":32,"client2":15,"coord":47,"server1":59,"server2":67,"server3":40}}
{"TracerIdentity":"server2","TraceID":6470192094288270053,"Tag":"GetCommitted","Body":{"ClientId":"1","OpId":4,"Key":"k1","Value":"val1"},"VectorClock":{"client1":32,"client2":15,"coord":47,"server1":59,"server2":68,"server3":40}}
{"TracerIdentity":"server2","TraceID":6470192094288270053,"Tag":"GenerateTokenTrace","Body":{"Token":"p3NlcnZlcjLPWcq9beCX0uWGp2NsaWVudDIPp3NlcnZlcjJFpWNvb3JkL6dzZXJ2ZXIxO6dzZXJ2ZXIzKKdjbGllbnQxIA=="},"VectorClock":{"client1":32,"client2":15,"coord":47,"server1":59,"server2":69,"server3":40}}
{"TracerIdentity":"client1","TraceID":6470192094288270053,"Tag":"ReceiveTokenTrace","Body":{"Token":"p3NlcnZlcjLPWcq9beCX0uWGp2NsaWVudDIPp3NlcnZlcjJFpWNvb3JkL6dzZXJ2ZXIxO6dzZXJ2ZXIzKKdjbGllbnQxIA=="},"VectorClock":{"client1":33,"client2":15,"coord":47,"server1":59,"server2":69,"server3":40}}
{"TracerIdentity":"client1","TraceID":6470192094288270053,"Tag":"GetResultRecvd","Body":{"OpId":4,"Key":"k1","Value":"val1"},"VectorClock":{"client1":34,"client2":15,"coord":47,"server1":59,"server2":69,"server3":40}}
{"TracerIdentity":"client2","TraceID":7064526355591592115,"Tag":"CreateTrace","Body":{},"VectorClock":{"client1":22,"client2":25,"coord":53,"server1":63,"server2":32,"server3":28}}
{"TracerIdentity":"client2","TraceID":7064526355591592115,"Tag":"Put","Body":{"ClientId":"2","OpId":3,"Key":"k1","Value":"val1"},"VectorClock":{"client1":22,"client2":26,"coord":53,"server1":63,"server2":32,"server3":28}}
{"TracerIdentity":"client2","TraceID":7064526355591592115,"Tag":"GenerateTokenTrace","Body":{"Token":"p2NsaWVudDLPYgo9Sntr+LOGp2NsaWVudDIbp2NsaWVudDEWpWNvb3JkNadzZXJ2ZXIxP6dzZXJ2ZXIyIKdzZXJ2ZXIzHA=="},"VectorClock":{"client1":22,"client2":27,"coord":53,"server1":63,"server2":32,"server3":28}}
{"TracerIdentity":"server2","TraceID":7064526355591592115,"Tag":"ReceiveTokenTrace","Body":{"Token":"p2NsaWVudDLPYgo9Sntr+LOGp2NsaWVudDIbp2NsaWVudDEWpWNvb3JkNadzZXJ2ZXIxP6dzZXJ2ZXIyIKdzZXJ2ZXIzHA=="},"VectorClock":{"client1":32,"client2":27,"coord":53,"server1":63,"server2":70,"server3":40}}
{"TracerIdentity":"server2","TraceID":7064526355591592115,"Tag":"PutRecvd","Body":{"ClientId":"2","OpId":3,"Key":"k1","Value":"val1"},"VectorClock":{"client1":32,"client2":27,"coord":53,"server1":63,"server2":71,"server3":40}}
{"TracerIdentity":"server2","TraceID":7064526355591592115,"Tag":"ReceiveTokenTrace","Body":{"Token":"p2NsaWVudDLPYgo9Sntr+LOGp2NsaWVudDIbp2NsaWVudDEWpWNvb3JkNadzZXJ2ZXIxP6dzZXJ2ZXIyIKdzZXJ2ZXIzHA=="},"VectorClock":{"client1":32,"client2":27,"coord":53,"server1":63,"server2":72,"server3":40}}
{"TracerIdentity":"server2","TraceID":7064526355591592115,"Tag":"PutRecvd","Body":{"ClientId":"2","OpId":3,"Key":"k1","Value":"val1"},"VectorClock":{"client1":32,"client2":27,"coord":53,"server1":63,"server2":73,"server3":40}}
{"TracerIdentity":"server2","TraceID":2430036522650169452,"Tag":"CreateTrace","Body":{},"VectorClock":{"client1":32,"client2":27,"coord":53,"server1":63,"server2":74,"server3":40}}
{"TracerIdentity":"server2","TraceID":8029036367743371781,"Tag":"CreateTrace","Body":{},"VectorClock":{"client1":32,"client2":27,"coord":53,"server1":63,"server2":75,"server3":40}}
{"TracerIdentity":"server2","TraceID":8029036367743371781,"Tag":"AppendEntriesRequestSent","Body":{"Term":2,"LeaderId":2,"PrevLogIndex":7,"PrevLogTerm":2,"Entries":[{"Term":2,"Command":{"Kind":1,"Key":"k1","Val":"val1","ClientInfo":{"ClientId":"2","OpId":3}},"Index":8}],"LeaderCommit":7,"Token":""},"VectorClock":{"client1":32,"client2":27,"coord":53,"server1":63,"server2":76,"server3":40}}
{"TracerIdentity":"server2","TraceID":8029036367743371781,"Tag":"GenerateTokenTrace","Body":{"Token":"p3NlcnZlcjLPb2zeCWwJSgWGp2NsaWVudDIbp3NlcnZlcjJNpWNvb3JkNadzZXJ2ZXIxP6dzZXJ2ZXIzKKdjbGllbnQxIA=="},"VectorClock":{"client1":32,"client2":27,"coord":53,"server1":63,"server2":77,"server3":40}}
{"TracerIdentity":"server2","TraceID":2430036522650169452,"Tag":"AppendEntriesRequestSent","Body":{"Term":2,"LeaderId":2,"PrevLogIndex":7,"PrevLogTerm":2,"Entries":[{"Term":2,"Command":{"Kind":1,"Key":"k1","Val":"val1","ClientInfo":{"ClientId":"2","OpId":3}},"Index":8}],"LeaderCommit":7,"Token":""},"VectorClock":{"client1":32,"client2":27,"coord":53,"server1":63,"server2":78,"server3":40}}
{"TracerIdentity":"server3","TraceID":8029036367743371781,"Tag":"ReceiveTokenTrace","Body":{"Token":"p3NlcnZlcjLPb2zeCWwJSgWGp2NsaWVudDIbp3NlcnZlcjJNpWNvb3JkNadzZXJ2ZXIxP6dzZXJ2ZXIzKKdjbGllbnQxIA=="},"VectorClock":{"client1":32,"client2":27,"coord":53,"server1":63,"server2":77,"server3":41}}
{"TracerIdentity":"server2","TraceID":2430036522650169452,"Tag":"GenerateTokenTrace","Body":{"Token":"p3NlcnZlcjLPIbk5V6vJ8GyGp3NlcnZlcjJPpWNvb3JkNadzZXJ2ZXIxP6dzZXJ2ZXIzKKdjbGllbnQxIKdjbGllbnQyGw=="},"VectorClock":{"client1":32,"client2":27,"coord":53,"server1":63,"server2":79,"server3":40}}
{"TracerIdentity":"server3","TraceID":8029036367743371781,"Tag":"AppendEntriesRequestRecvd","Body":{"Term":2,"LeaderId":2,"PrevLogIndex":7,"PrevLogTerm":2,"Entries":[{"Term":2,"Command":{"Kind":1,"Key":"k1","Val":"val1","ClientInfo":{"ClientId":"2","OpId":3}},"Index":8}],"LeaderCommit":7,"Token":"p3NlcnZlcjLPb2zeCWwJSgWGp2NsaWVudDIbp3NlcnZlcjJNpWNvb3JkNadzZXJ2ZXIxP6dzZXJ2ZXIzKKdjbGllbnQxIA=="},"VectorClock":{"client1":32,"client2":27,"coord":53,"server1":63,"server2":77,"server3":42}}
{"TracerIdentity":"server3","TraceID":8029036367743371781,"Tag":"AppendEntriesResponseSent","Body":{"Term":1,"Success":true,"Token":null},"VectorClock":{"client1":32,"client2":27,"coord":53,"server1":63,"server2":77,"server3":43}}
{"TracerIdentity":"server3","TraceID":8029036367743371781,"Tag":"GenerateTokenTrace","Body":{"Token":"p3NlcnZlcjPPb2zeCWwJSgWGp3NlcnZlcjMspWNvb3JkNadzZXJ2ZXIxP6dzZXJ2ZXIyTadjbGllbnQxIKdjbGllbnQyGw=="},"VectorClock":{"client1":32,"client2":27,"coord":53,"server1":63,"server2":77,"server3":44}}
{"TracerIdentity":"server2","TraceID":8029036367743371781,"Tag":"ReceiveTokenTrace","Body":{"Token":"p3NlcnZlcjPPb2zeCWwJSgWGp3NlcnZlcjMspWNvb3JkNadzZXJ2ZXIxP6dzZXJ2ZXIyTadjbGllbnQxIKdjbGllbnQyGw=="},"VectorClock":{"client1":32,"client2":27,"coord":53,"server1":63,"server2":80,"server3":44}}
{"TracerIdentity":"server2","TraceID":8029036367743371781,"Tag":"AppendEntriesResponseRecvd","Body":{"Term":1,"Success":true,"Token":"p3NlcnZlcjPPb2zeCWwJSgWGp3NlcnZlcjMspWNvb3JkNadzZXJ2ZXIxP6dzZXJ2ZXIyTadjbGllbnQxIKdjbGllbnQyGw=="},"VectorClock":{"client1":32,"client2":27,"coord":53,"server1":63,"server2":81,"server3":44}}
{"TracerIdentity":"server2","TraceID":7064526355591592115,"Tag":"PutCommitted","Body":{"ClientId":"2","OpId":3,"Key":"k1","Value":"val1"},"VectorClock":{"client1":32,"client2":27,"coord":53,"server1":63,"server2":82,"server3":44}}
{"TracerIdentity":"server2","TraceID":7064526355591592115,"Tag":"GenerateTokenTrace","Body":{"Token":"p3NlcnZlcjLPYgo9Sntr+LOGp3NlcnZlcjE/p3NlcnZlcjMsp2NsaWVudDEgp2NsaWVudDIbp3NlcnZlcjJTpWNvb3JkNQ=="},"VectorClock":{"client1":32,"client2":27,"coord":53,"server1":63,"server2":83,"server3":44}}
{"TracerIdentity":"server2","TraceID":7064526355591592115,"Tag":"PutCommitted","Body":{"ClientId":"2","OpId":3,"Key":"k1","Value":"val1"},"VectorClock":{"client1":32,"client2":27,"coord":53,"server1":63,"server2":84,"server3":44}}
{"TracerIdentity":"server2","TraceID":7064526355591592115,"Tag":"GenerateTokenTrace","Body":{"Token":"p3NlcnZlcjLPYgo9Sntr+LOGp3NlcnZlcjE/p3NlcnZlcjMsp2NsaWVudDEgp2NsaWVudDIbp3NlcnZlcjJVpWNvb3JkNQ=="},"VectorClock":{"client1":32,"client2":27,"coord":53,"server1":63,"server2":85,"server3":44}}
{"TracerIdentity":"client2","TraceID":7064526355591592115,"Tag":"ReceiveTokenTrace","Body":{"Token":"p3NlcnZlcjLPYgo9Sntr+LOGp3NlcnZlcjE/p3NlcnZlcjMsp2NsaWVudDEgp2NsaWVudDIbp3NlcnZlcjJVpWNvb3JkNQ=="},"VectorClock":{"client1":32,"client2":28,"coord":53,"server1":63,"server2":85,"server3":44}}
{"TracerIdentity":"client2","TraceID":7064526355591592115,"Tag":"PutResultRecvd","Body":{"OpId":3,"Key":"k1"},"VectorClock":{"client1":32,"client2":29,"coord":53,"server1":63,"server2":85,"server3":44}}
{"TracerIdentity":"client2","TraceID":6600844117109514118,"Tag":"CreateTrace","Body":{},"VectorClock":{"client1":32,"client2":30,"coord":53,"server1":63,"server2":85,"server3":44}}
{"TracerIdentity":"client2","TraceID":6600844117109514118,"Tag":"Get","Body":{"ClientId":"2","OpId":4,"Key":"k1"},"VectorClock":{"client1":32,"client2":31,"coord":53,"server1":63,"server2":85,"server3":44}}
{"TracerIdentity":"client2","TraceID":6600844117109514118,"Tag":"GenerateTokenTrace","Body":{"Token":"p2NsaWVudDLPW5rowHIKH4aGp2NsaWVudDIgp2NsaWVudDEgpWNvb3JkNadzZXJ2ZXIxP6dzZXJ2ZXIyVadzZXJ2ZXIzLA=="},"VectorClock":{"client1":32,"client2":32,"coord":53,"server1":63,"server2":85,"server3":44}}
{"TracerIdentity":"server2","TraceID":6600844117109514118,"Tag":"ReceiveTokenTrace","Body":{"Token":"p2NsaWVudDLPW5rowHIKH4aGp2NsaWVudDIgp2NsaWVudDEgpWNvb3JkNadzZXJ2ZXIxP6dzZXJ2ZXIyVadzZXJ2ZXIzLA=="},"VectorClock":{"client1":32,"client2":32,"coord":53,"server1":63,"server2":86,"server3":44}}
{"TracerIdentity":"server2","TraceID":6600844117109514118,"Tag":"GetRecvd","Body":{"ClientId":"2","OpId":4,"Key":"k1"},"VectorClock":{"client1":32,"client2":32,"coord":53,"server1":63,"server2":87,"server3":44}}
{"TracerIdentity":"server2","TraceID":7377732937976289496,"Tag":"CreateTrace","Body":{},"VectorClock":{"client1":32,"client2":32,"coord":53,"server1":63,"server2":88,"server3":44}}
{"TracerIdentity":"server2","TraceID":6249383517733254994,"Tag":"CreateTrace","Body":{},"VectorClock":{"client1":32,"client2":32,"coord":53,"server1":63,"server2":89,"server3":44}}
{"TracerIdentity":"server2","TraceID":6249383517733254994,"Tag":"AppendEntriesRequestSent","Body":{"Term":2,"LeaderId":2,"PrevLogIndex":8,"PrevLogTerm":2,"Entries":[{"Term":2,"Command":{"Kind":2,"Key":"k1","Val":"","ClientInfo":{"ClientId":"2","OpId":4}},"Index":9}],"LeaderCommit":8,"Token":""},"VectorClock":{"client1":32,"client2":32,"coord":53,"server1":63,"server2":90,"server3":44}}
{"TracerIdentity":"server2","TraceID":6249383517733254994,"Tag":"GenerateTokenTrace","Body":{"Token":"p3NlcnZlcjLPVrpFMt+r91KGpWNvb3JkNadzZXJ2ZXIxP6dzZXJ2ZXIzLKdjbGllbnQxIKdjbGllbnQyIKdzZXJ2ZXIyWw=="},"VectorClock":{"client1":32,"client2":32,"coord":53,"server1":63,"server2":91,"server3":44}}
{"TracerIdentity":"server2","TraceID":7377732937976289496,"Tag":"AppendEntriesRequestSent","Body":{"Term":2,"LeaderId":2,"PrevLogIndex":8,"PrevLogTerm":2,"Entries":[{"Term":2,"Command":{"Kind":2,"Key":"k1","Val":"","ClientInfo":{"ClientId":"2","OpId":4}},"Index":9}],"LeaderCommit":8,"Token":""},"VectorClock":{"client1":32,"client2":32,"coord":53,"server1":63,"server2":92,"server3":44}}
{"TracerIdentity":"server3","TraceID":6249383517733254994,"Tag":"ReceiveTokenTrace","Body":{"Token":"p3NlcnZlcjLPVrpFMt+r91KGpWNvb3JkNadzZXJ2ZXIxP6dzZXJ2ZXIzLKdjbGllbnQxIKdjbGllbnQyIKdzZXJ2ZXIyWw=="},"VectorClock":{"client1":32,"client2":32,"coord":53,"server1":63,"server2":91,"server3":45}}
{"TracerIdentity":"server2","TraceID":7377732937976289496,"Tag":"GenerateTokenTrace","Body":{"Token":"p3NlcnZlcjLPZmL5BKfGmNiGpWNvb3JkNadzZXJ2ZXIxP6dzZXJ2ZXIzLKdjbGllbnQxIKdjbGllbnQyIKdzZXJ2ZXIyXQ=="},"VectorClock":{"client1":32,"client2":32,"coord":53,"server1":63,"server2":93,"server3":44}}
{"TracerIdentity":"server3","TraceID":6249383517733254994,"Tag":"AppendEntriesRequestRecvd","Body":{"Term":2,"LeaderId":2,"PrevLogIndex":8,"PrevLogTerm":2,"Entries":[{"Term":2,"Command":{"Kind":2,"Key":"k1","Val":"","ClientInfo":{"ClientId":"2","OpId":4}},"Index":9}],"LeaderCommit":8,"Token":"p3NlcnZlcjLPVrpFMt+r91KGpWNvb3JkNadzZXJ2ZXIxP6dzZXJ2ZXIzLKdjbGllbnQxIKdjbGllbnQyIKdzZXJ2ZXIyWw=="},"VectorClock":{"client1":32,"client2":32,"coord":53,"server1":63,"server2":91,"server3":46}}
{"TracerIdentity":"server3","TraceID":6249383517733254994,"Tag":"AppendEntriesResponseSent","Body":{"Term":1,"Success":true,"Token":null},"VectorClock":{"client1":32,"client2":32,"coord":53,"server1":63,"server2":91,"server3":47}}
{"TracerIdentity":"server3","TraceID":6249383517733254994,"Tag":"GenerateTokenTrace","Body":{"Token":"p3NlcnZlcjPPVrpFMt+r91KGp3NlcnZlcjMwpWNvb3JkNadzZXJ2ZXIxP6dzZXJ2ZXIyW6djbGllbnQxIKdjbGllbnQyIA=="},"VectorClock":{"client1":32,"client2":32,"coord":53,"server1":63,"server2":91,"server3":48}}
{"TracerIdentity":"server2","TraceID":6249383517733254994,"Tag":"ReceiveTokenTrace","Body":{"Token":"p3NlcnZlcjPPVrpFMt+r91KGp3NlcnZlcjMwpWNvb3JkNadzZXJ2ZXIxP6dzZXJ2ZXIyW6djbGllbnQxIKdjbGllbnQyIA=="},"VectorClock":{"client1":32,"client2":32,"coord":53,"server1":63,"server2":94,"server3":48}}
{"TracerIdentity":"server2","TraceID":6249383517733254994,"Tag":"AppendEntriesResponseRecvd","Body":{"Term":1,"Success":true,"Token":"p3NlcnZlcjPPVrpFMt+r91KGp3NlcnZlcjMwpWNvb3JkNadzZXJ2ZXIxP6dzZXJ2ZXIyW6djbGllbnQxIKdjbGllbnQyIA=="},"VectorClock":{"client1":32,"client2":32,"coord":53,"server1":63,"server2":95,"server3":48}}
{"TracerIdentity":"server2","TraceID":6600844117109514118,"Tag":"GetCommitted","Body":{"ClientId":"2","OpId":4,"Key":"k1","Value":"val1"},"VectorClock":{"client1":32,"client2":32,"coord":53,"server1":63,"server2":96,"server3":48}}
{"TracerIdentity":"server2","TraceID":6600844117109514118,"Tag":"GenerateTokenTrace","Body":{"Token":"p3NlcnZlcjLPW5rowHIKH4aGp3NlcnZlcjJhpWNvb3JkNadzZXJ2ZXIxP6dzZXJ2ZXIzMKdjbGllbnQxIKdjbGllbnQyIA=="},"VectorClock":{"client1":32,"client2":32,"coord":53,"server1":63,"server2":97,"server3":48}}
{"TracerIdentity":"client2","TraceID":6600844117109514118,"Tag":"ReceiveTokenTrace","Body":{"Token":"p3NlcnZlcjLPW5rowHIKH4aGp3NlcnZlcjJhpWNvb3JkNadzZXJ2ZXIxP6dzZXJ2ZXIzMKdjbGllbnQxIKdjbGllbnQyIA=="},"VectorClock":{"client1":32,"client2":33,"coord":53,"server1":63,"server2":97,"server3":48}}
{"TracerIdentity":"client2","TraceID":6600844117109514118,"Tag":"GetResultRecvd","Body":{"OpId":4,"Key":"k1","Value":"val1"},"VectorClock":{"client1":32,"client2":34,"coord":53,"server1":63,"server2":97,"server3":48}}
{"TracerIdentity":"server2","TraceID":5280789959099768595,"Tag":"CreateTrace","Body":{},"VectorClock":{"client1":32,"client2":32,"coord":53,"server1":63,"server2":98,"server3":48}}
{"TracerIdentity":"server2","TraceID":3763571132849260005,"Tag":"CreateTrace","Body":{},"VectorClock":{"client1":32,"client2":32,"coord":53,"server1":63,"server2":99,"server3":48}}
{"TracerIdentity":"server2","TraceID":3763571132849260005,"Tag":"AppendEntriesRequestSent","Body":{"Term":2,"LeaderId":2,"PrevLogIndex":9,"PrevLogTerm":2,"Entries":null,"LeaderCommit":9,"Token":null},"VectorClock":{"client1":32,"client2":32,"coord":53,"server1":63,"server2":100,"server3":48}}
{"TracerIdentity":"server2","TraceID":3763571132849260005,"Tag":"GenerateTokenTrace","Body":{"Token":"p3NlcnZlcjLPNDrkAUxlBeWGp2NsaWVudDEgp2NsaWVudDIgp3NlcnZlcjJlpWNvb3JkNadzZXJ2ZXIxP6dzZXJ2ZXIzMA=="},"VectorClock":{"client1":32,"client2":32,"coord":53,"server1":63,"server2":101,"server3":48}}
{"TracerIdentity":"server2","TraceID":5280789959099768595,"Tag":"AppendEntriesRequestSent","Body":{"Term":2,"LeaderId":2,"PrevLogIndex":9,"PrevLogTerm":2,"Entries":null,"LeaderCommit":9,"Token":null},"VectorClock":{"client1":32,"client2":32,"coord":53,"server1":63,"server2":102,"server3":48}}
{"TracerIdentity":"server3","TraceID":3763571132849260005,"Tag":"ReceiveTokenTrace","Body":{"Token":"p3NlcnZlcjLPNDrkAUxlBeWGp2NsaWVudDEgp2NsaWVudDIgp3NlcnZlcjJlpWNvb3JkNadzZXJ2ZXIxP6dzZXJ2ZXIzMA=="},"VectorClock":{"client1":32,"client2":32,"coord":53,"server1":63,"server2":101,"server3":49}}
{"TracerIdentity":"server2","TraceID":5280789959099768595,"Tag":"GenerateTokenTrace","Body":{"Token":"p3NlcnZlcjLPSUkifS2XXxOGp3NlcnZlcjJnpWNvb3JkNadzZXJ2ZXIxP6dzZXJ2ZXIzMKdjbGllbnQxIKdjbGllbnQyIA=="},"VectorClock":{"client1":32,"client2":32,"coord":53,"server1":63,"server2":103,"server3":48}}
{"TracerIdentity":"server3","TraceID":3763571132849260005,"Tag":"AppendEntriesRequestRecvd","Body":{"Term":2,"LeaderId":2,"PrevLogIndex":9,"PrevLogTerm":2,"Entries":null,"LeaderCommit":9,"Token":"p3NlcnZlcjLPNDrkAUxlBeWGp2NsaWVudDEgp2NsaWVudDIgp3NlcnZlcjJlpWNvb3JkNadzZXJ2ZXIxP6dzZXJ2ZXIzMA=="},"VectorClock":{"client1":32,"client2":32,"coord":53,"server1":63,"server2":101,"server3":50}}
{"TracerIdentity":"server3","TraceID":3763571132849260005,"Tag":"AppendEntriesResponseSent","Body":{"Term":1,"Success":true,"Token":null},"VectorClock":{"client1":32,"client2":32,"coord":53,"server1":63,"server2":101,"server3":51}}
{"TracerIdentity":"server3","TraceID":3763571132849260005,"Tag":"GenerateTokenTrace","Body":{"Token":"p3NlcnZlcjPPNDrkAUxlBeWGp3NlcnZlcjM0pWNvb3JkNadzZXJ2ZXIxP6dzZXJ2ZXIyZadjbGllbnQxIKdjbGllbnQyIA=="},"VectorClock":{"client1":32,"client2":32,"coord":53,"server1":63,"server2":101,"server3":52}}
{"TracerIdentity":"server2","TraceID":3763571132849260005,"Tag":"ReceiveTokenTrace","Body":{"Token":"p3NlcnZlcjPPNDrkAUxlBeWGp3NlcnZlcjM0pWNvb3JkNadzZXJ2ZXIxP6dzZXJ2ZXIyZadjbGllbnQxIKdjbGllbnQyIA=="},"VectorClock":{"client1":32,"client2":32,"coord":53,"server1":63,"server2":104,"server3":52}}
{"TracerIdentity":"server2","TraceID":3763571132849260005,"Tag":"AppendEntriesResponseRecvd","Body":{"Term":1,"Success":true,"Token":"p3NlcnZlcjPPNDrkAUxlBeWGp3NlcnZlcjM0pWNvb3JkNadzZXJ2ZXIxP6dzZXJ2ZXIyZadjbGllbnQxIKdjbGllbnQyIA=="},"VectorClock":{"client1":32,"client2":32,"coord":53,"server1":63,"server2":105,"server3":52}}
{"TracerIdentity":"client1","TraceID":6758387096924504547,"Tag":"GenerateTokenTrace","Body":{"Token":"p2NsaWVudDHPXcqdQdbEweOGpWNvb3JkL6dzZXJ2ZXIxO6dzZXJ2ZXIyRadzZXJ2ZXIzKKdjbGllbnQyD6djbGllbnQxIw=="},"VectorClock":{"client1":35,"client2":15,"coord":47,"server1":59,"server2":69,"server3":40}}
{"TracerIdentity":"client1","TraceID":6758387096924504547,"Tag":"KvslibStop","Body":{"ClientId":"1"},"VectorClock":{"client1":36,"client2":15,"coord":47,"server1":59,"server2":69,"server3":40}}
{"TracerIdentity":"client2","TraceID":8387510386472867459,"Tag":"GenerateTokenTrace","Body":{"Token":"p2NsaWVudDLPdGZsQe+dVoOGp2NsaWVudDIjp2NsaWVudDEgpWNvb3JkNadzZXJ2ZXIxP6dzZXJ2ZXIyYadzZXJ2ZXIzMA=="},"VectorClock":{"client1":32,"client2":35,"coord":53,"server1":63,"server2":97,"server3":48}}
{"TracerIdentity":"client2","TraceID":8387510386472867459,"Tag":"KvslibStop","Body":{"ClientId":"2"},"VectorClock":{"client1":32,"client2":36,"coord":53,"server1":63,"server2":97,"server3":48}}
{"TracerIdentity":"server2","TraceID":5403136063641533348,"Tag":"CreateTrace","Body":{},"VectorClock":{"client1":32,"client2":32,"coord":53,"server1":63,"server2":106,"server3":52}}
{"TracerIdentity":"server2","TraceID":2584806416238528738,"Tag":"CreateTrace","Body":{},"VectorClock":{"client1":32,"client2":32,"coord":53,"server1":63,"server2":107,"server3":52}}
{"TracerIdentity":"server2","TraceID":2584806416238528738,"Tag":"AppendEntriesRequestSent","Body":{"Term":2,"LeaderId":2,"PrevLogIndex":9,"PrevLogTerm":2,"Entries":null,"LeaderCommit":9,"Token":null},"VectorClock":{"client1":32,"client2":32,"coord":53,"server1":63,"server2":108,"server3":52}}
{"TracerIdentity":"server2","TraceID":2584806416238528738,"Tag":"GenerateTokenTrace","Body":{"Token":"p3NlcnZlcjLPI98TvZ0MSOKGp2NsaWVudDEgp2NsaWVudDIgp3NlcnZlcjJtpWNvb3JkNadzZXJ2ZXIxP6dzZXJ2ZXIzNA=="},"VectorClock":{"client1":32,"client2":32,"coord":53,"server1":63,"server2":109,"server3":52}}
{"TracerIdentity":"server2","TraceID":5403136063641533348,"Tag":"AppendEntriesRequestSent","Body":{"Term":2,"LeaderId":2,"PrevLogIndex":9,"PrevLogTerm":2,"Entries":null,"LeaderCommit":9,"Token":null},"VectorClock":{"client1":32,"client2":32,"coord":53,"server1":63,"server2":110,"server3":52}}
{"TracerIdentity":"server2","TraceID":5403136063641533348,"Tag":"GenerateTokenTrace","Body":{"Token":"p3NlcnZlcjLPSvvLn3J0u6SGp3NlcnZlcjJvpWNvb3JkNadzZXJ2ZXIxP6dzZXJ2ZXIzNKdjbGllbnQxIKdjbGllbnQyIA=="},"VectorClock":{"client1":32,"client2":32,"coord":53,"server1":63,"server2":111,"server3":52}}
{"TracerIdentity":"server3","TraceID":2584806416238528738,"Tag":"ReceiveTokenTrace","Body":{"Token":"p3NlcnZlcjLPI98TvZ0MSOKGp2NsaWVudDEgp2NsaWVudDIgp3NlcnZlcjJtpWNvb3JkNadzZXJ2ZXIxP6dzZXJ2ZXIzNA=="},"VectorClock":{"client1":32,"client2":32,"coord":53,"server1":63,"server2":109,"server3":53}}
{"TracerIdentity":"server3","TraceID":2584806416238528738,"Tag":"AppendEntriesRequestRecvd","Body":{"Term":2,"LeaderId":2,"PrevLogIndex":9,"PrevLogTerm":2,"Entries":null,"LeaderCommit":9,"Token":"p3NlcnZlcjLPI98TvZ0MSOKGp2NsaWVudDEgp2NsaWVudDIgp3NlcnZlcjJtpWNvb3JkNadzZXJ2ZXIxP6dzZXJ2ZXIzNA=="},"VectorClock":{"client1":32,"client2":32,"coord":53,"server1":63,"server2":109,"server3":54}}
{"TracerIdentity":"server3","TraceID":2584806416238528738,"Tag":"AppendEntriesResponseSent","Body":{"Term":1,"Success":true,"Token":null},"VectorClock":{"client1":32,"client2":32,"coord":53,"server1":63,"server2":109,"server3":55}}
{"TracerIdentity":"server3","TraceID":2584806416238528738,"Tag":"GenerateTokenTrace","Body":{"Token":"p3NlcnZlcjPPI98TvZ0MSOKGp2NsaWVudDEgp2NsaWVudDIgp3NlcnZlcjM4pWNvb3JkNadzZXJ2ZXIxP6dzZXJ2ZXIybQ=="},"VectorClock":{"client1":32,"client2":32,"coord":53,"server1":63,"server2":109,"server3":56}}
{"TracerIdentity":"server2","TraceID":2584806416238528738,"Tag":"ReceiveTokenTrace","Body":{"Token":"p3NlcnZlcjPPI98TvZ0MSOKGp2NsaWVudDEgp2NsaWVudDIgp3NlcnZlcjM4pWNvb3JkNadzZXJ2ZXIxP6dzZXJ2ZXIybQ=="},"VectorClock":{"client1":32,"client2":32,"coord":53,"server1":63,"server2":112,"server3":56}}
{"TracerIdentity":"server2","TraceID":2584806416238528738,"Tag":"AppendEntriesResponseRecvd","Body":{"Term":1,"Success":true,"Token":"p3NlcnZlcjPPI98TvZ0MSOKGp2NsaWVudDEgp2NsaWVudDIgp3NlcnZlcjM4pWNvb3JkNadzZXJ2ZXIxP6dzZXJ2ZXIybQ=="},"VectorClock":{"client1":32,"client2":32,"coord":53,"server1":63,"server2":113,"server3":56}}
