{"TracerIdentity":"coord","TraceID":290557342642681733,"Tag":"CreateTrace","Body":{},"VectorClock":{"coord":1}}
{"TracerIdentity":"coord","TraceID":290557342642681733,"Tag":"CoordStart","Body":{},"VectorClock":{"coord":2}}
{"TracerIdentity":"server1","TraceID":7680368233125887009,"Tag":"CreateTrace","Body":{},"VectorClock":{"server1":1}}
{"TracerIdentity":"server1","TraceID":7680368233125887009,"Tag":"ServerStart","Body":{"ServerId":1},"VectorClock":{"server1":2}}
{"TracerIdentity":"server1","TraceID":7680368233125887009,"Tag":"ServerJoining","Body":{"ServerId":1},"VectorClock":{"server1":3}}
{"TracerIdentity":"server1","TraceID":7680368233125887009,"Tag":"GenerateTokenTrace","Body":{"Token":"p3NlcnZlcjHPapYmNzepvCGBp3NlcnZlcjEE"},"VectorClock":{"server1":4}}
{"TracerIdentity":"coord","TraceID":7680368233125887009,"Tag":"ReceiveTokenTrace","Body":{"Token":"p3NlcnZlcjHPapYmNzepvCGBp3NlcnZlcjEE"},"VectorClock":{"coord":3,"server1":4}}
{"TracerIdentity":"coord","TraceID":7680368233125887009,"Tag":"ServerJoiningRecvd","Body":{"ServerId":1},"VectorClock":{"coord":4,"server1":4}}
{"TracerIdentity":"coord","TraceID":7680368233125887009,"Tag":"GenerateTokenTrace","Body":{"Token":"pWNvb3Jkz2qWJjc3qbwhgqVjb29yZAWnc2VydmVyMQQ="},"VectorClock":{"coord":5,"server1":4}}
{"TracerIdentity":"server1","TraceID":7680368233125887009,"Tag":"ReceiveTokenTrace","Body":{"Token":"pWNvb3Jkz2qWJjc3qbwhgqVjb29yZAWnc2VydmVyMQQ="},"VectorClock":{"coord":5,"server1":5}}
{"TracerIdentity":"server2","TraceID":6804074870397667680,"Tag":"CreateTrace","Body":{},"VectorClock":{"server2":1}}
{"TracerIdentity":"server2","TraceID":6804074870397667680,"Tag":"ServerStart","Body":{"ServerId":2},"VectorClock":{"server2":2}}
{"TracerIdentity":"server2","TraceID":6804074870397667680,"Tag":"ServerJoining","Body":{"ServerId":2},"VectorClock":{"server2":3}}
{"TracerIdentity":"server2","TraceID":6804074870397667680,"Tag":"GenerateTokenTrace","Body":{"Token":"p3NlcnZlcjLPXmzuC4s3CWCBp3NlcnZlcjIE"},"VectorClock":{"server2":4}}
{"TracerIdentity":"coord","TraceID":6804074870397667680,"Tag":"ReceiveTokenTrace","Body":{"Token":"p3NlcnZlcjLPXmzuC4s3CWCBp3NlcnZlcjIE"},"VectorClock":{"coord":6,"server1":4,"server2":4}}
{"TracerIdentity":"coord","TraceID":6804074870397667680,"Tag":"ServerJoiningRecvd","Body":{"ServerId":2},"VectorClock":{"coord":7,"server1":4,"server2":4}}
{"TracerIdentity":"coord","TraceID":6804074870397667680,"Tag":"GenerateTokenTrace","Body":{"Token":"pWNvb3Jkz15s7guLNwlgg6Vjb29yZAinc2VydmVyMQSnc2VydmVyMgQ="},"VectorClock":{"coord":8,"server1":4,"server2":4}}
{"TracerIdentity":"server2","TraceID":6804074870397667680,"Tag":"ReceiveTokenTrace","Body":{"Token":"pWNvb3Jkz15s7guLNwlgg6Vjb29yZAinc2VydmVyMQSnc2VydmVyMgQ="},"VectorClock":{"coord":8,"server1":4,"server2":5}}
{"TracerIdentity":"server3","TraceID":5766161288902577592,"Tag":"CreateTrace","Body":{},"VectorClock":{"server3":1}}
{"TracerIdentity":"server3","TraceID":5766161288902577592,"Tag":"ServerStart","Body":{"ServerId":3},"VectorClock":{"server3":2}}
{"TracerIdentity":"server3","TraceID":5766161288902577592,"Tag":"ServerJoining","Body":{"ServerId":3},"VectorClock":{"server3":3}}
{"TracerIdentity":"server3","TraceID":5766161288902577592,"Tag":"GenerateTokenTrace","Body":{"Token":"p3NlcnZlcjPPUAWFJE6ljbiBp3NlcnZlcjME"},"VectorClock":{"server3":4}}
{"TracerIdentity":"coord","TraceID":5766161288902577592,"Tag":"ReceiveTokenTrace","Body":{"Token":"p3NlcnZlcjPPUAWFJE6ljbiBp3NlcnZlcjME"},"VectorClock":{"coord":9,"server1":4,"server2":4,"server3":4}}
{"TracerIdentity":"coord","TraceID":5766161288902577592,"Tag":"ServerJoiningRecvd","Body":{"ServerId":3},"VectorClock":{"coord":10,"server1":4,"server2":4,"server3":4}}
{"TracerIdentity":"coord","TraceID":5766161288902577592,"Tag":"GenerateTokenTrace","Body":{"Token":"pWNvb3Jkz1AFhSROpY24hKdzZXJ2ZXIyBKdzZXJ2ZXIzBKVjb29yZAunc2VydmVyMQQ="},"VectorClock":{"coord":11,"server1":4,"server2":4,"server3":4}}
{"TracerIdentity":"server3","TraceID":5766161288902577592,"Tag":"ReceiveTokenTrace","Body":{"Token":"pWNvb3Jkz1AFhSROpY24hKdzZXJ2ZXIyBKdzZXJ2ZXIzBKVjb29yZAunc2VydmVyMQQ="},"VectorClock":{"coord":11,"server1":4,"server2":4,"server3":5}}
{"TracerIdentity":"server2","TraceID":6804074870397667680,"Tag":"ServerJoined","Body":{"ServerId":2},"VectorClock":{"coord":8,"server1":4,"server2":6}}
{"TracerIdentity":"server2","TraceID":6804074870397667680,"Tag":"GenerateTokenTrace","Body":{"Token":"p3NlcnZlcjLPXmzuC4s3CWCDp3NlcnZlcjIHpWNvb3JkCKdzZXJ2ZXIxBA=="},"VectorClock":{"coord":8,"server1":4,"server2":7}}
{"TracerIdentity":"server2","TraceID":6804074870397667680,"Tag":"BecameFollower","Body":{"ServerId":2},"VectorClock":{"coord":8,"server1":4,"server2":8}}
{"TracerIdentity":"coord","TraceID":6804074870397667680,"Tag":"ReceiveTokenTrace","Body":{"Token":"p3NlcnZlcjLPXmzuC4s3CWCDp3NlcnZlcjIHpWNvb3JkCKdzZXJ2ZXIxBA=="},"VectorClock":{"coord":12,"server1":4,"server2":7,"server3":4}}
{"TracerIdentity":"coord","TraceID":6804074870397667680,"Tag":"ServerJoinedRecvd","Body":{"ServerId":2},"VectorClock":{"coord":13,"server1":4,"server2":7,"server3":4}}
{"TracerIdentity":"coord","TraceID":6804074870397667680,"Tag":"GenerateTokenTrace","Body":{"Token":"pWNvb3Jkz15s7guLNwlghKdzZXJ2ZXIyB6dzZXJ2ZXIzBKVjb29yZA6nc2VydmVyMQQ="},"VectorClock":{"coord":14,"server1":4,"server2":7,"server3":4}}
{"TracerIdentity":"server2","TraceID":6804074870397667680,"Tag":"ReceiveTokenTrace","Body":{"Token":"pWNvb3Jkz15s7guLNwlghKdzZXJ2ZXIyB6dzZXJ2ZXIzBKVjb29yZA6nc2VydmVyMQQ="},"VectorClock":{"coord":14,"server1":4,"server2":9,"server3":4}}
{"TracerIdentity":"server3","TraceID":5766161288902577592,"Tag":"ServerJoined","Body":{"ServerId":3},"VectorClock":{"coord":11,"server1":4,"server2":4,"server3":6}}
{"TracerIdentity":"server3","TraceID":5766161288902577592,"Tag":"GenerateTokenTrace","Body":{"Token":"p3NlcnZlcjPPUAWFJE6ljbiEp3NlcnZlcjIEpWNvb3JkC6dzZXJ2ZXIxBKdzZXJ2ZXIzBw=="},"VectorClock":{"coord":11,"server1":4,"server2":4,"server3":7}}
{"TracerIdentity":"server3","TraceID":5766161288902577592,"Tag":"BecameFollower","Body":{"ServerId":3},"VectorClock":{"coord":11,"server1":4,"server2":4,"server3":8}}
{"TracerIdentity":"coord","TraceID":5766161288902577592,"Tag":"ReceiveTokenTrace","Body":{"Token":"p3NlcnZlcjPPUAWFJE6ljbiEp3NlcnZlcjIEpWNvb3JkC6dzZXJ2ZXIxBKdzZXJ2ZXIzBw=="},"VectorClock":{"coord":15,"server1":4,"server2":7,"server3":7}}
{"TracerIdentity":"coord","TraceID":5766161288902577592,"Tag":"ServerJoinedRecvd","Body":{"ServerId":3},"VectorClock":{"coord":16,"server1":4,"server2":7,"server3":7}}
{"TracerIdentity":"coord","TraceID":5766161288902577592,"Tag":"GenerateTokenTrace","Body":{"Token":"pWNvb3Jkz1AFhSROpY24hKdzZXJ2ZXIyB6dzZXJ2ZXIzB6Vjb29yZBGnc2VydmVyMQQ="},"VectorClock":{"coord":17,"server1":4,"server2":7,"server3":7}}
{"TracerIdentity":"server3","TraceID":5766161288902577592,"Tag":"ReceiveTokenTrace","Body":{"Token":"pWNvb3Jkz1AFhSROpY24hKdzZXJ2ZXIyB6dzZXJ2ZXIzB6Vjb29yZBGnc2VydmVyMQQ="},"VectorClock":{"coord":17,"server1":4,"server2":7,"server3":9}}
{"TracerIdentity":"server1","TraceID":7680368233125887009,"Tag":"ServerJoined","Body":{"ServerId":1},"VectorClock":{"coord":5,"server1":6}}
{"TracerIdentity":"server1","TraceID":7680368233125887009,"Tag":"GenerateTokenTrace","Body":{"Token":"p3NlcnZlcjHPapYmNzepvCGCp3NlcnZlcjEHpWNvb3JkBQ=="},"VectorClock":{"coord":5,"server1":7}}
{"TracerIdentity":"server1","TraceID":7680368233125887009,"Tag":"BecameLeader","Body":{"ServerId":1},"VectorClock":{"coord":5,"server1":8}}
{"TracerIdentity":"coord","TraceID":7680368233125887009,"Tag":"ReceiveTokenTrace","Body":{"Token":"p3NlcnZlcjHPapYmNzepvCGCp3NlcnZlcjEHpWNvb3JkBQ=="},"VectorClock":{"coord":18,"server1":7,"server2":7,"server3":7}}
{"TracerIdentity":"coord","TraceID":7680368233125887009,"Tag":"ServerJoinedRecvd","Body":{"ServerId":1},"VectorClock":{"coord":19,"server1":7,"server2":7,"server3":7}}
{"TracerIdentity":"coord","TraceID":7680368233125887009,"Tag":"GenerateTokenTrace","Body":{"Token":"pWNvb3Jkz2qWJjc3qbwhhKdzZXJ2ZXIxB6dzZXJ2ZXIyB6dzZXJ2ZXIzB6Vjb29yZBQ="},"VectorClock":{"coord":20,"server1":7,"server2":7,"server3":7}}
{"TracerIdentity":"server1","TraceID":7680368233125887009,"Tag":"ReceiveTokenTrace","Body":{"Token":"pWNvb3Jkz2qWJjc3qbwhhKdzZXJ2ZXIxB6dzZXJ2ZXIyB6dzZXJ2ZXIzB6Vjb29yZBQ="},"VectorClock":{"coord":20,"server1":9,"server2":7,"server3":7}}
{"TracerIdentity":"coord","TraceID":290557342642681733,"Tag":"AllServersJoined","Body":{},"VectorClock":{"coord":21,"server1":7,"server2":7,"server3":7}}
{"TracerIdentity":"client1","TraceID":3108288000504735779,"Tag":"CreateTrace","Body":{},"VectorClock":{"client1":1}}
{"TracerIdentity":"client1","TraceID":3108288000504735779,"Tag":"GenerateTokenTrace","Body":{"Token":"p2NsaWVudDHPKyLbd9GxqCOBp2NsaWVudDEC"},"VectorClock":{"client1":2}}
{"TracerIdentity":"client1","TraceID":3108288000504735779,"Tag":"KvslibStart","Body":{"ClientId":"1"},"VectorClock":{"client1":3}}
{"TracerIdentity":"client1","TraceID":3108288000504735779,"Tag":"LeaderReq","Body":{"ClientId":"1"},"VectorClock":{"client1":4}}
{"TracerIdentity":"client1","TraceID":3108288000504735779,"Tag":"GenerateTokenTrace","Body":{"Token":"p2NsaWVudDHPKyLbd9GxqCOBp2NsaWVudDEF"},"VectorClock":{"client1":5}}
{"TracerIdentity":"coord","TraceID":3108288000504735779,"Tag":"ReceiveTokenTrace","Body":{"Token":"p2NsaWVudDHPKyLbd9GxqCOBp2NsaWVudDEF"},"VectorClock":{"client1":5,"coord":22,"server1":7,"server2":7,"server3":7}}
{"TracerIdentity":"coord","TraceID":3108288000504735779,"Tag":"LeaderReqRecvd","Body":{"ClientId":"1"},"VectorClock":{"client1":5,"coord":23,"server1":7,"server2":7,"server3":7}}
{"TracerIdentity":"coord","TraceID":3108288000504735779,"Tag":"LeaderRes","Body":{"ClientId":"1","ServerId":1},"VectorClock":{"client1":5,"coord":24,"server1":7,"server2":7,"server3":7}}
{"TracerIdentity":"coord","TraceID":3108288000504735779,"Tag":"GenerateTokenTrace","Body":{"Token":"pWNvb3Jkzysi23fRsagjhaVjb29yZBmnc2VydmVyMQenc2VydmVyMgenc2VydmVyMwenY2xpZW50MQU="},"VectorClock":{"client1":5,"coord":25,"server1":7,"server2":7,"server3":7}}
{"TracerIdentity":"client1","TraceID":3108288000504735779,"Tag":"ReceiveTokenTrace","Body":{"Token":"pWNvb3Jkzysi23fRsagjhaVjb29yZBmnc2VydmVyMQenc2VydmVyMgenc2VydmVyMwenY2xpZW50MQU="},"VectorClock":{"client1":6,"coord":25,"server1":7,"server2":7,"server3":7}}
{"TracerIdentity":"client1","TraceID":3108288000504735779,"Tag":"LeaderResRecvd","Body":{"ClientId":"1","ServerId":1},"VectorClock":{"client1":7,"coord":25,"server1":7,"server2":7,"server3":7}}
{"TracerIdentity":"client1","TraceID":8242472825575637401,"Tag":"CreateTrace","Body":{},"VectorClock":{"client1":8,"coord":25,"server1":7,"server2":7,"server3":7}}
{"TracerIdentity":"client1","TraceID":8242472825575637401,"Tag":"Put","Body":{"ClientId":"1","OpId":1,"Key":"k0","Value":"val0"},"VectorClock":{"client1":9,"coord":25,"server1":7,"server2":7,"server3":7}}
{"TracerIdentity":"client1","TraceID":8242472825575637401,"Tag":"GenerateTokenTrace","Body":{"Token":"p2NsaWVudDHPcmMlXUc/AZmFp2NsaWVudDEKpWNvb3JkGadzZXJ2ZXIxB6dzZXJ2ZXIyB6dzZXJ2ZXIzBw=="},"VectorClock":{"client1":10,"coord":25,"server1":7,"server2":7,"server3":7}}
{"TracerIdentity":"server1","TraceID":8242472825575637401,"Tag":"ReceiveTokenTrace","Body":{"Token":"p2NsaWVudDHPcmMlXUc/AZmFp2NsaWVudDEKpWNvb3JkGadzZXJ2ZXIxB6dzZXJ2ZXIyB6dzZXJ2ZXIzBw=="},"VectorClock":{"client1":10,"coord":25,"server1":10,"server2":7,"server3":7}}
{"TracerIdentity":"server1","TraceID":8242472825575637401,"Tag":"PutRecvd","Body":{"ClientId":"1","OpId":1,"Key":"k0","Value":"val0"},"VectorClock":{"client1":10,"coord":25,"server1":11,"server2":7,"server3":7}}
{"TracerIdentity":"server1","TraceID":6406082624857450734,"Tag":"CreateTrace","Body":{},"VectorClock":{"client1":10,"coord":25,"server1":12,"server2":7,"server3":7}}
{"TracerIdentity":"server1","TraceID":1973496056399156012,"Tag":"CreateTrace","Body":{},"VectorClock":{"client1":10,"coord":25,"server1":13,"server2":7,"server3":7}}
{"TracerIdentity":"server1","TraceID":1973496056399156012,"Tag":"AppendEntriesRequestSent","Body":{"Term":1,"LeaderId":1,"PrevLogIndex":0,"PrevLogTerm":0,"Entries":[{"Term":1,"Command":{"Kind":1,"Key":"k0","Val":"val0","ClientInfo":{"ClientId":"1","OpId":1}},"Index":1}],"LeaderCommit":0,"Token":""},"VectorClock":{"client1":10,"coord":25,"server1":14,"server2":7,"server3":7}}
{"TracerIdentity":"server1","TraceID":6406082624857450734,"Tag":"AppendEntriesRequestSent","Body":{"Term":1,"LeaderId":1,"PrevLogIndex":0,"PrevLogTerm":0,"Entries":[{"Term":1,"Command":{"Kind":1,"Key":"k0","Val":"val0","ClientInfo":{"ClientId":"1","OpId":1}},"Index":1}],"LeaderCommit":0,"Token":""},"VectorClock":{"client1":10,"coord":25,"server1":15,"server2":7,"server3":7}}
{"TracerIdentity":"server1","TraceID":6406082624857450734,"Tag":"GenerateTokenTrace","Body":{"Token":"p3NlcnZlcjHPWOb6NNhuKO6Fp2NsaWVudDEKp3NlcnZlcjEQpWNvb3JkGadzZXJ2ZXIzB6dzZXJ2ZXIyBw=="},"VectorClock":{"client1":10,"coord":25,"server1":16,"server2":7,"server3":7}}
{"TracerIdentity":"server1","TraceID":1973496056399156012,"Tag":"GenerateTokenTrace","Body":{"Token":"p3NlcnZlcjHPG2NENQ9OUyyFp3NlcnZlcjERpWNvb3JkGadzZXJ2ZXIzB6dzZXJ2ZXIyB6djbGllbnQxCg=="},"VectorClock":{"client1":10,"coord":25,"server1":17,"server2":7,"server3":7}}
{"TracerIdentity":"server2","TraceID":6406082624857450734,"Tag":"ReceiveTokenTrace","Body":{"Token":"p3NlcnZlcjHPWOb6NNhuKO6Fp2NsaWVudDEKp3NlcnZlcjEQpWNvb3JkGadzZXJ2ZXIzB6dzZXJ2ZXIyBw=="},"VectorClock":{"client1":10,"coord":25,"server1":16,"server2":10,"server3":7}}
{"TracerIdentity":"server2","TraceID":6406082624857450734,"Tag":"AppendEntriesRequestRecvd","Body":{"Term":1,"LeaderId":1,"PrevLogIndex":0,"PrevLogTerm":0,"Entries":[{"Term":1,"Command":{"Kind":1,"Key":"k0","Val":"val0","ClientInfo":{"ClientId":"1","OpId":1}},"Index":1}],"LeaderCommit":0,"Token":"p3NlcnZlcjHPWOb6NNhuKO6Fp2NsaWVudDEKp3NlcnZlcjEQpWNvb3JkGadzZXJ2ZXIzB6dzZXJ2ZXIyBw=="},"VectorClock":{"client1":10,"coord":25,"server1":16,"server2":11,"server3":7}}
{"TracerIdentity":"server3","TraceID":1973496056399156012,"Tag":"ReceiveTokenTrace","Body":{"Token":"p3NlcnZlcjHPG2NENQ9OUyyFp3NlcnZlcjERpWNvb3JkGadzZXJ2ZXIzB6dzZXJ2ZXIyB6djbGllbnQxCg=="},"VectorClock":{"client1":10,"coord":25,"server1":17,"server2":7,"server3":10}}
{"TracerIdentity":"server2","TraceID":6406082624857450734,"Tag":"AppendEntriesResponseSent","Body":{"Term":1,"Success":true,"Token":null},"VectorClock":{"client1":10,"coord":25,"server1":16,"server2":12,"server3":7}}
{"TracerIdentity":"server3","TraceID":1973496056399156012,"Tag":"AppendEntriesRequestRecvd","Body":{"Term":1,"LeaderId":1,"PrevLogIndex":0,"PrevLogTerm":0,"Entries":[{"Term":1,"Command":{"Kind":1,"Key":"k0","Val":"val0","ClientInfo":{"ClientId":"1","OpId":1}},"Index":1}],"LeaderCommit":0,"Token":"p3NlcnZlcjHPG2NENQ9OUyyFp3NlcnZlcjERpWNvb3JkGadzZXJ2ZXIzB6dzZXJ2ZXIyB6djbGllbnQxCg=="},"VectorClock":{"client1":10,"coord":25,"server1":17,"server2":7,"server3":11}}
{"TracerIdentity":"server2","TraceID":6406082624857450734,"Tag":"GenerateTokenTrace","Body":{"Token":"p3NlcnZlcjLPWOb6NNhuKO6Fp3NlcnZlcjINpWNvb3JkGadzZXJ2ZXIxEKdzZXJ2ZXIzB6djbGllbnQxCg=="},"VectorClock":{"client1":10,"coord":25,"server1":16,"server2":13,"server3":7}}
{"TracerIdentity":"server3","TraceID":1973496056399156012,"Tag":"AppendEntriesResponseSent","Body":{"Term":1,"Success":true,"Token":null},"VectorClock":{"client1":10,"coord":25,"server1":17,"server2":7,"server3":12}}
{"TracerIdentity":"server1","TraceID":6406082624857450734,"Tag":"ReceiveTokenTrace","Body":{"Token":"p3NlcnZlcjLPWOb6NNhuKO6Fp3NlcnZlcjINpWNvb3JkGadzZXJ2ZXIxEKdzZXJ2ZXIzB6djbGllbnQxCg=="},"VectorClock":{"client1":10,"coord":25,"server1":18,"server2":13,"server3":7}}
{"TracerIdentity":"server3","TraceID":1973496056399156012,"Tag":"GenerateTokenTrace","Body":{"Token":"p3NlcnZlcjPPG2NENQ9OUyyFp3NlcnZlcjMNp3NlcnZlcjIHpWNvb3JkGadzZXJ2ZXIxEadjbGllbnQxCg=="},"VectorClock":{"client1":10,"coord":25,"server1":17,"server2":7,"server3":13}}
{"TracerIdentity":"server1","TraceID":6406082624857450734,"Tag":"AppendEntriesResponseRecvd","Body":{"Term":1,"Success":true,"Token":"p3NlcnZlcjLPWOb6NNhuKO6Fp3NlcnZlcjINpWNvb3JkGadzZXJ2ZXIxEKdzZXJ2ZXIzB6djbGllbnQxCg=="},"VectorClock":{"client1":10,"coord":25,"server1":19,"server2":13,"server3":7}}
{"TracerIdentity":"server1","TraceID":8242472825575637401,"Tag":"PutCommitted","Body":{"ClientId":"1","OpId":1,"Key":"k0","Value":"val0"},"VectorClock":{"client1":10,"coord":25,"server1":20,"server2":13,"server3":7}}
{"TracerIdentity":"server1","TraceID":8242472825575637401,"Tag":"GenerateTokenTrace","Body":{"Token":"p3NlcnZlcjHPcmMlXUc/AZmFp3NlcnZlcjINp2NsaWVudDEKp3NlcnZlcjEVpWNvb3JkGadzZXJ2ZXIzBw=="},"VectorClock":{"client1":10,"coord":25,"server1":21,"server2":13,"server3":7}}
{"TracerIdentity":"server1","TraceID":1973496056399156012,"Tag":"ReceiveTokenTrace","Body":{"Token":"p3NlcnZlcjPPG2NENQ9OUyyFp3NlcnZlcjMNp3NlcnZlcjIHpWNvb3JkGadzZXJ2ZXIxEadjbGllbnQxCg=="},"VectorClock":{"client1":10,"coord":25,"server1":22,"server2":13,"server3":13}}
{"TracerIdentity":"client1","TraceID":8242472825575637401,"Tag":"ReceiveTokenTrace","Body":{"Token":"p3NlcnZlcjHPcmMlXUc/AZmFp3NlcnZlcjINp2NsaWVudDEKp3NlcnZlcjEVpWNvb3JkGadzZXJ2ZXIzBw=="},"VectorClock":{"client1":11,"coord":25,"server1":21,"server2":13,"server3":7}}
{"TracerIdentity":"server1","TraceID":1973496056399156012,"Tag":"AppendEntriesResponseRecvd","Body":{"Term":1,"Success":true,"Token":"p3NlcnZlcjPPG2NENQ9OUyyFp3NlcnZlcjMNp3NlcnZlcjIHpWNvb3JkGadzZXJ2ZXIxEadjbGllbnQxCg=="},"VectorClock":{"client1":10,"coord":25,"server1":23,"server2":13,"server3":13}}
{"TracerIdentity":"client1","TraceID":8242472825575637401,"Tag":"PutResultRecvd","Body":{"OpId":1,"Key":"k0"},"VectorClock":{"client1":12,"coord":25,"server1":21,"server2":13,"server3":7}}
{"TracerIdentity":"client1","TraceID":1925814189798408751,"Tag":"CreateTrace","Body":{},"VectorClock":{"client1":13,"coord":25,"server1":21,"server2":13,"server3":7}}
{"TracerIdentity":"client1","TraceID":1925814189798408751,"Tag":"Get","Body":{"ClientId":"1","OpId":2,"Key":"k0"},"VectorClock":{"client1":14,"coord":25,"server1":21,"server2":13,"server3":7}}
{"TracerIdentity":"client1","TraceID":1925814189798408751,"Tag":"GenerateTokenTrace","Body":{"Token":"p2NsaWVudDHPGrndzV5XQi+FpWNvb3JkGadzZXJ2ZXIxFadzZXJ2ZXIyDadzZXJ2ZXIzB6djbGllbnQxDw=="},"VectorClock":{"client1":15,"coord":25,"server1":21,"server2":13,"server3":7}}
{"TracerIdentity":"server1","TraceID":1925814189798408751,"Tag":"ReceiveTokenTrace","Body":{"Token":"p2NsaWVudDHPGrndzV5XQi+FpWNvb3JkGadzZXJ2ZXIxFadzZXJ2ZXIyDadzZXJ2ZXIzB6djbGllbnQxDw=="},"VectorClock":{"client1":15,"coord":25,"server1":24,"server2":13,"server3":13}}
{"TracerIdentity":"server1","TraceID":1925814189798408751,"Tag":"GetRecvd","Body":{"ClientId":"1","OpId":2,"Key":"k0"},"VectorClock":{"client1":15,"coord":25,"server1":25,"server2":13,"server3":13}}
{"TracerIdentity":"server1","TraceID":4313346246201225499,"Tag":"CreateTrace","Body":{},"VectorClock":{"client1":15,"coord":25,"server1":26,"server2":13,"server3":13}}
{"TracerIdentity":"server1","TraceID":1883058992308150090,"Tag":"CreateTrace","Body":{},"VectorClock":{"client1":15,"coord":25,"server1":27,"server2":13,"server3":13}}
{"TracerIdentity":"server1","TraceID":1883058992308150090,"Tag":"AppendEntriesRequestSent","Body":{"Term":1,"LeaderId":1,"PrevLogIndex":1,"PrevLogTerm":1,"Entries":[{"Term":1,"Command":{"Kind":2,"Key":"k0","Val":"","ClientInfo":{"ClientId":"1","OpId":2}},"Index":2}],"LeaderCommit":1,"Token":""},"VectorClock":{"client1":15,"coord":25,"server1":28,"server2":13,"server3":13}}
{"TracerIdentity":"server1","TraceID":1883058992308150090,"Tag":"GenerateTokenTrace","Body":{"Token":"p3NlcnZlcjHPGiH4LTeh30qFp3NlcnZlcjEdpWNvb3JkGadzZXJ2ZXIzDadzZXJ2ZXIyDadjbGllbnQxDw=="},"VectorClock":{"client1":15,"coord":25,"server1":29,"server2":13,"server3":13}}
{"TracerIdentity":"server1","TraceID":4313346246201225499,"Tag":"AppendEntriesRequestSent","Body":{"Term":1,"LeaderId":1,"PrevLogIndex":1,"PrevLogTerm":1,"Entries":[{"Term":1,"Command":{"Kind":2,"Key":"k0","Val":"","ClientInfo":{"ClientId":"1","OpId":2}},"Index":2}],"LeaderCommit":1,"Token":""},"VectorClock":{"client1":15,"coord":25,"server1":30,"server2":13,"server3":13}}
{"TracerIdentity":"server3","TraceID":1883058992308150090,"Tag":"ReceiveTokenTrace","Body":{"Token":"p3NlcnZlcjHPGiH4LTeh30qFp3NlcnZlcjEdpWNvb3JkGadzZXJ2ZXIzDadzZXJ2ZXIyDadjbGllbnQxDw=="},"VectorClock":{"client1":15,"coord":25,"server1":29,"server2":13,"server3":14}}
{"TracerIdentity":"server1","TraceID":4313346246201225499,"Tag":"GenerateTokenTrace","Body":{"Token":"p3NlcnZlcjHPO9wVjs4WsRuFp3NlcnZlcjEfpWNvb3JkGadzZXJ2ZXIzDadzZXJ2ZXIyDadjbGllbnQxDw=="},"VectorClock":{"client1":15,"coord":25,"server1":31,"server2":13,"server3":13}}
{"TracerIdentity":"server3","TraceID":1883058992308150090,"Tag":"AppendEntriesRequestRecvd","Body":{"Term":1,"LeaderId":1,"PrevLogIndex":1,"PrevLogTerm":1,"Entries":[{"Term":1,"Command":{"Kind":2,"Key":"k0","Val":"","ClientInfo":{"ClientId":"1","OpId":2}},"Index":2}],"LeaderCommit":1,"Token":"p3NlcnZlcjHPGiH4LTeh30qFp3NlcnZlcjEdpWNvb3JkGadzZXJ2ZXIzDadzZXJ2ZXIyDadjbGllbnQxDw=="},"VectorClock":{"client1":15,"coord":25,"server1":29,"server2":13,"server3":15}}
{"TracerIdentity":"server2","TraceID":4313346246201225499,"Tag":"ReceiveTokenTrace","Body":{"Token":"p3NlcnZlcjHPO9wVjs4WsRuFp3NlcnZlcjEfpWNvb3JkGadzZXJ2ZXIzDadzZXJ2ZXIyDadjbGllbnQxDw=="},"VectorClock":{"client1":15,"coord":25,"server1":31,"server2":14,"server3":13}}
{"TracerIdentity":"server3","TraceID":1883058992308150090,"Tag":"AppendEntriesResponseSent","Body":{"Term":1,"Success":true,"Token":null},"VectorClock":{"client1":15,"coord":25,"server1":29,"server2":13,"server3":16}}
{"TracerIdentity":"server2","TraceID":4313346246201225499,"Tag":"AppendEntriesRequestRecvd","Body":{"Term":1,"LeaderId":1,"PrevLogIndex":1,"PrevLogTerm":1,"Entries":[{"Term":1,"Command":{"Kind":2,"Key":"k0","Val":"","ClientInfo":{"ClientId":"1","OpId":2}},"Index":2}],"LeaderCommit":1,"Token":"p3NlcnZlcjHPO9wVjs4WsRuFp3NlcnZlcjEfpWNvb3JkGadzZXJ2ZXIzDadzZXJ2ZXIyDadjbGllbnQxDw=="},"VectorClock":{"client1":15,"coord":25,"server1":31,"server2":15,"server3":13}}
{"TracerIdentity":"server3","TraceID":1883058992308150090,"Tag":"GenerateTokenTrace","Body":{"Token":"p3NlcnZlcjPPGiH4LTeh30qFp3NlcnZlcjMRp3NlcnZlcjINpWNvb3JkGadzZXJ2ZXIxHadjbGllbnQxDw=="},"VectorClock":{"client1":15,"coord":25,"server1":29,"server2":13,"server3":17}}
{"TracerIdentity":"server2","TraceID":4313346246201225499,"Tag":"AppendEntriesResponseSent","Body":{"Term":1,"Success":true,"Token":null},"VectorClock":{"client1":15,"coord":25,"server1":31,"server2":16,"server3":13}}
{"TracerIdentity":"server1","TraceID":1883058992308150090,"Tag":"ReceiveTokenTrace","Body":{"Token":"p3NlcnZlcjPPGiH4LTeh30qFp3NlcnZlcjMRp3NlcnZlcjINpWNvb3JkGadzZXJ2ZXIxHadjbGllbnQxDw=="},"VectorClock":{"client1":15,"coord":25,"server1":32,"server2":13,"server3":17}}
{"TracerIdentity":"server1","TraceID":1883058992308150090,"Tag":"AppendEntriesResponseRecvd","Body":{"Term":1,"Success":true,"Token":"p3NlcnZlcjPPGiH4LTeh30qFp3NlcnZlcjMRp3NlcnZlcjINpWNvb3JkGadzZXJ2ZXIxHadjbGllbnQxDw=="},"VectorClock":{"client1":15,"coord":25,"server1":33,"server2":13,"server3":17}}
{"TracerIdentity":"server2","TraceID":4313346246201225499,"Tag":"GenerateTokenTrace","Body":{"Token":"p3NlcnZlcjLPO9wVjs4WsRuFp3NlcnZlcjEfp3NlcnZlcjMNp2NsaWVudDEPp3NlcnZlcjIRpWNvb3JkGQ=="},"VectorClock":{"client1":15,"coord":25,"server1":31,"server2":17,"server3":13}}
{"TracerIdentity":"server1","TraceID":1925814189798408751,"Tag":"GetCommitted","Body":{"ClientId":"1","OpId":2,"Key":"k0","Value":"val0"},"VectorClock":{"client1":15,"coord":25,"server1":34,"server2":13,"server3":17}}
{"TracerIdentity":"server1","TraceID":1925814189798408751,"Tag":"GenerateTokenTrace","Body":{"Token":"p3NlcnZlcjHPGrndzV5XQi+Fp3NlcnZlcjEjpWNvb3JkGadzZXJ2ZXIzEadzZXJ2ZXIyDadjbGllbnQxDw=="},"VectorClock":{"client1":15,"coord":25,"server1":35,"server2":13,"server3":17}}
{"TracerIdentity":"server1","TraceID":4313346246201225499,"Tag":"ReceiveTokenTrace","Body":{"Token":"p3NlcnZlcjLPO9wVjs4WsRuFp3NlcnZlcjEfp3NlcnZlcjMNp2NsaWVudDEPp3NlcnZlcjIRpWNvb3JkGQ=="},"VectorClock":{"client1":15,"coord":25,"server1":36,"server2":17,"server3":17}}
{"TracerIdentity":"client1","TraceID":1925814189798408751,"Tag":"ReceiveTokenTrace","Body":{"Token":"p3NlcnZlcjHPGrndzV5XQi+Fp3NlcnZlcjEjpWNvb3JkGadzZXJ2ZXIzEadzZXJ2ZXIyDadjbGllbnQxDw=="},"VectorClock":{"client1":16,"coord":25,"server1":35,"server2":13,"server3":17}}
{"TracerIdentity":"client1","TraceID":1925814189798408751,"Tag":"GetResultRecvd","Body":{"OpId":2,"Key":"k0","Value":"val0"},"VectorClock":{"client1":17,"coord":25,"server1":35,"server2":13,"server3":17}}
{"TracerIdentity":"server1","TraceID":4313346246201225499,"Tag":"AppendEntriesResponseRecvd","Body":{"Term":1,"Success":true,"Token":"p3NlcnZlcjLPO9wVjs4WsRuFp3NlcnZlcjEfp3NlcnZlcjMNp2NsaWVudDEPp3NlcnZlcjIRpWNvb3JkGQ=="},"VectorClock":{"client1":15,"coord":25,"server1":37,"server2":17,"server3":17}}
{"TracerIdentity":"client2","TraceID":812840156662970225,"Tag":"CreateTrace","Body":{},"VectorClock":{"client2":1}}
{"TracerIdentity":"client2","TraceID":812840156662970225,"Tag":"GenerateTokenTrace","Body":{"Token":"p2NsaWVudDLPC0fJ0N0Rt3GBp2NsaWVudDIC"},"VectorClock":{"client2":2}}
{"TracerIdentity":"client2","TraceID":812840156662970225,"Tag":"KvslibStart","Body":{"ClientId":"2"},"VectorClock":{"client2":3}}
{"TracerIdentity":"client2","TraceID":812840156662970225,"Tag":"LeaderReq","Body":{"ClientId":"2"},"VectorClock":{"client2":4}}
{"TracerIdentity":"client2","TraceID":812840156662970225,"Tag":"GenerateTokenTrace","Body":{"Token":"p2NsaWVudDLPC0fJ0N0Rt3GBp2NsaWVudDIF"},"VectorClock":{"client2":5}}
{"TracerIdentity":"coord","TraceID":812840156662970225,"Tag":"ReceiveTokenTrace","Body":{"Token":"p2NsaWVudDLPC0fJ0N0Rt3GBp2NsaWVudDIF"},"VectorClock":{"client1":5,"client2":5,"coord":26,"server1":7,"server2":7,"server3":7}}
{"TracerIdentity":"coord","TraceID":812840156662970225,"Tag":"LeaderReqRecvd","Body":{"ClientId":"2"},"VectorClock":{"client1":5,"client2":5,"coord":27,"server1":7,"server2":7,"server3":7}}
{"TracerIdentity":"coord","TraceID":812840156662970225,"Tag":"LeaderRes","Body":{"ClientId":"2","ServerId":1},"VectorClock":{"client1":5,"client2":5,"coord":28,"server1":7,"server2":7,"server3":7}}
{"TracerIdentity":"coord","TraceID":812840156662970225,"Tag":"GenerateTokenTrace","Body":{"Token":"pWNvb3JkzwtHydDdEbdxhqdzZXJ2ZXIyB6dzZXJ2ZXIzB6djbGllbnQxBadjbGllbnQyBaVjb29yZB2nc2VydmVyMQc="},"VectorClock":{"client1":5,"client2":5,"coord":29,"server1":7,"server2":7,"server3":7}}
{"TracerIdentity":"client2","TraceID":812840156662970225,"Tag":"ReceiveTokenTrace","Body":{"Token":"pWNvb3JkzwtHydDdEbdxhqdzZXJ2ZXIyB6dzZXJ2ZXIzB6djbGllbnQxBadjbGllbnQyBaVjb29yZB2nc2VydmVyMQc="},"VectorClock":{"client1":5,"client2":6,"coord":29,"server1":7,"server2":7,"server3":7}}
{"TracerIdentity":"client2","TraceID":812840156662970225,"Tag":"LeaderResRecvd","Body":{"ClientId":"2","ServerId":1},"VectorClock":{"client1":5,"client2":7,"coord":29,"server1":7,"server2":7,"server3":7}}
{"TracerIdentity":"client2","TraceID":1787555255251253115,"Tag":"CreateTrace","Body":{},"VectorClock":{"client1":5,"client2":8,"coord":29,"server1":7,"server2":7,"server3":7}}
{"TracerIdentity":"client2","TraceID":1787555255251253115,"Tag":"Put","Body":{"ClientId":"2","OpId":1,"Key":"k0","Value":"val0"},"VectorClock":{"client1":5,"client2":9,"coord":29,"server1":7,"server2":7,"server3":7}}
{"TracerIdentity":"client2","TraceID":1787555255251253115,"Tag":"GenerateTokenTrace","Body":{"Token":"p2NsaWVudDLPGM6sCKWiN3uGp2NsaWVudDIKp3NlcnZlcjIHp3NlcnZlcjMHp2NsaWVudDEFpWNvb3JkHadzZXJ2ZXIxBw=="},"VectorClock":{"client1":5,"client2":10,"coord":29,"server1":7,"server2":7,"server3":7}}
{"TracerIdentity":"server1","TraceID":1787555255251253115,"Tag":"ReceiveTokenTrace","Body":{"Token":"p2NsaWVudDLPGM6sCKWiN3uGp2NsaWVudDIKp3NlcnZlcjIHp3NlcnZlcjMHp2NsaWVudDEFpWNvb3JkHadzZXJ2ZXIxBw=="},"VectorClock":{"client1":15,"client2":10,"coord":29,"server1":38,"server2":17,"server3":17}}
{"TracerIdentity":"server1","TraceID":1787555255251253115,"Tag":"PutRecvd","Body":{"ClientId":"2","OpId":1,"Key":"k0","Value":"val0"},"VectorClock":{"client1":15,"client2":10,"coord":29,"server1":39,"server2":17,"server3":17}}
{"TracerIdentity":"server1","TraceID":6581996731037830613,"Tag":"CreateTrace","Body":{},"VectorClock":{"client1":15,"client2":10,"coord":29,"server1":40,"server2":17,"server3":17}}
{"TracerIdentity":"server1","TraceID":384077147694824811,"Tag":"CreateTrace","Body":{},"VectorClock":{"client1":15,"client2":10,"coord":29,"server1":41,"server2":17,"server3":17}}
{"TracerIdentity":"server1","TraceID":384077147694824811,"Tag":"AppendEntriesRequestSent","Body":{"Term":1,"LeaderId":1,"PrevLogIndex":2,"PrevLogTerm":1,"Entries":[{"Term":1,"Command":{"Kind":1,"Key":"k0","Val":"val0","ClientInfo":{"ClientId":"2","OpId":1}},"Index":3}],"LeaderCommit":2,"Token":""},"VectorClock":{"client1":15,"client2":10,"coord":29,"server1":42,"server2":17,"server3":17}}
{"TracerIdentity":"server1","TraceID":6581996731037830613,"Tag":"AppendEntriesRequestSent","Body":{"Term":1,"LeaderId":1,"PrevLogIndex":2,"PrevLogTerm":1,"Entries":[{"Term":1,"Command":{"Kind":1,"Key":"k0","Val":"val0","ClientInfo":{"ClientId":"2","OpId":1}},"Index":3}],"LeaderCommit":2,"Token":""},"VectorClock":{"client1":15,"client2":10,"coord":29,"server1":43,"server2":17,"server3":17}}
{"TracerIdentity":"server1","TraceID":6581996731037830613,"Tag":"GenerateTokenTrace","Body":{"Token":"p3NlcnZlcjHPW1fzJ2pKzdWGp3NlcnZlcjMRp3NlcnZlcjIRp2NsaWVudDEPp2NsaWVudDIKp3NlcnZlcjEspWNvb3JkHQ=="},"VectorClock":{"client1":15,"client2":10,"coord":29,"server1":44,"server2":17,"server3":17}}
{"TracerIdentity":"server1","TraceID":384077147694824811,"Tag":"GenerateTokenTrace","Body":{"Token":"p3NlcnZlcjHPBVSEIYKx/WuGpWNvb3JkHadzZXJ2ZXIzEadzZXJ2ZXIyEadjbGllbnQxD6djbGllbnQyCqdzZXJ2ZXIxLQ=="},"VectorClock":{"client1":15,"client2":10,"coord":29,"server1":45,"server2":17,"server3":17}}
{"TracerIdentity":"server2","TraceID":6581996731037830613,"Tag":"ReceiveTokenTrace","Body":{"Token":"p3NlcnZlcjHPW1fzJ2pKzdWGp3NlcnZlcjMRp3NlcnZlcjIRp2NsaWVudDEPp2NsaWVudDIKp3NlcnZlcjEspWNvb3JkHQ=="},"VectorClock":{"client1":15,"client2":10,"coord":29,"server1":44,"server2":18,"server3":17}}
{"TracerIdentity":"server2","TraceID":6581996731037830613,"Tag":"AppendEntriesRequestRecvd","Body":{"Term":1,"LeaderId":1,"PrevLogIndex":2,"PrevLogTerm":1,"Entries":[{"Term":1,"Command":{"Kind":1,"Key":"k0","Val":"val0","ClientInfo":{"ClientId":"2","OpId":1}},"Index":3}],"LeaderCommit":2,"Token":"p3NlcnZlcjHPW1fzJ2pKzdWGp3NlcnZlcjMRp3NlcnZlcjIRp2NsaWVudDEPp2NsaWVudDIKp3NlcnZlcjEspWNvb3JkHQ=="},"VectorClock":{"client1":15,"client2":10,"coord":29,"server1":44,"server2":19,"server3":17}}
{"TracerIdentity":"server3","TraceID":384077147694824811,"Tag":"ReceiveTokenTrace","Body":{"Token":"p3NlcnZlcjHPBVSEIYKx/WuGpWNvb3JkHadzZXJ2ZXIzEadzZXJ2ZXIyEadjbGllbnQxD6djbGllbnQyCqdzZXJ2ZXIxLQ=="},"VectorClock":{"client1":15,"client2":10,"coord":29,"server1":45,"server2":17,"server3":18}}
{"TracerIdentity":"server2","TraceID":6581996731037830613,"Tag":"AppendEntriesResponseSent","Body":{"Term":1,"Success":true,"Token":null},"VectorClock":{"client1":15,"client2":10,"coord":29,"server1":44,"server2":20,"server3":17}}
{"TracerIdentity":"server3","TraceID":384077147694824811,"Tag":"AppendEntriesRequestRecvd","Body":{"Term":1,"LeaderId":1,"PrevLogIndex":2,"PrevLogTerm":1,"Entries":[{"Term":1,"Command":{"Kind":1,"Key":"k0","Val":"val0","ClientInfo":{"ClientId":"2","OpId":1}},"Index":3}],"LeaderCommit":2,"Token":"p3NlcnZlcjHPBVSEIYKx/WuGpWNvb3JkHadzZXJ2ZXIzEadzZXJ2ZXIyEadjbGllbnQxD6djbGllbnQyCqdzZXJ2ZXIxLQ=="},"VectorClock":{"client1":15,"client2":10,"coord":29,"server1":45,"server2":17,"server3":19}}
{"TracerIdentity":"server2","TraceID":6581996731037830613,"Tag":"GenerateTokenTrace","Body":{"Token":"p3NlcnZlcjLPW1fzJ2pKzdWGp2NsaWVudDEPp2NsaWVudDIKp3NlcnZlcjIVpWNvb3JkHadzZXJ2ZXIxLKdzZXJ2ZXIzEQ=="},"VectorClock":{"client1":15,"client2":10,"coord":29,"server1":44,"server2":21,"server3":17}}
{"TracerIdentity":"server3","TraceID":384077147694824811,"Tag":"AppendEntriesResponseSent","Body":{"Term":1,"Success":true,"Token":null},"VectorClock":{"client1":15,"client2":10,"coord":29,"server1":45,"server2":17,"server3":20}}
{"TracerIdentity":"server3","TraceID":384077147694824811,"Tag":"GenerateTokenTrace","Body":{"Token":"p3NlcnZlcjPPBVSEIYKx/WuGp3NlcnZlcjEtp2NsaWVudDEPp2NsaWVudDIKp3NlcnZlcjMVp3NlcnZlcjIRpWNvb3JkHQ=="},"VectorClock":{"client1":15,"client2":10,"coord":29,"server1":45,"server2":17,"server3":21}}
{"TracerIdentity":"server1","TraceID":6581996731037830613,"Tag":"ReceiveTokenTrace","Body":{"Token":"p3NlcnZlcjLPW1fzJ2pKzdWGp2NsaWVudDEPp2NsaWVudDIKp3NlcnZlcjIVpWNvb3JkHadzZXJ2ZXIxLKdzZXJ2ZXIzEQ=="},"VectorClock":{"client1":15,"client2":10,"coord":29,"server1":46,"server2":21,"server3":17}}
{"TracerIdentity":"server1","TraceID":6581996731037830613,"Tag":"AppendEntriesResponseRecvd","Body":{"Term":1,"Success":true,"Token":"p3NlcnZlcjLPW1fzJ2pKzdWGp2NsaWVudDEPp2NsaWVudDIKp3NlcnZlcjIVpWNvb3JkHadzZXJ2ZXIxLKdzZXJ2ZXIzEQ=="},"VectorClock":{"client1":15,"client2":10,"coord":29,"server1":47,"server2":21,"server3":17}}
{"TracerIdentity":"server1","TraceID":384077147694824811,"Tag":"ReceiveTokenTrace","Body":{"Token":"p3NlcnZlcjPPBVSEIYKx/WuGp3NlcnZlcjEtp2NsaWVudDEPp2NsaWVudDIKp3NlcnZlcjMVp3NlcnZlcjIRpWNvb3JkHQ=="},"VectorClock":{"client1":15,"client2":10,"coord":29,"server1":48,"server2":21,"server3":21}}
{"TracerIdentity":"server1","TraceID":384077147694824811,"Tag":"AppendEntriesResponseRecvd","Body":{"Term":1,"Success":true,"Token":"p3NlcnZlcjPPBVSEIYKx/WuGp3NlcnZlcjEtp2NsaWVudDEPp2NsaWVudDIKp3NlcnZlcjMVp3NlcnZlcjIRpWNvb3JkHQ=="},"VectorClock":{"client1":15,"client2":10,"coord":29,"server1":49,"server2":21,"server3":21}}
{"TracerIdentity":"server1","TraceID":1787555255251253115,"Tag":"PutCommitted","Body":{"ClientId":"2","OpId":1,"Key":"k0","Value":"val0"},"VectorClock":{"client1":15,"client2":10,"coord":29,"server1":50,"server2":21,"server3":21}}
{"TracerIdentity":"server1","TraceID":1787555255251253115,"Tag":"GenerateTokenTrace","Body":{"Token":"p3NlcnZlcjHPGM6sCKWiN3uGp3NlcnZlcjMVp3NlcnZlcjIVp2NsaWVudDEPp2NsaWVudDIKp3NlcnZlcjEzpWNvb3JkHQ=="},"VectorClock":{"client1":15,"client2":10,"coord":29,"server1":51,"server2":21,"server3":21}}
{"TracerIdentity":"client2","TraceID":1787555255251253115,"Tag":"ReceiveTokenTrace","Body":{"Token":"p3NlcnZlcjHPGM6sCKWiN3uGp3NlcnZlcjMVp3NlcnZlcjIVp2NsaWVudDEPp2NsaWVudDIKp3NlcnZlcjEzpWNvb3JkHQ=="},"VectorClock":{"client1":15,"client2":11,"coord":29,"server1":51,"server2":21,"server3":21}}
{"TracerIdentity":"client2","TraceID":1787555255251253115,"Tag":"PutResultRecvd","Body":{"OpId":1,"Key":"k0"},"VectorClock":{"client1":15,"client2":12,"coord":29,"server1":51,"server2":21,"server3":21}}
{"TracerIdentity":"client2","TraceID":1585902633538191369,"Tag":"CreateTrace","Body":{},"VectorClock":{"client1":15,"client2":13,"coord":29,"server1":51,"server2":21,"server3":21}}
{"TracerIdentity":"client2","TraceID":1585902633538191369,"Tag":"Get","Body":{"ClientId":"2","OpId":2,"Key":"k0"},"VectorClock":{"client1":15,"client2":14,"coord":29,"server1":51,"server2":21,"server3":21}}
{"TracerIdentity":"client2","TraceID":1585902633538191369,"Tag":"GenerateTokenTrace","Body":{"Token":"p2NsaWVudDLPFgJCCvBmgAmGp3NlcnZlcjIVp3NlcnZlcjMVp2NsaWVudDEPpWNvb3JkHadzZXJ2ZXIxM6djbGllbnQyDw=="},"VectorClock":{"client1":15,"client2":15,"coord":29,"server1":51,"server2":21,"server3":21}}
{"TracerIdentity":"server1","TraceID":1585902633538191369,"Tag":"ReceiveTokenTrace","Body":{"Token":"p2NsaWVudDLPFgJCCvBmgAmGp3NlcnZlcjIVp3NlcnZlcjMVp2NsaWVudDEPpWNvb3JkHadzZXJ2ZXIxM6djbGllbnQyDw=="},"VectorClock":{"client1":15,"client2":15,"coord":29,"server1":52,"server2":21,"server3":21}}
{"TracerIdentity":"server1","TraceID":1585902633538191369,"Tag":"GetRecvd","Body":{"ClientId":"2","OpId":2,"Key":"k0"},"VectorClock":{"client1":15,"client2":15,"coord":29,"server1":53,"server2":21,"server3":21}}
{"TracerIdentity":"server1","TraceID":7396889700019689210,"Tag":"CreateTrace","Body":{},"VectorClock":{"client1":15,"client2":15,"coord":29,"server1":54,"server2":21,"server3":21}}
{"TracerIdentity":"server1","TraceID":3423614838508025113,"Tag":"CreateTrace","Body":{},"VectorClock":{"client1":15,"client2":15,"coord":29,"server1":55,"server2":21,"server3":21}}
{"TracerIdentity":"server1","TraceID":3423614838508025113,"Tag":"AppendEntriesRequestSent","Body":{"Term":1,"LeaderId":1,"PrevLogIndex":3,"PrevLogTerm":1,"Entries":[{"Term":1,"Command":{"Kind":2,"Key":"k0","Val":"","ClientInfo":{"ClientId":"2","OpId":2}},"Index":4}],"LeaderCommit":3,"Token":""},"VectorClock":{"client1":15,"client2":15,"coord":29,"server1":56,"server2":21,"server3":21}}
{"TracerIdentity":"server1","TraceID":7396889700019689210,"Tag":"AppendEntriesRequestSent","Body":{"Term":1,"LeaderId":1,"PrevLogIndex":3,"PrevLogTerm":1,"Entries":[{"Term":1,"Command":{"Kind":2,"Key":"k0","Val":"","ClientInfo":{"ClientId":"2","OpId":2}},"Index":4}],"LeaderCommit":3,"Token":""},"VectorClock":{"client1":15,"client2":15,"coord":29,"server1":57,"server2":21,"server3":21}}
{"TracerIdentity":"server1","TraceID":7396889700019689210,"Tag":"GenerateTokenTrace","Body":{"Token":"p3NlcnZlcjHPZqcH/eRrVvqGpWNvb3JkHadzZXJ2ZXIzFadzZXJ2ZXIyFadjbGllbnQxD6djbGllbnQyD6dzZXJ2ZXIxOg=="},"VectorClock":{"client1":15,"client2":15,"coord":29,"server1":58,"server2":21,"server3":21}}
{"TracerIdentity":"server1","TraceID":3423614838508025113,"Tag":"GenerateTokenTrace","Body":{"Token":"p3NlcnZlcjHPL4MfjnkG9RmGp3NlcnZlcjE7pWNvb3JkHadzZXJ2ZXIzFadzZXJ2ZXIyFadjbGllbnQxD6djbGllbnQyDw=="},"VectorClock":{"client1":15,"client2":15,"coord":29,"server1":59,"server2":21,"server3":21}}
{"TracerIdentity":"server2","TraceID":7396889700019689210,"Tag":"ReceiveTokenTrace","Body":{"Token":"p3NlcnZlcjHPZqcH/eRrVvqGpWNvb3JkHadzZXJ2ZXIzFadzZXJ2ZXIyFadjbGllbnQxD6djbGllbnQyD6dzZXJ2ZXIxOg=="},"VectorClock":{"client1":15,"client2":15,"coord":29,"server1":58,"server2":22,"server3":21}}
{"TracerIdentity":"server2","TraceID":7396889700019689210,"Tag":"AppendEntriesRequestRecvd","Body":{"Term":1,"LeaderId":1,"PrevLogIndex":3,"PrevLogTerm":1,"Entries":[{"Term":1,"Command":{"Kind":2,"Key":"k0","Val":"","ClientInfo":{"ClientId":"2","OpId":2}},"Index":4}],"LeaderCommit":3,"Token":"p3NlcnZlcjHPZqcH/eRrVvqGpWNvb3JkHadzZXJ2ZXIzFadzZXJ2ZXIyFadjbGllbnQxD6djbGllbnQyD6dzZXJ2ZXIxOg=="},"VectorClock":{"client1":15,"client2":15,"coord":29,"server1":58,"server2":23,"server3":21}}
{"TracerIdentity":"server3","TraceID":3423614838508025113,"Tag":"ReceiveTokenTrace","Body":{"Token":"p3NlcnZlcjHPL4MfjnkG9RmGp3NlcnZlcjE7pWNvb3JkHadzZXJ2ZXIzFadzZXJ2ZXIyFadjbGllbnQxD6djbGllbnQyDw=="},"VectorClock":{"client1":15,"client2":15,"coord":29,"server1":59,"server2":21,"server3":22}}
{"TracerIdentity":"server2","TraceID":7396889700019689210,"Tag":"AppendEntriesResponseSent","Body":{"Term":1,"Success":true,"Token":null},"VectorClock":{"client1":15,"client2":15,"coord":29,"server1":58,"server2":24,"server3":21}}
{"TracerIdentity":"server3","TraceID":3423614838508025113,"Tag":"AppendEntriesRequestRecvd","Body":{"Term":1,"LeaderId":1,"PrevLogIndex":3,"PrevLogTerm":1,"Entries":[{"Term":1,"Command":{"Kind":2,"Key":"k0","Val":"","ClientInfo":{"ClientId":"2","OpId":2}},"Index":4}],"LeaderCommit":3,"Token":"p3NlcnZlcjHPL4MfjnkG9RmGp3NlcnZlcjE7pWNvb3JkHadzZXJ2ZXIzFadzZXJ2ZXIyFadjbGllbnQxD6djbGllbnQyDw=="},"VectorClock":{"client1":15,"client2":15,"coord":29,"server1":59,"server2":21,"server3":23}}
{"TracerIdentity":"server2","TraceID":7396889700019689210,"Tag":"GenerateTokenTrace","Body":{"Token":"p3NlcnZlcjLPZqcH/eRrVvqGp2NsaWVudDIPp3NlcnZlcjIZpWNvb3JkHadzZXJ2ZXIxOqdzZXJ2ZXIzFadjbGllbnQxDw=="},"VectorClock":{"client1":15,"client2":15,"coord":29,"server1":58,"server2":25,"server3":21}}
{"TracerIdentity":"server3","TraceID":3423614838508025113,"Tag":"AppendEntriesResponseSent","Body":{"Term":1,"Success":true,"Token":null},"VectorClock":{"client1":15,"client2":15,"coord":29,"server1":59,"server2":21,"server3":24}}
{"TracerIdentity":"server3","TraceID":3423614838508025113,"Tag":"GenerateTokenTrace","Body":{"Token":"p3NlcnZlcjPPL4MfjnkG9RmGp3NlcnZlcjIVpWNvb3JkHadzZXJ2ZXIxO6djbGllbnQxD6djbGllbnQyD6dzZXJ2ZXIzGQ=="},"VectorClock":{"client1":15,"client2":15,"coord":29,"server1":59,"server2":21,"server3":25}}
{"TracerIdentity":"server1","TraceID":7396889700019689210,"Tag":"ReceiveTokenTrace","Body":{"Token":"p3NlcnZlcjLPZqcH/eRrVvqGp2NsaWVudDIPp3NlcnZlcjIZpWNvb3JkHadzZXJ2ZXIxOqdzZXJ2ZXIzFadjbGllbnQxDw=="},"VectorClock":{"client1":15,"client2":15,"coord":29,"server1":60,"server2":25,"server3":21}}
{"TracerIdentity":"server1","TraceID":7396889700019689210,"Tag":"AppendEntriesResponseRecvd","Body":{"Term":1,"Success":true,"Token":"p3NlcnZlcjLPZqcH/eRrVvqGp2NsaWVudDIPp3NlcnZlcjIZpWNvb3JkHadzZXJ2ZXIxOqdzZXJ2ZXIzFadjbGllbnQxDw=="},"VectorClock":{"client1":15,"client2":15,"coord":29,"server1":61,"server2":25,"server3":21}}
{"TracerIdentity":"server1","TraceID":3423614838508025113,"Tag":"ReceiveTokenTrace","Body":{"Token":"p3NlcnZlcjPPL4MfjnkG9RmGp3NlcnZlcjIVpWNvb3JkHadzZXJ2ZXIxO6djbGllbnQxD6djbGllbnQyD6dzZXJ2ZXIzGQ=="},"VectorClock":{"client1":15,"client2":15,"coord":29,"server1":62,"server2":25,"server3":25}}
{"TracerIdentity":"server1","TraceID":3423614838508025113,"Tag":"AppendEntriesResponseRecvd","Body":{"Term":1,"Success":true,"Token":"p3NlcnZlcjPPL4MfjnkG9RmGp3NlcnZlcjIVpWNvb3JkHadzZXJ2ZXIxO6djbGllbnQxD6djbGllbnQyD6dzZXJ2ZXIzGQ=="},"VectorClock":{"client1":15,"client2":15,"coord":29,"server1":63,"server2":25,"server3":25}}
{"TracerIdentity":"server1","TraceID":1585902633538191369,"Tag":"GetCommitted","Body":{"ClientId":"2","OpId":2,"Key":"k0","Value":"val0"},"VectorClock":{"client1":15,"client2":15,"coord":29,"server1":64,"server2":25,"server3":25}}
{"TracerIdentity":"server1","TraceID":1585902633538191369,"Tag":"GenerateTokenTrace","Body":{"Token":"p3NlcnZlcjHPFgJCCvBmgAmGp2NsaWVudDIPp3NlcnZlcjFBpWNvb3JkHadzZXJ2ZXIzGadzZXJ2ZXIyGadjbGllbnQxDw=="},"VectorClock":{"client1":15,"client2":15,"coord":29,"server1":65,"server2":25,"server3":25}}
{"TracerIdentity":"client2","TraceID":1585902633538191369,"Tag":"ReceiveTokenTrace","Body":{"Token":"p3NlcnZlcjHPFgJCCvBmgAmGp2NsaWVudDIPp3NlcnZlcjFBpWNvb3JkHadzZXJ2ZXIzGadzZXJ2ZXIyGadjbGllbnQxDw=="},"VectorClock":{"client1":15,"client2":16,"coord":29,"server1":65,"server2":25,"server3":25}}
{"TracerIdentity":"client2","TraceID":1585902633538191369,"Tag":"GetResultRecvd","Body":{"OpId":2,"Key":"k0","Value":"val0"},"VectorClock":{"client1":15,"client2":17,"coord":29,"server1":65,"server2":25,"server3":25}}
{"TracerIdentity":"coord","TraceID":290557342642681733,"Tag":"ServerFail","Body":{"ServerId":3},"VectorClock":{"client1":5,"client2":5,"coord":30,"server1":7,"server2":7,"server3":7}}
{"TracerIdentity":"coord","TraceID":290557342642681733,"Tag":"NewClusterView","Body":{"View":"AgE="},"VectorClock":{"client1":5,"client2":5,"coord":31,"server1":7,"server2":7,"server3":7}}
{"TracerIdentity":"server1","TraceID":8817079934342590279,"Tag":"CreateTrace","Body":{},"VectorClock":{"client1":15,"client2":15,"coord":29,"server1":66,"server2":25,"server3":25}}
{"TracerIdentity":"server1","TraceID":3668320584068009944,"Tag":"CreateTrace","Body":{},"VectorClock":{"client1":15,"client2":15,"coord":29,"server1":67,"server2":25,"server3":25}}
{"TracerIdentity":"server1","TraceID":3668320584068009944,"Tag":"AppendEntriesRequestSent","Body":{"Term":1,"LeaderId":1,"PrevLogIndex":4,"PrevLogTerm":1,"Entries":null,"LeaderCommit":4,"Token":null},"VectorClock":{"client1":15,"client2":15,"coord":29,"server1":68,"server2":25,"server3":25}}
{"TracerIdentity":"server1","TraceID":8817079934342590279,"Tag":"AppendEntriesRequestSent","Body":{"Term":1,"LeaderId":1,"PrevLogIndex":4,"PrevLogTerm":1,"Entries":null,"LeaderCommit":4,"Token":null},"VectorClock":{"client1":15,"client2":15,"coord":29,"server1":69,"server2":25,"server3":25}}
{"TracerIdentity":"server1","TraceID":8817079934342590279,"Tag":"GenerateTokenTrace","Body":{"Token":"p3NlcnZlcjHPelyPfEK270eGp2NsaWVudDIPp3NlcnZlcjFGpWNvb3JkHadzZXJ2ZXIzGadzZXJ2ZXIyGadjbGllbnQxDw=="},"VectorClock":{"client1":15,"client2":15,"coord":29,"server1":70,"server2":25,"server3":25}}
{"TracerIdentity":"server1","TraceID":3668320584068009944,"Tag":"GenerateTokenTrace","Body":{"Token":"p3NlcnZlcjHPMuh+Iregj9iGp3NlcnZlcjIZp2NsaWVudDEPp2NsaWVudDIPp3NlcnZlcjFHpWNvb3JkHadzZXJ2ZXIzGQ=="},"VectorClock":{"client1":15,"client2":15,"coord":29,"server1":71,"server2":25,"server3":25}}
{"TracerIdentity":"server2","TraceID":8817079934342590279,"Tag":"ReceiveTokenTrace","Body":{"Token":"p3NlcnZlcjHPelyPfEK270eGp2NsaWVudDIPp3NlcnZlcjFGpWNvb3JkHadzZXJ2ZXIzGadzZXJ2ZXIyGadjbGllbnQxDw=="},"VectorClock":{"client1":15,"client2":15,"coord":29,"server1":70,"server2":26,"server3":25}}
{"TracerIdentity":"server2","TraceID":8817079934342590279,"Tag":"AppendEntriesRequestRecvd","Body":{"Term":1,"LeaderId":1,"PrevLogIndex":4,"PrevLogTerm":1,"Entries":null,"LeaderCommit":4,"Token":"p3NlcnZlcjHPelyPfEK270eGp2NsaWVudDIPp3NlcnZlcjFGpWNvb3JkHadzZXJ2ZXIzGadzZXJ2ZXIyGadjbGllbnQxDw=="},"VectorClock":{"client1":15,"client2":15,"coord":29,"server1":70,"server2":27,"server3":25}}
{"TracerIdentity":"server2","TraceID":8817079934342590279,"Tag":"AppendEntriesResponseSent","Body":{"Term":1,"Success":true,"Token":null},"VectorClock":{"client1":15,"client2":15,"coord":29,"server1":70,"server2":28,"server3":25}}
{"TracerIdentity":"server2","TraceID":8817079934342590279,"Tag":"GenerateTokenTrace","Body":{"Token":"p3NlcnZlcjLPelyPfEK270eGp2NsaWVudDIPp3NlcnZlcjIdpWNvb3JkHadzZXJ2ZXIxRqdzZXJ2ZXIzGadjbGllbnQxDw=="},"VectorClock":{"client1":15,"client2":15,"coord":29,"server1":70,"server2":29,"server3":25}}
{"TracerIdentity":"server1","TraceID":8817079934342590279,"Tag":"ReceiveTokenTrace","Body":{"Token":"p3NlcnZlcjLPelyPfEK270eGp2NsaWVudDIPp3NlcnZlcjIdpWNvb3JkHadzZXJ2ZXIxRqdzZXJ2ZXIzGadjbGllbnQxDw=="},"VectorClock":{"client1":15,"client2":15,"coord":29,"server1":72,"server2":29,"server3":25}}
{"TracerIdentity":"server1","TraceID":8817079934342590279,"Tag":"AppendEntriesResponseRecvd","Body":{"Term":1,"Success":true,"Token":"p3NlcnZlcjLPelyPfEK270eGp2NsaWVudDIPp3NlcnZlcjIdpWNvb3JkHadzZXJ2ZXIxRqdzZXJ2ZXIzGadjbGllbnQxDw=="},"VectorClock":{"client1":15,"client2":15,"coord":29,"server1":73,"server2":29,"server3":25}}
{"TracerIdentity":"client1","TraceID":4838769911733946374,"Tag":"CreateTrace","Body":{},"VectorClock":{"client1":18,"coord":25,"server1":35,"server2":13,"server3":17}}
{"TracerIdentity":"client1","TraceID":4838769911733946374,"Tag":"Put","Body":{"ClientId":"1","OpId":3,"Key":"k1","Value":"val1"},"VectorClock":{"client1":19,"coord":25,"server1":35,"server2":13,"server3":17}}
{"TracerIdentity":"client1","TraceID":4838769911733946374,"Tag":"GenerateTokenTrace","Body":{"Token":"p2NsaWVudDHPQybDmQrACAaFpWNvb3JkGadzZXJ2ZXIxI6dzZXJ2ZXIyDadzZXJ2ZXIzEadjbGllbnQxFA=="},"VectorClock":{"client1":20,"coord":25,"server1":35,"server2":13,"server3":17}}
{"TracerIdentity":"server1","TraceID":4838769911733946374,"Tag":"ReceiveTokenTrace","Body":{"Token":"p2NsaWVudDHPQybDmQrACAaFpWNvb3JkGadzZXJ2ZXIxI6dzZXJ2ZXIyDadzZXJ2ZXIzEadjbGllbnQxFA=="},"VectorClock":{"client1":20,"client2":15,"coord":29,"server1":74,"server2":29,"server3":25}}
{"TracerIdentity":"server1","TraceID":4838769911733946374,"Tag":"PutRecvd","Body":{"ClientId":"1","OpId":3,"Key":"k1","Value":"val1"},"VectorClock":{"client1":20,"client2":15,"coord":29,"server1":75,"server2":29,"server3":25}}
{"TracerIdentity":"server1","TraceID":7036821016525679728,"Tag":"CreateTrace","Body":{},"VectorClock":{"client1":20,"client2":15,"coord":29,"server1":76,"server2":29,"server3":25}}
{"TracerIdentity":"server1","TraceID":5525274965809746888,"Tag":"CreateTrace","Body":{},"VectorClock":{"client1":20,"client2":15,"coord":29,"server1":77,"server2":29,"server3":25}}
{"TracerIdentity":"server1","TraceID":5525274965809746888,"Tag":"AppendEntriesRequestSent","Body":{"Term":1,"LeaderId":1,"PrevLogIndex":4,"PrevLogTerm":1,"Entries":[{"Term":1,"Command":{"Kind":1,"Key":"k1","Val":"val1","ClientInfo":{"ClientId":"1","OpId":3}},"Index":5}],"LeaderCommit":4,"Token":""},"VectorClock":{"client1":20,"client2":15,"coord":29,"server1":78,"server2":29,"server3":25}}
{"TracerIdentity":"server1","TraceID":5525274965809746888,"Tag":"GenerateTokenTrace","Body":{"Token":"p3NlcnZlcjHPTK24Tqdy08iGpWNvb3JkHadzZXJ2ZXIzGadzZXJ2ZXIyHadjbGllbnQxFKdjbGllbnQyD6dzZXJ2ZXIxTw=="},"VectorClock":{"client1":20,"client2":15,"coord":29,"server1":79,"server2":29,"server3":25}}
{"TracerIdentity":"server1","TraceID":7036821016525679728,"Tag":"AppendEntriesRequestSent","Body":{"Term":1,"LeaderId":1,"PrevLogIndex":4,"PrevLogTerm":1,"Entries":[{"Term":1,"Command":{"Kind":1,"Key":"k1","Val":"val1","ClientInfo":{"ClientId":"1","OpId":3}},"Index":5}],"LeaderCommit":4,"Token":""},"VectorClock":{"client1":20,"client2":15,"coord":29,"server1":80,"server2":29,"server3":25}}
{"TracerIdentity":"server1","TraceID":7036821016525679728,"Tag":"GenerateTokenTrace","Body":{"Token":"p3NlcnZlcjHPYafPbo4ELHCGp3NlcnZlcjMZp3NlcnZlcjIdp2NsaWVudDEUp2NsaWVudDIPp3NlcnZlcjFRpWNvb3JkHQ=="},"VectorClock":{"client1":20,"client2":15,"coord":29,"server1":81,"server2":29,"server3":25}}
{"TracerIdentity":"server2","TraceID":7036821016525679728,"Tag":"ReceiveTokenTrace","Body":{"Token":"p3NlcnZlcjHPYafPbo4ELHCGp3NlcnZlcjMZp3NlcnZlcjIdp2NsaWVudDEUp2NsaWVudDIPp3NlcnZlcjFRpWNvb3JkHQ=="},"VectorClock":{"client1":20,"client2":15,"coord":29,"server1":81,"server2":30,"server3":25}}
{"TracerIdentity":"server2","TraceID":7036821016525679728,"Tag":"AppendEntriesRequestRecvd","Body":{"Term":1,"LeaderId":1,"PrevLogIndex":4,"PrevLogTerm":1,"Entries":[{"Term":1,"Command":{"Kind":1,"Key":"k1","Val":"val1","ClientInfo":{"ClientId":"1","OpId":3}},"Index":5}],"LeaderCommit":4,"Token":"p3NlcnZlcjHPYafPbo4ELHCGp3NlcnZlcjMZp3NlcnZlcjIdp2NsaWVudDEUp2NsaWVudDIPp3NlcnZlcjFRpWNvb3JkHQ=="},"VectorClock":{"client1":20,"client2":15,"coord":29,"server1":81,"server2":31,"server3":25}}
{"TracerIdentity":"server2","TraceID":7036821016525679728,"Tag":"AppendEntriesResponseSent","Body":{"Term":1,"Success":true,"Token":null},"VectorClock":{"client1":20,"client2":15,"coord":29,"server1":81,"server2":32,"server3":25}}
{"TracerIdentity":"server2","TraceID":7036821016525679728,"Tag":"GenerateTokenTrace","Body":{"Token":"p3NlcnZlcjLPYafPbo4ELHCGp2NsaWVudDIPp3NlcnZlcjIhpWNvb3JkHadzZXJ2ZXIxUadzZXJ2ZXIzGadjbGllbnQxFA=="},"VectorClock":{"client1":20,"client2":15,"coord":29,"server1":81,"server2":33,"server3":25}}
{"TracerIdentity":"server1","TraceID":7036821016525679728,"Tag":"ReceiveTokenTrace","Body":{"Token":"p3NlcnZlcjLPYafPbo4ELHCGp2NsaWVudDIPp3NlcnZlcjIhpWNvb3JkHadzZXJ2ZXIxUadzZXJ2ZXIzGadjbGllbnQxFA=="},"VectorClock":{"client1":20,"client2":15,"coord":29,"server1":82,"server2":33,"server3":25}}
{"TracerIdentity":"server1","TraceID":7036821016525679728,"Tag":"AppendEntriesResponseRecvd","Body":{"Term":1,"Success":true,"Token":"p3NlcnZlcjLPYafPbo4ELHCGp2NsaWVudDIPp3NlcnZlcjIhpWNvb3JkHadzZXJ2ZXIxUadzZXJ2ZXIzGadjbGllbnQxFA=="},"VectorClock":{"client1":20,"client2":15,"coord":29,"server1":83,"server2":33,"server3":25}}
{"TracerIdentity":"server1","TraceID":4838769911733946374,"Tag":"PutCommitted","Body":{"ClientId":"1","OpId":3,"Key":"k1","Value":"val1"},"VectorClock":{"client1":20,"client2":15,"coord":29,"server1":84,"server2":33,"server3":25}}
{"TracerIdentity":"server1","TraceID":4838769911733946374,"Tag":"GenerateTokenTrace","Body":{"Token":"p3NlcnZlcjHPQybDmQrACAaGp3NlcnZlcjFVpWNvb3JkHadzZXJ2ZXIzGadzZXJ2ZXIyIadjbGllbnQxFKdjbGllbnQyDw=="},"VectorClock":{"client1":20,"client2":15,"coord":29,"server1":85,"server2":33,"server3":25}}
{"TracerIdentity":"client1","TraceID":4838769911733946374,"Tag":"ReceiveTokenTrace","Body":{"Token":"p3NlcnZlcjHPQybDmQrACAaGp3NlcnZlcjFVpWNvb3JkHadzZXJ2ZXIzGadzZXJ2ZXIyIadjbGllbnQxFKdjbGllbnQyDw=="},"VectorClock":{"client1":21,"client2":15,"coord":29,"server1":85,"server2":33,"server3":25}}
{"TracerIdentity":"client1","TraceID":4838769911733946374,"Tag":"PutResultRecvd","Body":{"OpId":3,"Key":"k1"},"VectorClock":{"client1":22,"client2":15,"coord":29,"server1":85,"server2":33,"server3":25}}
{"TracerIdentity":"client1","TraceID":7129118645119984496,"Tag":"CreateTrace","Body":{},"VectorClock":{"client1":23,"client2":15,"coord":29,"server1":85,"server2":33,"server3":25}}
{"TracerIdentity":"client1","TraceID":7129118645119984496,"Tag":"Get","Body":{"ClientId":"1","OpId":4,"Key":"k1"},"VectorClock":{"client1":24,"client2":15,"coord":29,"server1":85,"server2":33,"server3":25}}
{"TracerIdentity":"client1","TraceID":7129118645119984496,"Tag":"GenerateTokenTrace","Body":{"Token":"p2NsaWVudDHPYu+3otP9o3CGp2NsaWVudDEZpWNvb3JkHadzZXJ2ZXIxVadzZXJ2ZXIyIadzZXJ2ZXIzGadjbGllbnQyDw=="},"VectorClock":{"client1":25,"client2":15,"coord":29,"server1":85,"server2":33,"server3":25}}
{"TracerIdentity":"server1","TraceID":7129118645119984496,"Tag":"ReceiveTokenTrace","Body":{"Token":"p2NsaWVudDHPYu+3otP9o3CGp2NsaWVudDEZpWNvb3JkHadzZXJ2ZXIxVadzZXJ2ZXIyIadzZXJ2ZXIzGadjbGllbnQyDw=="},"VectorClock":{"client1":25,"client2":15,"coord":29,"server1":86,"server2":33,"server3":25}}
{"TracerIdentity":"server1","TraceID":7129118645119984496,"Tag":"GetRecvd","Body":{"ClientId":"1","OpId":4,"Key":"k1"},"VectorClock":{"client1":25,"client2":15,"coord":29,"server1":87,"server2":33,"server3":25}}
{"TracerIdentity":"server1","TraceID":2119405236719122133,"Tag":"CreateTrace","Body":{},"VectorClock":{"client1":25,"client2":15,"coord":29,"server1":88,"server2":33,"server3":25}}
{"TracerIdentity":"server1","TraceID":8406388193134735313,"Tag":"CreateTrace","Body":{},"VectorClock":{"client1":25,"client2":15,"coord":29,"server1":89,"server2":33,"server3":25}}
{"TracerIdentity":"server1","TraceID":8406388193134735313,"Tag":"AppendEntriesRequestSent","Body":{"Term":1,"LeaderId":1,"PrevLogIndex":5,"PrevLogTerm":1,"Entries":[{"Term":1,"Command":{"Kind":2,"Key":"k1","Val":"","ClientInfo":{"ClientId":"1","OpId":4}},"Index":6}],"LeaderCommit":5,"Token":""},"VectorClock":{"client1":25,"client2":15,"coord":29,"server1":90,"server2":33,"server3":25}}
{"TracerIdentity":"server1","TraceID":2119405236719122133,"Tag":"AppendEntriesRequestSent","Body":{"Term":1,"LeaderId":1,"PrevLogIndex":5,"PrevLogTerm":1,"Entries":[{"Term":1,"Command":{"Kind":2,"Key":"k1","Val":"","ClientInfo":{"ClientId":"1","OpId":4}},"Index":6}],"LeaderCommit":5,"Token":""},"VectorClock":{"client1":25,"client2":15,"coord":29,"server1":91,"server2":33,"server3":25}}
{"TracerIdentity":"server1","TraceID":2119405236719122133,"Tag":"GenerateTokenTrace","Body":{"Token":"p3NlcnZlcjHPHWmj1W2+9tWGp2NsaWVudDEZp2NsaWVudDIPp3NlcnZlcjFcpWNvb3JkHadzZXJ2ZXIzGadzZXJ2ZXIyIQ=="},"VectorClock":{"client1":25,"client2":15,"coord":29,"server1":92,"server2":33,"server3":25}}
{"TracerIdentity":"server1","TraceID":8406388193134735313,"Tag":"GenerateTokenTrace","Body":{"Token":"p3NlcnZlcjHPdKl9hc/Vb9GGp3NlcnZlcjFdpWNvb3JkHadzZXJ2ZXIzGadzZXJ2ZXIyIadjbGllbnQxGadjbGllbnQyDw=="},"VectorClock":{"client1":25,"client2":15,"coord":29,"server1":93,"server2":33,"server3":25}}
{"TracerIdentity":"server2","TraceID":2119405236719122133,"Tag":"ReceiveTokenTrace","Body":{"Token":"p3NlcnZlcjHPHWmj1W2+9tWGp2NsaWVudDEZp2NsaWVudDIPp3NlcnZlcjFcpWNvb3JkHadzZXJ2ZXIzGadzZXJ2ZXIyIQ=="},"VectorClock":{"client1":25,"client2":15,"coord":29,"server1":92,"server2":34,"server3":25}}
{"TracerIdentity":"server2","TraceID":2119405236719122133,"Tag":"AppendEntriesRequestRecvd","Body":{"Term":1,"LeaderId":1,"PrevLogIndex":5,"PrevLogTerm":1,"Entries":[{"Term":1,"Command":{"Kind":2,"Key":"k1","Val":"","ClientInfo":{"ClientId":"1","OpId":4}},"Index":6}],"LeaderCommit":5,"Token":"p3NlcnZlcjHPHWmj1W2+9tWGp2NsaWVudDEZp2NsaWVudDIPp3NlcnZlcjFcpWNvb3JkHadzZXJ2ZXIzGadzZXJ2ZXIyIQ=="},"VectorClock":{"client1":25,"client2":15,"coord":29,"server1":92,"server2":35,"server3":25}}
{"TracerIdentity":"server2","TraceID":2119405236719122133,"Tag":"AppendEntriesResponseSent","Body":{"Term":1,"Success":true,"Token":null},"VectorClock":{"client1":25,"client2":15,"coord":29,"server1":92,"server2":36,"server3":25}}
{"TracerIdentity":"server2","TraceID":2119405236719122133,"Tag":"GenerateTokenTrace","Body":{"Token":"p3NlcnZlcjLPHWmj1W2+9tWGpWNvb3JkHadzZXJ2ZXIxXKdzZXJ2ZXIzGadjbGllbnQxGadjbGllbnQyD6dzZXJ2ZXIyJQ=="},"VectorClock":{"client1":25,"client2":15,"coord":29,"server1":92,"server2":37,"server3":25}}
{"TracerIdentity":"server1","TraceID":2119405236719122133,"Tag":"ReceiveTokenTrace","Body":{"Token":"p3NlcnZlcjLPHWmj1W2+9tWGpWNvb3JkHadzZXJ2ZXIxXKdzZXJ2ZXIzGadjbGllbnQxGadjbGllbnQyD6dzZXJ2ZXIyJQ=="},"VectorClock":{"client1":25,"client2":15,"coord":29,"server1":94,"server2":37,"server3":25}}
{"TracerIdentity":"server1","TraceID":2119405236719122133,"Tag":"AppendEntriesResponseRecvd","Body":{"Term":1,"Success":true,"Token":"p3NlcnZlcjLPHWmj1W2+9tWGpWNvb3JkHadzZXJ2ZXIxXKdzZXJ2ZXIzGadjbGllbnQxGadjbGllbnQyD6dzZXJ2ZXIyJQ=="},"VectorClock":{"client1":25,"client2":15,"coord":29,"server1":95,"server2":37,"server3":25}}
{"TracerIdentity":"server1","TraceID":7129118645119984496,"Tag":"GetCommitted","Body":{"ClientId":"1","OpId":4,"Key":"k1","Value":"val1"},"VectorClock":{"client1":25,"client2":15,"coord":29,"server1":96,"server2":37,"server3":25}}
{"TracerIdentity":"server1","TraceID":7129118645119984496,"Tag":"GenerateTokenTrace","Body":{"Token":"p3NlcnZlcjHPYu+3otP9o3CGp2NsaWVudDEZp2NsaWVudDIPp3NlcnZlcjFhpWNvb3JkHadzZXJ2ZXIzGadzZXJ2ZXIyJQ=="},"VectorClock":{"client1":25,"client2":15,"coord":29,"server1":97,"server2":37,"server3":25}}
{"TracerIdentity":"client1","TraceID":7129118645119984496,"Tag":"ReceiveTokenTrace","Body":{"Token":"p3NlcnZlcjHPYu+3otP9o3CGp2NsaWVudDEZp2NsaWVudDIPp3NlcnZlcjFhpWNvb3JkHadzZXJ2ZXIzGadzZXJ2ZXIyJQ=="},"VectorClock":{"client1":26,"client2":15,"coord":29,"server1":97,"server2":37,"server3":25}}
{"TracerIdentity":"client1","TraceID":7129118645119984496,"Tag":"GetResultRecvd","Body":{"OpId":4,"Key":"k1","Value":"val1"},"VectorClock":{"client1":27,"client2":15,"coord":29,"server1":97,"server2":37,"server3":25}}
{"TracerIdentity":"client2","TraceID":3115770010398793565,"Tag":"CreateTrace","Body":{},"VectorClock":{"client1":15,"client2":18,"coord":29,"server1":65,"server2":25,"server3":25}}
{"TracerIdentity":"client2","TraceID":3115770010398793565,"Tag":"Put","Body":{"ClientId":"2","OpId":3,"Key":"k1","Value":"val1"},"VectorClock":{"client1":15,"client2":19,"coord":29,"server1":65,"server2":25,"server3":25}}
{"TracerIdentity":"client2","TraceID":3115770010398793565,"Tag":"GenerateTokenTrace","Body":{"Token":"p2NsaWVudDLPKz1wUP+in12Gp2NsaWVudDIUp3NlcnZlcjIZp3NlcnZlcjMZp2NsaWVudDEPpWNvb3JkHadzZXJ2ZXIxQQ=="},"VectorClock":{"client1":15,"client2":20,"coord":29,"server1":65,"server2":25,"server3":25}}
{"TracerIdentity":"server1","TraceID":3115770010398793565,"Tag":"ReceiveTokenTrace","Body":{"Token":"p2NsaWVudDLPKz1wUP+in12Gp2NsaWVudDIUp3NlcnZlcjIZp3NlcnZlcjMZp2NsaWVudDEPpWNvb3JkHadzZXJ2ZXIxQQ=="},"VectorClock":{"client1":25,"client2":20,"coord":29,"server1":98,"server2":37,"server3":25}}
{"TracerIdentity":"server1","TraceID":3115770010398793565,"Tag":"PutRecvd","Body":{"ClientId":"2","OpId":3,"Key":"k1","Value":"val1"},"VectorClock":{"client1":25,"client2":20,"coord":29,"server1":99,"server2":37,"server3":25}}
{"TracerIdentity":"server1","TraceID":7418747558330598725,"Tag":"CreateTrace","Body":{},"VectorClock":{"client1":25,"client2":20,"coord":29,"server1":100,"server2":37,"server3":25}}
{"TracerIdentity":"server1","TraceID":1017287474392421367,"Tag":"CreateTrace","Body":{},"VectorClock":{"client1":25,"client2":20,"coord":29,"server1":101,"server2":37,"server3":25}}
{"TracerIdentity":"server1","TraceID":1017287474392421367,"Tag":"AppendEntriesRequestSent","Body":{"Term":1,"LeaderId":1,"PrevLogIndex":6,"PrevLogTerm":1,"Entries":[{"Term":1,"Command":{"Kind":1,"Key":"k1","Val":"val1","ClientInfo":{"ClientId":"2","OpId":3}},"Index":7}],"LeaderCommit":6,"Token":""},"VectorClock":{"client1":25,"client2":20,"coord":29,"server1":102,"server2":37,"server3":25}}
{"TracerIdentity":"server1","TraceID":1017287474392421367,"Tag":"GenerateTokenTrace","Body":{"Token":"p3NlcnZlcjHPDh4hkXGdU/eGp3NlcnZlcjFnpWNvb3JkHadzZXJ2ZXIzGadzZXJ2ZXIyJadjbGllbnQxGadjbGllbnQyFA=="},"VectorClock":{"client1":25,"client2":20,"coord":29,"server1":103,"server2":37,"server3":25}}
{"TracerIdentity":"server1","TraceID":7418747558330598725,"Tag":"AppendEntriesRequestSent","Body":{"Term":1,"LeaderId":1,"PrevLogIndex":6,"PrevLogTerm":1,"Entries":[{"Term":1,"Command":{"Kind":1,"Key":"k1","Val":"val1","ClientInfo":{"ClientId":"2","OpId":3}},"Index":7}],"LeaderCommit":6,"Token":""},"VectorClock":{"client1":25,"client2":20,"coord":29,"server1":104,"server2":37,"server3":25}}
{"TracerIdentity":"server1","TraceID":7418747558330598725,"Tag":"GenerateTokenTrace","Body":{"Token":"p3NlcnZlcjHPZvSvmRyXhUWGp2NsaWVudDIUp3NlcnZlcjFppWNvb3JkHadzZXJ2ZXIzGadzZXJ2ZXIyJadjbGllbnQxGQ=="},"VectorClock":{"client1":25,"client2":20,"coord":29,"server1":105,"server2":37,"server3":25}}
{"TracerIdentity":"server2","TraceID":7418747558330598725,"Tag":"ReceiveTokenTrace","Body":{"Token":"p3NlcnZlcjHPZvSvmRyXhUWGp2NsaWVudDIUp3NlcnZlcjFppWNvb3JkHadzZXJ2ZXIzGadzZXJ2ZXIyJadjbGllbnQxGQ=="},"VectorClock":{"client1":25,"client2":20,"coord":29,"server1":105,"server2":38,"server3":25}}
{"TracerIdentity":"server2","TraceID":7418747558330598725,"Tag":"AppendEntriesRequestRecvd","Body":{"Term":1,"LeaderId":1,"PrevLogIndex":6,"PrevLogTerm":1,"Entries":[{"Term":1,"Command":{"Kind":1,"Key":"k1","Val":"val1","ClientInfo":{"ClientId":"2","OpId":3}},"Index":7}],"LeaderCommit":6,"Token":"p3NlcnZlcjHPZvSvmRyXhUWGp2NsaWVudDIUp3NlcnZlcjFppWNvb3JkHadzZXJ2ZXIzGadzZXJ2ZXIyJadjbGllbnQxGQ=="},"VectorClock":{"client1":25,"client2":20,"coord":29,"server1":105,"server2":39,"server3":25}}
{"TracerIdentity":"server2","TraceID":7418747558330598725,"Tag":"AppendEntriesResponseSent","Body":{"Term":1,"Success":true,"Token":null},"VectorClock":{"client1":25,"client2":20,"coord":29,"server1":105,"server2":40,"server3":25}}
{"TracerIdentity":"server2","TraceID":7418747558330598725,"Tag":"GenerateTokenTrace","Body":{"Token":"p3NlcnZlcjLPZvSvmRyXhUWGp2NsaWVudDEZp2NsaWVudDIUp3NlcnZlcjIppWNvb3JkHadzZXJ2ZXIxaadzZXJ2ZXIzGQ=="},"VectorClock":{"client1":25,"client2":20,"coord":29,"server1":105,"server2":41,"server3":25}}
{"TracerIdentity":"server1","TraceID":7418747558330598725,"Tag":"ReceiveTokenTrace","Body":{"Token":"p3NlcnZlcjLPZvSvmRyXhUWGp2NsaWVudDEZp2NsaWVudDIUp3NlcnZlcjIppWNvb3JkHadzZXJ2ZXIxaadzZXJ2ZXIzGQ=="},"VectorClock":{"client1":25,"client2":20,"coord":29,"server1":106,"server2":41,"server3":25}}
{"TracerIdentity":"server1","TraceID":7418747558330598725,"Tag":"AppendEntriesResponseRecvd","Body":{"Term":1,"Success":true,"Token":"p3NlcnZlcjLPZvSvmRyXhUWGp2NsaWVudDEZp2NsaWVudDIUp3NlcnZlcjIppWNvb3JkHadzZXJ2ZXIxaadzZXJ2ZXIzGQ=="},"VectorClock":{"client1":25,"client2":20,"coord":29,"server1":107,"server2":41,"server3":25}}
{"TracerIdentity":"server1","TraceID":3115770010398793565,"Tag":"PutCommitted","Body":{"ClientId":"2","OpId":3,"Key":"k1","Value":"val1"},"VectorClock":{"client1":25,"client2":20,"coord":29,"server1":108,"server2":41,"server3":25}}
{"TracerIdentity":"server1","TraceID":3115770010398793565,"Tag":"GenerateTokenTrace","Body":{"Token":"p3NlcnZlcjHPKz1wUP+in12Gp3NlcnZlcjFtpWNvb3JkHadzZXJ2ZXIzGadzZXJ2ZXIyKadjbGllbnQxGadjbGllbnQyFA=="},"VectorClock":{"client1":25,"client2":20,"coord":29,"server1":109,"server2":41,"server3":25}}
{"TracerIdentity":"client2","TraceID":3115770010398793565,"Tag":"ReceiveTokenTrace","Body":{"Token":"p3NlcnZlcjHPKz1wUP+in12Gp3NlcnZlcjFtpWNvb3JkHadzZXJ2ZXIzGadzZXJ2ZXIyKadjbGllbnQxGadjbGllbnQyFA=="},"VectorClock":{"client1":25,"client2":21,"coord":29,"server1":109,"server2":41,"server3":25}}
{"TracerIdentity":"client2","TraceID":3115770010398793565,"Tag":"PutResultRecvd","Body":{"OpId":3,"Key":"k1"},"VectorClock":{"client1":25,"client2":22,"coord":29,"server1":109,"server2":41,"server3":25}}
{"TracerIdentity":"client2","TraceID":7647467432615901413,"Tag":"CreateTrace","Body":{},"VectorClock":{"client1":25,"client2":23,"coord":29,"server1":109,"server2":41,"server3":25}}
{"TracerIdentity":"client2","TraceID":7647467432615901413,"Tag":"Get","Body":{"ClientId":"2","OpId":4,"Key":"k1"},"VectorClock":{"client1":25,"client2":24,"coord":29,"server1":109,"server2":41,"server3":25}}
{"TracerIdentity":"client2","TraceID":7647467432615901413,"Tag":"GenerateTokenTrace","Body":{"Token":"p2NsaWVudDLPaiFDHKhweOWGp2NsaWVudDIZp3NlcnZlcjIpp3NlcnZlcjMZp2NsaWVudDEZpWNvb3JkHadzZXJ2ZXIxbQ=="},"VectorClock":{"client1":25,"client2":25,"coord":29,"server1":109,"server2":41,"server3":25}}
{"TracerIdentity":"server1","TraceID":7647467432615901413,"Tag":"ReceiveTokenTrace","Body":{"Token":"p2NsaWVudDLPaiFDHKhweOWGp2NsaWVudDIZp3NlcnZlcjIpp3NlcnZlcjMZp2NsaWVudDEZpWNvb3JkHadzZXJ2ZXIxbQ=="},"VectorClock":{"client1":25,"client2":25,"coord":29,"server1":110,"server2":41,"server3":25}}
{"TracerIdentity":"server1","TraceID":7647467432615901413,"Tag":"GetRecvd","Body":{"ClientId":"2","OpId":4,"Key":"k1"},"VectorClock":{"client1":25,"client2":25,"coord":29,"server1":111,"server2":41,"server3":25}}
{"TracerIdentity":"server1","TraceID":1566243514863716031,"Tag":"CreateTrace","Body":{},"VectorClock":{"client1":25,"client2":25,"coord":29,"server1":112,"server2":41,"server3":25}}
{"TracerIdentity":"server1","TraceID":3702162701322306239,"Tag":"CreateTrace","Body":{},"VectorClock":{"client1":25,"client2":25,"coord":29,"server1":113,"server2":41,"server3":25}}
{"TracerIdentity":"server1","TraceID":3702162701322306239,"Tag":"AppendEntriesRequestSent","Body":{"Term":1,"LeaderId":1,"PrevLogIndex":7,"PrevLogTerm":1,"Entries":[{"Term":1,"Command":{"Kind":2,"Key":"k1","Val":"","ClientInfo":{"ClientId":"2","OpId":4}},"Index":8}],"LeaderCommit":7,"Token":""},"VectorClock":{"client1":25,"client2":25,"coord":29,"server1":114,"server2":41,"server3":25}}
{"TracerIdentity":"server1","TraceID":1566243514863716031,"Tag":"AppendEntriesRequestSent","Body":{"Term":1,"LeaderId":1,"PrevLogIndex":7,"PrevLogTerm":1,"Entries":[{"Term":1,"Command":{"Kind":2,"Key":"k1","Val":"","ClientInfo":{"ClientId":"2","OpId":4}},"Index":8}],"LeaderCommit":7,"Token":""},"VectorClock":{"client1":25,"client2":25,"coord":29,"server1":115,"server2":41,"server3":25}}
{"TracerIdentity":"server1","TraceID":1566243514863716031,"Tag":"GenerateTokenTrace","Body":{"Token":"p3NlcnZlcjHPFbxqLa82Br+Gp3NlcnZlcjF0pWNvb3JkHadzZXJ2ZXIzGadzZXJ2ZXIyKadjbGllbnQxGadjbGllbnQyGQ=="},"VectorClock":{"client1":25,"client2":25,"coord":29,"server1":116,"server2":41,"server3":25}}
{"TracerIdentity":"server1","TraceID":3702162701322306239,"Tag":"GenerateTokenTrace","Body":{"Token":"p3NlcnZlcjHPM2C5XKkEQr+Gp3NlcnZlcjIpp2NsaWVudDEZp2NsaWVudDIZp3NlcnZlcjF1pWNvb3JkHadzZXJ2ZXIzGQ=="},"VectorClock":{"client1":25,"client2":25,"coord":29,"server1":117,"server2":41,"server3":25}}
{"TracerIdentity":"server2","TraceID":1566243514863716031,"Tag":"ReceiveTokenTrace","Body":{"Token":"p3NlcnZlcjHPFbxqLa82Br+Gp3NlcnZlcjF0pWNvb3JkHadzZXJ2ZXIzGadzZXJ2ZXIyKadjbGllbnQxGadjbGllbnQyGQ=="},"VectorClock":{"client1":25,"client2":25,"coord":29,"server1":116,"server2":42,"server3":25}}
{"TracerIdentity":"server2","TraceID":1566243514863716031,"Tag":"AppendEntriesRequestRecvd","Body":{"Term":1,"LeaderId":1,"PrevLogIndex":7,"PrevLogTerm":1,"Entries":[{"Term":1,"Command":{"Kind":2,"Key":"k1","Val":"","ClientInfo":{"ClientId":"2","OpId":4}},"Index":8}],"LeaderCommit":7,"Token":"p3NlcnZlcjHPFbxqLa82Br+Gp3NlcnZlcjF0pWNvb3JkHadzZXJ2ZXIzGadzZXJ2ZXIyKadjbGllbnQxGadjbGllbnQyGQ=="},"VectorClock":{"client1":25,"client2":25,"coord":29,"server1":116,"server2":43,"server3":25}}
{"TracerIdentity":"server2","TraceID":1566243514863716031,"Tag":"AppendEntriesResponseSent","Body":{"Term":1,"Success":true,"Token":null},"VectorClock":{"client1":25,"client2":25,"coord":29,"server1":116,"server2":44,"server3":25}}
{"TracerIdentity":"server2","TraceID":1566243514863716031,"Tag":"GenerateTokenTrace","Body":{"Token":"p3NlcnZlcjLPFbxqLa82Br+Gp3NlcnZlcjF0p3NlcnZlcjMZp2NsaWVudDEZp2NsaWVudDIZp3NlcnZlcjItpWNvb3JkHQ=="},"VectorClock":{"client1":25,"client2":25,"coord":29,"server1":116,"server2":45,"server3":25}}
{"TracerIdentity":"server1","TraceID":1566243514863716031,"Tag":"ReceiveTokenTrace","Body":{"Token":"p3NlcnZlcjLPFbxqLa82Br+Gp3NlcnZlcjF0p3NlcnZlcjMZp2NsaWVudDEZp2NsaWVudDIZp3NlcnZlcjItpWNvb3JkHQ=="},"VectorClock":{"client1":25,"client2":25,"coord":29,"server1":118,"server2":45,"server3":25}}
{"TracerIdentity":"server1","TraceID":1566243514863716031,"Tag":"AppendEntriesResponseRecvd","Body":{"Term":1,"Success":true,"Token":"p3NlcnZlcjLPFbxqLa82Br+Gp3NlcnZlcjF0p3NlcnZlcjMZp2NsaWVudDEZp2NsaWVudDIZp3NlcnZlcjItpWNvb3JkHQ=="},"VectorClock":{"client1":25,"client2":25,"coord":29,"server1":119,"server2":45,"server3":25}}
{"TracerIdentity":"server1","TraceID":7647467432615901413,"Tag":"GetCommitted","Body":{"ClientId":"2","OpId":4,"Key":"k1","Value":"val1"},"VectorClock":{"client1":25,"client2":25,"coord":29,"server1":120,"server2":45,"server3":25}}
{"TracerIdentity":"server1","TraceID":7647467432615901413,"Tag":"GenerateTokenTrace","Body":{"Token":"p3NlcnZlcjHPaiFDHKhweOWGpWNvb3JkHadzZXJ2ZXIzGadzZXJ2ZXIyLadjbGllbnQxGadjbGllbnQyGadzZXJ2ZXIxeQ=="},"VectorClock":{"client1":25,"client2":25,"coord":29,"server1":121,"server2":45,"server3":25}}
{"TracerIdentity":"client2","TraceID":7647467432615901413,"Tag":"ReceiveTokenTrace","Body":{"Token":"p3NlcnZlcjHPaiFDHKhweOWGpWNvb3JkHadzZXJ2ZXIzGadzZXJ2ZXIyLadjbGllbnQxGadjbGllbnQyGadzZXJ2ZXIxeQ=="},"VectorClock":{"client1":25,"client2":26,"coord":29,"server1":121,"server2":45,"server3":25}}
{"TracerIdentity":"client2","TraceID":7647467432615901413,"Tag":"GetResultRecvd","Body":{"OpId":4,"Key":"k1","Value":"val1"},"VectorClock":{"client1":25,"client2":27,"coord":29,"server1":121,"server2":45,"server3":25}}
{"TracerIdentity":"server1","TraceID":4288582984091734714,"Tag":"CreateTrace","Body":{},"VectorClock":{"client1":25,"client2":25,"coord":29,"server1":122,"server2":45,"server3":25}}
{"TracerIdentity":"server1","TraceID":661780173106490711,"Tag":"CreateTrace","Body":{},"VectorClock":{"client1":25,"client2":25,"coord":29,"server1":123,"server2":45,"server3":25}}
{"TracerIdentity":"server1","TraceID":661780173106490711,"Tag":"AppendEntriesRequestSent","Body":{"Term":1,"LeaderId":1,"PrevLogIndex":8,"PrevLogTerm":1,"Entries":null,"LeaderCommit":8,"Token":null},"VectorClock":{"client1":25,"client2":25,"coord":29,"server1":124,"server2":45,"server3":25}}
{"TracerIdentity":"server1","TraceID":661780173106490711,"Tag":"GenerateTokenTrace","Body":{"Token":"p3NlcnZlcjHPCS8dj6lorVeGp3NlcnZlcjF9pWNvb3JkHadzZXJ2ZXIzGadzZXJ2ZXIyLadjbGllbnQxGadjbGllbnQyGQ=="},"VectorClock":{"client1":25,"client2":25,"coord":29,"server1":125,"server2":45,"server3":25}}
{"TracerIdentity":"server1","TraceID":4288582984091734714,"Tag":"AppendEntriesRequestSent","Body":{"Term":1,"LeaderId":1,"PrevLogIndex":8,"PrevLogTerm":1,"Entries":null,"LeaderCommit":8,"Token":null},"VectorClock":{"client1":25,"client2":25,"coord":29,"server1":126,"server2":45,"server3":25}}
{"TracerIdentity":"server1","TraceID":4288582984091734714,"Tag":"GenerateTokenTrace","Body":{"Token":"p3NlcnZlcjHPO4QbgIySkrqGp3NlcnZlcjF/pWNvb3JkHadzZXJ2ZXIzGadzZXJ2ZXIyLadjbGllbnQxGadjbGllbnQyGQ=="},"VectorClock":{"client1":25,"client2":25,"coord":29,"server1":127,"server2":45,"server3":25}}
{"TracerIdentity":"server2","TraceID":4288582984091734714,"Tag":"ReceiveTokenTrace","Body":{"Token":"p3NlcnZlcjHPO4QbgIySkrqGp3NlcnZlcjF/pWNvb3JkHadzZXJ2ZXIzGadzZXJ2ZXIyLadjbGllbnQxGadjbGllbnQyGQ=="},"VectorClock":{"client1":25,"client2":25,"coord":29,"server1":127,"server2":46,"server3":25}}
{"TracerIdentity":"server2","TraceID":4288582984091734714,"Tag":"AppendEntriesRequestRecvd","Body":{"Term":1,"LeaderId":1,"PrevLogIndex":8,"PrevLogTerm":1,"Entries":null,"LeaderCommit":8,"Token":"p3NlcnZlcjHPO4QbgIySkrqGp3NlcnZlcjF/pWNvb3JkHadzZXJ2ZXIzGadzZXJ2ZXIyLadjbGllbnQxGadjbGllbnQyGQ=="},"VectorClock":{"client1":25,"client2":25,"coord":29,"server1":127,"server2":47,"server3":25}}
{"TracerIdentity":"server2","TraceID":4288582984091734714,"Tag":"AppendEntriesResponseSent","Body":{"Term":1,"Success":true,"Token":null},"VectorClock":{"client1":25,"client2":25,"coord":29,"server1":127,"server2":48,"server3":25}}
{"TracerIdentity":"server2","TraceID":4288582984091734714,"Tag":"GenerateTokenTrace","Body":{"Token":"p3NlcnZlcjLPO4QbgIySkrqGp2NsaWVudDIZp3NlcnZlcjIxpWNvb3JkHadzZXJ2ZXIxf6dzZXJ2ZXIzGadjbGllbnQxGQ=="},"VectorClock":{"client1":25,"client2":25,"coord":29,"server1":127,"server2":49,"server3":25}}
{"TracerIdentity":"server1","TraceID":4288582984091734714,"Tag":"ReceiveTokenTrace","Body":{"Token":"p3NlcnZlcjLPO4QbgIySkrqGp2NsaWVudDIZp3NlcnZlcjIxpWNvb3JkHadzZXJ2ZXIxf6dzZXJ2ZXIzGadjbGllbnQxGQ=="},"VectorClock":{"client1":25,"client2":25,"coord":29,"server1":128,"server2":49,"server3":25}}
{"TracerIdentity":"server1","TraceID":4288582984091734714,"Tag":"AppendEntriesResponseRecvd","Body":{"Term":1,"Success":true,"Token":"p3NlcnZlcjLPO4QbgIySkrqGp2NsaWVudDIZp3NlcnZlcjIxpWNvb3JkHadzZXJ2ZXIxf6dzZXJ2ZXIzGadjbGllbnQxGQ=="},"VectorClock":{"client1":25,"client2":25,"coord":29,"server1":129,"server2":49,"server3":25}}
{"TracerIdentity":"client1","TraceID":3108288000504735779,"Tag":"GenerateTokenTrace","Body":{"Token":"p2NsaWVudDHPKyLbd9GxqCOGp2NsaWVudDEcpWNvb3JkHadzZXJ2ZXIxYadzZXJ2ZXIyJadzZXJ2ZXIzGadjbGllbnQyDw=="},"VectorClock":{"client1":28,"client2":15,"coord":29,"server1":97,"server2":37,"server3":25}}
{"TracerIdentity":"client1","TraceID":3108288000504735779,"Tag":"KvslibStop","Body":{"ClientId":"1"},"VectorClock":{"client1":29,"client2":15,"coord":29,"server1":97,"server2":37,"server3":25}}
{"TracerIdentity":"client2","TraceID":812840156662970225,"Tag":"GenerateTokenTrace","Body":{"Token":"p2NsaWVudDLPC0fJ0N0Rt3GGpWNvb3JkHadzZXJ2ZXIxeadjbGllbnQyHKdzZXJ2ZXIyLadzZXJ2ZXIzGadjbGllbnQxGQ=="},"VectorClock":{"client1":25,"client2":28,"coord":29,"server1":121,"server2":45,"server3":25}}
{"TracerIdentity":"client2","TraceID":812840156662970225,"Tag":"KvslibStop","Body":{"ClientId":"2"},"VectorClock":{"client1":25,"client2":29,"coord":29,"server1":121,"server2":45,"server3":25}}
{"TracerIdentity":"server1","TraceID":8648183872238396270,"Tag":"CreateTrace","Body":{},"VectorClock":{"client1":25,"client2":25,"coord":29,"server1":130,"server2":49,"server3":25}}
{"TracerIdentity":"server1","TraceID":4047165934416197357,"Tag":"CreateTrace","Body":{},"VectorClock":{"client1":25,"client2":25,"coord":29,"server1":131,"server2":49,"server3":25}}
{"TracerIdentity":"server1","TraceID":4047165934416197357,"Tag":"AppendEntriesRequestSent","Body":{"Term":1,"LeaderId":1,"PrevLogIndex":8,"PrevLogTerm":1,"Entries":null,"LeaderCommit":8,"Token":null},"VectorClock":{"client1":25,"client2":25,"coord":29,"server1":132,"server2":49,"server3":25}}
{"TracerIdentity":"server1","TraceID":4047165934416197357,"Tag":"GenerateTokenTrace","Body":{"Token":"p3NlcnZlcjHPOCpr+Xvwdu2GpWNvb3JkHadzZXJ2ZXIzGadzZXJ2ZXIyMadjbGllbnQxGadjbGllbnQyGadzZXJ2ZXIxzIU="},"VectorClock":{"client1":25,"client2":25,"coord":29,"server1":133,"server2":49,"server3":25}}
{"TracerIdentity":"server1","TraceID":8648183872238396270,"Tag":"AppendEntriesRequestSent","Body":{"Term":1,"LeaderId":1,"PrevLogIndex":8,"PrevLogTerm":1,"Entries":null,"LeaderCommit":8,"Token":null},"VectorClock":{"client1":25,"client2":25,"coord":29,"server1":134,"server2":49,"server3":25}}
{"TracerIdentity":"server1","TraceID":8648183872238396270,"Tag":"GenerateTokenTrace","Body":{"Token":"p3NlcnZlcjHPeASFaWkII26GpWNvb3JkHadzZXJ2ZXIzGadzZXJ2ZXIyMadjbGllbnQxGadjbGllbnQyGadzZXJ2ZXIxzIc="},"VectorClock":{"client1":25,"client2":25,"coord":29,"server1":135,"server2":49,"server3":25}}
{"TracerIdentity":"server2","TraceID":8648183872238396270,"Tag":"ReceiveTokenTrace","Body":{"Token":"p3NlcnZlcjHPeASFaWkII26GpWNvb3JkHadzZXJ2ZXIzGadzZXJ2ZXIyMadjbGllbnQxGadjbGllbnQyGadzZXJ2ZXIxzIc="},"VectorClock":{"client1":25,"client2":25,"coord":29,"server1":135,"server2":50,"server3":25}}
{"TracerIdentity":"server2","TraceID":8648183872238396270,"Tag":"AppendEntriesRequestRecvd","Body":{"Term":1,"LeaderId":1,"PrevLogIndex":8,"PrevLogTerm":1,"Entries":null,"LeaderCommit":8,"Token":"p3NlcnZlcjHPeASFaWkII26GpWNvb3JkHadzZXJ2ZXIzGadzZXJ2ZXIyMadjbGllbnQxGadjbGllbnQyGadzZXJ2ZXIxzIc="},"VectorClock":{"client1":25,"client2":25,"coord":29,"server1":135,"server2":51,"server3":25}}
{"TracerIdentity":"server2","TraceID":8648183872238396270,"Tag":"AppendEntriesResponseSent","Body":{"Term":1,"Success":true,"Token":null},"VectorClock":{"client1":25,"client2":25,"coord":29,"server1":135,"server2":52,"server3":25}}
{"TracerIdentity":"server2","TraceID":8648183872238396270,"Tag":"GenerateTokenTrace","Body":{"Token":"p3NlcnZlcjLPeASFaWkII26GpWNvb3JkHadzZXJ2ZXIxzIenc2VydmVyMxmnY2xpZW50MRmnY2xpZW50Mhmnc2VydmVyMjU="},"VectorClock":{"client1":25,"client2":25,"coord":29,"server1":135,"server2":53,"server3":25}}
{"TracerIdentity":"server1","TraceID":8648183872238396270,"Tag":"ReceiveTokenTrace","Body":{"Token":"p3NlcnZlcjLPeASFaWkII26GpWNvb3JkHadzZXJ2ZXIxzIenc2VydmVyMxmnY2xpZW50MRmnY2xpZW50Mhmnc2VydmVyMjU="},"VectorClock":{"client1":25,"client2":25,"coord":29,"server1":136,"server2":53,"server3":25}}
{"TracerIdentity":"server1","TraceID":8648183872238396270,"Tag":"AppendEntriesResponseRecvd","Body":{"Term":1,"Success":true,"Token":"p3NlcnZlcjLPeASFaWkII26GpWNvb3JkHadzZXJ2ZXIxzIenc2VydmVyMxmnY2xpZW50MRmnY2xpZW50Mhmnc2VydmVyMjU="},"VectorClock":{"client1":25,"client2":25,"coord":29,"server1":137,"server2":53,"server3":25}}
