{"TracerIdentity":"coord","TraceID":3046517722882811894,"Tag":"CreateTrace","Body":{},"VectorClock":{"coord":1}}
{"TracerIdentity":"coord","TraceID":3046517722882811894,"Tag":"CoordStart","Body":{},"VectorClock":{"coord":2}}
{"TracerIdentity":"server1","TraceID":8196188478301790804,"Tag":"CreateTrace","Body":{},"VectorClock":{"server1":1}}
{"TracerIdentity":"server1","TraceID":8196188478301790804,"Tag":"ServerStart","Body":{"ServerId":1},"VectorClock":{"server1":2}}
{"TracerIdentity":"server1","TraceID":8196188478301790804,"Tag":"ServerJoining","Body":{"ServerId":1},"VectorClock":{"server1":3}}
{"TracerIdentity":"server1","TraceID":8196188478301790804,"Tag":"GenerateTokenTrace","Body":{"Token":"p3NlcnZlcjHPcb61/ulT4lSBp3NlcnZlcjEE"},"VectorClock":{"server1":4}}
{"TracerIdentity":"coord","TraceID":8196188478301790804,"Tag":"ReceiveTokenTrace","Body":{"Token":"p3NlcnZlcjHPcb61/ulT4lSBp3NlcnZlcjEE"},"VectorClock":{"coord":3,"server1":4}}
{"TracerIdentity":"coord","TraceID":8196188478301790804,"Tag":"ServerJoiningRecvd","Body":{"ServerId":1},"VectorClock":{"coord":4,"server1":4}}
{"TracerIdentity":"coord","TraceID":8196188478301790804,"Tag":"GenerateTokenTrace","Body":{"Token":"pWNvb3Jkz3G+tf7pU+JUgqVjb29yZAWnc2VydmVyMQQ="},"VectorClock":{"coord":5,"server1":4}}
{"TracerIdentity":"server1","TraceID":8196188478301790804,"Tag":"ReceiveTokenTrace","Body":{"Token":"pWNvb3Jkz3G+tf7pU+JUgqVjb29yZAWnc2VydmVyMQQ="},"VectorClock":{"coord":5,"server1":5}}
{"TracerIdentity":"server2","TraceID":8550016289661533780,"Tag":"CreateTrace","Body":{},"VectorClock":{"server2":1}}
{"TracerIdentity":"server2","TraceID":8550016289661533780,"Tag":"ServerStart","Body":{"ServerId":2},"VectorClock":{"server2":2}}
{"TracerIdentity":"server2","TraceID":8550016289661533780,"Tag":"ServerJoining","Body":{"ServerId":2},"VectorClock":{"server2":3}}
{"TracerIdentity":"server2","TraceID":8550016289661533780,"Tag":"GenerateTokenTrace","Body":{"Token":"p3NlcnZlcjLPdqfCg/kUPlSBp3NlcnZlcjIE"},"VectorClock":{"server2":4}}
{"TracerIdentity":"coord","TraceID":8550016289661533780,"Tag":"ReceiveTokenTrace","Body":{"Token":"p3NlcnZlcjLPdqfCg/kUPlSBp3NlcnZlcjIE"},"VectorClock":{"coord":6,"server1":4,"server2":4}}
{"TracerIdentity":"coord","TraceID":8550016289661533780,"Tag":"ServerJoiningRecvd","Body":{"ServerId":2},"VectorClock":{"coord":7,"server1":4,"server2":4}}
{"TracerIdentity":"coord","TraceID":8550016289661533780,"Tag":"GenerateTokenTrace","Body":{"Token":"pWNvb3Jkz3anwoP5FD5Ug6Vjb29yZAinc2VydmVyMQSnc2VydmVyMgQ="},"VectorClock":{"coord":8,"server1":4,"server2":4}}
{"TracerIdentity":"server2","TraceID":8550016289661533780,"Tag":"ReceiveTokenTrace","Body":{"Token":"pWNvb3Jkz3anwoP5FD5Ug6Vjb29yZAinc2VydmVyMQSnc2VydmVyMgQ="},"VectorClock":{"coord":8,"server1":4,"server2":5}}
{"TracerIdentity":"server3","TraceID":1680446720121075764,"Tag":"CreateTrace","Body":{},"VectorClock":{"server3":1}}
{"TracerIdentity":"server3","TraceID":1680446720121075764,"Tag":"ServerStart","Body":{"ServerId":3},"VectorClock":{"server3":2}}
{"TracerIdentity":"server3","TraceID":1680446720121075764,"Tag":"ServerJoining","Body":{"ServerId":3},"VectorClock":{"server3":3}}
{"TracerIdentity":"server3","TraceID":1680446720121075764,"Tag":"GenerateTokenTrace","Body":{"Token":"p3NlcnZlcjPPF1IlY3jJeDSBp3NlcnZlcjME"},"VectorClock":{"server3":4}}
{"TracerIdentity":"coord","TraceID":1680446720121075764,"Tag":"ReceiveTokenTrace","Body":{"Token":"p3NlcnZlcjPPF1IlY3jJeDSBp3NlcnZlcjME"},"VectorClock":{"coord":9,"server1":4,"server2":4,"server3":4}}
{"TracerIdentity":"coord","TraceID":1680446720121075764,"Tag":"ServerJoiningRecvd","Body":{"ServerId":3},"VectorClock":{"coord":10,"server1":4,"server2":4,"server3":4}}
{"TracerIdentity":"coord","TraceID":1680446720121075764,"Tag":"GenerateTokenTrace","Body":{"Token":"pWNvb3JkzxdSJWN4yXg0hKVjb29yZAunc2VydmVyMQSnc2VydmVyMgSnc2VydmVyMwQ="},"VectorClock":{"coord":11,"server1":4,"server2":4,"server3":4}}
{"TracerIdentity":"server3","TraceID":1680446720121075764,"Tag":"ReceiveTokenTrace","Body":{"Token":"pWNvb3JkzxdSJWN4yXg0hKVjb29yZAunc2VydmVyMQSnc2VydmVyMgSnc2VydmVyMwQ="},"VectorClock":{"coord":11,"server1":4,"server2":4,"server3":5}}
{"TracerIdentity":"server2","TraceID":8550016289661533780,"Tag":"ServerJoined","Body":{"ServerId":2},"VectorClock":{"coord":8,"server1":4,"server2":6}}
{"TracerIdentity":"server2","TraceID":8550016289661533780,"Tag":"GenerateTokenTrace","Body":{"Token":"p3NlcnZlcjLPdqfCg/kUPlSDp3NlcnZlcjEEpWNvb3JkCKdzZXJ2ZXIyBw=="},"VectorClock":{"coord":8,"server1":4,"server2":7}}
{"TracerIdentity":"server2","TraceID":8550016289661533780,"Tag":"BecameFollower","Body":{"ServerId":2},"VectorClock":{"coord":8,"server1":4,"server2":8}}
{"TracerIdentity":"coord","TraceID":8550016289661533780,"Tag":"ReceiveTokenTrace","Body":{"Token":"p3NlcnZlcjLPdqfCg/kUPlSDp3NlcnZlcjEEpWNvb3JkCKdzZXJ2ZXIyBw=="},"VectorClock":{"coord":12,"server1":4,"server2":7,"server3":4}}
{"TracerIdentity":"coord","TraceID":8550016289661533780,"Tag":"ServerJoinedRecvd","Body":{"ServerId":2},"VectorClock":{"coord":13,"server1":4,"server2":7,"server3":4}}
{"TracerIdentity":"coord","TraceID":8550016289661533780,"Tag":"GenerateTokenTrace","Body":{"Token":"pWNvb3Jkz3anwoP5FD5UhKVjb29yZA6nc2VydmVyMQSnc2VydmVyMgenc2VydmVyMwQ="},"VectorClock":{"coord":14,"server1":4,"server2":7,"server3":4}}
{"TracerIdentity":"server2","TraceID":8550016289661533780,"Tag":"ReceiveTokenTrace","Body":{"Token":"pWNvb3Jkz3anwoP5FD5UhKVjb29yZA6nc2VydmVyMQSnc2VydmVyMgenc2VydmVyMwQ="},"VectorClock":{"coord":14,"server1":4,"server2":9,"server3":4}}
{"TracerIdentity":"server3","TraceID":1680446720121075764,"Tag":"ServerJoined","Body":{"ServerId":3},"VectorClock":{"coord":11,"server1":4,"server2":4,"server3":6}}
{"TracerIdentity":"server3","TraceID":1680446720121075764,"Tag":"GenerateTokenTrace","Body":{"Token":"p3NlcnZlcjPPF1IlY3jJeDSEpWNvb3JkC6dzZXJ2ZXIxBKdzZXJ2ZXIyBKdzZXJ2ZXIzBw=="},"VectorClock":{"coord":11,"server1":4,"server2":4,"server3":7}}
{"TracerIdentity":"server3","TraceID":1680446720121075764,"Tag":"BecameFollower","Body":{"ServerId":3},"VectorClock":{"coord":11,"server1":4,"server2":4,"server3":8}}
{"TracerIdentity":"coord","TraceID":1680446720121075764,"Tag":"ReceiveTokenTrace","Body":{"Token":"p3NlcnZlcjPPF1IlY3jJeDSEpWNvb3JkC6dzZXJ2ZXIxBKdzZXJ2ZXIyBKdzZXJ2ZXIzBw=="},"VectorClock":{"coord":15,"server1":4,"server2":7,"server3":7}}
{"TracerIdentity":"coord","TraceID":1680446720121075764,"Tag":"ServerJoinedRecvd","Body":{"ServerId":3},"VectorClock":{"coord":16,"server1":4,"server2":7,"server3":7}}
{"TracerIdentity":"coord","TraceID":1680446720121075764,"Tag":"GenerateTokenTrace","Body":{"Token":"pWNvb3JkzxdSJWN4yXg0hKdzZXJ2ZXIyB6dzZXJ2ZXIzB6Vjb29yZBGnc2VydmVyMQQ="},"VectorClock":{"coord":17,"server1":4,"server2":7,"server3":7}}
{"TracerIdentity":"server3","TraceID":1680446720121075764,"Tag":"ReceiveTokenTrace","Body":{"Token":"pWNvb3JkzxdSJWN4yXg0hKdzZXJ2ZXIyB6dzZXJ2ZXIzB6Vjb29yZBGnc2VydmVyMQQ="},"VectorClock":{"coord":17,"server1":4,"server2":7,"server3":9}}
{"TracerIdentity":"server1","TraceID":8196188478301790804,"Tag":"ServerJoined","Body":{"ServerId":1},"VectorClock":{"coord":5,"server1":6}}
{"TracerIdentity":"server1","TraceID":8196188478301790804,"Tag":"GenerateTokenTrace","Body":{"Token":"p3NlcnZlcjHPcb61/ulT4lSCp3NlcnZlcjEHpWNvb3JkBQ=="},"VectorClock":{"coord":5,"server1":7}}
{"TracerIdentity":"server1","TraceID":8196188478301790804,"Tag":"BecameLeader","Body":{"ServerId":1},"VectorClock":{"coord":5,"server1":8}}
{"TracerIdentity":"coord","TraceID":8196188478301790804,"Tag":"ReceiveTokenTrace","Body":{"Token":"p3NlcnZlcjHPcb61/ulT4lSCp3NlcnZlcjEHpWNvb3JkBQ=="},"VectorClock":{"coord":18,"server1":7,"server2":7,"server3":7}}
{"TracerIdentity":"coord","TraceID":8196188478301790804,"Tag":"ServerJoinedRecvd","Body":{"ServerId":1},"VectorClock":{"coord":19,"server1":7,"server2":7,"server3":7}}
{"TracerIdentity":"coord","TraceID":8196188478301790804,"Tag":"GenerateTokenTrace","Body":{"Token":"pWNvb3Jkz3G+tf7pU+JUhKdzZXJ2ZXIzB6Vjb29yZBSnc2VydmVyMQenc2VydmVyMgc="},"VectorClock":{"coord":20,"server1":7,"server2":7,"server3":7}}
{"TracerIdentity":"server1","TraceID":8196188478301790804,"Tag":"ReceiveTokenTrace","Body":{"Token":"pWNvb3Jkz3G+tf7pU+JUhKdzZXJ2ZXIzB6Vjb29yZBSnc2VydmVyMQenc2VydmVyMgc="},"VectorClock":{"coord":20,"server1":9,"server2":7,"server3":7}}
{"TracerIdentity":"coord","TraceID":3046517722882811894,"Tag":"AllServersJoined","Body":{},"VectorClock":{"coord":21,"server1":7,"server2":7,"server3":7}}
{"TracerIdentity":"client1","TraceID":7831272046926347279,"Tag":"CreateTrace","Body":{},"VectorClock":{"client1":1}}
{"TracerIdentity":"client1","TraceID":7831272046926347279,"Tag":"GenerateTokenTrace","Body":{"Token":"p2NsaWVudDHPbK5Eb1B9vA+Bp2NsaWVudDEC"},"VectorClock":{"client1":2}}
{"TracerIdentity":"client1","TraceID":7831272046926347279,"Tag":"KvslibStart","Body":{"ClientId":"1"},"VectorClock":{"client1":3}}
{"TracerIdentity":"client1","TraceID":7831272046926347279,"Tag":"LeaderReq","Body":{"ClientId":"1"},"VectorClock":{"client1":4}}
{"TracerIdentity":"client1","TraceID":7831272046926347279,"Tag":"GenerateTokenTrace","Body":{"Token":"p2NsaWVudDHPbK5Eb1B9vA+Bp2NsaWVudDEF"},"VectorClock":{"client1":5}}
{"TracerIdentity":"coord","TraceID":7831272046926347279,"Tag":"ReceiveTokenTrace","Body":{"Token":"p2NsaWVudDHPbK5Eb1B9vA+Bp2NsaWVudDEF"},"VectorClock":{"client1":5,"coord":22,"server1":7,"server2":7,"server3":7}}
{"TracerIdentity":"coord","TraceID":7831272046926347279,"Tag":"LeaderReqRecvd","Body":{"ClientId":"1"},"VectorClock":{"client1":5,"coord":23,"server1":7,"server2":7,"server3":7}}
{"TracerIdentity":"coord","TraceID":7831272046926347279,"Tag":"LeaderRes","Body":{"ClientId":"1","ServerId":1},"VectorClock":{"client1":5,"coord":24,"server1":7,"server2":7,"server3":7}}
{"TracerIdentity":"coord","TraceID":7831272046926347279,"Tag":"GenerateTokenTrace","Body":{"Token":"pWNvb3Jkz2yuRG9QfbwPhadzZXJ2ZXIzB6djbGllbnQxBaVjb29yZBmnc2VydmVyMQenc2VydmVyMgc="},"VectorClock":{"client1":5,"coord":25,"server1":7,"server2":7,"server3":7}}
{"TracerIdentity":"client1","TraceID":7831272046926347279,"Tag":"ReceiveTokenTrace","Body":{"Token":"pWNvb3Jkz2yuRG9QfbwPhadzZXJ2ZXIzB6djbGllbnQxBaVjb29yZBmnc2VydmVyMQenc2VydmVyMgc="},"VectorClock":{"client1":6,"coord":25,"server1":7,"server2":7,"server3":7}}
{"TracerIdentity":"client1","TraceID":7831272046926347279,"Tag":"LeaderResRecvd","Body":{"ClientId":"1","ServerId":1},"VectorClock":{"client1":7,"coord":25,"server1":7,"server2":7,"server3":7}}
{"TracerIdentity":"client1","TraceID":1080866460626340326,"Tag":"CreateTrace","Body":{},"VectorClock":{"client1":8,"coord":25,"server1":7,"server2":7,"server3":7}}
{"TracerIdentity":"client1","TraceID":1080866460626340326,"Tag":"Put","Body":{"ClientId":"1","OpId":1,"Key":"k0","Value":"val0"},"VectorClock":{"client1":9,"coord":25,"server1":7,"server2":7,"server3":7}}
{"TracerIdentity":"client1","TraceID":1080866460626340326,"Tag":"GenerateTokenTrace","Body":{"Token":"p2NsaWVudDHPDwACUbtESeaFp3NlcnZlcjMHp2NsaWVudDEKpWNvb3JkGadzZXJ2ZXIxB6dzZXJ2ZXIyBw=="},"VectorClock":{"client1":10,"coord":25,"server1":7,"server2":7,"server3":7}}
{"TracerIdentity":"server1","TraceID":1080866460626340326,"Tag":"ReceiveTokenTrace","Body":{"Token":"p2NsaWVudDHPDwACUbtESeaFp3NlcnZlcjMHp2NsaWVudDEKpWNvb3JkGadzZXJ2ZXIxB6dzZXJ2ZXIyBw=="},"VectorClock":{"client1":10,"coord":25,"server1":10,"server2":7,"server3":7}}
{"TracerIdentity":"server1","TraceID":1080866460626340326,"Tag":"PutRecvd","Body":{"ClientId":"1","OpId":1,"Key":"k0","Value":"val0"},"VectorClock":{"client1":10,"coord":25,"server1":11,"server2":7,"server3":7}}
{"TracerIdentity":"server1","TraceID":7019974165063228575,"Tag":"CreateTrace","Body":{},"VectorClock":{"client1":10,"coord":25,"server1":12,"server2":7,"server3":7}}
{"TracerIdentity":"server1","TraceID":2230790824713978798,"Tag":"CreateTrace","Body":{},"VectorClock":{"client1":10,"coord":25,"server1":13,"server2":7,"server3":7}}
{"TracerIdentity":"server1","TraceID":2230790824713978798,"Tag":"AppendEntriesRequestSent","Body":{"Term":1,"LeaderId":1,"PrevLogIndex":0,"PrevLogTerm":0,"Entries":[{"Term":1,"Command":{"Kind":1,"Key":"k0","Val":"val0","ClientInfo":{"ClientId":"1","OpId":1}},"Index":1}],"LeaderCommit":0,"Token":""},"VectorClock":{"client1":10,"coord":25,"server1":14,"server2":7,"server3":7}}
{"TracerIdentity":"server1","TraceID":7019974165063228575,"Tag":"AppendEntriesRequestSent","Body":{"Term":1,"LeaderId":1,"PrevLogIndex":0,"PrevLogTerm":0,"Entries":[{"Term":1,"Command":{"Kind":1,"Key":"k0","Val":"val0","ClientInfo":{"ClientId":"1","OpId":1}},"Index":1}],"LeaderCommit":0,"Token":""},"VectorClock":{"client1":10,"coord":25,"server1":15,"server2":7,"server3":7}}
{"TracerIdentity":"server1","TraceID":7019974165063228575,"Tag":"GenerateTokenTrace","Body":{"Token":"p3NlcnZlcjHPYWv1T0kDXJ+Fp3NlcnZlcjIHp2NsaWVudDEKp3NlcnZlcjEQpWNvb3JkGadzZXJ2ZXIzBw=="},"VectorClock":{"client1":10,"coord":25,"server1":16,"server2":7,"server3":7}}
{"TracerIdentity":"server1","TraceID":2230790824713978798,"Tag":"GenerateTokenTrace","Body":{"Token":"p3NlcnZlcjHPHvVcb5NHA66FpWNvb3JkGadzZXJ2ZXIzB6dzZXJ2ZXIyB6djbGllbnQxCqdzZXJ2ZXIxEQ=="},"VectorClock":{"client1":10,"coord":25,"server1":17,"server2":7,"server3":7}}
{"TracerIdentity":"server2","TraceID":7019974165063228575,"Tag":"ReceiveTokenTrace","Body":{"Token":"p3NlcnZlcjHPYWv1T0kDXJ+Fp3NlcnZlcjIHp2NsaWVudDEKp3NlcnZlcjEQpWNvb3JkGadzZXJ2ZXIzBw=="},"VectorClock":{"client1":10,"coord":25,"server1":16,"server2":10,"server3":7}}
{"TracerIdentity":"server3","TraceID":2230790824713978798,"Tag":"ReceiveTokenTrace","Body":{"Token":"p3NlcnZlcjHPHvVcb5NHA66FpWNvb3JkGadzZXJ2ZXIzB6dzZXJ2ZXIyB6djbGllbnQxCqdzZXJ2ZXIxEQ=="},"VectorClock":{"client1":10,"coord":25,"server1":17,"server2":7,"server3":10}}
{"TracerIdentity":"server2","TraceID":7019974165063228575,"Tag":"AppendEntriesRequestRecvd","Body":{"Term":1,"LeaderId":1,"PrevLogIndex":0,"PrevLogTerm":0,"Entries":[{"Term":1,"Command":{"Kind":1,"Key":"k0","Val":"val0","ClientInfo":{"ClientId":"1","OpId":1}},"Index":1}],"LeaderCommit":0,"Token":"p3NlcnZlcjHPYWv1T0kDXJ+Fp3NlcnZlcjIHp2NsaWVudDEKp3NlcnZlcjEQpWNvb3JkGadzZXJ2ZXIzBw=="},"VectorClock":{"client1":10,"coord":25,"server1":16,"server2":11,"server3":7}}
{"TracerIdentity":"server2","TraceID":7019974165063228575,"Tag":"AppendEntriesResponseSent","Body":{"Term":1,"Success":true,"Token":null},"VectorClock":{"client1":10,"coord":25,"server1":16,"server2":12,"server3":7}}
{"TracerIdentity":"server3","TraceID":2230790824713978798,"Tag":"AppendEntriesRequestRecvd","Body":{"Term":1,"LeaderId":1,"PrevLogIndex":0,"PrevLogTerm":0,"Entries":[{"Term":1,"Command":{"Kind":1,"Key":"k0","Val":"val0","ClientInfo":{"ClientId":"1","OpId":1}},"Index":1}],"LeaderCommit":0,"Token":"p3NlcnZlcjHPHvVcb5NHA66FpWNvb3JkGadzZXJ2ZXIzB6dzZXJ2ZXIyB6djbGllbnQxCqdzZXJ2ZXIxEQ=="},"VectorClock":{"client1":10,"coord":25,"server1":17,"server2":7,"server3":11}}
{"TracerIdentity":"server2","TraceID":7019974165063228575,"Tag":"GenerateTokenTrace","Body":{"Token":"p3NlcnZlcjLPYWv1T0kDXJ+Fp3NlcnZlcjEQpWNvb3JkGadzZXJ2ZXIzB6djbGllbnQxCqdzZXJ2ZXIyDQ=="},"VectorClock":{"client1":10,"coord":25,"server1":16,"server2":13,"server3":7}}
{"TracerIdentity":"server3","TraceID":2230790824713978798,"Tag":"AppendEntriesResponseSent","Body":{"Term":1,"Success":true,"Token":null},"VectorClock":{"client1":10,"coord":25,"server1":17,"server2":7,"server3":12}}
{"TracerIdentity":"server3","TraceID":2230790824713978798,"Tag":"GenerateTokenTrace","Body":{"Token":"p3NlcnZlcjPPHvVcb5NHA66Fp3NlcnZlcjIHp2NsaWVudDEKp3NlcnZlcjMNpWNvb3JkGadzZXJ2ZXIxEQ=="},"VectorClock":{"client1":10,"coord":25,"server1":17,"server2":7,"server3":13}}
{"TracerIdentity":"server1","TraceID":7019974165063228575,"Tag":"ReceiveTokenTrace","Body":{"Token":"p3NlcnZlcjLPYWv1T0kDXJ+Fp3NlcnZlcjEQpWNvb3JkGadzZXJ2ZXIzB6djbGllbnQxCqdzZXJ2ZXIyDQ=="},"VectorClock":{"client1":10,"coord":25,"server1":18,"server2":13,"server3":7}}
{"TracerIdentity":"server1","TraceID":7019974165063228575,"Tag":"AppendEntriesResponseRecvd","Body":{"Term":1,"Success":true,"Token":"p3NlcnZlcjLPYWv1T0kDXJ+Fp3NlcnZlcjEQpWNvb3JkGadzZXJ2ZXIzB6djbGllbnQxCqdzZXJ2ZXIyDQ=="},"VectorClock":{"client1":10,"coord":25,"server1":19,"server2":13,"server3":7}}
{"TracerIdentity":"server1","TraceID":2230790824713978798,"Tag":"ReceiveTokenTrace","Body":{"Token":"p3NlcnZlcjPPHvVcb5NHA66Fp3NlcnZlcjIHp2NsaWVudDEKp3NlcnZlcjMNpWNvb3JkGadzZXJ2ZXIxEQ=="},"VectorClock":{"client1":10,"coord":25,"server1":20,"server2":13,"server3":13}}
{"TracerIdentity":"server1","TraceID":2230790824713978798,"Tag":"AppendEntriesResponseRecvd","Body":{"Term":1,"Success":true,"Token":"p3NlcnZlcjPPHvVcb5NHA66Fp3NlcnZlcjIHp2NsaWVudDEKp3NlcnZlcjMNpWNvb3JkGadzZXJ2ZXIxEQ=="},"VectorClock":{"client1":10,"coord":25,"server1":21,"server2":13,"server3":13}}
{"TracerIdentity":"server1","TraceID":1080866460626340326,"Tag":"PutCommitted","Body":{"ClientId":"1","OpId":1,"Key":"k0","Value":"val0"},"VectorClock":{"client1":10,"coord":25,"server1":22,"server2":13,"server3":13}}
{"TracerIdentity":"server1","TraceID":1080866460626340326,"Tag":"GenerateTokenTrace","Body":{"Token":"p3NlcnZlcjHPDwACUbtESeaFp3NlcnZlcjINp2NsaWVudDEKp3NlcnZlcjEXpWNvb3JkGadzZXJ2ZXIzDQ=="},"VectorClock":{"client1":10,"coord":25,"server1":23,"server2":13,"server3":13}}
{"TracerIdentity":"client1","TraceID":1080866460626340326,"Tag":"ReceiveTokenTrace","Body":{"Token":"p3NlcnZlcjHPDwACUbtESeaFp3NlcnZlcjINp2NsaWVudDEKp3NlcnZlcjEXpWNvb3JkGadzZXJ2ZXIzDQ=="},"VectorClock":{"client1":11,"coord":25,"server1":23,"server2":13,"server3":13}}
{"TracerIdentity":"client1","TraceID":1080866460626340326,"Tag":"PutResultRecvd","Body":{"OpId":1,"Key":"k0"},"VectorClock":{"client1":12,"coord":25,"server1":23,"server2":13,"server3":13}}
{"TracerIdentity":"client1","TraceID":7519471367144911940,"Tag":"CreateTrace","Body":{},"VectorClock":{"client1":13,"coord":25,"server1":23,"server2":13,"server3":13}}
{"TracerIdentity":"client1","TraceID":7519471367144911940,"Tag":"Get","Body":{"ClientId":"1","OpId":2,"Key":"k0"},"VectorClock":{"client1":14,"coord":25,"server1":23,"server2":13,"server3":13}}
{"TracerIdentity":"client1","TraceID":7519471367144911940,"Tag":"GenerateTokenTrace","Body":{"Token":"p2NsaWVudDHPaFqHXllktESFpWNvb3JkGadzZXJ2ZXIxF6dzZXJ2ZXIyDadzZXJ2ZXIzDadjbGllbnQxDw=="},"VectorClock":{"client1":15,"coord":25,"server1":23,"server2":13,"server3":13}}
{"TracerIdentity":"server1","TraceID":7519471367144911940,"Tag":"ReceiveTokenTrace","Body":{"Token":"p2NsaWVudDHPaFqHXllktESFpWNvb3JkGadzZXJ2ZXIxF6dzZXJ2ZXIyDadzZXJ2ZXIzDadjbGllbnQxDw=="},"VectorClock":{"client1":15,"coord":25,"server1":24,"server2":13,"server3":13}}
{"TracerIdentity":"server1","TraceID":7519471367144911940,"Tag":"GetRecvd","Body":{"ClientId":"1","OpId":2,"Key":"k0"},"VectorClock":{"client1":15,"coord":25,"server1":25,"server2":13,"server3":13}}
{"TracerIdentity":"server1","TraceID":5435883518924315074,"Tag":"CreateTrace","Body":{},"VectorClock":{"client1":15,"coord":25,"server1":26,"server2":13,"server3":13}}
{"TracerIdentity":"server1","TraceID":1058627398542855789,"Tag":"CreateTrace","Body":{},"VectorClock":{"client1":15,"coord":25,"server1":27,"server2":13,"server3":13}}
{"TracerIdentity":"server1","TraceID":1058627398542855789,"Tag":"AppendEntriesRequestSent","Body":{"Term":1,"LeaderId":1,"PrevLogIndex":1,"PrevLogTerm":1,"Entries":[{"Term":1,"Command":{"Kind":2,"Key":"k0","Val":"","ClientInfo":{"ClientId":"1","OpId":2}},"Index":2}],"LeaderCommit":1,"Token":""},"VectorClock":{"client1":15,"coord":25,"server1":28,"server2":13,"server3":13}}
{"TracerIdentity":"server1","TraceID":5435883518924315074,"Tag":"AppendEntriesRequestSent","Body":{"Term":1,"LeaderId":1,"PrevLogIndex":1,"PrevLogTerm":1,"Entries":[{"Term":1,"Command":{"Kind":2,"Key":"k0","Val":"","ClientInfo":{"ClientId":"1","OpId":2}},"Index":2}],"LeaderCommit":1,"Token":""},"VectorClock":{"client1":15,"coord":25,"server1":29,"server2":13,"server3":13}}
{"TracerIdentity":"server1","TraceID":5435883518924315074,"Tag":"GenerateTokenTrace","Body":{"Token":"p3NlcnZlcjHPS3AjQoniWcKFp3NlcnZlcjEepWNvb3JkGadzZXJ2ZXIzDadzZXJ2ZXIyDadjbGllbnQxDw=="},"VectorClock":{"client1":15,"coord":25,"server1":30,"server2":13,"server3":13}}
{"TracerIdentity":"server1","TraceID":1058627398542855789,"Tag":"GenerateTokenTrace","Body":{"Token":"p3NlcnZlcjHPDrEAApekjm2Fp2NsaWVudDEPp3NlcnZlcjEfpWNvb3JkGadzZXJ2ZXIzDadzZXJ2ZXIyDQ=="},"VectorClock":{"client1":15,"coord":25,"server1":31,"server2":13,"server3":13}}
{"TracerIdentity":"server2","TraceID":5435883518924315074,"Tag":"ReceiveTokenTrace","Body":{"Token":"p3NlcnZlcjHPS3AjQoniWcKFp3NlcnZlcjEepWNvb3JkGadzZXJ2ZXIzDadzZXJ2ZXIyDadjbGllbnQxDw=="},"VectorClock":{"client1":15,"coord":25,"server1":30,"server2":14,"server3":13}}
{"TracerIdentity":"server2","TraceID":5435883518924315074,"Tag":"AppendEntriesRequestRecvd","Body":{"Term":1,"LeaderId":1,"PrevLogIndex":1,"PrevLogTerm":1,"Entries":[{"Term":1,"Command":{"Kind":2,"Key":"k0","Val":"","ClientInfo":{"ClientId":"1","OpId":2}},"Index":2}],"LeaderCommit":1,"Token":"p3NlcnZlcjHPS3AjQoniWcKFp3NlcnZlcjEepWNvb3JkGadzZXJ2ZXIzDadzZXJ2ZXIyDadjbGllbnQxDw=="},"VectorClock":{"client1":15,"coord":25,"server1":30,"server2":15,"server3":13}}
{"TracerIdentity":"server3","TraceID":1058627398542855789,"Tag":"ReceiveTokenTrace","Body":{"Token":"p3NlcnZlcjHPDrEAApekjm2Fp2NsaWVudDEPp3NlcnZlcjEfpWNvb3JkGadzZXJ2ZXIzDadzZXJ2ZXIyDQ=="},"VectorClock":{"client1":15,"coord":25,"server1":31,"server2":13,"server3":14}}
{"TracerIdentity":"server2","TraceID":5435883518924315074,"Tag":"AppendEntriesResponseSent","Body":{"Term":1,"Success":true,"Token":null},"VectorClock":{"client1":15,"coord":25,"server1":30,"server2":16,"server3":13}}
{"TracerIdentity":"server3","TraceID":1058627398542855789,"Tag":"AppendEntriesRequestRecvd","Body":{"Term":1,"LeaderId":1,"PrevLogIndex":1,"PrevLogTerm":1,"Entries":[{"Term":1,"Command":{"Kind":2,"Key":"k0","Val":"","ClientInfo":{"ClientId":"1","OpId":2}},"Index":2}],"LeaderCommit":1,"Token":"p3NlcnZlcjHPDrEAApekjm2Fp2NsaWVudDEPp3NlcnZlcjEfpWNvb3JkGadzZXJ2ZXIzDadzZXJ2ZXIyDQ=="},"VectorClock":{"client1":15,"coord":25,"server1":31,"server2":13,"server3":15}}
{"TracerIdentity":"server3","TraceID":1058627398542855789,"Tag":"AppendEntriesResponseSent","Body":{"Term":1,"Success":true,"Token":null},"VectorClock":{"client1":15,"coord":25,"server1":31,"server2":13,"server3":16}}
{"TracerIdentity":"server2","TraceID":5435883518924315074,"Tag":"GenerateTokenTrace","Body":{"Token":"p3NlcnZlcjLPS3AjQoniWcKFpWNvb3JkGadzZXJ2ZXIzDadjbGllbnQxD6dzZXJ2ZXIyEadzZXJ2ZXIxHg=="},"VectorClock":{"client1":15,"coord":25,"server1":30,"server2":17,"server3":13}}
{"TracerIdentity":"server3","TraceID":1058627398542855789,"Tag":"GenerateTokenTrace","Body":{"Token":"p3NlcnZlcjPPDrEAApekjm2FpWNvb3JkGadzZXJ2ZXIxH6dzZXJ2ZXIyDadjbGllbnQxD6dzZXJ2ZXIzEQ=="},"VectorClock":{"client1":15,"coord":25,"server1":31,"server2":13,"server3":17}}
{"TracerIdentity":"server1","TraceID":5435883518924315074,"Tag":"ReceiveTokenTrace","Body":{"Token":"p3NlcnZlcjLPS3AjQoniWcKFpWNvb3JkGadzZXJ2ZXIzDadjbGllbnQxD6dzZXJ2ZXIyEadzZXJ2ZXIxHg=="},"VectorClock":{"client1":15,"coord":25,"server1":32,"server2":17,"server3":13}}
{"TracerIdentity":"server1","TraceID":5435883518924315074,"Tag":"AppendEntriesResponseRecvd","Body":{"Term":1,"Success":true,"Token":"p3NlcnZlcjLPS3AjQoniWcKFpWNvb3JkGadzZXJ2ZXIzDadjbGllbnQxD6dzZXJ2ZXIyEadzZXJ2ZXIxHg=="},"VectorClock":{"client1":15,"coord":25,"server1":33,"server2":17,"server3":13}}
{"TracerIdentity":"server1","TraceID":1058627398542855789,"Tag":"ReceiveTokenTrace","Body":{"Token":"p3NlcnZlcjPPDrEAApekjm2FpWNvb3JkGadzZXJ2ZXIxH6dzZXJ2ZXIyDadjbGllbnQxD6dzZXJ2ZXIzEQ=="},"VectorClock":{"client1":15,"coord":25,"server1":34,"server2":17,"server3":17}}
{"TracerIdentity":"server1","TraceID":1058627398542855789,"Tag":"AppendEntriesResponseRecvd","Body":{"Term":1,"Success":true,"Token":"p3NlcnZlcjPPDrEAApekjm2FpWNvb3JkGadzZXJ2ZXIxH6dzZXJ2ZXIyDadjbGllbnQxD6dzZXJ2ZXIzEQ=="},"VectorClock":{"client1":15,"coord":25,"server1":35,"server2":17,"server3":17}}
{"TracerIdentity":"server1","TraceID":7519471367144911940,"Tag":"GetCommitted","Body":{"ClientId":"1","OpId":2,"Key":"k0","Value":"val0"},"VectorClock":{"client1":15,"coord":25,"server1":36,"server2":17,"server3":17}}
{"TracerIdentity":"server1","TraceID":7519471367144911940,"Tag":"GenerateTokenTrace","Body":{"Token":"p3NlcnZlcjHPaFqHXllktESFp3NlcnZlcjMRp3NlcnZlcjIRp2NsaWVudDEPp3NlcnZlcjElpWNvb3JkGQ=="},"VectorClock":{"client1":15,"coord":25,"server1":37,"server2":17,"server3":17}}
{"TracerIdentity":"client1","TraceID":7519471367144911940,"Tag":"ReceiveTokenTrace","Body":{"Token":"p3NlcnZlcjHPaFqHXllktESFp3NlcnZlcjMRp3NlcnZlcjIRp2NsaWVudDEPp3NlcnZlcjElpWNvb3JkGQ=="},"VectorClock":{"client1":16,"coord":25,"server1":37,"server2":17,"server3":17}}
{"TracerIdentity":"client1","TraceID":7519471367144911940,"Tag":"GetResultRecvd","Body":{"OpId":2,"Key":"k0","Value":"val0"},"VectorClock":{"client1":17,"coord":25,"server1":37,"server2":17,"server3":17}}
{"TracerIdentity":"client2","TraceID":5392937009343474484,"Tag":"CreateTrace","Body":{},"VectorClock":{"client2":1}}
{"TracerIdentity":"client2","TraceID":5392937009343474484,"Tag":"GenerateTokenTrace","Body":{"Token":"p2NsaWVudDLPStePoxH5qzSBp2NsaWVudDIC"},"VectorClock":{"client2":2}}
{"TracerIdentity":"client2","TraceID":5392937009343474484,"Tag":"KvslibStart","Body":{"ClientId":"2"},"VectorClock":{"client2":3}}
{"TracerIdentity":"client2","TraceID":5392937009343474484,"Tag":"LeaderReq","Body":{"ClientId":"2"},"VectorClock":{"client2":4}}
{"TracerIdentity":"client2","TraceID":5392937009343474484,"Tag":"GenerateTokenTrace","Body":{"Token":"p2NsaWVudDLPStePoxH5qzSBp2NsaWVudDIF"},"VectorClock":{"client2":5}}
{"TracerIdentity":"coord","TraceID":5392937009343474484,"Tag":"ReceiveTokenTrace","Body":{"Token":"p2NsaWVudDLPStePoxH5qzSBp2NsaWVudDIF"},"VectorClock":{"client1":5,"client2":5,"coord":26,"server1":7,"server2":7,"server3":7}}
{"TracerIdentity":"coord","TraceID":5392937009343474484,"Tag":"LeaderReqRecvd","Body":{"ClientId":"2"},"VectorClock":{"client1":5,"client2":5,"coord":27,"server1":7,"server2":7,"server3":7}}
{"TracerIdentity":"coord","TraceID":5392937009343474484,"Tag":"LeaderRes","Body":{"ClientId":"2","ServerId":1},"VectorClock":{"client1":5,"client2":5,"coord":28,"server1":7,"server2":7,"server3":7}}
{"TracerIdentity":"coord","TraceID":5392937009343474484,"Tag":"GenerateTokenTrace","Body":{"Token":"pWNvb3Jkz0rXj6MR+as0hqdzZXJ2ZXIyB6dzZXJ2ZXIzB6djbGllbnQxBadjbGllbnQyBaVjb29yZB2nc2VydmVyMQc="},"VectorClock":{"client1":5,"client2":5,"coord":29,"server1":7,"server2":7,"server3":7}}
{"TracerIdentity":"client2","TraceID":5392937009343474484,"Tag":"ReceiveTokenTrace","Body":{"Token":"pWNvb3Jkz0rXj6MR+as0hqdzZXJ2ZXIyB6dzZXJ2ZXIzB6djbGllbnQxBadjbGllbnQyBaVjb29yZB2nc2VydmVyMQc="},"VectorClock":{"client1":5,"client2":6,"coord":29,"server1":7,"server2":7,"server3":7}}
{"TracerIdentity":"client2","TraceID":5392937009343474484,"Tag":"LeaderResRecvd","Body":{"ClientId":"2","ServerId":1},"VectorClock":{"client1":5,"client2":7,"coord":29,"server1":7,"server2":7,"server3":7}}
{"TracerIdentity":"client2","TraceID":9107821709447959085,"Tag":"CreateTrace","Body":{},"VectorClock":{"client1":5,"client2":8,"coord":29,"server1":7,"server2":7,"server3":7}}
{"TracerIdentity":"client2","TraceID":9107821709447959085,"Tag":"Put","Body":{"ClientId":"2","OpId":1,"Key":"k0","Value":"val0"},"VectorClock":{"client1":5,"client2":9,"coord":29,"server1":7,"server2":7,"server3":7}}
{"TracerIdentity":"client2","TraceID":9107821709447959085,"Tag":"GenerateTokenTrace","Body":{"Token":"p2NsaWVudDLPfmV7luU8ki2Gp3NlcnZlcjMHp2NsaWVudDEFp2NsaWVudDIKpWNvb3JkHadzZXJ2ZXIxB6dzZXJ2ZXIyBw=="},"VectorClock":{"client1":5,"client2":10,"coord":29,"server1":7,"server2":7,"server3":7}}
{"TracerIdentity":"server1","TraceID":9107821709447959085,"Tag":"ReceiveTokenTrace","Body":{"Token":"p2NsaWVudDLPfmV7luU8ki2Gp3NlcnZlcjMHp2NsaWVudDEFp2NsaWVudDIKpWNvb3JkHadzZXJ2ZXIxB6dzZXJ2ZXIyBw=="},"VectorClock":{"client1":15,"client2":10,"coord":29,"server1":38,"server2":17,"server3":17}}
{"TracerIdentity":"server1","TraceID":9107821709447959085,"Tag":"PutRecvd","Body":{"ClientId":"2","OpId":1,"Key":"k0","Value":"val0"},"VectorClock":{"client1":15,"client2":10,"coord":29,"server1":39,"server2":17,"server3":17}}
{"TracerIdentity":"server1","TraceID":2971148607848253800,"Tag":"CreateTrace","Body":{},"VectorClock":{"client1":15,"client2":10,"coord":29,"server1":40,"server2":17,"server3":17}}
{"TracerIdentity":"server1","TraceID":4341420008948509292,"Tag":"CreateTrace","Body":{},"VectorClock":{"client1":15,"client2":10,"coord":29,"server1":41,"server2":17,"server3":17}}
{"TracerIdentity":"server1","TraceID":4341420008948509292,"Tag":"AppendEntriesRequestSent","Body":{"Term":1,"LeaderId":1,"PrevLogIndex":2,"PrevLogTerm":1,"Entries":[{"Term":1,"Command":{"Kind":1,"Key":"k0","Val":"val0","ClientInfo":{"ClientId":"2","OpId":1}},"Index":3}],"LeaderCommit":2,"Token":""},"VectorClock":{"client1":15,"client2":10,"coord":29,"server1":42,"server2":17,"server3":17}}
{"TracerIdentity":"server1","TraceID":2971148607848253800,"Tag":"AppendEntriesRequestSent","Body":{"Term":1,"LeaderId":1,"PrevLogIndex":2,"PrevLogTerm":1,"Entries":[{"Term":1,"Command":{"Kind":1,"Key":"k0","Val":"val0","ClientInfo":{"ClientId":"2","OpId":1}},"Index":3}],"LeaderCommit":2,"Token":""},"VectorClock":{"client1":15,"client2":10,"coord":29,"server1":43,"server2":17,"server3":17}}
{"TracerIdentity":"server1","TraceID":2971148607848253800,"Tag":"GenerateTokenTrace","Body":{"Token":"p3NlcnZlcjHPKTuj6sGxCWiGp3NlcnZlcjEspWNvb3JkHadzZXJ2ZXIzEadzZXJ2ZXIyEadjbGllbnQxD6djbGllbnQyCg=="},"VectorClock":{"client1":15,"client2":10,"coord":29,"server1":44,"server2":17,"server3":17}}
{"TracerIdentity":"server1","TraceID":4341420008948509292,"Tag":"GenerateTokenTrace","Body":{"Token":"p3NlcnZlcjHPPD/Sfw4mKmyGp3NlcnZlcjEtpWNvb3JkHadzZXJ2ZXIzEadzZXJ2ZXIyEadjbGllbnQxD6djbGllbnQyCg=="},"VectorClock":{"client1":15,"client2":10,"coord":29,"server1":45,"server2":17,"server3":17}}
{"TracerIdentity":"server3","TraceID":4341420008948509292,"Tag":"ReceiveTokenTrace","Body":{"Token":"p3NlcnZlcjHPPD/Sfw4mKmyGp3NlcnZlcjEtpWNvb3JkHadzZXJ2ZXIzEadzZXJ2ZXIyEadjbGllbnQxD6djbGllbnQyCg=="},"VectorClock":{"client1":15,"client2":10,"coord":29,"server1":45,"server2":17,"server3":18}}
{"TracerIdentity":"server2","TraceID":2971148607848253800,"Tag":"ReceiveTokenTrace","Body":{"Token":"p3NlcnZlcjHPKTuj6sGxCWiGp3NlcnZlcjEspWNvb3JkHadzZXJ2ZXIzEadzZXJ2ZXIyEadjbGllbnQxD6djbGllbnQyCg=="},"VectorClock":{"client1":15,"client2":10,"coord":29,"server1":44,"server2":18,"server3":17}}
{"TracerIdentity":"server3","TraceID":4341420008948509292,"Tag":"AppendEntriesRequestRecvd","Body":{"Term":1,"LeaderId":1,"PrevLogIndex":2,"PrevLogTerm":1,"Entries":[{"Term":1,"Command":{"Kind":1,"Key":"k0","Val":"val0","ClientInfo":{"ClientId":"2","OpId":1}},"Index":3}],"LeaderCommit":2,"Token":"p3NlcnZlcjHPPD/Sfw4mKmyGp3NlcnZlcjEtpWNvb3JkHadzZXJ2ZXIzEadzZXJ2ZXIyEadjbGllbnQxD6djbGllbnQyCg=="},"VectorClock":{"client1":15,"client2":10,"coord":29,"server1":45,"server2":17,"server3":19}}
{"TracerIdentity":"server2","TraceID":2971148607848253800,"Tag":"AppendEntriesRequestRecvd","Body":{"Term":1,"LeaderId":1,"PrevLogIndex":2,"PrevLogTerm":1,"Entries":[{"Term":1,"Command":{"Kind":1,"Key":"k0","Val":"val0","ClientInfo":{"ClientId":"2","OpId":1}},"Index":3}],"LeaderCommit":2,"Token":"p3NlcnZlcjHPKTuj6sGxCWiGp3NlcnZlcjEspWNvb3JkHadzZXJ2ZXIzEadzZXJ2ZXIyEadjbGllbnQxD6djbGllbnQyCg=="},"VectorClock":{"client1":15,"client2":10,"coord":29,"server1":44,"server2":19,"server3":17}}
{"TracerIdentity":"server3","TraceID":4341420008948509292,"Tag":"AppendEntriesResponseSent","Body":{"Term":1,"Success":true,"Token":null},"VectorClock":{"client1":15,"client2":10,"coord":29,"server1":45,"server2":17,"server3":20}}
{"TracerIdentity":"server2","TraceID":2971148607848253800,"Tag":"AppendEntriesResponseSent","Body":{"Term":1,"Success":true,"Token":null},"VectorClock":{"client1":15,"client2":10,"coord":29,"server1":44,"server2":20,"server3":17}}
{"TracerIdentity":"server3","TraceID":4341420008948509292,"Tag":"GenerateTokenTrace","Body":{"Token":"p3NlcnZlcjPPPD/Sfw4mKmyGp3NlcnZlcjMVpWNvb3JkHadzZXJ2ZXIxLadzZXJ2ZXIyEadjbGllbnQxD6djbGllbnQyCg=="},"VectorClock":{"client1":15,"client2":10,"coord":29,"server1":45,"server2":17,"server3":21}}
{"TracerIdentity":"server2","TraceID":2971148607848253800,"Tag":"GenerateTokenTrace","Body":{"Token":"p3NlcnZlcjLPKTuj6sGxCWiGp3NlcnZlcjIVp3NlcnZlcjEspWNvb3JkHadzZXJ2ZXIzEadjbGllbnQxD6djbGllbnQyCg=="},"VectorClock":{"client1":15,"client2":10,"coord":29,"server1":44,"server2":21,"server3":17}}
{"TracerIdentity":"server1","TraceID":4341420008948509292,"Tag":"ReceiveTokenTrace","Body":{"Token":"p3NlcnZlcjPPPD/Sfw4mKmyGp3NlcnZlcjMVpWNvb3JkHadzZXJ2ZXIxLadzZXJ2ZXIyEadjbGllbnQxD6djbGllbnQyCg=="},"VectorClock":{"client1":15,"client2":10,"coord":29,"server1":46,"server2":17,"server3":21}}
{"TracerIdentity":"server1","TraceID":4341420008948509292,"Tag":"AppendEntriesResponseRecvd","Body":{"Term":1,"Success":true,"Token":"p3NlcnZlcjPPPD/Sfw4mKmyGp3NlcnZlcjMVpWNvb3JkHadzZXJ2ZXIxLadzZXJ2ZXIyEadjbGllbnQxD6djbGllbnQyCg=="},"VectorClock":{"client1":15,"client2":10,"coord":29,"server1":47,"server2":17,"server3":21}}
{"TracerIdentity":"server1","TraceID":2971148607848253800,"Tag":"ReceiveTokenTrace","Body":{"Token":"p3NlcnZlcjLPKTuj6sGxCWiGp3NlcnZlcjIVp3NlcnZlcjEspWNvb3JkHadzZXJ2ZXIzEadjbGllbnQxD6djbGllbnQyCg=="},"VectorClock":{"client1":15,"client2":10,"coord":29,"server1":48,"server2":21,"server3":21}}
{"TracerIdentity":"server1","TraceID":2971148607848253800,"Tag":"AppendEntriesResponseRecvd","Body":{"Term":1,"Success":true,"Token":"p3NlcnZlcjLPKTuj6sGxCWiGp3NlcnZlcjIVp3NlcnZlcjEspWNvb3JkHadzZXJ2ZXIzEadjbGllbnQxD6djbGllbnQyCg=="},"VectorClock":{"client1":15,"client2":10,"coord":29,"server1":49,"server2":21,"server3":21}}
{"TracerIdentity":"server1","TraceID":9107821709447959085,"Tag":"PutCommitted","Body":{"ClientId":"2","OpId":1,"Key":"k0","Value":"val0"},"VectorClock":{"client1":15,"client2":10,"coord":29,"server1":50,"server2":21,"server3":21}}
{"TracerIdentity":"server1","TraceID":9107821709447959085,"Tag":"GenerateTokenTrace","Body":{"Token":"p3NlcnZlcjHPfmV7luU8ki2GpWNvb3JkHadzZXJ2ZXIzFadzZXJ2ZXIyFadjbGllbnQxD6djbGllbnQyCqdzZXJ2ZXIxMw=="},"VectorClock":{"client1":15,"client2":10,"coord":29,"server1":51,"server2":21,"server3":21}}
{"TracerIdentity":"client2","TraceID":9107821709447959085,"Tag":"ReceiveTokenTrace","Body":{"Token":"p3NlcnZlcjHPfmV7luU8ki2GpWNvb3JkHadzZXJ2ZXIzFadzZXJ2ZXIyFadjbGllbnQxD6djbGllbnQyCqdzZXJ2ZXIxMw=="},"VectorClock":{"client1":15,"client2":11,"coord":29,"server1":51,"server2":21,"server3":21}}
{"TracerIdentity":"client2","TraceID":9107821709447959085,"Tag":"PutResultRecvd","Body":{"OpId":1,"Key":"k0"},"VectorClock":{"client1":15,"client2":12,"coord":29,"server1":51,"server2":21,"server3":21}}
{"TracerIdentity":"client2","TraceID":3054814100523628442,"Tag":"CreateTrace","Body":{},"VectorClock":{"client1":15,"client2":13,"coord":29,"server1":51,"server2":21,"server3":21}}
{"TracerIdentity":"client2","TraceID":3054814100523628442,"Tag":"Get","Body":{"ClientId":"2","OpId":2,"Key":"k0"},"VectorClock":{"client1":15,"client2":14,"coord":29,"server1":51,"server2":21,"server3":21}}
{"TracerIdentity":"client2","TraceID":3054814100523628442,"Tag":"GenerateTokenTrace","Body":{"Token":"p2NsaWVudDLPKmThPUSQt5qGp2NsaWVudDIPpWNvb3JkHadzZXJ2ZXIxM6dzZXJ2ZXIyFadzZXJ2ZXIzFadjbGllbnQxDw=="},"VectorClock":{"client1":15,"client2":15,"coord":29,"server1":51,"server2":21,"server3":21}}
{"TracerIdentity":"server1","TraceID":3054814100523628442,"Tag":"ReceiveTokenTrace","Body":{"Token":"p2NsaWVudDLPKmThPUSQt5qGp2NsaWVudDIPpWNvb3JkHadzZXJ2ZXIxM6dzZXJ2ZXIyFadzZXJ2ZXIzFadjbGllbnQxDw=="},"VectorClock":{"client1":15,"client2":15,"coord":29,"server1":52,"server2":21,"server3":21}}
{"TracerIdentity":"server1","TraceID":3054814100523628442,"Tag":"GetRecvd","Body":{"ClientId":"2","OpId":2,"Key":"k0"},"VectorClock":{"client1":15,"client2":15,"coord":29,"server1":53,"server2":21,"server3":21}}
{"TracerIdentity":"server1","TraceID":5158014540225640462,"Tag":"CreateTrace","Body":{},"VectorClock":{"client1":15,"client2":15,"coord":29,"server1":54,"server2":21,"server3":21}}
{"TracerIdentity":"server1","TraceID":4090225952140526267,"Tag":"CreateTrace","Body":{},"VectorClock":{"client1":15,"client2":15,"coord":29,"server1":55,"server2":21,"server3":21}}
{"TracerIdentity":"server1","TraceID":4090225952140526267,"Tag":"AppendEntriesRequestSent","Body":{"Term":1,"LeaderId":1,"PrevLogIndex":3,"PrevLogTerm":1,"Entries":[{"Term":1,"Command":{"Kind":2,"Key":"k0","Val":"","ClientInfo":{"ClientId":"2","OpId":2}},"Index":4}],"LeaderCommit":3,"Token":""},"VectorClock":{"client1":15,"client2":15,"coord":29,"server1":56,"server2":21,"server3":21}}
{"TracerIdentity":"server1","TraceID":5158014540225640462,"Tag":"AppendEntriesRequestSent","Body":{"Term":1,"LeaderId":1,"PrevLogIndex":3,"PrevLogTerm":1,"Entries":[{"Term":1,"Command":{"Kind":2,"Key":"k0","Val":"","ClientInfo":{"ClientId":"2","OpId":2}},"Index":4}],"LeaderCommit":3,"Token":""},"VectorClock":{"client1":15,"client2":15,"coord":29,"server1":57,"server2":21,"server3":21}}
{"TracerIdentity":"server1","TraceID":5158014540225640462,"Tag":"GenerateTokenTrace","Body":{"Token":"p3NlcnZlcjHPR5Ty5WBy+A6GpWNvb3JkHadzZXJ2ZXIzFadzZXJ2ZXIyFadjbGllbnQxD6djbGllbnQyD6dzZXJ2ZXIxOg=="},"VectorClock":{"client1":15,"client2":15,"coord":29,"server1":58,"server2":21,"server3":21}}
{"TracerIdentity":"server1","TraceID":4090225952140526267,"Tag":"GenerateTokenTrace","Body":{"Token":"p3NlcnZlcjHPOMNm1SBrgruGp3NlcnZlcjE7pWNvb3JkHadzZXJ2ZXIzFadzZXJ2ZXIyFadjbGllbnQxD6djbGllbnQyDw=="},"VectorClock":{"client1":15,"client2":15,"coord":29,"server1":59,"server2":21,"server3":21}}
{"TracerIdentity":"server2","TraceID":5158014540225640462,"Tag":"ReceiveTokenTrace","Body":{"Token":"p3NlcnZlcjHPR5Ty5WBy+A6GpWNvb3JkHadzZXJ2ZXIzFadzZXJ2ZXIyFadjbGllbnQxD6djbGllbnQyD6dzZXJ2ZXIxOg=="},"VectorClock":{"client1":15,"client2":15,"coord":29,"server1":58,"server2":22,"server3":21}}
{"TracerIdentity":"server3","TraceID":4090225952140526267,"Tag":"ReceiveTokenTrace","Body":{"Token":"p3NlcnZlcjHPOMNm1SBrgruGp3NlcnZlcjE7pWNvb3JkHadzZXJ2ZXIzFadzZXJ2ZXIyFadjbGllbnQxD6djbGllbnQyDw=="},"VectorClock":{"client1":15,"client2":15,"coord":29,"server1":59,"server2":21,"server3":22}}
{"TracerIdentity":"server2","TraceID":5158014540225640462,"Tag":"AppendEntriesRequestRecvd","Body":{"Term":1,"LeaderId":1,"PrevLogIndex":3,"PrevLogTerm":1,"Entries":[{"Term":1,"Command":{"Kind":2,"Key":"k0","Val":"","ClientInfo":{"ClientId":"2","OpId":2}},"Index":4}],"LeaderCommit":3,"Token":"p3NlcnZlcjHPR5Ty5WBy+A6GpWNvb3JkHadzZXJ2ZXIzFadzZXJ2ZXIyFadjbGllbnQxD6djbGllbnQyD6dzZXJ2ZXIxOg=="},"VectorClock":{"client1":15,"client2":15,"coord":29,"server1":58,"server2":23,"server3":21}}
{"TracerIdentity":"server3","TraceID":4090225952140526267,"Tag":"AppendEntriesRequestRecvd","Body":{"Term":1,"LeaderId":1,"PrevLogIndex":3,"PrevLogTerm":1,"Entries":[{"Term":1,"Command":{"Kind":2,"Key":"k0","Val":"","ClientInfo":{"ClientId":"2","OpId":2}},"Index":4}],"LeaderCommit":3,"Token":"p3NlcnZlcjHPOMNm1SBrgruGp3NlcnZlcjE7pWNvb3JkHadzZXJ2ZXIzFadzZXJ2ZXIyFadjbGllbnQxD6djbGllbnQyDw=="},"VectorClock":{"client1":15,"client2":15,"coord":29,"server1":59,"server2":21,"server3":23}}
{"TracerIdentity":"server2","TraceID":5158014540225640462,"Tag":"AppendEntriesResponseSent","Body":{"Term":1,"Success":true,"Token":null},"VectorClock":{"client1":15,"client2":15,"coord":29,"server1":58,"server2":24,"server3":21}}
{"TracerIdentity":"server2","TraceID":5158014540225640462,"Tag":"GenerateTokenTrace","Body":{"Token":"p3NlcnZlcjLPR5Ty5WBy+A6Gp2NsaWVudDIPp3NlcnZlcjIZp3NlcnZlcjE6pWNvb3JkHadzZXJ2ZXIzFadjbGllbnQxDw=="},"VectorClock":{"client1":15,"client2":15,"coord":29,"server1":58,"server2":25,"server3":21}}
{"TracerIdentity":"server3","TraceID":4090225952140526267,"Tag":"AppendEntriesResponseSent","Body":{"Term":1,"Success":true,"Token":null},"VectorClock":{"client1":15,"client2":15,"coord":29,"server1":59,"server2":21,"server3":24}}
{"TracerIdentity":"server1","TraceID":5158014540225640462,"Tag":"ReceiveTokenTrace","Body":{"Token":"p3NlcnZlcjLPR5Ty5WBy+A6Gp2NsaWVudDIPp3NlcnZlcjIZp3NlcnZlcjE6pWNvb3JkHadzZXJ2ZXIzFadjbGllbnQxDw=="},"VectorClock":{"client1":15,"client2":15,"coord":29,"server1":60,"server2":25,"server3":21}}
{"TracerIdentity":"server3","TraceID":4090225952140526267,"Tag":"GenerateTokenTrace","Body":{"Token":"p3NlcnZlcjPPOMNm1SBrgruGp3NlcnZlcjMZpWNvb3JkHadzZXJ2ZXIxO6dzZXJ2ZXIyFadjbGllbnQxD6djbGllbnQyDw=="},"VectorClock":{"client1":15,"client2":15,"coord":29,"server1":59,"server2":21,"server3":25}}
{"TracerIdentity":"server1","TraceID":5158014540225640462,"Tag":"AppendEntriesResponseRecvd","Body":{"Term":1,"Success":true,"Token":"p3NlcnZlcjLPR5Ty5WBy+A6Gp2NsaWVudDIPp3NlcnZlcjIZp3NlcnZlcjE6pWNvb3JkHadzZXJ2ZXIzFadjbGllbnQxDw=="},"VectorClock":{"client1":15,"client2":15,"coord":29,"server1":61,"server2":25,"server3":21}}
{"TracerIdentity":"server1","TraceID":4090225952140526267,"Tag":"ReceiveTokenTrace","Body":{"Token":"p3NlcnZlcjPPOMNm1SBrgruGp3NlcnZlcjMZpWNvb3JkHadzZXJ2ZXIxO6dzZXJ2ZXIyFadjbGllbnQxD6djbGllbnQyDw=="},"VectorClock":{"client1":15,"client2":15,"coord":29,"server1":62,"server2":25,"server3":25}}
{"TracerIdentity":"server1","TraceID":4090225952140526267,"Tag":"AppendEntriesResponseRecvd","Body":{"Term":1,"Success":true,"Token":"p3NlcnZlcjPPOMNm1SBrgruGp3NlcnZlcjMZpWNvb3JkHadzZXJ2ZXIxO6dzZXJ2ZXIyFadjbGllbnQxD6djbGllbnQyDw=="},"VectorClock":{"client1":15,"client2":15,"coord":29,"server1":63,"server2":25,"server3":25}}
{"TracerIdentity":"server1","TraceID":3054814100523628442,"Tag":"GetCommitted","Body":{"ClientId":"2","OpId":2,"Key":"k0","Value":"val0"},"VectorClock":{"client1":15,"client2":15,"coord":29,"server1":64,"server2":25,"server3":25}}
{"TracerIdentity":"server1","TraceID":3054814100523628442,"Tag":"GenerateTokenTrace","Body":{"Token":"p3NlcnZlcjHPKmThPUSQt5qGp2NsaWVudDIPp3NlcnZlcjFBpWNvb3JkHadzZXJ2ZXIzGadzZXJ2ZXIyGadjbGllbnQxDw=="},"VectorClock":{"client1":15,"client2":15,"coord":29,"server1":65,"server2":25,"server3":25}}
{"TracerIdentity":"client2","TraceID":3054814100523628442,"Tag":"ReceiveTokenTrace","Body":{"Token":"p3NlcnZlcjHPKmThPUSQt5qGp2NsaWVudDIPp3NlcnZlcjFBpWNvb3JkHadzZXJ2ZXIzGadzZXJ2ZXIyGadjbGllbnQxDw=="},"VectorClock":{"client1":15,"client2":16,"coord":29,"server1":65,"server2":25,"server3":25}}
{"TracerIdentity":"client2","TraceID":3054814100523628442,"Tag":"GetResultRecvd","Body":{"OpId":2,"Key":"k0","Value":"val0"},"VectorClock":{"client1":15,"client2":17,"coord":29,"server1":65,"server2":25,"server3":25}}
{"TracerIdentity":"coord","TraceID":3046517722882811894,"Tag":"ServerFail","Body":{"ServerId":3},"VectorClock":{"client1":5,"client2":5,"coord":30,"server1":7,"server2":7,"server3":7}}
{"TracerIdentity":"coord","TraceID":3046517722882811894,"Tag":"NewClusterView","Body":{"View":"AgE="},"VectorClock":{"client1":5,"client2":5,"coord":31,"server1":7,"server2":7,"server3":7}}
{"TracerIdentity":"coord","TraceID":3046517722882811894,"Tag":"ServerFail","Body":{"ServerId":2},"VectorClock":{"client1":5,"client2":5,"coord":32,"server1":7,"server2":7,"server3":7}}
{"TracerIdentity":"coord","TraceID":3046517722882811894,"Tag":"NewClusterView","Body":{"View":"AQ=="},"VectorClock":{"client1":5,"client2":5,"coord":33,"server1":7,"server2":7,"server3":7}}
{"TracerIdentity":"server1","TraceID":8799389212362248650,"Tag":"CreateTrace","Body":{},"VectorClock":{"client1":15,"client2":15,"coord":29,"server1":66,"server2":25,"server3":25}}
{"TracerIdentity":"server1","TraceID":8707290268061850981,"Tag":"CreateTrace","Body":{},"VectorClock":{"client1":15,"client2":15,"coord":29,"server1":67,"server2":25,"server3":25}}
{"TracerIdentity":"server1","TraceID":8707290268061850981,"Tag":"AppendEntriesRequestSent","Body":{"Term":1,"LeaderId":1,"PrevLogIndex":4,"PrevLogTerm":1,"Entries":null,"LeaderCommit":4,"Token":null},"VectorClock":{"client1":15,"client2":15,"coord":29,"server1":68,"server2":25,"server3":25}}
{"TracerIdentity":"server1","TraceID":8707290268061850981,"Tag":"GenerateTokenTrace","Body":{"Token":"p3NlcnZlcjHPeNaCXZgK3WWGp3NlcnZlcjMZp3NlcnZlcjIZp2NsaWVudDEPp2NsaWVudDIPp3NlcnZlcjFFpWNvb3JkHQ=="},"VectorClock":{"client1":15,"client2":15,"coord":29,"server1":69,"server2":25,"server3":25}}
{"TracerIdentity":"server1","TraceID":8799389212362248650,"Tag":"AppendEntriesRequestSent","Body":{"Term":1,"LeaderId":1,"PrevLogIndex":4,"PrevLogTerm":1,"Entries":null,"LeaderCommit":4,"Token":null},"VectorClock":{"client1":15,"client2":15,"coord":29,"server1":70,"server2":25,"server3":25}}
{"TracerIdentity":"server1","TraceID":8799389212362248650,"Tag":"GenerateTokenTrace","Body":{"Token":"p3NlcnZlcjHPeh213hNBkcqGp3NlcnZlcjFHpWNvb3JkHadzZXJ2ZXIzGadzZXJ2ZXIyGadjbGllbnQxD6djbGllbnQyDw=="},"VectorClock":{"client1":15,"client2":15,"coord":29,"server1":71,"server2":25,"server3":25}}
{"TracerIdentity":"client1","TraceID":8217692994898214605,"Tag":"CreateTrace","Body":{},"VectorClock":{"client1":18,"coord":25,"server1":37,"server2":17,"server3":17}}
{"TracerIdentity":"client1","TraceID":8217692994898214605,"Tag":"Put","Body":{"ClientId":"1","OpId":3,"Key":"k1","Value":"val1"},"VectorClock":{"client1":19,"coord":25,"server1":37,"server2":17,"server3":17}}
{"TracerIdentity":"client1","TraceID":8217692994898214605,"Tag":"GenerateTokenTrace","Body":{"Token":"p2NsaWVudDHPcgscPVofvs2Fp3NlcnZlcjMRp2NsaWVudDEUpWNvb3JkGadzZXJ2ZXIxJadzZXJ2ZXIyEQ=="},"VectorClock":{"client1":20,"coord":25,"server1":37,"server2":17,"server3":17}}
{"TracerIdentity":"server1","TraceID":8217692994898214605,"Tag":"ReceiveTokenTrace","Body":{"Token":"p2NsaWVudDHPcgscPVofvs2Fp3NlcnZlcjMRp2NsaWVudDEUpWNvb3JkGadzZXJ2ZXIxJadzZXJ2ZXIyEQ=="},"VectorClock":{"client1":20,"client2":15,"coord":29,"server1":72,"server2":25,"server3":25}}
{"TracerIdentity":"server1","TraceID":8217692994898214605,"Tag":"PutRecvd","Body":{"ClientId":"1","OpId":3,"Key":"k1","Value":"val1"},"VectorClock":{"client1":20,"client2":15,"coord":29,"server1":73,"server2":25,"server3":25}}
{"TracerIdentity":"server1","TraceID":1484325486221154365,"Tag":"CreateTrace","Body":{},"VectorClock":{"client1":20,"client2":15,"coord":29,"server1":74,"server2":25,"server3":25}}
{"TracerIdentity":"server1","TraceID":2413322664985291019,"Tag":"CreateTrace","Body":{},"VectorClock":{"client1":20,"client2":15,"coord":29,"server1":75,"server2":25,"server3":25}}
{"TracerIdentity":"server1","TraceID":2413322664985291019,"Tag":"AppendEntriesRequestSent","Body":{"Term":1,"LeaderId":1,"PrevLogIndex":4,"PrevLogTerm":1,"Entries":[{"Term":1,"Command":{"Kind":1,"Key":"k1","Val":"val1","ClientInfo":{"ClientId":"1","OpId":3}},"Index":5}],"LeaderCommit":4,"Token":""},"VectorClock":{"client1":20,"client2":15,"coord":29,"server1":76,"server2":25,"server3":25}}
{"TracerIdentity":"server1","TraceID":2413322664985291019,"Tag":"GenerateTokenTrace","Body":{"Token":"p3NlcnZlcjHPIX3YLW7Y6QuGp3NlcnZlcjMZp3NlcnZlcjIZp2NsaWVudDEUp2NsaWVudDIPp3NlcnZlcjFNpWNvb3JkHQ=="},"VectorClock":{"client1":20,"client2":15,"coord":29,"server1":77,"server2":25,"server3":25}}
{"TracerIdentity":"server1","TraceID":1484325486221154365,"Tag":"AppendEntriesRequestSent","Body":{"Term":1,"LeaderId":1,"PrevLogIndex":4,"PrevLogTerm":1,"Entries":[{"Term":1,"Command":{"Kind":1,"Key":"k1","Val":"val1","ClientInfo":{"ClientId":"1","OpId":3}},"Index":5}],"LeaderCommit":4,"Token":""},"VectorClock":{"client1":20,"client2":15,"coord":29,"server1":78,"server2":25,"server3":25}}
{"TracerIdentity":"server1","TraceID":1484325486221154365,"Tag":"GenerateTokenTrace","Body":{"Token":"p3NlcnZlcjHPFJliKllFWD2GpWNvb3JkHadzZXJ2ZXIzGadzZXJ2ZXIyGadjbGllbnQxFKdjbGllbnQyD6dzZXJ2ZXIxTw=="},"VectorClock":{"client1":20,"client2":15,"coord":29,"server1":79,"server2":25,"server3":25}}
{"TracerIdentity":"client2","TraceID":271143097954253594,"Tag":"CreateTrace","Body":{},"VectorClock":{"client1":15,"client2":18,"coord":29,"server1":65,"server2":25,"server3":25}}
{"TracerIdentity":"client2","TraceID":271143097954253594,"Tag":"Put","Body":{"ClientId":"2","OpId":3,"Key":"k1","Value":"val1"},"VectorClock":{"client1":15,"client2":19,"coord":29,"server1":65,"server2":25,"server3":25}}
{"TracerIdentity":"client2","TraceID":271143097954253594,"Tag":"GenerateTokenTrace","Body":{"Token":"p2NsaWVudDLPA8NLNgTcuxqGp2NsaWVudDEPp2NsaWVudDIUpWNvb3JkHadzZXJ2ZXIxQadzZXJ2ZXIyGadzZXJ2ZXIzGQ=="},"VectorClock":{"client1":15,"client2":20,"coord":29,"server1":65,"server2":25,"server3":25}}
{"TracerIdentity":"server1","TraceID":271143097954253594,"Tag":"ReceiveTokenTrace","Body":{"Token":"p2NsaWVudDLPA8NLNgTcuxqGp2NsaWVudDEPp2NsaWVudDIUpWNvb3JkHadzZXJ2ZXIxQadzZXJ2ZXIyGadzZXJ2ZXIzGQ=="},"VectorClock":{"client1":20,"client2":20,"coord":29,"server1":80,"server2":25,"server3":25}}
{"TracerIdentity":"server1","TraceID":271143097954253594,"Tag":"PutRecvd","Body":{"ClientId":"2","OpId":3,"Key":"k1","Value":"val1"},"VectorClock":{"client1":20,"client2":20,"coord":29,"server1":81,"server2":25,"server3":25}}
{"TracerIdentity":"server1","TraceID":1967705903659390013,"Tag":"CreateTrace","Body":{},"VectorClock":{"client1":20,"client2":20,"coord":29,"server1":82,"server2":25,"server3":25}}
{"TracerIdentity":"server1","TraceID":530081047987772310,"Tag":"CreateTrace","Body":{},"VectorClock":{"client1":20,"client2":20,"coord":29,"server1":83,"server2":25,"server3":25}}
{"TracerIdentity":"server1","TraceID":530081047987772310,"Tag":"AppendEntriesRequestSent","Body":{"Term":1,"LeaderId":1,"PrevLogIndex":5,"PrevLogTerm":1,"Entries":null,"LeaderCommit":4,"Token":null},"VectorClock":{"client1":20,"client2":20,"coord":29,"server1":84,"server2":25,"server3":25}}
{"TracerIdentity":"server1","TraceID":530081047987772310,"Tag":"GenerateTokenTrace","Body":{"Token":"p3NlcnZlcjHPB1s555d6W5aGp3NlcnZlcjIZp2NsaWVudDEUp2NsaWVudDIUp3NlcnZlcjFVpWNvb3JkHadzZXJ2ZXIzGQ=="},"VectorClock":{"client1":20,"client2":20,"coord":29,"server1":85,"server2":25,"server3":25}}
{"TracerIdentity":"server1","TraceID":1967705903659390013,"Tag":"AppendEntriesRequestSent","Body":{"Term":1,"LeaderId":1,"PrevLogIndex":5,"PrevLogTerm":1,"Entries":null,"LeaderCommit":4,"Token":null},"VectorClock":{"client1":20,"client2":20,"coord":29,"server1":86,"server2":25,"server3":25}}
{"TracerIdentity":"server1","TraceID":1967705903659390013,"Tag":"GenerateTokenTrace","Body":{"Token":"p3NlcnZlcjHPG06yGBIOlD2Gp3NlcnZlcjFXpWNvb3JkHadzZXJ2ZXIzGadzZXJ2ZXIyGadjbGllbnQxFKdjbGllbnQyFA=="},"VectorClock":{"client1":20,"client2":20,"coord":29,"server1":87,"server2":25,"server3":25}}
{"TracerIdentity":"server1","TraceID":1681077424538078433,"Tag":"CreateTrace","Body":{},"VectorClock":{"client1":20,"client2":20,"coord":29,"server1":88,"server2":25,"server3":25}}
{"TracerIdentity":"server1","TraceID":8451957301102205490,"Tag":"CreateTrace","Body":{},"VectorClock":{"client1":20,"client2":20,"coord":29,"server1":89,"server2":25,"server3":25}}
{"TracerIdentity":"server1","TraceID":8451957301102205490,"Tag":"AppendEntriesRequestSent","Body":{"Term":1,"LeaderId":1,"PrevLogIndex":5,"PrevLogTerm":1,"Entries":null,"LeaderCommit":4,"Token":null},"VectorClock":{"client1":20,"client2":20,"coord":29,"server1":90,"server2":25,"server3":25}}
{"TracerIdentity":"server1","TraceID":8451957301102205490,"Tag":"GenerateTokenTrace","Body":{"Token":"p3NlcnZlcjHPdUtiYoz3WjKGp3NlcnZlcjFbpWNvb3JkHadzZXJ2ZXIzGadzZXJ2ZXIyGadjbGllbnQxFKdjbGllbnQyFA=="},"VectorClock":{"client1":20,"client2":20,"coord":29,"server1":91,"server2":25,"server3":25}}
{"TracerIdentity":"server1","TraceID":1681077424538078433,"Tag":"AppendEntriesRequestSent","Body":{"Term":1,"LeaderId":1,"PrevLogIndex":5,"PrevLogTerm":1,"Entries":null,"LeaderCommit":4,"Token":null},"VectorClock":{"client1":20,"client2":20,"coord":29,"server1":92,"server2":25,"server3":25}}
{"TracerIdentity":"server1","TraceID":1681077424538078433,"Tag":"GenerateTokenTrace","Body":{"Token":"p3NlcnZlcjHPF1RjAsmFTOGGp3NlcnZlcjFdpWNvb3JkHadzZXJ2ZXIzGadzZXJ2ZXIyGadjbGllbnQxFKdjbGllbnQyFA=="},"VectorClock":{"client1":20,"client2":20,"coord":29,"server1":93,"server2":25,"server3":25}}
