{"TracerIdentity":"coord","TraceID":7804235958313504031,"Tag":"CreateTrace","Body":{},"VectorClock":{"coord":1}}
{"TracerIdentity":"coord","TraceID":7804235958313504031,"Tag":"CoordStart","Body":{},"VectorClock":{"coord":2}}
{"TracerIdentity":"client2","TraceID":7401998442767600878,"Tag":"CreateTrace","Body":{},"VectorClock":{"client2":1}}
{"TracerIdentity":"client2","TraceID":7401998442767600878,"Tag":"GenerateTokenTrace","Body":{"Token":"p2NsaWVudDLPZrkuXcEoTO6Bp2NsaWVudDIC"},"VectorClock":{"client2":2}}
{"TracerIdentity":"client2","TraceID":7401998442767600878,"Tag":"KvslibStart","Body":{"ClientId":"2"},"VectorClock":{"client2":3}}
{"TracerIdentity":"client2","TraceID":7401998442767600878,"Tag":"LeaderReq","Body":{"ClientId":"2"},"VectorClock":{"client2":4}}
{"TracerIdentity":"client2","TraceID":7401998442767600878,"Tag":"GenerateTokenTrace","Body":{"Token":"p2NsaWVudDLPZrkuXcEoTO6Bp2NsaWVudDIF"},"VectorClock":{"client2":5}}
{"TracerIdentity":"client1","TraceID":4429675673713441190,"Tag":"CreateTrace","Body":{},"VectorClock":{"client1":1}}
{"TracerIdentity":"client1","TraceID":4429675673713441190,"Tag":"GenerateTokenTrace","Body":{"Token":"p2NsaWVudDHPPXlejkng+aaBp2NsaWVudDEC"},"VectorClock":{"client1":2}}
{"TracerIdentity":"client1","TraceID":4429675673713441190,"Tag":"KvslibStart","Body":{"ClientId":"1"},"VectorClock":{"client1":3}}
{"TracerIdentity":"client1","TraceID":4429675673713441190,"Tag":"LeaderReq","Body":{"ClientId":"1"},"VectorClock":{"client1":4}}
{"TracerIdentity":"client1","TraceID":4429675673713441190,"Tag":"GenerateTokenTrace","Body":{"Token":"p2NsaWVudDHPPXlejkng+aaBp2NsaWVudDEF"},"VectorClock":{"client1":5}}
{"TracerIdentity":"server3","TraceID":1168172316029545133,"Tag":"CreateTrace","Body":{},"VectorClock":{"server3":1}}
{"TracerIdentity":"server3","TraceID":1168172316029545133,"Tag":"ServerStart","Body":{"ServerId":3},"VectorClock":{"server3":2}}
{"TracerIdentity":"server3","TraceID":1168172316029545133,"Tag":"ServerJoining","Body":{"ServerId":3},"VectorClock":{"server3":3}}
{"TracerIdentity":"server3","TraceID":1168172316029545133,"Tag":"GenerateTokenTrace","Body":{"Token":"p3NlcnZlcjPPEDYuiD1i6q2Bp3NlcnZlcjME"},"VectorClock":{"server3":4}}
{"TracerIdentity":"coord","TraceID":1168172316029545133,"Tag":"ReceiveTokenTrace","Body":{"Token":"p3NlcnZlcjPPEDYuiD1i6q2Bp3NlcnZlcjME"},"VectorClock":{"coord":3,"server3":4}}
{"TracerIdentity":"coord","TraceID":1168172316029545133,"Tag":"ServerJoiningRecvd","Body":{"ServerId":3},"VectorClock":{"coord":4,"server3":4}}
{"TracerIdentity":"coord","TraceID":1168172316029545133,"Tag":"GenerateTokenTrace","Body":{"Token":"pWNvb3JkzxA2Log9YuqtgqdzZXJ2ZXIzBKVjb29yZAU="},"VectorClock":{"coord":5,"server3":4}}
{"TracerIdentity":"server3","TraceID":1168172316029545133,"Tag":"ReceiveTokenTrace","Body":{"Token":"pWNvb3JkzxA2Log9YuqtgqdzZXJ2ZXIzBKVjb29yZAU="},"VectorClock":{"coord":5,"server3":5}}
{"TracerIdentity":"server2","TraceID":1746330261307925272,"Tag":"CreateTrace","Body":{},"VectorClock":{"server2":1}}
{"TracerIdentity":"server2","TraceID":1746330261307925272,"Tag":"ServerStart","Body":{"ServerId":2},"VectorClock":{"server2":2}}
{"TracerIdentity":"server2","TraceID":1746330261307925272,"Tag":"ServerJoining","Body":{"ServerId":2},"VectorClock":{"server2":3}}
{"TracerIdentity":"server2","TraceID":1746330261307925272,"Tag":"GenerateTokenTrace","Body":{"Token":"p3NlcnZlcjLPGDw2HsXGIxiBp3NlcnZlcjIE"},"VectorClock":{"server2":4}}
{"TracerIdentity":"coord","TraceID":1746330261307925272,"Tag":"ReceiveTokenTrace","Body":{"Token":"p3NlcnZlcjLPGDw2HsXGIxiBp3NlcnZlcjIE"},"VectorClock":{"coord":6,"server2":4,"server3":4}}
{"TracerIdentity":"coord","TraceID":1746330261307925272,"Tag":"ServerJoiningRecvd","Body":{"ServerId":2},"VectorClock":{"coord":7,"server2":4,"server3":4}}
{"TracerIdentity":"coord","TraceID":1746330261307925272,"Tag":"GenerateTokenTrace","Body":{"Token":"pWNvb3Jkzxg8Nh7FxiMYg6dzZXJ2ZXIzBKdzZXJ2ZXIyBKVjb29yZAg="},"VectorClock":{"coord":8,"server2":4,"server3":4}}
{"TracerIdentity":"server2","TraceID":1746330261307925272,"Tag":"ReceiveTokenTrace","Body":{"Token":"pWNvb3Jkzxg8Nh7FxiMYg6dzZXJ2ZXIzBKdzZXJ2ZXIyBKVjb29yZAg="},"VectorClock":{"coord":8,"server2":5,"server3":4}}
{"TracerIdentity":"server1","TraceID":2572079135474306195,"Tag":"CreateTrace","Body":{},"VectorClock":{"server1":1}}
{"TracerIdentity":"server1","TraceID":2572079135474306195,"Tag":"ServerStart","Body":{"ServerId":1},"VectorClock":{"server1":2}}
{"TracerIdentity":"server1","TraceID":2572079135474306195,"Tag":"ServerJoining","Body":{"ServerId":1},"VectorClock":{"server1":3}}
{"TracerIdentity":"server1","TraceID":2572079135474306195,"Tag":"GenerateTokenTrace","Body":{"Token":"p3NlcnZlcjHPI7HcWKQjzJOBp3NlcnZlcjEE"},"VectorClock":{"server1":4}}
{"TracerIdentity":"coord","TraceID":2572079135474306195,"Tag":"ReceiveTokenTrace","Body":{"Token":"p3NlcnZlcjHPI7HcWKQjzJOBp3NlcnZlcjEE"},"VectorClock":{"coord":9,"server1":4,"server2":4,"server3":4}}
{"TracerIdentity":"coord","TraceID":2572079135474306195,"Tag":"ServerJoiningRecvd","Body":{"ServerId":1},"VectorClock":{"coord":10,"server1":4,"server2":4,"server3":4}}
{"TracerIdentity":"coord","TraceID":2572079135474306195,"Tag":"GenerateTokenTrace","Body":{"Token":"pWNvb3JkzyOx3FikI8yThKVjb29yZAunc2VydmVyMwSnc2VydmVyMgSnc2VydmVyMQQ="},"VectorClock":{"coord":11,"server1":4,"server2":4,"server3":4}}
{"TracerIdentity":"server1","TraceID":2572079135474306195,"Tag":"ReceiveTokenTrace","Body":{"Token":"pWNvb3JkzyOx3FikI8yThKVjb29yZAunc2VydmVyMwSnc2VydmVyMgSnc2VydmVyMQQ="},"VectorClock":{"coord":11,"server1":5,"server2":4,"server3":4}}
{"TracerIdentity":"server2","TraceID":1746330261307925272,"Tag":"ServerJoined","Body":{"ServerId":2},"VectorClock":{"coord":8,"server2":6,"server3":4}}
{"TracerIdentity":"server2","TraceID":1746330261307925272,"Tag":"GenerateTokenTrace","Body":{"Token":"p3NlcnZlcjLPGDw2HsXGIxiDpWNvb3JkCKdzZXJ2ZXIyB6dzZXJ2ZXIzBA=="},"VectorClock":{"coord":8,"server2":7,"server3":4}}
{"TracerIdentity":"server2","TraceID":1746330261307925272,"Tag":"BecameFollower","Body":{"ServerId":2},"VectorClock":{"coord":8,"server2":8,"server3":4}}
{"TracerIdentity":"coord","TraceID":1746330261307925272,"Tag":"ReceiveTokenTrace","Body":{"Token":"p3NlcnZlcjLPGDw2HsXGIxiDpWNvb3JkCKdzZXJ2ZXIyB6dzZXJ2ZXIzBA=="},"VectorClock":{"coord":12,"server1":4,"server2":7,"server3":4}}
{"TracerIdentity":"coord","TraceID":1746330261307925272,"Tag":"ServerJoinedRecvd","Body":{"ServerId":2},"VectorClock":{"coord":13,"server1":4,"server2":7,"server3":4}}
{"TracerIdentity":"coord","TraceID":1746330261307925272,"Tag":"GenerateTokenTrace","Body":{"Token":"pWNvb3Jkzxg8Nh7FxiMYhKdzZXJ2ZXIyB6dzZXJ2ZXIxBKVjb29yZA6nc2VydmVyMwQ="},"VectorClock":{"coord":14,"server1":4,"server2":7,"server3":4}}
{"TracerIdentity":"server2","TraceID":1746330261307925272,"Tag":"ReceiveTokenTrace","Body":{"Token":"pWNvb3Jkzxg8Nh7FxiMYhKdzZXJ2ZXIyB6dzZXJ2ZXIxBKVjb29yZA6nc2VydmVyMwQ="},"VectorClock":{"coord":14,"server1":4,"server2":9,"server3":4}}
{"TracerIdentity":"server3","TraceID":1168172316029545133,"Tag":"ServerJoined","Body":{"ServerId":3},"VectorClock":{"coord":5,"server3":6}}
{"TracerIdentity":"server3","TraceID":1168172316029545133,"Tag":"GenerateTokenTrace","Body":{"Token":"p3NlcnZlcjPPEDYuiD1i6q2Cp3NlcnZlcjMHpWNvb3JkBQ=="},"VectorClock":{"coord":5,"server3":7}}
{"TracerIdentity":"server3","TraceID":1168172316029545133,"Tag":"BecameFollower","Body":{"ServerId":3},"VectorClock":{"coord":5,"server3":8}}
{"TracerIdentity":"coord","TraceID":1168172316029545133,"Tag":"ReceiveTokenTrace","Body":{"Token":"p3NlcnZlcjPPEDYuiD1i6q2Cp3NlcnZlcjMHpWNvb3JkBQ=="},"VectorClock":{"coord":15,"server1":4,"server2":7,"server3":7}}
{"TracerIdentity":"coord","TraceID":1168172316029545133,"Tag":"ServerJoinedRecvd","Body":{"ServerId":3},"VectorClock":{"coord":16,"server1":4,"server2":7,"server3":7}}
{"TracerIdentity":"coord","TraceID":1168172316029545133,"Tag":"GenerateTokenTrace","Body":{"Token":"pWNvb3JkzxA2Log9YuqthKdzZXJ2ZXIxBKVjb29yZBGnc2VydmVyMwenc2VydmVyMgc="},"VectorClock":{"coord":17,"server1":4,"server2":7,"server3":7}}
{"TracerIdentity":"server3","TraceID":1168172316029545133,"Tag":"ReceiveTokenTrace","Body":{"Token":"pWNvb3JkzxA2Log9YuqthKdzZXJ2ZXIxBKVjb29yZBGnc2VydmVyMwenc2VydmVyMgc="},"VectorClock":{"coord":17,"server1":4,"server2":7,"server3":9}}
{"TracerIdentity":"server1","TraceID":2572079135474306195,"Tag":"ServerJoined","Body":{"ServerId":1},"VectorClock":{"coord":11,"server1":6,"server2":4,"server3":4}}
{"TracerIdentity":"server1","TraceID":2572079135474306195,"Tag":"GenerateTokenTrace","Body":{"Token":"p3NlcnZlcjHPI7HcWKQjzJOEp3NlcnZlcjEHpWNvb3JkC6dzZXJ2ZXIzBKdzZXJ2ZXIyBA=="},"VectorClock":{"coord":11,"server1":7,"server2":4,"server3":4}}
{"TracerIdentity":"server1","TraceID":2572079135474306195,"Tag":"BecameLeader","Body":{"ServerId":1},"VectorClock":{"coord":11,"server1":8,"server2":4,"server3":4}}
{"TracerIdentity":"coord","TraceID":2572079135474306195,"Tag":"ReceiveTokenTrace","Body":{"Token":"p3NlcnZlcjHPI7HcWKQjzJOEp3NlcnZlcjEHpWNvb3JkC6dzZXJ2ZXIzBKdzZXJ2ZXIyBA=="},"VectorClock":{"coord":18,"server1":7,"server2":7,"server3":7}}
{"TracerIdentity":"coord","TraceID":2572079135474306195,"Tag":"ServerJoinedRecvd","Body":{"ServerId":1},"VectorClock":{"coord":19,"server1":7,"server2":7,"server3":7}}
{"TracerIdentity":"coord","TraceID":2572079135474306195,"Tag":"GenerateTokenTrace","Body":{"Token":"pWNvb3JkzyOx3FikI8yThKVjb29yZBSnc2VydmVyMwenc2VydmVyMgenc2VydmVyMQc="},"VectorClock":{"coord":20,"server1":7,"server2":7,"server3":7}}
{"TracerIdentity":"server1","TraceID":2572079135474306195,"Tag":"ReceiveTokenTrace","Body":{"Token":"pWNvb3JkzyOx3FikI8yThKVjb29yZBSnc2VydmVyMwenc2VydmVyMgenc2VydmVyMQc="},"VectorClock":{"coord":20,"server1":9,"server2":7,"server3":7}}
{"TracerIdentity":"coord","TraceID":7804235958313504031,"Tag":"AllServersJoined","Body":{},"VectorClock":{"coord":21,"server1":7,"server2":7,"server3":7}}
{"TracerIdentity":"coord","TraceID":7401998442767600878,"Tag":"ReceiveTokenTrace","Body":{"Token":"p2NsaWVudDLPZrkuXcEoTO6Bp2NsaWVudDIF"},"VectorClock":{"client2":5,"coord":22,"server1":7,"server2":7,"server3":7}}
{"TracerIdentity":"coord","TraceID":7401998442767600878,"Tag":"LeaderReqRecvd","Body":{"ClientId":"2"},"VectorClock":{"client2":5,"coord":23,"server1":7,"server2":7,"server3":7}}
{"TracerIdentity":"coord","TraceID":7401998442767600878,"Tag":"LeaderRes","Body":{"ClientId":"2","ServerId":1},"VectorClock":{"client2":5,"coord":24,"server1":7,"server2":7,"server3":7}}
{"TracerIdentity":"coord","TraceID":7401998442767600878,"Tag":"GenerateTokenTrace","Body":{"Token":"pWNvb3Jkz2a5Ll3BKEzuhaVjb29yZBmnc2VydmVyMwenc2VydmVyMgenc2VydmVyMQenY2xpZW50MgU="},"VectorClock":{"client2":5,"coord":25,"server1":7,"server2":7,"server3":7}}
{"TracerIdentity":"client2","TraceID":7401998442767600878,"Tag":"ReceiveTokenTrace","Body":{"Token":"pWNvb3Jkz2a5Ll3BKEzuhaVjb29yZBmnc2VydmVyMwenc2VydmVyMgenc2VydmVyMQenY2xpZW50MgU="},"VectorClock":{"client2":6,"coord":25,"server1":7,"server2":7,"server3":7}}
{"TracerIdentity":"coord","TraceID":4429675673713441190,"Tag":"ReceiveTokenTrace","Body":{"Token":"p2NsaWVudDHPPXlejkng+aaBp2NsaWVudDEF"},"VectorClock":{"client1":5,"client2":5,"coord":26,"server1":7,"server2":7,"server3":7}}
{"TracerIdentity":"client2","TraceID":7401998442767600878,"Tag":"LeaderResRecvd","Body":{"ClientId":"2","ServerId":1},"VectorClock":{"client2":7,"coord":25,"server1":7,"server2":7,"server3":7}}
{"TracerIdentity":"coord","TraceID":4429675673713441190,"Tag":"LeaderReqRecvd","Body":{"ClientId":"1"},"VectorClock":{"client1":5,"client2":5,"coord":27,"server1":7,"server2":7,"server3":7}}
{"TracerIdentity":"client2","TraceID":7410932739055688565,"Tag":"CreateTrace","Body":{},"VectorClock":{"client2":8,"coord":25,"server1":7,"server2":7,"server3":7}}
{"TracerIdentity":"coord","TraceID":4429675673713441190,"Tag":"LeaderRes","Body":{"ClientId":"1","ServerId":1},"VectorClock":{"client1":5,"client2":5,"coord":28,"server1":7,"server2":7,"server3":7}}
{"TracerIdentity":"client2","TraceID":7410932739055688565,"Tag":"Put","Body":{"ClientId":"2","OpId":1,"Key":"k0","Value":"val0"},"VectorClock":{"client2":9,"coord":25,"server1":7,"server2":7,"server3":7}}
{"TracerIdentity":"client2","TraceID":7410932739055688565,"Tag":"GenerateTokenTrace","Body":{"Token":"p2NsaWVudDLPZtjsD7W6G3WFp3NlcnZlcjEHp2NsaWVudDIKpWNvb3JkGadzZXJ2ZXIzB6dzZXJ2ZXIyBw=="},"VectorClock":{"client2":10,"coord":25,"server1":7,"server2":7,"server3":7}}
{"TracerIdentity":"coord","TraceID":4429675673713441190,"Tag":"GenerateTokenTrace","Body":{"Token":"pWNvb3Jkzz15Xo5J4PmmhqdjbGllbnQyBadjbGllbnQxBaVjb29yZB2nc2VydmVyMwenc2VydmVyMgenc2VydmVyMQc="},"VectorClock":{"client1":5,"client2":5,"coord":29,"server1":7,"server2":7,"server3":7}}
{"TracerIdentity":"server1","TraceID":7410932739055688565,"Tag":"ReceiveTokenTrace","Body":{"Token":"p2NsaWVudDLPZtjsD7W6G3WFp3NlcnZlcjEHp2NsaWVudDIKpWNvb3JkGadzZXJ2ZXIzB6dzZXJ2ZXIyBw=="},"VectorClock":{"client2":10,"coord":25,"server1":10,"server2":7,"server3":7}}
{"TracerIdentity":"client1","TraceID":4429675673713441190,"Tag":"ReceiveTokenTrace","Body":{"Token":"pWNvb3Jkzz15Xo5J4PmmhqdjbGllbnQyBadjbGllbnQxBaVjb29yZB2nc2VydmVyMwenc2VydmVyMgenc2VydmVyMQc="},"VectorClock":{"client1":6,"client2":5,"coord":29,"server1":7,"server2":7,"server3":7}}
{"TracerIdentity":"server1","TraceID":7410932739055688565,"Tag":"PutRecvd","Body":{"ClientId":"2","OpId":1,"Key":"k0","Value":"val0"},"VectorClock":{"client2":10,"coord":25,"server1":11,"server2":7,"server3":7}}
{"TracerIdentity":"client1","TraceID":4429675673713441190,"Tag":"LeaderResRecvd","Body":{"ClientId":"1","ServerId":1},"VectorClock":{"client1":7,"client2":5,"coord":29,"server1":7,"server2":7,"server3":7}}
{"TracerIdentity":"server1","TraceID":6432297687609809375,"Tag":"CreateTrace","Body":{},"VectorClock":{"client2":10,"coord":25,"server1":12,"server2":7,"server3":7}}
{"TracerIdentity":"client1","TraceID":6509181973296783949,"Tag":"CreateTrace","Body":{},"VectorClock":{"client1":8,"client2":5,"coord":29,"server1":7,"server2":7,"server3":7}}
{"TracerIdentity":"server1","TraceID":656212836517208252,"Tag":"CreateTrace","Body":{},"VectorClock":{"client2":10,"coord":25,"server1":13,"server2":7,"server3":7}}
{"TracerIdentity":"client1","TraceID":6509181973296783949,"Tag":"Put","Body":{"ClientId":"1","OpId":1,"Key":"k0","Value":"val0"},"VectorClock":{"client1":9,"client2":5,"coord":29,"server1":7,"server2":7,"server3":7}}
{"TracerIdentity":"client1","TraceID":6509181973296783949,"Tag":"GenerateTokenTrace","Body":{"Token":"p2NsaWVudDHPWlVChIC7Ik2Gp2NsaWVudDEKp3NlcnZlcjMHp3NlcnZlcjIHp3NlcnZlcjEHp2NsaWVudDIFpWNvb3JkHQ=="},"VectorClock":{"client1":10,"client2":5,"coord":29,"server1":7,"server2":7,"server3":7}}
{"TracerIdentity":"server1","TraceID":656212836517208252,"Tag":"AppendEntriesRequestSent","Body":{"Term":1,"LeaderId":1,"PrevLogIndex":0,"PrevLogTerm":0,"Entries":[{"Term":1,"Command":{"Kind":1,"Key":"k0","Val":"val0","ClientInfo":{"ClientId":"2","OpId":1}},"Index":1}],"LeaderCommit":0,"Token":""},"VectorClock":{"client2":10,"coord":25,"server1":14,"server2":7,"server3":7}}
{"TracerIdentity":"server1","TraceID":6432297687609809375,"Tag":"AppendEntriesRequestSent","Body":{"Term":1,"LeaderId":1,"PrevLogIndex":0,"PrevLogTerm":0,"Entries":[{"Term":1,"Command":{"Kind":1,"Key":"k0","Val":"val0","ClientInfo":{"ClientId":"2","OpId":1}},"Index":1}],"LeaderCommit":0,"Token":""},"VectorClock":{"client2":10,"coord":25,"server1":15,"server2":7,"server3":7}}
{"TracerIdentity":"server1","TraceID":6432297687609809375,"Tag":"GenerateTokenTrace","Body":{"Token":"p3NlcnZlcjHPWUQcqseMmd+Fp2NsaWVudDIKp3NlcnZlcjEQpWNvb3JkGadzZXJ2ZXIzB6dzZXJ2ZXIyBw=="},"VectorClock":{"client2":10,"coord":25,"server1":16,"server2":7,"server3":7}}
{"TracerIdentity":"server1","TraceID":656212836517208252,"Tag":"GenerateTokenTrace","Body":{"Token":"p3NlcnZlcjHPCRtWGRmo4LyFp3NlcnZlcjIHp2NsaWVudDIKp3NlcnZlcjERpWNvb3JkGadzZXJ2ZXIzBw=="},"VectorClock":{"client2":10,"coord":25,"server1":17,"server2":7,"server3":7}}
{"TracerIdentity":"server2","TraceID":6432297687609809375,"Tag":"ReceiveTokenTrace","Body":{"Token":"p3NlcnZlcjHPWUQcqseMmd+Fp2NsaWVudDIKp3NlcnZlcjEQpWNvb3JkGadzZXJ2ZXIzB6dzZXJ2ZXIyBw=="},"VectorClock":{"client2":10,"coord":25,"server1":16,"server2":10,"server3":7}}
{"TracerIdentity":"server1","TraceID":6509181973296783949,"Tag":"ReceiveTokenTrace","Body":{"Token":"p2NsaWVudDHPWlVChIC7Ik2Gp2NsaWVudDEKp3NlcnZlcjMHp3NlcnZlcjIHp3NlcnZlcjEHp2NsaWVudDIFpWNvb3JkHQ=="},"VectorClock":{"client1":10,"client2":10,"coord":29,"server1":18,"server2":7,"server3":7}}
{"TracerIdentity":"server1","TraceID":6509181973296783949,"Tag":"PutRecvd","Body":{"ClientId":"1","OpId":1,"Key":"k0","Value":"val0"},"VectorClock":{"client1":10,"client2":10,"coord":29,"server1":19,"server2":7,"server3":7}}
{"TracerIdentity":"server3","TraceID":656212836517208252,"Tag":"ReceiveTokenTrace","Body":{"Token":"p3NlcnZlcjHPCRtWGRmo4LyFp3NlcnZlcjIHp2NsaWVudDIKp3NlcnZlcjERpWNvb3JkGadzZXJ2ZXIzBw=="},"VectorClock":{"client2":10,"coord":25,"server1":17,"server2":7,"server3":10}}
{"TracerIdentity":"server2","TraceID":6432297687609809375,"Tag":"AppendEntriesRequestRecvd","Body":{"Term":1,"LeaderId":1,"PrevLogIndex":0,"PrevLogTerm":0,"Entries":[{"Term":1,"Command":{"Kind":1,"Key":"k0","Val":"val0","ClientInfo":{"ClientId":"2","OpId":1}},"Index":1}],"LeaderCommit":0,"Token":"p3NlcnZlcjHPWUQcqseMmd+Fp2NsaWVudDIKp3NlcnZlcjEQpWNvb3JkGadzZXJ2ZXIzB6dzZXJ2ZXIyBw=="},"VectorClock":{"client2":10,"coord":25,"server1":16,"server2":11,"server3":7}}
{"TracerIdentity":"server2","TraceID":6432297687609809375,"Tag":"AppendEntriesResponseSent","Body":{"Term":1,"Success":true,"Token":null},"VectorClock":{"client2":10,"coord":25,"server1":16,"server2":12,"server3":7}}
{"TracerIdentity":"server3","TraceID":656212836517208252,"Tag":"AppendEntriesRequestRecvd","Body":{"Term":1,"LeaderId":1,"PrevLogIndex":0,"PrevLogTerm":0,"Entries":[{"Term":1,"Command":{"Kind":1,"Key":"k0","Val":"val0","ClientInfo":{"ClientId":"2","OpId":1}},"Index":1}],"LeaderCommit":0,"Token":"p3NlcnZlcjHPCRtWGRmo4LyFp3NlcnZlcjIHp2NsaWVudDIKp3NlcnZlcjERpWNvb3JkGadzZXJ2ZXIzBw=="},"VectorClock":{"client2":10,"coord":25,"server1":17,"server2":7,"server3":11}}
{"TracerIdentity":"server2","TraceID":6432297687609809375,"Tag":"GenerateTokenTrace","Body":{"Token":"p3NlcnZlcjLPWUQcqseMmd+Fp3NlcnZlcjINp3NlcnZlcjMHpWNvb3JkGadzZXJ2ZXIxEKdjbGllbnQyCg=="},"VectorClock":{"client2":10,"coord":25,"server1":16,"server2":13,"server3":7}}
{"TracerIdentity":"server3","TraceID":656212836517208252,"Tag":"AppendEntriesResponseSent","Body":{"Term":1,"Success":true,"Token":null},"VectorClock":{"client2":10,"coord":25,"server1":17,"server2":7,"server3":12}}
{"TracerIdentity":"server1","TraceID":6432297687609809375,"Tag":"ReceiveTokenTrace","Body":{"Token":"p3NlcnZlcjLPWUQcqseMmd+Fp3NlcnZlcjINp3NlcnZlcjMHpWNvb3JkGadzZXJ2ZXIxEKdjbGllbnQyCg=="},"VectorClock":{"client1":10,"client2":10,"coord":29,"server1":20,"server2":13,"server3":7}}
{"TracerIdentity":"server1","TraceID":6432297687609809375,"Tag":"AppendEntriesResponseRecvd","Body":{"Term":1,"Success":true,"Token":"p3NlcnZlcjLPWUQcqseMmd+Fp3NlcnZlcjINp3NlcnZlcjMHpWNvb3JkGadzZXJ2ZXIxEKdjbGllbnQyCg=="},"VectorClock":{"client1":10,"client2":10,"coord":29,"server1":21,"server2":13,"server3":7}}
{"TracerIdentity":"server3","TraceID":656212836517208252,"Tag":"GenerateTokenTrace","Body":{"Token":"p3NlcnZlcjPPCRtWGRmo4LyFp3NlcnZlcjMNpWNvb3JkGadzZXJ2ZXIxEadzZXJ2ZXIyB6djbGllbnQyCg=="},"VectorClock":{"client2":10,"coord":25,"server1":17,"server2":7,"server3":13}}
{"TracerIdentity":"server1","TraceID":3001699344188235473,"Tag":"CreateTrace","Body":{},"VectorClock":{"client1":10,"client2":10,"coord":29,"server1":22,"server2":13,"server3":7}}
{"TracerIdentity":"server1","TraceID":8597769311805223550,"Tag":"CreateTrace","Body":{},"VectorClock":{"client1":10,"client2":10,"coord":29,"server1":23,"server2":13,"server3":7}}
{"TracerIdentity":"server1","TraceID":8597769311805223550,"Tag":"AppendEntriesRequestSent","Body":{"Term":1,"LeaderId":1,"PrevLogIndex":1,"PrevLogTerm":1,"Entries":[{"Term":1,"Command":{"Kind":1,"Key":"k0","Val":"val0","ClientInfo":{"ClientId":"1","OpId":1}},"Index":2}],"LeaderCommit":1,"Token":""},"VectorClock":{"client1":10,"client2":10,"coord":29,"server1":24,"server2":13,"server3":7}}
{"TracerIdentity":"server1","TraceID":8597769311805223550,"Tag":"GenerateTokenTrace","Body":{"Token":"p3NlcnZlcjHPd1Fpotrnsn6Gp3NlcnZlcjEZpWNvb3JkHadzZXJ2ZXIzB6dzZXJ2ZXIyDadjbGllbnQyCqdjbGllbnQxCg=="},"VectorClock":{"client1":10,"client2":10,"coord":29,"server1":25,"server2":13,"server3":7}}
{"TracerIdentity":"server1","TraceID":3001699344188235473,"Tag":"AppendEntriesRequestSent","Body":{"Term":1,"LeaderId":1,"PrevLogIndex":1,"PrevLogTerm":1,"Entries":[{"Term":1,"Command":{"Kind":1,"Key":"k0","Val":"val0","ClientInfo":{"ClientId":"1","OpId":1}},"Index":2}],"LeaderCommit":1,"Token":""},"VectorClock":{"client1":10,"client2":10,"coord":29,"server1":26,"server2":13,"server3":7}}
{"TracerIdentity":"server3","TraceID":8597769311805223550,"Tag":"ReceiveTokenTrace","Body":{"Token":"p3NlcnZlcjHPd1Fpotrnsn6Gp3NlcnZlcjEZpWNvb3JkHadzZXJ2ZXIzB6dzZXJ2ZXIyDadjbGllbnQyCqdjbGllbnQxCg=="},"VectorClock":{"client1":10,"client2":10,"coord":29,"server1":25,"server2":13,"server3":14}}
{"TracerIdentity":"server1","TraceID":656212836517208252,"Tag":"ReceiveTokenTrace","Body":{"Token":"p3NlcnZlcjPPCRtWGRmo4LyFp3NlcnZlcjMNpWNvb3JkGadzZXJ2ZXIxEadzZXJ2ZXIyB6djbGllbnQyCg=="},"VectorClock":{"client1":10,"client2":10,"coord":29,"server1":27,"server2":13,"server3":13}}
{"TracerIdentity":"server1","TraceID":7410932739055688565,"Tag":"PutCommitted","Body":{"ClientId":"2","OpId":1,"Key":"k0","Value":"val0"},"VectorClock":{"client1":10,"client2":10,"coord":29,"server1":28,"server2":13,"server3":13}}
{"TracerIdentity":"server3","TraceID":8597769311805223550,"Tag":"AppendEntriesRequestRecvd","Body":{"Term":1,"LeaderId":1,"PrevLogIndex":1,"PrevLogTerm":1,"Entries":[{"Term":1,"Command":{"Kind":1,"Key":"k0","Val":"val0","ClientInfo":{"ClientId":"1","OpId":1}},"Index":2}],"LeaderCommit":1,"Token":"p3NlcnZlcjHPd1Fpotrnsn6Gp3NlcnZlcjEZpWNvb3JkHadzZXJ2ZXIzB6dzZXJ2ZXIyDadjbGllbnQyCqdjbGllbnQxCg=="},"VectorClock":{"client1":10,"client2":10,"coord":29,"server1":25,"server2":13,"server3":15}}
{"TracerIdentity":"server1","TraceID":3001699344188235473,"Tag":"GenerateTokenTrace","Body":{"Token":"p3NlcnZlcjHPKagtplzc3tGGp3NlcnZlcjINp2NsaWVudDIKp2NsaWVudDEKp3NlcnZlcjEdpWNvb3JkHadzZXJ2ZXIzDQ=="},"VectorClock":{"client1":10,"client2":10,"coord":29,"server1":29,"server2":13,"server3":13}}
{"TracerIdentity":"server3","TraceID":8597769311805223550,"Tag":"AppendEntriesResponseSent","Body":{"Term":1,"Success":true,"Token":null},"VectorClock":{"client1":10,"client2":10,"coord":29,"server1":25,"server2":13,"server3":16}}
{"TracerIdentity":"server3","TraceID":8597769311805223550,"Tag":"GenerateTokenTrace","Body":{"Token":"p3NlcnZlcjPPd1Fpotrnsn6Gp3NlcnZlcjINp2NsaWVudDIKp2NsaWVudDEKp3NlcnZlcjMRpWNvb3JkHadzZXJ2ZXIxGQ=="},"VectorClock":{"client1":10,"client2":10,"coord":29,"server1":25,"server2":13,"server3":17}}
{"TracerIdentity":"server1","TraceID":656212836517208252,"Tag":"AppendEntriesResponseRecvd","Body":{"Term":1,"Success":true,"Token":"p3NlcnZlcjPPCRtWGRmo4LyFp3NlcnZlcjMNpWNvb3JkGadzZXJ2ZXIxEadzZXJ2ZXIyB6djbGllbnQyCg=="},"VectorClock":{"client1":10,"client2":10,"coord":29,"server1":30,"server2":13,"server3":13}}
{"TracerIdentity":"server2","TraceID":3001699344188235473,"Tag":"ReceiveTokenTrace","Body":{"Token":"p3NlcnZlcjHPKagtplzc3tGGp3NlcnZlcjINp2NsaWVudDIKp2NsaWVudDEKp3NlcnZlcjEdpWNvb3JkHadzZXJ2ZXIzDQ=="},"VectorClock":{"client1":10,"client2":10,"coord":29,"server1":29,"server2":14,"server3":13}}
{"TracerIdentity":"server1","TraceID":7410932739055688565,"Tag":"GenerateTokenTrace","Body":{"Token":"p3NlcnZlcjHPZtjsD7W6G3WGp2NsaWVudDIKp2NsaWVudDEKp3NlcnZlcjEfpWNvb3JkHadzZXJ2ZXIzDadzZXJ2ZXIyDQ=="},"VectorClock":{"client1":10,"client2":10,"coord":29,"server1":31,"server2":13,"server3":13}}
{"TracerIdentity":"server2","TraceID":3001699344188235473,"Tag":"AppendEntriesRequestRecvd","Body":{"Term":1,"LeaderId":1,"PrevLogIndex":1,"PrevLogTerm":1,"Entries":[{"Term":1,"Command":{"Kind":1,"Key":"k0","Val":"val0","ClientInfo":{"ClientId":"1","OpId":1}},"Index":2}],"LeaderCommit":1,"Token":"p3NlcnZlcjHPKagtplzc3tGGp3NlcnZlcjINp2NsaWVudDIKp2NsaWVudDEKp3NlcnZlcjEdpWNvb3JkHadzZXJ2ZXIzDQ=="},"VectorClock":{"client1":10,"client2":10,"coord":29,"server1":29,"server2":15,"server3":13}}
{"TracerIdentity":"server2","TraceID":3001699344188235473,"Tag":"AppendEntriesResponseSent","Body":{"Term":1,"Success":true,"Token":null},"VectorClock":{"client1":10,"client2":10,"coord":29,"server1":29,"server2":16,"server3":13}}
{"TracerIdentity":"client2","TraceID":7410932739055688565,"Tag":"ReceiveTokenTrace","Body":{"Token":"p3NlcnZlcjHPZtjsD7W6G3WGp2NsaWVudDIKp2NsaWVudDEKp3NlcnZlcjEfpWNvb3JkHadzZXJ2ZXIzDadzZXJ2ZXIyDQ=="},"VectorClock":{"client1":10,"client2":11,"coord":29,"server1":31,"server2":13,"server3":13}}
{"TracerIdentity":"server1","TraceID":8597769311805223550,"Tag":"ReceiveTokenTrace","Body":{"Token":"p3NlcnZlcjPPd1Fpotrnsn6Gp3NlcnZlcjINp2NsaWVudDIKp2NsaWVudDEKp3NlcnZlcjMRpWNvb3JkHadzZXJ2ZXIxGQ=="},"VectorClock":{"client1":10,"client2":10,"coord":29,"server1":32,"server2":13,"server3":17}}
{"TracerIdentity":"client2","TraceID":7410932739055688565,"Tag":"PutResultRecvd","Body":{"OpId":1,"Key":"k0"},"VectorClock":{"client1":10,"client2":12,"coord":29,"server1":31,"server2":13,"server3":13}}
{"TracerIdentity":"server2","TraceID":3001699344188235473,"Tag":"GenerateTokenTrace","Body":{"Token":"p3NlcnZlcjLPKagtplzc3tGGp3NlcnZlcjIRp3NlcnZlcjMNpWNvb3JkHadzZXJ2ZXIxHadjbGllbnQyCqdjbGllbnQxCg=="},"VectorClock":{"client1":10,"client2":10,"coord":29,"server1":29,"server2":17,"server3":13}}
{"TracerIdentity":"server1","TraceID":8597769311805223550,"Tag":"AppendEntriesResponseRecvd","Body":{"Term":1,"Success":true,"Token":"p3NlcnZlcjPPd1Fpotrnsn6Gp3NlcnZlcjINp2NsaWVudDIKp2NsaWVudDEKp3NlcnZlcjMRpWNvb3JkHadzZXJ2ZXIxGQ=="},"VectorClock":{"client1":10,"client2":10,"coord":29,"server1":33,"server2":13,"server3":17}}
{"TracerIdentity":"client2","TraceID":5165621020532010217,"Tag":"CreateTrace","Body":{},"VectorClock":{"client1":10,"client2":13,"coord":29,"server1":31,"server2":13,"server3":13}}
{"TracerIdentity":"server1","TraceID":3001699344188235473,"Tag":"ReceiveTokenTrace","Body":{"Token":"p3NlcnZlcjLPKagtplzc3tGGp3NlcnZlcjIRp3NlcnZlcjMNpWNvb3JkHadzZXJ2ZXIxHadjbGllbnQyCqdjbGllbnQxCg=="},"VectorClock":{"client1":10,"client2":10,"coord":29,"server1":34,"server2":17,"server3":17}}
{"TracerIdentity":"client2","TraceID":5165621020532010217,"Tag":"Get","Body":{"ClientId":"2","OpId":2,"Key":"k0"},"VectorClock":{"client1":10,"client2":14,"coord":29,"server1":31,"server2":13,"server3":13}}
{"TracerIdentity":"server1","TraceID":3001699344188235473,"Tag":"AppendEntriesResponseRecvd","Body":{"Term":1,"Success":true,"Token":"p3NlcnZlcjLPKagtplzc3tGGp3NlcnZlcjIRp3NlcnZlcjMNpWNvb3JkHadzZXJ2ZXIxHadjbGllbnQyCqdjbGllbnQxCg=="},"VectorClock":{"client1":10,"client2":10,"coord":29,"server1":35,"server2":17,"server3":17}}
{"TracerIdentity":"client2","TraceID":5165621020532010217,"Tag":"GenerateTokenTrace","Body":{"Token":"p2NsaWVudDLPR6/48xUZ7OmGp2NsaWVudDEKp2NsaWVudDIPpWNvb3JkHadzZXJ2ZXIzDadzZXJ2ZXIyDadzZXJ2ZXIxHw=="},"VectorClock":{"client1":10,"client2":15,"coord":29,"server1":31,"server2":13,"server3":13}}
{"TracerIdentity":"server1","TraceID":6509181973296783949,"Tag":"PutCommitted","Body":{"ClientId":"1","OpId":1,"Key":"k0","Value":"val0"},"VectorClock":{"client1":10,"client2":10,"coord":29,"server1":36,"server2":17,"server3":17}}
{"TracerIdentity":"server1","TraceID":6509181973296783949,"Tag":"GenerateTokenTrace","Body":{"Token":"p3NlcnZlcjHPWlVChIC7Ik2Gp2NsaWVudDIKp2NsaWVudDEKp3NlcnZlcjElpWNvb3JkHadzZXJ2ZXIzEadzZXJ2ZXIyEQ=="},"VectorClock":{"client1":10,"client2":10,"coord":29,"server1":37,"server2":17,"server3":17}}
{"TracerIdentity":"server1","TraceID":5165621020532010217,"Tag":"ReceiveTokenTrace","Body":{"Token":"p2NsaWVudDLPR6/48xUZ7OmGp2NsaWVudDEKp2NsaWVudDIPpWNvb3JkHadzZXJ2ZXIzDadzZXJ2ZXIyDadzZXJ2ZXIxHw=="},"VectorClock":{"client1":10,"client2":15,"coord":29,"server1":38,"server2":17,"server3":17}}
{"TracerIdentity":"client1","TraceID":6509181973296783949,"Tag":"ReceiveTokenTrace","Body":{"Token":"p3NlcnZlcjHPWlVChIC7Ik2Gp2NsaWVudDIKp2NsaWVudDEKp3NlcnZlcjElpWNvb3JkHadzZXJ2ZXIzEadzZXJ2ZXIyEQ=="},"VectorClock":{"client1":11,"client2":10,"coord":29,"server1":37,"server2":17,"server3":17}}
{"TracerIdentity":"server1","TraceID":5165621020532010217,"Tag":"GetRecvd","Body":{"ClientId":"2","OpId":2,"Key":"k0"},"VectorClock":{"client1":10,"client2":15,"coord":29,"server1":39,"server2":17,"server3":17}}
{"TracerIdentity":"client1","TraceID":6509181973296783949,"Tag":"PutResultRecvd","Body":{"OpId":1,"Key":"k0"},"VectorClock":{"client1":12,"client2":10,"coord":29,"server1":37,"server2":17,"server3":17}}
{"TracerIdentity":"server1","TraceID":1835277943854933914,"Tag":"CreateTrace","Body":{},"VectorClock":{"client1":10,"client2":15,"coord":29,"server1":40,"server2":17,"server3":17}}
{"TracerIdentity":"client1","TraceID":3381550509779544499,"Tag":"CreateTrace","Body":{},"VectorClock":{"client1":13,"client2":10,"coord":29,"server1":37,"server2":17,"server3":17}}
{"TracerIdentity":"server1","TraceID":5487484771011146061,"Tag":"CreateTrace","Body":{},"VectorClock":{"client1":10,"client2":15,"coord":29,"server1":41,"server2":17,"server3":17}}
{"TracerIdentity":"client1","TraceID":3381550509779544499,"Tag":"Get","Body":{"ClientId":"1","OpId":2,"Key":"k0"},"VectorClock":{"client1":14,"client2":10,"coord":29,"server1":37,"server2":17,"server3":17}}
{"TracerIdentity":"client1","TraceID":3381550509779544499,"Tag":"GenerateTokenTrace","Body":{"Token":"p2NsaWVudDHPLu2uRb1zabOGp3NlcnZlcjMRp3NlcnZlcjIRp3NlcnZlcjElp2NsaWVudDIKpWNvb3JkHadjbGllbnQxDw=="},"VectorClock":{"client1":15,"client2":10,"coord":29,"server1":37,"server2":17,"server3":17}}
{"TracerIdentity":"server1","TraceID":5487484771011146061,"Tag":"AppendEntriesRequestSent","Body":{"Term":1,"LeaderId":1,"PrevLogIndex":2,"PrevLogTerm":1,"Entries":[{"Term":1,"Command":{"Kind":2,"Key":"k0","Val":"","ClientInfo":{"ClientId":"2","OpId":2}},"Index":3}],"LeaderCommit":2,"Token":""},"VectorClock":{"client1":10,"client2":15,"coord":29,"server1":42,"server2":17,"server3":17}}
{"TracerIdentity":"server1","TraceID":1835277943854933914,"Tag":"AppendEntriesRequestSent","Body":{"Term":1,"LeaderId":1,"PrevLogIndex":2,"PrevLogTerm":1,"Entries":[{"Term":1,"Command":{"Kind":2,"Key":"k0","Val":"","ClientInfo":{"ClientId":"2","OpId":2}},"Index":3}],"LeaderCommit":2,"Token":""},"VectorClock":{"client1":10,"client2":15,"coord":29,"server1":43,"server2":17,"server3":17}}
{"TracerIdentity":"server1","TraceID":1835277943854933914,"Tag":"GenerateTokenTrace","Body":{"Token":"p3NlcnZlcjHPGXg3kPOVJ5qGp2NsaWVudDEKp3NlcnZlcjEspWNvb3JkHadzZXJ2ZXIzEadzZXJ2ZXIyEadjbGllbnQyDw=="},"VectorClock":{"client1":10,"client2":15,"coord":29,"server1":44,"server2":17,"server3":17}}
{"TracerIdentity":"server1","TraceID":5487484771011146061,"Tag":"GenerateTokenTrace","Body":{"Token":"p3NlcnZlcjHPTCd2U0Z8MU2Gp3NlcnZlcjEtpWNvb3JkHadzZXJ2ZXIzEadzZXJ2ZXIyEadjbGllbnQyD6djbGllbnQxCg=="},"VectorClock":{"client1":10,"client2":15,"coord":29,"server1":45,"server2":17,"server3":17}}
{"TracerIdentity":"server2","TraceID":1835277943854933914,"Tag":"ReceiveTokenTrace","Body":{"Token":"p3NlcnZlcjHPGXg3kPOVJ5qGp2NsaWVudDEKp3NlcnZlcjEspWNvb3JkHadzZXJ2ZXIzEadzZXJ2ZXIyEadjbGllbnQyDw=="},"VectorClock":{"client1":10,"client2":15,"coord":29,"server1":44,"server2":18,"server3":17}}
{"TracerIdentity":"server3","TraceID":5487484771011146061,"Tag":"ReceiveTokenTrace","Body":{"Token":"p3NlcnZlcjHPTCd2U0Z8MU2Gp3NlcnZlcjEtpWNvb3JkHadzZXJ2ZXIzEadzZXJ2ZXIyEadjbGllbnQyD6djbGllbnQxCg=="},"VectorClock":{"client1":10,"client2":15,"coord":29,"server1":45,"server2":17,"server3":18}}
{"TracerIdentity":"server1","TraceID":3381550509779544499,"Tag":"ReceiveTokenTrace","Body":{"Token":"p2NsaWVudDHPLu2uRb1zabOGp3NlcnZlcjMRp3NlcnZlcjIRp3NlcnZlcjElp2NsaWVudDIKpWNvb3JkHadjbGllbnQxDw=="},"VectorClock":{"client1":15,"client2":15,"coord":29,"server1":46,"server2":17,"server3":17}}
{"TracerIdentity":"server1","TraceID":3381550509779544499,"Tag":"GetRecvd","Body":{"ClientId":"1","OpId":2,"Key":"k0"},"VectorClock":{"client1":15,"client2":15,"coord":29,"server1":47,"server2":17,"server3":17}}
{"TracerIdentity":"server2","TraceID":1835277943854933914,"Tag":"AppendEntriesRequestRecvd","Body":{"Term":1,"LeaderId":1,"PrevLogIndex":2,"PrevLogTerm":1,"Entries":[{"Term":1,"Command":{"Kind":2,"Key":"k0","Val":"","ClientInfo":{"ClientId":"2","OpId":2}},"Index":3}],"LeaderCommit":2,"Token":"p3NlcnZlcjHPGXg3kPOVJ5qGp2NsaWVudDEKp3NlcnZlcjEspWNvb3JkHadzZXJ2ZXIzEadzZXJ2ZXIyEadjbGllbnQyDw=="},"VectorClock":{"client1":10,"client2":15,"coord":29,"server1":44,"server2":19,"server3":17}}
{"TracerIdentity":"server3","TraceID":5487484771011146061,"Tag":"AppendEntriesRequestRecvd","Body":{"Term":1,"LeaderId":1,"PrevLogIndex":2,"PrevLogTerm":1,"Entries":[{"Term":1,"Command":{"Kind":2,"Key":"k0","Val":"","ClientInfo":{"ClientId":"2","OpId":2}},"Index":3}],"LeaderCommit":2,"Token":"p3NlcnZlcjHPTCd2U0Z8MU2Gp3NlcnZlcjEtpWNvb3JkHadzZXJ2ZXIzEadzZXJ2ZXIyEadjbGllbnQyD6djbGllbnQxCg=="},"VectorClock":{"client1":10,"client2":15,"coord":29,"server1":45,"server2":17,"server3":19}}
{"TracerIdentity":"server3","TraceID":5487484771011146061,"Tag":"AppendEntriesResponseSent","Body":{"Term":1,"Success":true,"Token":null},"VectorClock":{"client1":10,"client2":15,"coord":29,"server1":45,"server2":17,"server3":20}}
{"TracerIdentity":"server2","TraceID":1835277943854933914,"Tag":"AppendEntriesResponseSent","Body":{"Term":1,"Success":true,"Token":null},"VectorClock":{"client1":10,"client2":15,"coord":29,"server1":44,"server2":20,"server3":17}}
{"TracerIdentity":"server3","TraceID":5487484771011146061,"Tag":"GenerateTokenTrace","Body":{"Token":"p3NlcnZlcjPPTCd2U0Z8MU2Gp3NlcnZlcjEtp3NlcnZlcjIRp2NsaWVudDIPp2NsaWVudDEKp3NlcnZlcjMVpWNvb3JkHQ=="},"VectorClock":{"client1":10,"client2":15,"coord":29,"server1":45,"server2":17,"server3":21}}
{"TracerIdentity":"server2","TraceID":1835277943854933914,"Tag":"GenerateTokenTrace","Body":{"Token":"p3NlcnZlcjLPGXg3kPOVJ5qGp3NlcnZlcjEsp2NsaWVudDIPp2NsaWVudDEKp3NlcnZlcjIVp3NlcnZlcjMRpWNvb3JkHQ=="},"VectorClock":{"client1":10,"client2":15,"coord":29,"server1":44,"server2":21,"server3":17}}
{"TracerIdentity":"server1","TraceID":5487484771011146061,"Tag":"ReceiveTokenTrace","Body":{"Token":"p3NlcnZlcjPPTCd2U0Z8MU2Gp3NlcnZlcjEtp3NlcnZlcjIRp2NsaWVudDIPp2NsaWVudDEKp3NlcnZlcjMVpWNvb3JkHQ=="},"VectorClock":{"client1":15,"client2":15,"coord":29,"server1":48,"server2":17,"server3":21}}
{"TracerIdentity":"server1","TraceID":5487484771011146061,"Tag":"AppendEntriesResponseRecvd","Body":{"Term":1,"Success":true,"Token":"p3NlcnZlcjPPTCd2U0Z8MU2Gp3NlcnZlcjEtp3NlcnZlcjIRp2NsaWVudDIPp2NsaWVudDEKp3NlcnZlcjMVpWNvb3JkHQ=="},"VectorClock":{"client1":15,"client2":15,"coord":29,"server1":49,"server2":17,"server3":21}}
{"TracerIdentity":"server1","TraceID":1835277943854933914,"Tag":"ReceiveTokenTrace","Body":{"Token":"p3NlcnZlcjLPGXg3kPOVJ5qGp3NlcnZlcjEsp2NsaWVudDIPp2NsaWVudDEKp3NlcnZlcjIVp3NlcnZlcjMRpWNvb3JkHQ=="},"VectorClock":{"client1":15,"client2":15,"coord":29,"server1":50,"server2":21,"server3":21}}
{"TracerIdentity":"server1","TraceID":1835277943854933914,"Tag":"AppendEntriesResponseRecvd","Body":{"Term":1,"Success":true,"Token":"p3NlcnZlcjLPGXg3kPOVJ5qGp3NlcnZlcjEsp2NsaWVudDIPp2NsaWVudDEKp3NlcnZlcjIVp3NlcnZlcjMRpWNvb3JkHQ=="},"VectorClock":{"client1":15,"client2":15,"coord":29,"server1":51,"server2":21,"server3":21}}
{"TracerIdentity":"server1","TraceID":617794041739517374,"Tag":"CreateTrace","Body":{},"VectorClock":{"client1":15,"client2":15,"coord":29,"server1":52,"server2":21,"server3":21}}
{"TracerIdentity":"server1","TraceID":5165621020532010217,"Tag":"GetCommitted","Body":{"ClientId":"2","OpId":2,"Key":"k0","Value":"val0"},"VectorClock":{"client1":15,"client2":15,"coord":29,"server1":53,"server2":21,"server3":21}}
{"TracerIdentity":"server1","TraceID":5165621020532010217,"Tag":"GenerateTokenTrace","Body":{"Token":"p3NlcnZlcjHPR6/48xUZ7OmGp3NlcnZlcjE2pWNvb3JkHadzZXJ2ZXIzFadzZXJ2ZXIyFadjbGllbnQyD6djbGllbnQxDw=="},"VectorClock":{"client1":15,"client2":15,"coord":29,"server1":54,"server2":21,"server3":21}}
{"TracerIdentity":"server1","TraceID":8416908554191981916,"Tag":"CreateTrace","Body":{},"VectorClock":{"client1":15,"client2":15,"coord":29,"server1":55,"server2":21,"server3":21}}
{"TracerIdentity":"client2","TraceID":5165621020532010217,"Tag":"ReceiveTokenTrace","Body":{"Token":"p3NlcnZlcjHPR6/48xUZ7OmGp3NlcnZlcjE2pWNvb3JkHadzZXJ2ZXIzFadzZXJ2ZXIyFadjbGllbnQyD6djbGllbnQxDw=="},"VectorClock":{"client1":15,"client2":16,"coord":29,"server1":54,"server2":21,"server3":21}}
{"TracerIdentity":"server1","TraceID":8416908554191981916,"Tag":"AppendEntriesRequestSent","Body":{"Term":1,"LeaderId":1,"PrevLogIndex":3,"PrevLogTerm":1,"Entries":[{"Term":1,"Command":{"Kind":2,"Key":"k0","Val":"","ClientInfo":{"ClientId":"1","OpId":2}},"Index":4}],"LeaderCommit":3,"Token":""},"VectorClock":{"client1":15,"client2":15,"coord":29,"server1":56,"server2":21,"server3":21}}
{"TracerIdentity":"client2","TraceID":5165621020532010217,"Tag":"GetResultRecvd","Body":{"OpId":2,"Key":"k0","Value":"val0"},"VectorClock":{"client1":15,"client2":17,"coord":29,"server1":54,"server2":21,"server3":21}}
{"TracerIdentity":"server1","TraceID":617794041739517374,"Tag":"AppendEntriesRequestSent","Body":{"Term":1,"LeaderId":1,"PrevLogIndex":3,"PrevLogTerm":1,"Entries":[{"Term":1,"Command":{"Kind":2,"Key":"k0","Val":"","ClientInfo":{"ClientId":"1","OpId":2}},"Index":4}],"LeaderCommit":3,"Token":""},"VectorClock":{"client1":15,"client2":15,"coord":29,"server1":57,"server2":21,"server3":21}}
{"TracerIdentity":"client2","TraceID":1327648500659212207,"Tag":"CreateTrace","Body":{},"VectorClock":{"client1":15,"client2":18,"coord":29,"server1":54,"server2":21,"server3":21}}
{"TracerIdentity":"server1","TraceID":617794041739517374,"Tag":"GenerateTokenTrace","Body":{"Token":"p3NlcnZlcjHPCJLYaGI8nb6Gp3NlcnZlcjMVp3NlcnZlcjIVp2NsaWVudDIPp2NsaWVudDEPp3NlcnZlcjE6pWNvb3JkHQ=="},"VectorClock":{"client1":15,"client2":15,"coord":29,"server1":58,"server2":21,"server3":21}}
{"TracerIdentity":"client2","TraceID":1327648500659212207,"Tag":"Put","Body":{"ClientId":"2","OpId":3,"Key":"k1","Value":"val1"},"VectorClock":{"client1":15,"client2":19,"coord":29,"server1":54,"server2":21,"server3":21}}
{"TracerIdentity":"server1","TraceID":8416908554191981916,"Tag":"GenerateTokenTrace","Body":{"Token":"p3NlcnZlcjHPdM7dvD+PTVyGpWNvb3JkHadzZXJ2ZXIzFadzZXJ2ZXIyFadjbGllbnQyD6djbGllbnQxD6dzZXJ2ZXIxOw=="},"VectorClock":{"client1":15,"client2":15,"coord":29,"server1":59,"server2":21,"server3":21}}
{"TracerIdentity":"server2","TraceID":617794041739517374,"Tag":"ReceiveTokenTrace","Body":{"Token":"p3NlcnZlcjHPCJLYaGI8nb6Gp3NlcnZlcjMVp3NlcnZlcjIVp2NsaWVudDIPp2NsaWVudDEPp3NlcnZlcjE6pWNvb3JkHQ=="},"VectorClock":{"client1":15,"client2":15,"coord":29,"server1":58,"server2":22,"server3":21}}
{"TracerIdentity":"client2","TraceID":1327648500659212207,"Tag":"GenerateTokenTrace","Body":{"Token":"p2NsaWVudDLPEmzBRvRfT6+GpWNvb3JkHadzZXJ2ZXIzFadzZXJ2ZXIyFadzZXJ2ZXIxNqdjbGllbnQxD6djbGllbnQyFA=="},"VectorClock":{"client1":15,"client2":20,"coord":29,"server1":54,"server2":21,"server3":21}}
{"TracerIdentity":"server2","TraceID":617794041739517374,"Tag":"AppendEntriesRequestRecvd","Body":{"Term":1,"LeaderId":1,"PrevLogIndex":3,"PrevLogTerm":1,"Entries":[{"Term":1,"Command":{"Kind":2,"Key":"k0","Val":"","ClientInfo":{"ClientId":"1","OpId":2}},"Index":4}],"LeaderCommit":3,"Token":"p3NlcnZlcjHPCJLYaGI8nb6Gp3NlcnZlcjMVp3NlcnZlcjIVp2NsaWVudDIPp2NsaWVudDEPp3NlcnZlcjE6pWNvb3JkHQ=="},"VectorClock":{"client1":15,"client2":15,"coord":29,"server1":58,"server2":23,"server3":21}}
{"TracerIdentity":"server3","TraceID":8416908554191981916,"Tag":"ReceiveTokenTrace","Body":{"Token":"p3NlcnZlcjHPdM7dvD+PTVyGpWNvb3JkHadzZXJ2ZXIzFadzZXJ2ZXIyFadjbGllbnQyD6djbGllbnQxD6dzZXJ2ZXIxOw=="},"VectorClock":{"client1":15,"client2":15,"coord":29,"server1":59,"server2":21,"server3":22}}
{"TracerIdentity":"server3","TraceID":8416908554191981916,"Tag":"AppendEntriesRequestRecvd","Body":{"Term":1,"LeaderId":1,"PrevLogIndex":3,"PrevLogTerm":1,"Entries":[{"Term":1,"Command":{"Kind":2,"Key":"k0","Val":"","ClientInfo":{"ClientId":"1","OpId":2}},"Index":4}],"LeaderCommit":3,"Token":"p3NlcnZlcjHPdM7dvD+PTVyGpWNvb3JkHadzZXJ2ZXIzFadzZXJ2ZXIyFadjbGllbnQyD6djbGllbnQxD6dzZXJ2ZXIxOw=="},"VectorClock":{"client1":15,"client2":15,"coord":29,"server1":59,"server2":21,"server3":23}}
{"TracerIdentity":"server2","TraceID":617794041739517374,"Tag":"AppendEntriesResponseSent","Body":{"Term":1,"Success":true,"Token":null},"VectorClock":{"client1":15,"client2":15,"coord":29,"server1":58,"server2":24,"server3":21}}
{"TracerIdentity":"server1","TraceID":1327648500659212207,"Tag":"ReceiveTokenTrace","Body":{"Token":"p2NsaWVudDLPEmzBRvRfT6+GpWNvb3JkHadzZXJ2ZXIzFadzZXJ2ZXIyFadzZXJ2ZXIxNqdjbGllbnQxD6djbGllbnQyFA=="},"VectorClock":{"client1":15,"client2":20,"coord":29,"server1":60,"server2":21,"server3":21}}
{"TracerIdentity":"server2","TraceID":617794041739517374,"Tag":"GenerateTokenTrace","Body":{"Token":"p3NlcnZlcjLPCJLYaGI8nb6Gp3NlcnZlcjIZp3NlcnZlcjMVpWNvb3JkHadzZXJ2ZXIxOqdjbGllbnQyD6djbGllbnQxDw=="},"VectorClock":{"client1":15,"client2":15,"coord":29,"server1":58,"server2":25,"server3":21}}
{"TracerIdentity":"server3","TraceID":8416908554191981916,"Tag":"AppendEntriesResponseSent","Body":{"Term":1,"Success":true,"Token":null},"VectorClock":{"client1":15,"client2":15,"coord":29,"server1":59,"server2":21,"server3":24}}
{"TracerIdentity":"server1","TraceID":1327648500659212207,"Tag":"PutRecvd","Body":{"ClientId":"2","OpId":3,"Key":"k1","Value":"val1"},"VectorClock":{"client1":15,"client2":20,"coord":29,"server1":61,"server2":21,"server3":21}}
{"TracerIdentity":"server3","TraceID":8416908554191981916,"Tag":"GenerateTokenTrace","Body":{"Token":"p3NlcnZlcjPPdM7dvD+PTVyGpWNvb3JkHadzZXJ2ZXIxO6dzZXJ2ZXIyFadjbGllbnQyD6djbGllbnQxD6dzZXJ2ZXIzGQ=="},"VectorClock":{"client1":15,"client2":15,"coord":29,"server1":59,"server2":21,"server3":25}}
{"TracerIdentity":"server1","TraceID":617794041739517374,"Tag":"ReceiveTokenTrace","Body":{"Token":"p3NlcnZlcjLPCJLYaGI8nb6Gp3NlcnZlcjIZp3NlcnZlcjMVpWNvb3JkHadzZXJ2ZXIxOqdjbGllbnQyD6djbGllbnQxDw=="},"VectorClock":{"client1":15,"client2":20,"coord":29,"server1":62,"server2":25,"server3":21}}
{"TracerIdentity":"server1","TraceID":617794041739517374,"Tag":"AppendEntriesResponseRecvd","Body":{"Term":1,"Success":true,"Token":"p3NlcnZlcjLPCJLYaGI8nb6Gp3NlcnZlcjIZp3NlcnZlcjMVpWNvb3JkHadzZXJ2ZXIxOqdjbGllbnQyD6djbGllbnQxDw=="},"VectorClock":{"client1":15,"client2":20,"coord":29,"server1":63,"server2":25,"server3":21}}
{"TracerIdentity":"server1","TraceID":8416908554191981916,"Tag":"ReceiveTokenTrace","Body":{"Token":"p3NlcnZlcjPPdM7dvD+PTVyGpWNvb3JkHadzZXJ2ZXIxO6dzZXJ2ZXIyFadjbGllbnQyD6djbGllbnQxD6dzZXJ2ZXIzGQ=="},"VectorClock":{"client1":15,"client2":20,"coord":29,"server1":64,"server2":25,"server3":25}}
{"TracerIdentity":"server1","TraceID":8416908554191981916,"Tag":"AppendEntriesResponseRecvd","Body":{"Term":1,"Success":true,"Token":"p3NlcnZlcjPPdM7dvD+PTVyGpWNvb3JkHadzZXJ2ZXIxO6dzZXJ2ZXIyFadjbGllbnQyD6djbGllbnQxD6dzZXJ2ZXIzGQ=="},"VectorClock":{"client1":15,"client2":20,"coord":29,"server1":65,"server2":25,"server3":25}}
{"TracerIdentity":"server1","TraceID":2241625715059255485,"Tag":"CreateTrace","Body":{},"VectorClock":{"client1":15,"client2":20,"coord":29,"server1":66,"server2":25,"server3":25}}
{"TracerIdentity":"server1","TraceID":2940911647747971298,"Tag":"CreateTrace","Body":{},"VectorClock":{"client1":15,"client2":20,"coord":29,"server1":67,"server2":25,"server3":25}}
{"TracerIdentity":"server1","TraceID":2940911647747971298,"Tag":"AppendEntriesRequestSent","Body":{"Term":1,"LeaderId":1,"PrevLogIndex":4,"PrevLogTerm":1,"Entries":[{"Term":1,"Command":{"Kind":1,"Key":"k1","Val":"val1","ClientInfo":{"ClientId":"2","OpId":3}},"Index":5}],"LeaderCommit":4,"Token":""},"VectorClock":{"client1":15,"client2":20,"coord":29,"server1":68,"server2":25,"server3":25}}
{"TracerIdentity":"server1","TraceID":2940911647747971298,"Tag":"GenerateTokenTrace","Body":{"Token":"p3NlcnZlcjHPKNA3j9/TmOKGp2NsaWVudDIUp2NsaWVudDEPp3NlcnZlcjFFpWNvb3JkHadzZXJ2ZXIzGadzZXJ2ZXIyGQ=="},"VectorClock":{"client1":15,"client2":20,"coord":29,"server1":69,"server2":25,"server3":25}}
{"TracerIdentity":"server1","TraceID":2241625715059255485,"Tag":"AppendEntriesRequestSent","Body":{"Term":1,"LeaderId":1,"PrevLogIndex":4,"PrevLogTerm":1,"Entries":[{"Term":1,"Command":{"Kind":1,"Key":"k1","Val":"val1","ClientInfo":{"ClientId":"2","OpId":3}},"Index":5}],"LeaderCommit":4,"Token":""},"VectorClock":{"client1":15,"client2":20,"coord":29,"server1":70,"server2":25,"server3":25}}
{"TracerIdentity":"server1","TraceID":3381550509779544499,"Tag":"GetCommitted","Body":{"ClientId":"1","OpId":2,"Key":"k0","Value":"val0"},"VectorClock":{"client1":15,"client2":20,"coord":29,"server1":71,"server2":25,"server3":25}}
{"TracerIdentity":"server3","TraceID":2940911647747971298,"Tag":"ReceiveTokenTrace","Body":{"Token":"p3NlcnZlcjHPKNA3j9/TmOKGp2NsaWVudDIUp2NsaWVudDEPp3NlcnZlcjFFpWNvb3JkHadzZXJ2ZXIzGadzZXJ2ZXIyGQ=="},"VectorClock":{"client1":15,"client2":20,"coord":29,"server1":69,"server2":25,"server3":26}}
{"TracerIdentity":"server3","TraceID":2940911647747971298,"Tag":"AppendEntriesRequestRecvd","Body":{"Term":1,"LeaderId":1,"PrevLogIndex":4,"PrevLogTerm":1,"Entries":[{"Term":1,"Command":{"Kind":1,"Key":"k1","Val":"val1","ClientInfo":{"ClientId":"2","OpId":3}},"Index":5}],"LeaderCommit":4,"Token":"p3NlcnZlcjHPKNA3j9/TmOKGp2NsaWVudDIUp2NsaWVudDEPp3NlcnZlcjFFpWNvb3JkHadzZXJ2ZXIzGadzZXJ2ZXIyGQ=="},"VectorClock":{"client1":15,"client2":20,"coord":29,"server1":69,"server2":25,"server3":27}}
{"TracerIdentity":"server1","TraceID":3381550509779544499,"Tag":"GenerateTokenTrace","Body":{"Token":"p3NlcnZlcjHPLu2uRb1zabOGp3NlcnZlcjMZp3NlcnZlcjIZp2NsaWVudDIUp2NsaWVudDEPp3NlcnZlcjFIpWNvb3JkHQ=="},"VectorClock":{"client1":15,"client2":20,"coord":29,"server1":72,"server2":25,"server3":25}}
{"TracerIdentity":"server1","TraceID":2241625715059255485,"Tag":"GenerateTokenTrace","Body":{"Token":"p3NlcnZlcjHPHxvathF86L2Gp3NlcnZlcjFJpWNvb3JkHadzZXJ2ZXIzGadzZXJ2ZXIyGadjbGllbnQyFKdjbGllbnQxDw=="},"VectorClock":{"client1":15,"client2":20,"coord":29,"server1":73,"server2":25,"server3":25}}
{"TracerIdentity":"client1","TraceID":3381550509779544499,"Tag":"ReceiveTokenTrace","Body":{"Token":"p3NlcnZlcjHPLu2uRb1zabOGp3NlcnZlcjMZp3NlcnZlcjIZp2NsaWVudDIUp2NsaWVudDEPp3NlcnZlcjFIpWNvb3JkHQ=="},"VectorClock":{"client1":16,"client2":20,"coord":29,"server1":72,"server2":25,"server3":25}}
{"TracerIdentity":"server3","TraceID":2940911647747971298,"Tag":"AppendEntriesResponseSent","Body":{"Term":1,"Success":true,"Token":null},"VectorClock":{"client1":15,"client2":20,"coord":29,"server1":69,"server2":25,"server3":28}}
{"TracerIdentity":"server2","TraceID":2241625715059255485,"Tag":"ReceiveTokenTrace","Body":{"Token":"p3NlcnZlcjHPHxvathF86L2Gp3NlcnZlcjFJpWNvb3JkHadzZXJ2ZXIzGadzZXJ2ZXIyGadjbGllbnQyFKdjbGllbnQxDw=="},"VectorClock":{"client1":15,"client2":20,"coord":29,"server1":73,"server2":26,"server3":25}}
{"TracerIdentity":"server3","TraceID":2940911647747971298,"Tag":"GenerateTokenTrace","Body":{"Token":"p3NlcnZlcjPPKNA3j9/TmOKGp3NlcnZlcjMdpWNvb3JkHadzZXJ2ZXIxRadzZXJ2ZXIyGadjbGllbnQyFKdjbGllbnQxDw=="},"VectorClock":{"client1":15,"client2":20,"coord":29,"server1":69,"server2":25,"server3":29}}
{"TracerIdentity":"client1","TraceID":3381550509779544499,"Tag":"GetResultRecvd","Body":{"OpId":2,"Key":"k0","Value":"val0"},"VectorClock":{"client1":17,"client2":20,"coord":29,"server1":72,"server2":25,"server3":25}}
{"TracerIdentity":"server2","TraceID":2241625715059255485,"Tag":"AppendEntriesRequestRecvd","Body":{"Term":1,"LeaderId":1,"PrevLogIndex":4,"PrevLogTerm":1,"Entries":[{"Term":1,"Command":{"Kind":1,"Key":"k1","Val":"val1","ClientInfo":{"ClientId":"2","OpId":3}},"Index":5}],"LeaderCommit":4,"Token":"p3NlcnZlcjHPHxvathF86L2Gp3NlcnZlcjFJpWNvb3JkHadzZXJ2ZXIzGadzZXJ2ZXIyGadjbGllbnQyFKdjbGllbnQxDw=="},"VectorClock":{"client1":15,"client2":20,"coord":29,"server1":73,"server2":27,"server3":25}}
{"TracerIdentity":"client1","TraceID":5551808388509314195,"Tag":"CreateTrace","Body":{},"VectorClock":{"client1":18,"client2":20,"coord":29,"server1":72,"server2":25,"server3":25}}
{"TracerIdentity":"server1","TraceID":2940911647747971298,"Tag":"ReceiveTokenTrace","Body":{"Token":"p3NlcnZlcjPPKNA3j9/TmOKGp3NlcnZlcjMdpWNvb3JkHadzZXJ2ZXIxRadzZXJ2ZXIyGadjbGllbnQyFKdjbGllbnQxDw=="},"VectorClock":{"client1":15,"client2":20,"coord":29,"server1":74,"server2":25,"server3":29}}
{"TracerIdentity":"client1","TraceID":5551808388509314195,"Tag":"Put","Body":{"ClientId":"1","OpId":3,"Key":"k1","Value":"val1"},"VectorClock":{"client1":19,"client2":20,"coord":29,"server1":72,"server2":25,"server3":25}}
{"TracerIdentity":"server2","TraceID":2241625715059255485,"Tag":"AppendEntriesResponseSent","Body":{"Term":1,"Success":true,"Token":null},"VectorClock":{"client1":15,"client2":20,"coord":29,"server1":73,"server2":28,"server3":25}}
{"TracerIdentity":"server1","TraceID":2940911647747971298,"Tag":"AppendEntriesResponseRecvd","Body":{"Term":1,"Success":true,"Token":"p3NlcnZlcjPPKNA3j9/TmOKGp3NlcnZlcjMdpWNvb3JkHadzZXJ2ZXIxRadzZXJ2ZXIyGadjbGllbnQyFKdjbGllbnQxDw=="},"VectorClock":{"client1":15,"client2":20,"coord":29,"server1":75,"server2":25,"server3":29}}
{"TracerIdentity":"server2","TraceID":2241625715059255485,"Tag":"GenerateTokenTrace","Body":{"Token":"p3NlcnZlcjLPHxvathF86L2GpWNvb3JkHadzZXJ2ZXIxSadjbGllbnQyFKdjbGllbnQxD6dzZXJ2ZXIyHadzZXJ2ZXIzGQ=="},"VectorClock":{"client1":15,"client2":20,"coord":29,"server1":73,"server2":29,"server3":25}}
{"TracerIdentity":"server1","TraceID":1327648500659212207,"Tag":"PutCommitted","Body":{"ClientId":"2","OpId":3,"Key":"k1","Value":"val1"},"VectorClock":{"client1":15,"client2":20,"coord":29,"server1":76,"server2":25,"server3":29}}
{"TracerIdentity":"client1","TraceID":5551808388509314195,"Tag":"GenerateTokenTrace","Body":{"Token":"p2NsaWVudDHPTQv8UIohrJOGp2NsaWVudDEUp3NlcnZlcjMZp3NlcnZlcjIZp3NlcnZlcjFIp2NsaWVudDIUpWNvb3JkHQ=="},"VectorClock":{"client1":20,"client2":20,"coord":29,"server1":72,"server2":25,"server3":25}}
{"TracerIdentity":"server1","TraceID":1327648500659212207,"Tag":"GenerateTokenTrace","Body":{"Token":"p3NlcnZlcjHPEmzBRvRfT6+Gp2NsaWVudDEPp3NlcnZlcjFNpWNvb3JkHadzZXJ2ZXIzHadzZXJ2ZXIyGadjbGllbnQyFA=="},"VectorClock":{"client1":15,"client2":20,"coord":29,"server1":77,"server2":25,"server3":29}}
{"TracerIdentity":"server1","TraceID":5551808388509314195,"Tag":"ReceiveTokenTrace","Body":{"Token":"p2NsaWVudDHPTQv8UIohrJOGp2NsaWVudDEUp3NlcnZlcjMZp3NlcnZlcjIZp3NlcnZlcjFIp2NsaWVudDIUpWNvb3JkHQ=="},"VectorClock":{"client1":20,"client2":20,"coord":29,"server1":78,"server2":25,"server3":29}}
{"TracerIdentity":"client2","TraceID":1327648500659212207,"Tag":"ReceiveTokenTrace","Body":{"Token":"p3NlcnZlcjHPEmzBRvRfT6+Gp2NsaWVudDEPp3NlcnZlcjFNpWNvb3JkHadzZXJ2ZXIzHadzZXJ2ZXIyGadjbGllbnQyFA=="},"VectorClock":{"client1":15,"client2":21,"coord":29,"server1":77,"server2":25,"server3":29}}
{"TracerIdentity":"server1","TraceID":5551808388509314195,"Tag":"PutRecvd","Body":{"ClientId":"1","OpId":3,"Key":"k1","Value":"val1"},"VectorClock":{"client1":20,"client2":20,"coord":29,"server1":79,"server2":25,"server3":29}}
{"TracerIdentity":"client2","TraceID":1327648500659212207,"Tag":"PutResultRecvd","Body":{"OpId":3,"Key":"k1"},"VectorClock":{"client1":15,"client2":22,"coord":29,"server1":77,"server2":25,"server3":29}}
{"TracerIdentity":"server1","TraceID":2241625715059255485,"Tag":"ReceiveTokenTrace","Body":{"Token":"p3NlcnZlcjLPHxvathF86L2GpWNvb3JkHadzZXJ2ZXIxSadjbGllbnQyFKdjbGllbnQxD6dzZXJ2ZXIyHadzZXJ2ZXIzGQ=="},"VectorClock":{"client1":20,"client2":20,"coord":29,"server1":80,"server2":29,"server3":29}}
{"TracerIdentity":"client2","TraceID":3224726499009299097,"Tag":"CreateTrace","Body":{},"VectorClock":{"client1":15,"client2":23,"coord":29,"server1":77,"server2":25,"server3":29}}
{"TracerIdentity":"server1","TraceID":2241625715059255485,"Tag":"AppendEntriesResponseRecvd","Body":{"Term":1,"Success":true,"Token":"p3NlcnZlcjLPHxvathF86L2GpWNvb3JkHadzZXJ2ZXIxSadjbGllbnQyFKdjbGllbnQxD6dzZXJ2ZXIyHadzZXJ2ZXIzGQ=="},"VectorClock":{"client1":20,"client2":20,"coord":29,"server1":81,"server2":29,"server3":29}}
{"TracerIdentity":"client2","TraceID":3224726499009299097,"Tag":"Get","Body":{"ClientId":"2","OpId":4,"Key":"k1"},"VectorClock":{"client1":15,"client2":24,"coord":29,"server1":77,"server2":25,"server3":29}}
{"TracerIdentity":"server1","TraceID":37417480412755301,"Tag":"CreateTrace","Body":{},"VectorClock":{"client1":20,"client2":20,"coord":29,"server1":82,"server2":29,"server3":29}}
{"TracerIdentity":"client2","TraceID":3224726499009299097,"Tag":"GenerateTokenTrace","Body":{"Token":"p2NsaWVudDLPLMCHql89ApmGp3NlcnZlcjMdp3NlcnZlcjIZp3NlcnZlcjFNp2NsaWVudDEPp2NsaWVudDIZpWNvb3JkHQ=="},"VectorClock":{"client1":15,"client2":25,"coord":29,"server1":77,"server2":25,"server3":29}}
{"TracerIdentity":"server1","TraceID":1648735438412044302,"Tag":"CreateTrace","Body":{},"VectorClock":{"client1":20,"client2":20,"coord":29,"server1":83,"server2":29,"server3":29}}
{"TracerIdentity":"server1","TraceID":1648735438412044302,"Tag":"AppendEntriesRequestSent","Body":{"Term":1,"LeaderId":1,"PrevLogIndex":5,"PrevLogTerm":1,"Entries":[{"Term":1,"Command":{"Kind":1,"Key":"k1","Val":"val1","ClientInfo":{"ClientId":"1","OpId":3}},"Index":6}],"LeaderCommit":5,"Token":""},"VectorClock":{"client1":20,"client2":20,"coord":29,"server1":84,"server2":29,"server3":29}}
{"TracerIdentity":"server1","TraceID":1648735438412044302,"Tag":"GenerateTokenTrace","Body":{"Token":"p3NlcnZlcjHPFuF8JVcl2A6Gp2NsaWVudDEUp3NlcnZlcjFVpWNvb3JkHadzZXJ2ZXIzHadzZXJ2ZXIyHadjbGllbnQyFA=="},"VectorClock":{"client1":20,"client2":20,"coord":29,"server1":85,"server2":29,"server3":29}}
{"TracerIdentity":"server1","TraceID":37417480412755301,"Tag":"AppendEntriesRequestSent","Body":{"Term":1,"LeaderId":1,"PrevLogIndex":5,"PrevLogTerm":1,"Entries":[{"Term":1,"Command":{"Kind":1,"Key":"k1","Val":"val1","ClientInfo":{"ClientId":"1","OpId":3}},"Index":6}],"LeaderCommit":5,"Token":""},"VectorClock":{"client1":20,"client2":20,"coord":29,"server1":86,"server2":29,"server3":29}}
{"TracerIdentity":"server1","TraceID":3224726499009299097,"Tag":"ReceiveTokenTrace","Body":{"Token":"p2NsaWVudDLPLMCHql89ApmGp3NlcnZlcjMdp3NlcnZlcjIZp3NlcnZlcjFNp2NsaWVudDEPp2NsaWVudDIZpWNvb3JkHQ=="},"VectorClock":{"client1":20,"client2":25,"coord":29,"server1":87,"server2":29,"server3":29}}
{"TracerIdentity":"server3","TraceID":1648735438412044302,"Tag":"ReceiveTokenTrace","Body":{"Token":"p3NlcnZlcjHPFuF8JVcl2A6Gp2NsaWVudDEUp3NlcnZlcjFVpWNvb3JkHadzZXJ2ZXIzHadzZXJ2ZXIyHadjbGllbnQyFA=="},"VectorClock":{"client1":20,"client2":20,"coord":29,"server1":85,"server2":29,"server3":30}}
{"TracerIdentity":"server1","TraceID":3224726499009299097,"Tag":"GetRecvd","Body":{"ClientId":"2","OpId":4,"Key":"k1"},"VectorClock":{"client1":20,"client2":25,"coord":29,"server1":88,"server2":29,"server3":29}}
{"TracerIdentity":"server1","TraceID":37417480412755301,"Tag":"GenerateTokenTrace","Body":{"Token":"p3NlcnZlcjHPAITvAAxkdWWGp2NsaWVudDEUp3NlcnZlcjFZpWNvb3JkHadzZXJ2ZXIzHadzZXJ2ZXIyHadjbGllbnQyGQ=="},"VectorClock":{"client1":20,"client2":25,"coord":29,"server1":89,"server2":29,"server3":29}}
{"TracerIdentity":"server3","TraceID":1648735438412044302,"Tag":"AppendEntriesRequestRecvd","Body":{"Term":1,"LeaderId":1,"PrevLogIndex":5,"PrevLogTerm":1,"Entries":[{"Term":1,"Command":{"Kind":1,"Key":"k1","Val":"val1","ClientInfo":{"ClientId":"1","OpId":3}},"Index":6}],"LeaderCommit":5,"Token":"p3NlcnZlcjHPFuF8JVcl2A6Gp2NsaWVudDEUp3NlcnZlcjFVpWNvb3JkHadzZXJ2ZXIzHadzZXJ2ZXIyHadjbGllbnQyFA=="},"VectorClock":{"client1":20,"client2":20,"coord":29,"server1":85,"server2":29,"server3":31}}
{"TracerIdentity":"server2","TraceID":37417480412755301,"Tag":"ReceiveTokenTrace","Body":{"Token":"p3NlcnZlcjHPAITvAAxkdWWGp2NsaWVudDEUp3NlcnZlcjFZpWNvb3JkHadzZXJ2ZXIzHadzZXJ2ZXIyHadjbGllbnQyGQ=="},"VectorClock":{"client1":20,"client2":25,"coord":29,"server1":89,"server2":30,"server3":29}}
{"TracerIdentity":"server3","TraceID":1648735438412044302,"Tag":"AppendEntriesResponseSent","Body":{"Term":1,"Success":true,"Token":null},"VectorClock":{"client1":20,"client2":20,"coord":29,"server1":85,"server2":29,"server3":32}}
{"TracerIdentity":"server2","TraceID":37417480412755301,"Tag":"AppendEntriesRequestRecvd","Body":{"Term":1,"LeaderId":1,"PrevLogIndex":5,"PrevLogTerm":1,"Entries":[{"Term":1,"Command":{"Kind":1,"Key":"k1","Val":"val1","ClientInfo":{"ClientId":"1","OpId":3}},"Index":6}],"LeaderCommit":5,"Token":"p3NlcnZlcjHPAITvAAxkdWWGp2NsaWVudDEUp3NlcnZlcjFZpWNvb3JkHadzZXJ2ZXIzHadzZXJ2ZXIyHadjbGllbnQyGQ=="},"VectorClock":{"client1":20,"client2":25,"coord":29,"server1":89,"server2":31,"server3":29}}
{"TracerIdentity":"server3","TraceID":1648735438412044302,"Tag":"GenerateTokenTrace","Body":{"Token":"p3NlcnZlcjPPFuF8JVcl2A6Gp3NlcnZlcjFVp3NlcnZlcjIdp2NsaWVudDIUp2NsaWVudDEUp3NlcnZlcjMhpWNvb3JkHQ=="},"VectorClock":{"client1":20,"client2":20,"coord":29,"server1":85,"server2":29,"server3":33}}
{"TracerIdentity":"server2","TraceID":37417480412755301,"Tag":"AppendEntriesResponseSent","Body":{"Term":1,"Success":true,"Token":null},"VectorClock":{"client1":20,"client2":25,"coord":29,"server1":89,"server2":32,"server3":29}}
{"TracerIdentity":"server1","TraceID":1648735438412044302,"Tag":"ReceiveTokenTrace","Body":{"Token":"p3NlcnZlcjPPFuF8JVcl2A6Gp3NlcnZlcjFVp3NlcnZlcjIdp2NsaWVudDIUp2NsaWVudDEUp3NlcnZlcjMhpWNvb3JkHQ=="},"VectorClock":{"client1":20,"client2":25,"coord":29,"server1":90,"server2":29,"server3":33}}
{"TracerIdentity":"server2","TraceID":37417480412755301,"Tag":"GenerateTokenTrace","Body":{"Token":"p3NlcnZlcjLPAITvAAxkdWWGp3NlcnZlcjIhp3NlcnZlcjMdpWNvb3JkHadzZXJ2ZXIxWadjbGllbnQyGadjbGllbnQxFA=="},"VectorClock":{"client1":20,"client2":25,"coord":29,"server1":89,"server2":33,"server3":29}}
{"TracerIdentity":"server1","TraceID":1648735438412044302,"Tag":"AppendEntriesResponseRecvd","Body":{"Term":1,"Success":true,"Token":"p3NlcnZlcjPPFuF8JVcl2A6Gp3NlcnZlcjFVp3NlcnZlcjIdp2NsaWVudDIUp2NsaWVudDEUp3NlcnZlcjMhpWNvb3JkHQ=="},"VectorClock":{"client1":20,"client2":25,"coord":29,"server1":91,"server2":29,"server3":33}}
{"TracerIdentity":"server1","TraceID":37417480412755301,"Tag":"ReceiveTokenTrace","Body":{"Token":"p3NlcnZlcjLPAITvAAxkdWWGp3NlcnZlcjIhp3NlcnZlcjMdpWNvb3JkHadzZXJ2ZXIxWadjbGllbnQyGadjbGllbnQxFA=="},"VectorClock":{"client1":20,"client2":25,"coord":29,"server1":92,"server2":33,"server3":33}}
{"TracerIdentity":"server1","TraceID":37417480412755301,"Tag":"AppendEntriesResponseRecvd","Body":{"Term":1,"Success":true,"Token":"p3NlcnZlcjLPAITvAAxkdWWGp3NlcnZlcjIhp3NlcnZlcjMdpWNvb3JkHadzZXJ2ZXIxWadjbGllbnQyGadjbGllbnQxFA=="},"VectorClock":{"client1":20,"client2":25,"coord":29,"server1":93,"server2":33,"server3":33}}
{"TracerIdentity":"server1","TraceID":4734104739135269022,"Tag":"CreateTrace","Body":{},"VectorClock":{"client1":20,"client2":25,"coord":29,"server1":94,"server2":33,"server3":33}}
{"TracerIdentity":"server1","TraceID":2842413002701925320,"Tag":"CreateTrace","Body":{},"VectorClock":{"client1":20,"client2":25,"coord":29,"server1":95,"server2":33,"server3":33}}
{"TracerIdentity":"server1","TraceID":2842413002701925320,"Tag":"AppendEntriesRequestSent","Body":{"Term":1,"LeaderId":1,"PrevLogIndex":6,"PrevLogTerm":1,"Entries":[{"Term":1,"Command":{"Kind":2,"Key":"k1","Val":"","ClientInfo":{"ClientId":"2","OpId":4}},"Index":7}],"LeaderCommit":6,"Token":""},"VectorClock":{"client1":20,"client2":25,"coord":29,"server1":96,"server2":33,"server3":33}}
{"TracerIdentity":"server1","TraceID":2842413002701925320,"Tag":"GenerateTokenTrace","Body":{"Token":"p3NlcnZlcjHPJ3JHkPL/68iGp3NlcnZlcjMhp3NlcnZlcjIhp2NsaWVudDIZp2NsaWVudDEUp3NlcnZlcjFhpWNvb3JkHQ=="},"VectorClock":{"client1":20,"client2":25,"coord":29,"server1":97,"server2":33,"server3":33}}
{"TracerIdentity":"server1","TraceID":4734104739135269022,"Tag":"AppendEntriesRequestSent","Body":{"Term":1,"LeaderId":1,"PrevLogIndex":6,"PrevLogTerm":1,"Entries":[{"Term":1,"Command":{"Kind":2,"Key":"k1","Val":"","ClientInfo":{"ClientId":"2","OpId":4}},"Index":7}],"LeaderCommit":6,"Token":""},"VectorClock":{"client1":20,"client2":25,"coord":29,"server1":98,"server2":33,"server3":33}}
{"TracerIdentity":"server3","TraceID":2842413002701925320,"Tag":"ReceiveTokenTrace","Body":{"Token":"p3NlcnZlcjHPJ3JHkPL/68iGp3NlcnZlcjMhp3NlcnZlcjIhp2NsaWVudDIZp2NsaWVudDEUp3NlcnZlcjFhpWNvb3JkHQ=="},"VectorClock":{"client1":20,"client2":25,"coord":29,"server1":97,"server2":33,"server3":34}}
{"TracerIdentity":"server1","TraceID":5551808388509314195,"Tag":"PutCommitted","Body":{"ClientId":"1","OpId":3,"Key":"k1","Value":"val1"},"VectorClock":{"client1":20,"client2":25,"coord":29,"server1":99,"server2":33,"server3":33}}
{"TracerIdentity":"server3","TraceID":2842413002701925320,"Tag":"AppendEntriesRequestRecvd","Body":{"Term":1,"LeaderId":1,"PrevLogIndex":6,"PrevLogTerm":1,"Entries":[{"Term":1,"Command":{"Kind":2,"Key":"k1","Val":"","ClientInfo":{"ClientId":"2","OpId":4}},"Index":7}],"LeaderCommit":6,"Token":"p3NlcnZlcjHPJ3JHkPL/68iGp3NlcnZlcjMhp3NlcnZlcjIhp2NsaWVudDIZp2NsaWVudDEUp3NlcnZlcjFhpWNvb3JkHQ=="},"VectorClock":{"client1":20,"client2":25,"coord":29,"server1":97,"server2":33,"server3":35}}
{"TracerIdentity":"server1","TraceID":5551808388509314195,"Tag":"GenerateTokenTrace","Body":{"Token":"p3NlcnZlcjHPTQv8UIohrJOGp3NlcnZlcjFkpWNvb3JkHadzZXJ2ZXIzIadzZXJ2ZXIyIadjbGllbnQyGadjbGllbnQxFA=="},"VectorClock":{"client1":20,"client2":25,"coord":29,"server1":100,"server2":33,"server3":33}}
{"TracerIdentity":"server3","TraceID":2842413002701925320,"Tag":"AppendEntriesResponseSent","Body":{"Term":1,"Success":true,"Token":null},"VectorClock":{"client1":20,"client2":25,"coord":29,"server1":97,"server2":33,"server3":36}}
{"TracerIdentity":"server1","TraceID":4734104739135269022,"Tag":"GenerateTokenTrace","Body":{"Token":"p3NlcnZlcjHPQbLrLYmmqJ6Gp3NlcnZlcjIhp2NsaWVudDIZp2NsaWVudDEUp3NlcnZlcjFlpWNvb3JkHadzZXJ2ZXIzIQ=="},"VectorClock":{"client1":20,"client2":25,"coord":29,"server1":101,"server2":33,"server3":33}}
{"TracerIdentity":"server3","TraceID":2842413002701925320,"Tag":"GenerateTokenTrace","Body":{"Token":"p3NlcnZlcjPPJ3JHkPL/68iGp2NsaWVudDEUp3NlcnZlcjMlpWNvb3JkHadzZXJ2ZXIxYadzZXJ2ZXIyIadjbGllbnQyGQ=="},"VectorClock":{"client1":20,"client2":25,"coord":29,"server1":97,"server2":33,"server3":37}}
{"TracerIdentity":"client1","TraceID":5551808388509314195,"Tag":"ReceiveTokenTrace","Body":{"Token":"p3NlcnZlcjHPTQv8UIohrJOGp3NlcnZlcjFkpWNvb3JkHadzZXJ2ZXIzIadzZXJ2ZXIyIadjbGllbnQyGadjbGllbnQxFA=="},"VectorClock":{"client1":21,"client2":25,"coord":29,"server1":100,"server2":33,"server3":33}}
{"TracerIdentity":"server2","TraceID":4734104739135269022,"Tag":"ReceiveTokenTrace","Body":{"Token":"p3NlcnZlcjHPQbLrLYmmqJ6Gp3NlcnZlcjIhp2NsaWVudDIZp2NsaWVudDEUp3NlcnZlcjFlpWNvb3JkHadzZXJ2ZXIzIQ=="},"VectorClock":{"client1":20,"client2":25,"coord":29,"server1":101,"server2":34,"server3":33}}
{"TracerIdentity":"server1","TraceID":2842413002701925320,"Tag":"ReceiveTokenTrace","Body":{"Token":"p3NlcnZlcjPPJ3JHkPL/68iGp2NsaWVudDEUp3NlcnZlcjMlpWNvb3JkHadzZXJ2ZXIxYadzZXJ2ZXIyIadjbGllbnQyGQ=="},"VectorClock":{"client1":20,"client2":25,"coord":29,"server1":102,"server2":33,"server3":37}}
{"TracerIdentity":"client1","TraceID":5551808388509314195,"Tag":"PutResultRecvd","Body":{"OpId":3,"Key":"k1"},"VectorClock":{"client1":22,"client2":25,"coord":29,"server1":100,"server2":33,"server3":33}}
{"TracerIdentity":"server2","TraceID":4734104739135269022,"Tag":"AppendEntriesRequestRecvd","Body":{"Term":1,"LeaderId":1,"PrevLogIndex":6,"PrevLogTerm":1,"Entries":[{"Term":1,"Command":{"Kind":2,"Key":"k1","Val":"","ClientInfo":{"ClientId":"2","OpId":4}},"Index":7}],"LeaderCommit":6,"Token":"p3NlcnZlcjHPQbLrLYmmqJ6Gp3NlcnZlcjIhp2NsaWVudDIZp2NsaWVudDEUp3NlcnZlcjFlpWNvb3JkHadzZXJ2ZXIzIQ=="},"VectorClock":{"client1":20,"client2":25,"coord":29,"server1":101,"server2":35,"server3":33}}
{"TracerIdentity":"client1","TraceID":1418385060779153711,"Tag":"CreateTrace","Body":{},"VectorClock":{"client1":23,"client2":25,"coord":29,"server1":100,"server2":33,"server3":33}}
{"TracerIdentity":"server1","TraceID":2842413002701925320,"Tag":"AppendEntriesResponseRecvd","Body":{"Term":1,"Success":true,"Token":"p3NlcnZlcjPPJ3JHkPL/68iGp2NsaWVudDEUp3NlcnZlcjMlpWNvb3JkHadzZXJ2ZXIxYadzZXJ2ZXIyIadjbGllbnQyGQ=="},"VectorClock":{"client1":20,"client2":25,"coord":29,"server1":103,"server2":33,"server3":37}}
{"TracerIdentity":"server2","TraceID":4734104739135269022,"Tag":"AppendEntriesResponseSent","Body":{"Term":1,"Success":true,"Token":null},"VectorClock":{"client1":20,"client2":25,"coord":29,"server1":101,"server2":36,"server3":33}}
{"TracerIdentity":"client1","TraceID":1418385060779153711,"Tag":"Get","Body":{"ClientId":"1","OpId":4,"Key":"k1"},"VectorClock":{"client1":24,"client2":25,"coord":29,"server1":100,"server2":33,"server3":33}}
{"TracerIdentity":"server2","TraceID":4734104739135269022,"Tag":"GenerateTokenTrace","Body":{"Token":"p3NlcnZlcjLPQbLrLYmmqJ6GpWNvb3JkHadzZXJ2ZXIxZadjbGllbnQyGadjbGllbnQxFKdzZXJ2ZXIyJadzZXJ2ZXIzIQ=="},"VectorClock":{"client1":20,"client2":25,"coord":29,"server1":101,"server2":37,"server3":33}}
{"TracerIdentity":"server1","TraceID":3224726499009299097,"Tag":"GetCommitted","Body":{"ClientId":"2","OpId":4,"Key":"k1","Value":"val1"},"VectorClock":{"client1":20,"client2":25,"coord":29,"server1":104,"server2":33,"server3":37}}
{"TracerIdentity":"client1","TraceID":1418385060779153711,"Tag":"GenerateTokenTrace","Body":{"Token":"p2NsaWVudDHPE68dsqZ2WS+Gp2NsaWVudDEZp3NlcnZlcjMhp3NlcnZlcjIhp3NlcnZlcjFkp2NsaWVudDIZpWNvb3JkHQ=="},"VectorClock":{"client1":25,"client2":25,"coord":29,"server1":100,"server2":33,"server3":33}}
{"TracerIdentity":"server1","TraceID":3224726499009299097,"Tag":"GenerateTokenTrace","Body":{"Token":"p3NlcnZlcjHPLMCHql89ApmGp3NlcnZlcjFppWNvb3JkHadzZXJ2ZXIzJadzZXJ2ZXIyIadjbGllbnQyGadjbGllbnQxFA=="},"VectorClock":{"client1":20,"client2":25,"coord":29,"server1":105,"server2":33,"server3":37}}
{"TracerIdentity":"server1","TraceID":4734104739135269022,"Tag":"ReceiveTokenTrace","Body":{"Token":"p3NlcnZlcjLPQbLrLYmmqJ6GpWNvb3JkHadzZXJ2ZXIxZadjbGllbnQyGadjbGllbnQxFKdzZXJ2ZXIyJadzZXJ2ZXIzIQ=="},"VectorClock":{"client1":20,"client2":25,"coord":29,"server1":106,"server2":37,"server3":37}}
{"TracerIdentity":"client2","TraceID":3224726499009299097,"Tag":"ReceiveTokenTrace","Body":{"Token":"p3NlcnZlcjHPLMCHql89ApmGp3NlcnZlcjFppWNvb3JkHadzZXJ2ZXIzJadzZXJ2ZXIyIadjbGllbnQyGadjbGllbnQxFA=="},"VectorClock":{"client1":20,"client2":26,"coord":29,"server1":105,"server2":33,"server3":37}}
{"TracerIdentity":"client2","TraceID":3224726499009299097,"Tag":"GetResultRecvd","Body":{"OpId":4,"Key":"k1","Value":"val1"},"VectorClock":{"client1":20,"client2":27,"coord":29,"server1":105,"server2":33,"server3":37}}
{"TracerIdentity":"server1","TraceID":4734104739135269022,"Tag":"AppendEntriesResponseRecvd","Body":{"Term":1,"Success":true,"Token":"p3NlcnZlcjLPQbLrLYmmqJ6GpWNvb3JkHadzZXJ2ZXIxZadjbGllbnQyGadjbGllbnQxFKdzZXJ2ZXIyJadzZXJ2ZXIzIQ=="},"VectorClock":{"client1":20,"client2":25,"coord":29,"server1":107,"server2":37,"server3":37}}
{"TracerIdentity":"client2","TraceID":7401998442767600878,"Tag":"GenerateTokenTrace","Body":{"Token":"p2NsaWVudDLPZrkuXcEoTO6Gp3NlcnZlcjMlp3NlcnZlcjIhp3NlcnZlcjFpp2NsaWVudDEUp2NsaWVudDIcpWNvb3JkHQ=="},"VectorClock":{"client1":20,"client2":28,"coord":29,"server1":105,"server2":33,"server3":37}}
{"TracerIdentity":"server1","TraceID":1418385060779153711,"Tag":"ReceiveTokenTrace","Body":{"Token":"p2NsaWVudDHPE68dsqZ2WS+Gp2NsaWVudDEZp3NlcnZlcjMhp3NlcnZlcjIhp3NlcnZlcjFkp2NsaWVudDIZpWNvb3JkHQ=="},"VectorClock":{"client1":25,"client2":25,"coord":29,"server1":108,"server2":37,"server3":37}}
{"TracerIdentity":"client2","TraceID":7401998442767600878,"Tag":"KvslibStop","Body":{"ClientId":"2"},"VectorClock":{"client1":20,"client2":29,"coord":29,"server1":105,"server2":33,"server3":37}}
{"TracerIdentity":"server1","TraceID":1418385060779153711,"Tag":"GetRecvd","Body":{"ClientId":"1","OpId":4,"Key":"k1"},"VectorClock":{"client1":25,"client2":25,"coord":29,"server1":109,"server2":37,"server3":37}}
{"TracerIdentity":"server1","TraceID":5297543039183385252,"Tag":"CreateTrace","Body":{},"VectorClock":{"client1":25,"client2":25,"coord":29,"server1":110,"server2":37,"server3":37}}
{"TracerIdentity":"server1","TraceID":6921817819049658730,"Tag":"CreateTrace","Body":{},"VectorClock":{"client1":25,"client2":25,"coord":29,"server1":111,"server2":37,"server3":37}}
{"TracerIdentity":"server1","TraceID":6921817819049658730,"Tag":"AppendEntriesRequestSent","Body":{"Term":1,"LeaderId":1,"PrevLogIndex":7,"PrevLogTerm":1,"Entries":[{"Term":1,"Command":{"Kind":2,"Key":"k1","Val":"","ClientInfo":{"ClientId":"1","OpId":4}},"Index":8}],"LeaderCommit":7,"Token":""},"VectorClock":{"client1":25,"client2":25,"coord":29,"server1":112,"server2":37,"server3":37}}
{"TracerIdentity":"server1","TraceID":5297543039183385252,"Tag":"AppendEntriesRequestSent","Body":{"Term":1,"LeaderId":1,"PrevLogIndex":7,"PrevLogTerm":1,"Entries":[{"Term":1,"Command":{"Kind":2,"Key":"k1","Val":"","ClientInfo":{"ClientId":"1","OpId":4}},"Index":8}],"LeaderCommit":7,"Token":""},"VectorClock":{"client1":25,"client2":25,"coord":29,"server1":113,"server2":37,"server3":37}}
{"TracerIdentity":"server1","TraceID":5297543039183385252,"Tag":"GenerateTokenTrace","Body":{"Token":"p3NlcnZlcjHPSYSnU5jecqSGp2NsaWVudDIZp2NsaWVudDEZp3NlcnZlcjFypWNvb3JkHadzZXJ2ZXIzJadzZXJ2ZXIyJQ=="},"VectorClock":{"client1":25,"client2":25,"coord":29,"server1":114,"server2":37,"server3":37}}
{"TracerIdentity":"server1","TraceID":6921817819049658730,"Tag":"GenerateTokenTrace","Body":{"Token":"p3NlcnZlcjHPYA88ohBsiWqGpWNvb3JkHadzZXJ2ZXIzJadzZXJ2ZXIyJadjbGllbnQyGadjbGllbnQxGadzZXJ2ZXIxcw=="},"VectorClock":{"client1":25,"client2":25,"coord":29,"server1":115,"server2":37,"server3":37}}
{"TracerIdentity":"server2","TraceID":5297543039183385252,"Tag":"ReceiveTokenTrace","Body":{"Token":"p3NlcnZlcjHPSYSnU5jecqSGp2NsaWVudDIZp2NsaWVudDEZp3NlcnZlcjFypWNvb3JkHadzZXJ2ZXIzJadzZXJ2ZXIyJQ=="},"VectorClock":{"client1":25,"client2":25,"coord":29,"server1":114,"server2":38,"server3":37}}
{"TracerIdentity":"server2","TraceID":5297543039183385252,"Tag":"AppendEntriesRequestRecvd","Body":{"Term":1,"LeaderId":1,"PrevLogIndex":7,"PrevLogTerm":1,"Entries":[{"Term":1,"Command":{"Kind":2,"Key":"k1","Val":"","ClientInfo":{"ClientId":"1","OpId":4}},"Index":8}],"LeaderCommit":7,"Token":"p3NlcnZlcjHPSYSnU5jecqSGp2NsaWVudDIZp2NsaWVudDEZp3NlcnZlcjFypWNvb3JkHadzZXJ2ZXIzJadzZXJ2ZXIyJQ=="},"VectorClock":{"client1":25,"client2":25,"coord":29,"server1":114,"server2":39,"server3":37}}
{"TracerIdentity":"server3","TraceID":6921817819049658730,"Tag":"ReceiveTokenTrace","Body":{"Token":"p3NlcnZlcjHPYA88ohBsiWqGpWNvb3JkHadzZXJ2ZXIzJadzZXJ2ZXIyJadjbGllbnQyGadjbGllbnQxGadzZXJ2ZXIxcw=="},"VectorClock":{"client1":25,"client2":25,"coord":29,"server1":115,"server2":37,"server3":38}}
{"TracerIdentity":"server2","TraceID":5297543039183385252,"Tag":"AppendEntriesResponseSent","Body":{"Term":1,"Success":true,"Token":null},"VectorClock":{"client1":25,"client2":25,"coord":29,"server1":114,"server2":40,"server3":37}}
{"TracerIdentity":"server3","TraceID":6921817819049658730,"Tag":"AppendEntriesRequestRecvd","Body":{"Term":1,"LeaderId":1,"PrevLogIndex":7,"PrevLogTerm":1,"Entries":[{"Term":1,"Command":{"Kind":2,"Key":"k1","Val":"","ClientInfo":{"ClientId":"1","OpId":4}},"Index":8}],"LeaderCommit":7,"Token":"p3NlcnZlcjHPYA88ohBsiWqGpWNvb3JkHadzZXJ2ZXIzJadzZXJ2ZXIyJadjbGllbnQyGadjbGllbnQxGadzZXJ2ZXIxcw=="},"VectorClock":{"client1":25,"client2":25,"coord":29,"server1":115,"server2":37,"server3":39}}
{"TracerIdentity":"server2","TraceID":5297543039183385252,"Tag":"GenerateTokenTrace","Body":{"Token":"p3NlcnZlcjLPSYSnU5jecqSGp3NlcnZlcjFyp2NsaWVudDIZp2NsaWVudDEZp3NlcnZlcjIpp3NlcnZlcjMlpWNvb3JkHQ=="},"VectorClock":{"client1":25,"client2":25,"coord":29,"server1":114,"server2":41,"server3":37}}
{"TracerIdentity":"server3","TraceID":6921817819049658730,"Tag":"AppendEntriesResponseSent","Body":{"Term":1,"Success":true,"Token":null},"VectorClock":{"client1":25,"client2":25,"coord":29,"server1":115,"server2":37,"server3":40}}
{"TracerIdentity":"server3","TraceID":6921817819049658730,"Tag":"GenerateTokenTrace","Body":{"Token":"p3NlcnZlcjPPYA88ohBsiWqGp3NlcnZlcjIlp2NsaWVudDIZp2NsaWVudDEZp3NlcnZlcjMppWNvb3JkHadzZXJ2ZXIxcw=="},"VectorClock":{"client1":25,"client2":25,"coord":29,"server1":115,"server2":37,"server3":41}}
{"TracerIdentity":"server1","TraceID":5297543039183385252,"Tag":"ReceiveTokenTrace","Body":{"Token":"p3NlcnZlcjLPSYSnU5jecqSGp3NlcnZlcjFyp2NsaWVudDIZp2NsaWVudDEZp3NlcnZlcjIpp3NlcnZlcjMlpWNvb3JkHQ=="},"VectorClock":{"client1":25,"client2":25,"coord":29,"server1":116,"server2":41,"server3":37}}
{"TracerIdentity":"server1","TraceID":5297543039183385252,"Tag":"AppendEntriesResponseRecvd","Body":{"Term":1,"Success":true,"Token":"p3NlcnZlcjLPSYSnU5jecqSGp3NlcnZlcjFyp2NsaWVudDIZp2NsaWVudDEZp3NlcnZlcjIpp3NlcnZlcjMlpWNvb3JkHQ=="},"VectorClock":{"client1":25,"client2":25,"coord":29,"server1":117,"server2":41,"server3":37}}
{"TracerIdentity":"server1","TraceID":6921817819049658730,"Tag":"ReceiveTokenTrace","Body":{"Token":"p3NlcnZlcjPPYA88ohBsiWqGp3NlcnZlcjIlp2NsaWVudDIZp2NsaWVudDEZp3NlcnZlcjMppWNvb3JkHadzZXJ2ZXIxcw=="},"VectorClock":{"client1":25,"client2":25,"coord":29,"server1":118,"server2":41,"server3":41}}
{"TracerIdentity":"server1","TraceID":6921817819049658730,"Tag":"AppendEntriesResponseRecvd","Body":{"Term":1,"Success":true,"Token":"p3NlcnZlcjPPYA88ohBsiWqGp3NlcnZlcjIlp2NsaWVudDIZp2NsaWVudDEZp3NlcnZlcjMppWNvb3JkHadzZXJ2ZXIxcw=="},"VectorClock":{"client1":25,"client2":25,"coord":29,"server1":119,"server2":41,"server3":41}}
{"TracerIdentity":"server1","TraceID":1418385060779153711,"Tag":"GetCommitted","Body":{"ClientId":"1","OpId":4,"Key":"k1","Value":"val1"},"VectorClock":{"client1":25,"client2":25,"coord":29,"server1":120,"server2":41,"server3":41}}
{"TracerIdentity":"server1","TraceID":1418385060779153711,"Tag":"GenerateTokenTrace","Body":{"Token":"p3NlcnZlcjHPE68dsqZ2WS+GpWNvb3JkHadzZXJ2ZXIzKadzZXJ2ZXIyKadjbGllbnQyGadjbGllbnQxGadzZXJ2ZXIxeQ=="},"VectorClock":{"client1":25,"client2":25,"coord":29,"server1":121,"server2":41,"server3":41}}
{"TracerIdentity":"client1","TraceID":1418385060779153711,"Tag":"ReceiveTokenTrace","Body":{"Token":"p3NlcnZlcjHPE68dsqZ2WS+GpWNvb3JkHadzZXJ2ZXIzKadzZXJ2ZXIyKadjbGllbnQyGadjbGllbnQxGadzZXJ2ZXIxeQ=="},"VectorClock":{"client1":26,"client2":25,"coord":29,"server1":121,"server2":41,"server3":41}}
{"TracerIdentity":"client1","TraceID":1418385060779153711,"Tag":"GetResultRecvd","Body":{"OpId":4,"Key":"k1","Value":"val1"},"VectorClock":{"client1":27,"client2":25,"coord":29,"server1":121,"server2":41,"server3":41}}
{"TracerIdentity":"client1","TraceID":4429675673713441190,"Tag":"GenerateTokenTrace","Body":{"Token":"p2NsaWVudDHPPXlejkng+aaGp3NlcnZlcjIpp3NlcnZlcjF5p2NsaWVudDIZpWNvb3JkHadjbGllbnQxHKdzZXJ2ZXIzKQ=="},"VectorClock":{"client1":28,"client2":25,"coord":29,"server1":121,"server2":41,"server3":41}}
{"TracerIdentity":"client1","TraceID":4429675673713441190,"Tag":"KvslibStop","Body":{"ClientId":"1"},"VectorClock":{"client1":29,"client2":25,"coord":29,"server1":121,"server2":41,"server3":41}}
